[0.050s] Invoking command in '/home/youss/Documents/Projet/Autonomouscar/ros_ws/build/robot': CMAKE_PREFIX_PATH=${CMAKE_PREFIX_PATH}:/opt/ros/jazzy DEBUGINFOD_URLS=https://debuginfod.ubuntu.com /usr/bin/cmake --build /home/youss/Documents/Projet/Autonomouscar/ros_ws/build/robot -- -j4 -l4
[0.374s] [ 14%] [32mBuilding CXX object CMakeFiles/encoders.dir/src/main.cpp.o[0m
[0.375s] [ 28%] [32mBuilding CXX object CMakeFiles/encoders.dir/src/channel.cpp.o[0m
[0.376s] [ 42%] [32mBuilding CXX object CMakeFiles/encoders.dir/src/encoders.cpp.o[0m
[2.577s] [01m[K/home/youss/Documents/Projet/Autonomouscar/ros_ws/src/robot/src/channel.cpp:[m[K In member function â€˜[01m[Kbool Channel::[01;32m[Kconfigure_gpio_as_input[m[K() const[m[Kâ€™:
[2.579s] [01m[K/home/youss/Documents/Projet/Autonomouscar/ros_ws/src/robot/src/channel.cpp:37:50:[m[K [01;31m[Kerror: [m[Kâ€˜[01m[Kgpio[m[Kâ€™ was not declared in this scope
[2.588s]    37 |     cout << "Set mode INPUT success on gpio " << [01;31m[Kgpio[m[K << endl;
[2.589s]       |                                                  [01;31m[K^~~~[m[K
[2.822s] gmake[2]: *** [CMakeFiles/encoders.dir/build.make:90: CMakeFiles/encoders.dir/src/channel.cpp.o] Error 1
[2.823s] gmake[2]: *** Waiting for unfinished jobs....
[3.997s] [01m[K/home/youss/Documents/Projet/Autonomouscar/ros_ws/src/robot/src/encoders.cpp:32:21:[m[K [01;31m[Kerror: [m[Kexpected â€˜[01m[K,[m[Kâ€™ or â€˜[01m[K...[m[Kâ€™ before â€˜[01m[Kconst[m[Kâ€™
[3.997s]    32 |                     [01;31m[Kconst[m[K unsigned int &channel_B_gpio,
[4.000s]       |                     [01;31m[K^~~~~[m[K
[4.002s] [01m[K/home/youss/Documents/Projet/Autonomouscar/ros_ws/src/robot/src/encoders.cpp:29:1:[m[K [01;31m[Kerror: [m[Kno declaration matches â€˜[01m[KEncoders::[01;32m[KEncoders[m[K(const unsigned int&, const unsigned int&, const unsigned int&)[m[Kâ€™
[4.002s]    29 | [01;31m[KEncoders[m[K::Encoders(const unsigned int &MxA_gpio,
[4.003s]       | [01;31m[K^~~~~~~~[m[K
[4.005s] In file included from [01m[K/home/youss/Documents/Projet/Autonomouscar/ros_ws/src/robot/src/encoders.cpp:22[m[K:
[4.006s] [01m[K/home/youss/Documents/Projet/Autonomouscar/ros_ws/src/robot/include/robot/encoders.h:8:8:[m[K [01;36m[Knote: [m[Kcandidates are: â€˜[01m[KEncoders::[01;32m[KEncoders[m[K(Encoders&&)[m[Kâ€™
[4.007s]     8 | struct [01;36m[KEncoders[m[K
[4.007s]       |        [01;36m[K^~~~~~~~[m[K
[4.008s] [01m[K/home/youss/Documents/Projet/Autonomouscar/ros_ws/src/robot/include/robot/encoders.h:8:8:[m[K [01;36m[Knote: [m[K                â€˜[01m[KEncoders::[01;32m[KEncoders[m[K(const Encoders&)[m[Kâ€™
[4.008s] [01m[K/home/youss/Documents/Projet/Autonomouscar/ros_ws/src/robot/include/robot/encoders.h:11:9:[m[K [01;36m[Knote: [m[K                â€˜[01m[KEncoders::[01;32m[KEncoders[m[K(const unsigned int&, const unsigned int&, const unsigned int&, const unsigned int&, const unsigned int&)[m[Kâ€™
[4.009s]    11 |         [01;36m[KEncoders[m[K(const unsigned int &MxA_gpio,
[4.010s]       |         [01;36m[K^~~~~~~~[m[K
[4.010s] [01m[K/home/youss/Documents/Projet/Autonomouscar/ros_ws/src/robot/include/robot/encoders.h:8:8:[m[K [01;36m[Knote: [m[Kâ€˜[01m[Kstruct Encoders[m[Kâ€™ defined here
[4.011s]     8 | struct [01;36m[KEncoders[m[K
[4.011s]       |        [01;36m[K^~~~~~~~[m[K
[4.035s] [01m[K/home/youss/Documents/Projet/Autonomouscar/ros_ws/src/robot/src/encoders.cpp:[m[K In member function â€˜[01m[Kbool Encoders::[01;32m[Kconfigure_gpio_as_output[m[K(const unsigned int&)[m[Kâ€™:
[4.036s] [01m[K/home/youss/Documents/Projet/Autonomouscar/ros_ws/src/robot/src/encoders.cpp:133:18:[m[K [01;31m[Kerror: [m[Kâ€˜[01m[KPI_BAD_gpio[m[Kâ€™ was not declared in this scope; did you mean â€˜[01m[KPI_BAD_GPIO[m[Kâ€™?
[4.038s]   133 |             case [01;31m[KPI_BAD_gpio[m[K:
[4.039s]       |                  [01;31m[K^~~~~~~~~~~[m[K
[4.040s]       |                  [32m[KPI_BAD_GPIO[m[K
[4.057s] [01m[K/home/youss/Documents/Projet/Autonomouscar/ros_ws/src/robot/src/encoders.cpp:[m[K At global scope:
[4.058s] [01m[K/home/youss/Documents/Projet/Autonomouscar/ros_ws/src/robot/src/encoders.cpp:260:6:[m[K [01;31m[Kerror: [m[Kno declaration matches â€˜[01m[Kvoid Encoders::[01;32m[Kcount_number_of_changes[m[K(const unsigned int&)[m[Kâ€™
[4.059s]   260 | void [01;31m[KEncoders[m[K::count_number_of_changes(const unsigned int &channel_gpio)
[4.060s]       |      [01;31m[K^~~~~~~~[m[K
[4.061s] [01m[K/home/youss/Documents/Projet/Autonomouscar/ros_ws/src/robot/include/robot/encoders.h:76:14:[m[K [01;36m[Knote: [m[Kcandidate is: â€˜[01m[Kvoid Encoders::[01;32m[Kcount_number_of_changes[m[K()[m[Kâ€™
[4.062s]    76 |         void [01;36m[Kcount_number_of_changes[m[K();
[4.063s]       |              [01;36m[K^~~~~~~~~~~~~~~~~~~~~~~[m[K
[4.064s] [01m[K/home/youss/Documents/Projet/Autonomouscar/ros_ws/src/robot/include/robot/encoders.h:8:8:[m[K [01;36m[Knote: [m[Kâ€˜[01m[Kstruct Encoders[m[Kâ€™ defined here
[4.065s]     8 | struct [01;36m[KEncoders[m[K
[4.066s]       |        [01;36m[K^~~~~~~~[m[K
[4.151s] [01m[K/home/youss/Documents/Projet/Autonomouscar/ros_ws/src/robot/src/main.cpp:[m[K In function â€˜[01m[Kint[01;32m[K main[m[K()[m[Kâ€™:
[4.152s] [01m[K/home/youss/Documents/Projet/Autonomouscar/ros_ws/src/robot/src/main.cpp:67:25:[m[K [01;31m[Kerror: [m[Kâ€˜[01m[Kduty_cycle_B[m[Kâ€™ was not declared in this scope
[4.153s]    67 |                         [01;31m[Kduty_cycle_B[m[K);
[4.154s]       |                         [01;31m[K^~~~~~~~~~~~[m[K
[4.379s] gmake[2]: *** [CMakeFiles/encoders.dir/build.make:76: CMakeFiles/encoders.dir/src/main.cpp.o] Error 1
[4.440s] gmake[2]: *** [CMakeFiles/encoders.dir/build.make:104: CMakeFiles/encoders.dir/src/encoders.cpp.o] Error 1
[4.441s] gmake[1]: *** [CMakeFiles/Makefile2:137: CMakeFiles/encoders.dir/all] Error 2
[4.442s] gmake: *** [Makefile:146: all] Error 2
[4.451s] Invoked command in '/home/youss/Documents/Projet/Autonomouscar/ros_ws/build/robot' returned '2': CMAKE_PREFIX_PATH=${CMAKE_PREFIX_PATH}:/opt/ros/jazzy DEBUGINFOD_URLS=https://debuginfod.ubuntu.com /usr/bin/cmake --build /home/youss/Documents/Projet/Autonomouscar/ros_ws/build/robot -- -j4 -l4
