[ 28%] Built target listener
[ 71%] Built target encoders
[ 85%] [32mBuilding CXX object CMakeFiles/robot_controller.dir/src/robot_controller.cpp.o[0m
In file included from [01m[K/home/youss/Documents/Projet/Autonomouscar/ros_ws/src/robot/src/robot_controller.cpp:1[m[K:
[01m[K/home/youss/Documents/Projet/Autonomouscar/ros_ws/src/robot/include/robot/robot_controller.h:15:30:[m[K [01;31m[Kerror: [m[Kâ€˜[01m[Kstd_msgs[m[Kâ€™ was not declared in this scope
   15 |         rclcpp::Subscription<[01;31m[Kstd_msgs[m[K::msg::Float32>::SharedPtr _encoders_subscription;
      |                              [01;31m[K^~~~~~~~[m[K
[01m[K/home/youss/Documents/Projet/Autonomouscar/ros_ws/src/robot/include/robot/robot_controller.h:15:52:[m[K [01;31m[Kerror: [m[Ktemplate argument 1 is invalid
   15 |         rclcpp::Subscription<std_msgs::msg::Float32[01;31m[K>[m[K::SharedPtr _encoders_subscription;
      |                                                    [01;31m[K^[m[K
[01m[K/home/youss/Documents/Projet/Autonomouscar/ros_ws/src/robot/include/robot/robot_controller.h:15:52:[m[K [01;31m[Kerror: [m[Ktemplate argument 3 is invalid
[01m[K/home/youss/Documents/Projet/Autonomouscar/ros_ws/src/robot/include/robot/robot_controller.h:15:52:[m[K [01;31m[Kerror: [m[Ktemplate argument 4 is invalid
[01m[K/home/youss/Documents/Projet/Autonomouscar/ros_ws/src/robot/include/robot/robot_controller.h:15:52:[m[K [01;31m[Kerror: [m[Ktemplate argument 5 is invalid
[01m[K/home/youss/Documents/Projet/Autonomouscar/ros_ws/src/robot/include/robot/robot_controller.h:15:55:[m[K [01;31m[Kerror: [m[Kexpected â€˜[01m[K;[m[Kâ€™ at end of member declaration
   15 |         rclcpp::Subscription<std_msgs::msg::Float32>::[01;31m[KSharedPtr[m[K _encoders_subscription;
      |                                                       [01;31m[K^~~~~~~~~[m[K
      |                                                                [32m[K;[m[K
[01m[K/home/youss/Documents/Projet/Autonomouscar/ros_ws/src/robot/include/robot/robot_controller.h:15:65:[m[K [01;31m[Kerror: [m[Kâ€˜[01m[K_encoders_subscription[m[Kâ€™ does not name a type
   15 |         rclcpp::Subscription<std_msgs::msg::Float32>::SharedPtr [01;31m[K_encoders_subscription[m[K;
      |                                                                 [01;31m[K^~~~~~~~~~~~~~~~~~~~~~[m[K
[01m[K/home/youss/Documents/Projet/Autonomouscar/ros_ws/src/robot/include/robot/robot_controller.h:17:32:[m[K [01;31m[Kerror: [m[Kâ€˜[01m[Kstd_msgs[m[Kâ€™ has not been declared
   17 |         void encoders_callback([01;31m[Kstd_msgs[m[K::msg::Float32::UniquePtr msg);
      |                                [01;31m[K^~~~~~~~[m[K
[01m[K/home/youss/Documents/Projet/Autonomouscar/ros_ws/src/robot/include/robot/robot_controller.h:17:66:[m[K [01;31m[Kerror: [m[Kexpected â€˜[01m[K,[m[Kâ€™ or â€˜[01m[K...[m[Kâ€™ before â€˜[01m[Kmsg[m[Kâ€™
   17 |         void encoders_callback(std_msgs::msg::Float32::UniquePtr [01;31m[Kmsg[m[K);
      |                                                                  [01;31m[K^~~[m[K
[01m[K/home/youss/Documents/Projet/Autonomouscar/ros_ws/src/robot/src/robot_controller.cpp:[m[K In constructor â€˜[01m[KRobot_controller::[01;32m[KRobot_controller[m[K(const std::string&)[m[Kâ€™:
[01m[K/home/youss/Documents/Projet/Autonomouscar/ros_ws/src/robot/src/robot_controller.cpp:9:2:[m[K [01;31m[Kerror: [m[Kâ€˜[01m[K_encoders_subscription[m[Kâ€™ was not declared in this scope; did you mean â€˜[01m[Kcreate_subscription[m[Kâ€™?
    9 |  [01;31m[K_encoders_subscription[m[K = this->create_subscription<std_msgs::msg::Float32>(
      |  [01;31m[K^~~~~~~~~~~~~~~~~~~~~~[m[K
      |  [32m[Kcreate_subscription[m[K
[01m[K/home/youss/Documents/Projet/Autonomouscar/ros_ws/src/robot/src/robot_controller.cpp:12:24:[m[K [01;31m[Kerror: [m[Kâ€˜[01m[KMultiSubNode[m[Kâ€™ has not been declared
   12 |             std::bind(&[01;31m[KMultiSubNode[m[K::number_callback, this, std::placeholders::_1));
      |                        [01;31m[K^~~~~~~~~~~~[m[K
[01m[K/home/youss/Documents/Projet/Autonomouscar/ros_ws/src/robot/src/robot_controller.cpp:[m[K At global scope:
[01m[K/home/youss/Documents/Projet/Autonomouscar/ros_ws/src/robot/src/robot_controller.cpp:16:6:[m[K [01;31m[Kerror: [m[Kno declaration matches â€˜[01m[Kvoid Robot_controller::[01;32m[Kencoders_callback[m[K(std_msgs::msg::Float32_<std::allocator<void> >::UniquePtr)[m[Kâ€™
   16 | void [01;31m[KRobot_controller[m[K::encoders_callback(std_msgs::msg::Float32::UniquePtr msg)
      |      [01;31m[K^~~~~~~~~~~~~~~~[m[K
[01m[K/home/youss/Documents/Projet/Autonomouscar/ros_ws/src/robot/include/robot/robot_controller.h:17:14:[m[K [01;36m[Knote: [m[Kcandidate is: â€˜[01m[Kvoid Robot_controller::[01;32m[Kencoders_callback[m[K(int)[m[Kâ€™
   17 |         void [01;36m[Kencoders_callback[m[K(std_msgs::msg::Float32::UniquePtr msg);
      |              [01;36m[K^~~~~~~~~~~~~~~~~[m[K
[01m[K/home/youss/Documents/Projet/Autonomouscar/ros_ws/src/robot/include/robot/robot_controller.h:11:8:[m[K [01;36m[Knote: [m[Kâ€˜[01m[Kstruct Robot_controller[m[Kâ€™ defined here
   11 | struct [01;36m[KRobot_controller[m[K : public rclcpp::Node{
      |        [01;36m[K^~~~~~~~~~~~~~~~[m[K
gmake[2]: *** [CMakeFiles/robot_controller.dir/build.make:76: CMakeFiles/robot_controller.dir/src/robot_controller.cpp.o] Error 1
gmake[1]: *** [CMakeFiles/Makefile2:193: CMakeFiles/robot_controller.dir/all] Error 2
gmake: *** [Makefile:146: all] Error 2
