[01m[K/home/youss/Documents/Projet/Autonomouscar/ros_ws/src/robot/src/DWM1001_reader.cpp:[m[K In constructor â€˜[01m[KDWM1001_reader::[01;32m[KDWM1001_reader[m[K()[m[Kâ€™:
[01m[K/home/youss/Documents/Projet/Autonomouscar/ros_ws/src/robot/src/DWM1001_reader.cpp:50:38:[m[K [01;31m[Kerror: [m[Kunable to find numeric literal operator â€˜[01m[Koperator""ms[m[Kâ€™
   50 |     _timer = this->create_wall_timer([01;31m[K500ms[m[K, timer_callback);
      |                                      [01;31m[K^~~~~[m[K
[01m[K/home/youss/Documents/Projet/Autonomouscar/ros_ws/src/robot/src/DWM1001_reader.cpp:[m[K In constructor â€˜[01m[KDWM1001_reader::[01;32m[KDWM1001_reader[m[K(const bool&)[m[Kâ€™:
[01m[K/home/youss/Documents/Projet/Autonomouscar/ros_ws/src/robot/src/DWM1001_reader.cpp:82:38:[m[K [01;31m[Kerror: [m[Kunable to find numeric literal operator â€˜[01m[Koperator""ms[m[Kâ€™
   82 |     _timer = this->create_wall_timer([01;31m[K500ms[m[K, timer_callback);
      |                                      [01;31m[K^~~~~[m[K
In file included from [01m[K/home/youss/Documents/Projet/Autonomouscar/ros_ws/src/robot/src/robot_controller.cpp:1[m[K:
[01m[K/home/youss/Documents/Projet/Autonomouscar/ros_ws/src/robot/include/robot/robot_controller.h:32:30:[m[K [01;31m[Kerror: [m[Kâ€˜[01m[Kgeometry_msgs[m[Kâ€™ was not declared in this scope
   32 |         rclcpp::Subscription<[01;31m[Kgeometry_msgs[m[K::msg::Point>::SharedPtr _position_subscription;
      |                              [01;31m[K^~~~~~~~~~~~~[m[K
[01m[K/home/youss/Documents/Projet/Autonomouscar/ros_ws/src/robot/include/robot/robot_controller.h:32:55:[m[K [01;31m[Kerror: [m[Ktemplate argument 1 is invalid
   32 |         rclcpp::Subscription<geometry_msgs::msg::Point[01;31m[K>[m[K::SharedPtr _position_subscription;
      |                                                       [01;31m[K^[m[K
[01m[K/home/youss/Documents/Projet/Autonomouscar/ros_ws/src/robot/include/robot/robot_controller.h:32:55:[m[K [01;31m[Kerror: [m[Ktemplate argument 3 is invalid
[01m[K/home/youss/Documents/Projet/Autonomouscar/ros_ws/src/robot/include/robot/robot_controller.h:32:55:[m[K [01;31m[Kerror: [m[Ktemplate argument 4 is invalid
[01m[K/home/youss/Documents/Projet/Autonomouscar/ros_ws/src/robot/include/robot/robot_controller.h:32:55:[m[K [01;31m[Kerror: [m[Ktemplate argument 5 is invalid
[01m[K/home/youss/Documents/Projet/Autonomouscar/ros_ws/src/robot/include/robot/robot_controller.h:32:58:[m[K [01;31m[Kerror: [m[Kexpected â€˜[01m[K;[m[Kâ€™ at end of member declaration
   32 |         rclcpp::Subscription<geometry_msgs::msg::Point>::[01;31m[KSharedPtr[m[K _position_subscription;
      |                                                          [01;31m[K^~~~~~~~~[m[K
      |                                                                   [32m[K;[m[K
[01m[K/home/youss/Documents/Projet/Autonomouscar/ros_ws/src/robot/include/robot/robot_controller.h:32:68:[m[K [01;31m[Kerror: [m[Kâ€˜[01m[K_position_subscription[m[Kâ€™ does not name a type
   32 |         rclcpp::Subscription<geometry_msgs::msg::Point>::SharedPtr [01;31m[K_position_subscription[m[K;
      |                                                                    [01;31m[K^~~~~~~~~~~~~~~~~~~~~~[m[K
[01m[K/home/youss/Documents/Projet/Autonomouscar/ros_ws/src/robot/include/robot/robot_controller.h:36:32:[m[K [01;31m[Kerror: [m[Kâ€˜[01m[Kgeometry_msgs[m[Kâ€™ has not been declared
   36 |         void position_callback([01;31m[Kgeometry_msgs[m[K::msg::Point::UniquePtr point_msg);
      |                                [01;31m[K^~~~~~~~~~~~~[m[K
[01m[K/home/youss/Documents/Projet/Autonomouscar/ros_ws/src/robot/include/robot/robot_controller.h:36:69:[m[K [01;31m[Kerror: [m[Kexpected â€˜[01m[K,[m[Kâ€™ or â€˜[01m[K...[m[Kâ€™ before â€˜[01m[Kpoint_msg[m[Kâ€™
   36 |         void position_callback(geometry_msgs::msg::Point::UniquePtr [01;31m[Kpoint_msg[m[K);
      |                                                                     [01;31m[K^~~~~~~~~[m[K
[01m[K/home/youss/Documents/Projet/Autonomouscar/ros_ws/src/robot/src/robot_controller.cpp:[m[K In constructor â€˜[01m[KRobot_controller::[01;32m[KRobot_controller[m[K(const std::string&)[m[Kâ€™:
[01m[K/home/youss/Documents/Projet/Autonomouscar/ros_ws/src/robot/src/robot_controller.cpp:14:5:[m[K [01;31m[Kerror: [m[Kâ€˜[01m[K_position_subscription[m[Kâ€™ was not declared in this scope; did you mean â€˜[01m[Krmw_destroy_subscription[m[Kâ€™?
   14 |     [01;31m[K_position_subscription[m[K = this->create_subscription<geometry_msgs::msg::Point>(
      |     [01;31m[K^~~~~~~~~~~~~~~~~~~~~~[m[K
      |     [32m[Krmw_destroy_subscription[m[K
[01m[K/home/youss/Documents/Projet/Autonomouscar/ros_ws/src/robot/src/robot_controller.cpp:14:56:[m[K [01;31m[Kerror: [m[Kâ€˜[01m[Kgeometry_msgs[m[Kâ€™ was not declared in this scope
   14 |     _position_subscription = this->create_subscription<[01;31m[Kgeometry_msgs[m[K::msg::Point>(
      |                                                        [01;31m[K^~~~~~~~~~~~~[m[K
[01m[K/home/youss/Documents/Projet/Autonomouscar/ros_ws/src/robot/src/robot_controller.cpp:14:36:[m[K [01;31m[Kerror: [m[Kparse error in template argument list
   14 |     _position_subscription = this->[01;31m[Kcreate_subscription<geometry_msgs::msg::Point>[m[K(
      |                                    [01;31m[K^~~~~~~~~~~~~~~~~~~~~~~~~~~~~~~~~~~~~~~~~~~~~~[m[K
[01m[K/home/youss/Documents/Projet/Autonomouscar/ros_ws/src/robot/src/robot_controller.cpp:14:82:[m[K [01;31m[Kerror: [m[Kno matching function for call to â€˜[01m[KRobot_controller::create_subscription<<expression error> >(const char [15], int, std::_Bind_helper<false, void (Robot_controller::*)(int), Robot_controller*, const std::_Placeholder<1>&>::type)[m[Kâ€™
   14 |     _position_subscription = [01;31m[Kthis->create_subscription<geometry_msgs::msg::Point>([m[K
      |                              [01;31m[K~~~~~~~~~~~~~~~~~~~~~~~~~~~~~~~~~~~~~~~~~~~~~~~~~~~~^[m[K
   15 | [01;31m[K        POSITION_TOPIC,[m[K
      |         [01;31m[K~~~~~~~~~~~~~~~[m[K                                                           
   16 | [01;31m[K        POSITION_QUEUE_DEPTH,[m[K
      |         [01;31m[K~~~~~~~~~~~~~~~~~~~~~[m[K                                                     
   17 | [01;31m[K        std::bind(&Robot_controller::position_callback, this, std::placeholders::_1)[m[K
      |         [01;31m[K~~~~~~~~~~~~~~~~~~~~~~~~~~~~~~~~~~~~~~~~~~~~~~~~~~~~~~~~~~~~~~~~~~~~~~~~~~~~[m[K
   18 | [01;31m[K    )[m[K;
      |     [01;31m[K~[m[K                                                                             
In file included from [01m[K/opt/ros/jazzy/include/rclcpp/rclcpp/node.hpp:1663[m[K,
                 from [01m[K/opt/ros/jazzy/include/rclcpp/rclcpp/executors/single_threaded_executor.hpp:28[m[K,
                 from [01m[K/opt/ros/jazzy/include/rclcpp/rclcpp/executors.hpp:22[m[K,
                 from [01m[K/opt/ros/jazzy/include/rclcpp/rclcpp/rclcpp.hpp:172[m[K,
                 from [01m[K/home/youss/Documents/Projet/Autonomouscar/ros_ws/src/robot/include/robot/robot_controller.h:1[m[K:
[01m[K/opt/ros/jazzy/include/rclcpp/rclcpp/node_impl.hpp:92:1:[m[K [01;36m[Knote: [m[Kcandidate: â€˜[01m[Ktemplate<class MessageT, class CallbackT, class AllocatorT, class SubscriptionT, class MessageMemoryStrategyT> std::shared_ptr<ROSMessageT> rclcpp::Node::[01;32m[Kcreate_subscription[m[K(const std::string&, const rclcpp::QoS&, CallbackT&&, const rclcpp::SubscriptionOptionsWithAllocator<AllocatorT>&, typename MessageMemoryStrategyT::SharedPtr)[m[Kâ€™
   92 | [01;36m[KNode[m[K::create_subscription(
      | [01;36m[K^~~~[m[K
[01m[K/opt/ros/jazzy/include/rclcpp/rclcpp/node_impl.hpp:92:1:[m[K [01;36m[Knote: [m[K  template argument deduction/substitution failed:
[01m[K/home/youss/Documents/Projet/Autonomouscar/ros_ws/src/robot/src/robot_controller.cpp:14:82:[m[K [01;31m[Kerror: [m[Ktemplate argument 1 is invalid
   14 |     _position_subscription = [01;31m[Kthis->create_subscription<geometry_msgs::msg::Point>([m[K
      |                              [01;31m[K~~~~~~~~~~~~~~~~~~~~~~~~~~~~~~~~~~~~~~~~~~~~~~~~~~~~^[m[K
   15 | [01;31m[K        POSITION_TOPIC,[m[K
      |         [01;31m[K~~~~~~~~~~~~~~~[m[K                                                           
   16 | [01;31m[K        POSITION_QUEUE_DEPTH,[m[K
      |         [01;31m[K~~~~~~~~~~~~~~~~~~~~~[m[K                                                     
   17 | [01;31m[K        std::bind(&Robot_controller::position_callback, this, std::placeholders::_1)[m[K
      |         [01;31m[K~~~~~~~~~~~~~~~~~~~~~~~~~~~~~~~~~~~~~~~~~~~~~~~~~~~~~~~~~~~~~~~~~~~~~~~~~~~~[m[K
   18 | [01;31m[K    )[m[K;
      |     [01;31m[K~[m[K                                                                             
[01m[K/home/youss/Documents/Projet/Autonomouscar/ros_ws/src/robot/src/robot_controller.cpp:[m[K At global scope:
[01m[K/home/youss/Documents/Projet/Autonomouscar/ros_ws/src/robot/src/robot_controller.cpp:34:6:[m[K [01;31m[Kerror: [m[Kâ€˜[01m[KRobotController[m[Kâ€™ has not been declared
   34 | void [01;31m[KRobotController[m[K::position_callback(geometry_msgs::msg::Point::UniquePtr point_msg)
      |      [01;31m[K^~~~~~~~~~~~~~~[m[K
[01m[K/home/youss/Documents/Projet/Autonomouscar/ros_ws/src/robot/src/robot_controller.cpp:34:6:[m[K [01;31m[Kerror: [m[Kvariable or field â€˜[01m[Kposition_callback[m[Kâ€™ declared void
[01m[K/home/youss/Documents/Projet/Autonomouscar/ros_ws/src/robot/src/robot_controller.cpp:34:41:[m[K [01;31m[Kerror: [m[Kâ€˜[01m[Kgeometry_msgs[m[Kâ€™ has not been declared
   34 | void RobotController::position_callback([01;31m[Kgeometry_msgs[m[K::msg::Point::UniquePtr point_msg)
      |                                         [01;31m[K^~~~~~~~~~~~~[m[K
gmake[2]: *** [CMakeFiles/position_publisher.dir/build.make:76: CMakeFiles/position_publisher.dir/src/DWM1001_reader.cpp.o] Error 1
gmake[1]: *** [CMakeFiles/Makefile2:221: CMakeFiles/position_publisher.dir/all] Error 2
gmake[1]: *** Waiting for unfinished jobs....
gmake[2]: *** [CMakeFiles/robot_controller.dir/build.make:76: CMakeFiles/robot_controller.dir/src/robot_controller.cpp.o] Error 1
gmake[1]: *** [CMakeFiles/Makefile2:195: CMakeFiles/robot_controller.dir/all] Error 2
gmake: *** [Makefile:146: all] Error 2
