[0.060s] Invoking command in '/home/youss/Documents/Projet/Autonomouscar/ros_ws/build/robot': CMAKE_PREFIX_PATH=${CMAKE_PREFIX_PATH}:/opt/ros/jazzy DEBUGINFOD_URLS=https://debuginfod.ubuntu.com /usr/bin/cmake --build /home/youss/Documents/Projet/Autonomouscar/ros_ws/build/robot -- -j4 -l4
[0.206s] -- Found ament_cmake: 2.5.2 (/opt/ros/jazzy/share/ament_cmake/cmake)
[1.344s] -- Override CMake install command with custom implementation using symlinks instead of copying resources
[1.385s] -- Found rclcpp: 28.1.5 (/opt/ros/jazzy/share/rclcpp/cmake)
[1.560s] -- Found rosidl_generator_c: 4.6.4 (/opt/ros/jazzy/share/rosidl_generator_c/cmake)
[1.607s] -- Found rosidl_generator_cpp: 4.6.4 (/opt/ros/jazzy/share/rosidl_generator_cpp/cmake)
[1.669s] -- Using all available rosidl_typesupport_c: rosidl_typesupport_fastrtps_c;rosidl_typesupport_introspection_c
[1.736s] -- Using all available rosidl_typesupport_cpp: rosidl_typesupport_fastrtps_cpp;rosidl_typesupport_introspection_cpp
[2.001s] -- Found rmw_implementation_cmake: 7.3.1 (/opt/ros/jazzy/share/rmw_implementation_cmake/cmake)
[2.007s] -- Found rmw_fastrtps_cpp: 8.4.1 (/opt/ros/jazzy/share/rmw_fastrtps_cpp/cmake)
[2.318s] -- Using RMW implementation 'rmw_fastrtps_cpp' as default
[2.579s] -- Found std_msgs: 5.3.5 (/opt/ros/jazzy/share/std_msgs/cmake)
[2.638s] -- Found geometry_msgs: 5.3.5 (/opt/ros/jazzy/share/geometry_msgs/cmake)
[2.703s] -- Found ament_lint_auto: 0.17.1 (/opt/ros/jazzy/share/ament_lint_auto/cmake)
[3.217s] -- Added test 'cppcheck' to perform static code analysis on C / C++ code
[3.218s] -- Configured cppcheck include dirs: $<BUILD_INTERFACE:/home/youss/Documents/Projet/Autonomouscar/ros_ws/src/robot/include>
[3.219s] -- Configured cppcheck exclude dirs and/or files: 
[3.221s] -- Added test 'flake8' to check Python code syntax and style conventions
[3.222s] -- Configured 'flake8' exclude dirs and/or files: 
[3.226s] -- Added test 'lint_cmake' to check CMake code style
[3.230s] -- Added test 'pep257' to check Python code against some of the docstring style conventions in PEP 257
[3.244s] -- Added test 'uncrustify' to check C / C++ code style
[3.244s] -- Configured uncrustify additional arguments: 
[3.247s] -- Added test 'xmllint' to check XML markup files
[3.269s] -- Configuring done (3.1s)
[3.405s] -- Generating done (0.1s)
[3.420s] -- Build files have been written to: /home/youss/Documents/Projet/Autonomouscar/ros_ws/build/robot
[3.704s] [ 11%] [32m[1mLinking CXX executable encoders[0m
[3.705s] [ 22%] [32mBuilding CXX object CMakeFiles/position_publisher.dir/src/DWM1001_reader.cpp.o[0m
[3.716s] [ 44%] Built target listener
[3.738s] [ 55%] [32mBuilding CXX object CMakeFiles/robot_controller.dir/src/robot_controller.cpp.o[0m
[4.903s] [ 77%] Built target encoders
[18.978s] [01m[K/home/youss/Documents/Projet/Autonomouscar/ros_ws/src/robot/src/DWM1001_reader.cpp:[m[K In constructor â€˜[01m[KDWM1001_reader::[01;32m[KDWM1001_reader[m[K()[m[Kâ€™:
[18.979s] [01m[K/home/youss/Documents/Projet/Autonomouscar/ros_ws/src/robot/src/DWM1001_reader.cpp:50:38:[m[K [01;31m[Kerror: [m[Kunable to find numeric literal operator â€˜[01m[Koperator""ms[m[Kâ€™
[18.981s]    50 |     _timer = this->create_wall_timer([01;31m[K500ms[m[K, timer_callback);
[18.982s]       |                                      [01;31m[K^~~~~[m[K
[18.990s] [01m[K/home/youss/Documents/Projet/Autonomouscar/ros_ws/src/robot/src/DWM1001_reader.cpp:[m[K In constructor â€˜[01m[KDWM1001_reader::[01;32m[KDWM1001_reader[m[K(const bool&)[m[Kâ€™:
[18.990s] [01m[K/home/youss/Documents/Projet/Autonomouscar/ros_ws/src/robot/src/DWM1001_reader.cpp:82:38:[m[K [01;31m[Kerror: [m[Kunable to find numeric literal operator â€˜[01m[Koperator""ms[m[Kâ€™
[18.991s]    82 |     _timer = this->create_wall_timer([01;31m[K500ms[m[K, timer_callback);
[18.992s]       |                                      [01;31m[K^~~~~[m[K
[19.757s] In file included from [01m[K/home/youss/Documents/Projet/Autonomouscar/ros_ws/src/robot/src/robot_controller.cpp:1[m[K:
[19.757s] [01m[K/home/youss/Documents/Projet/Autonomouscar/ros_ws/src/robot/include/robot/robot_controller.h:32:30:[m[K [01;31m[Kerror: [m[Kâ€˜[01m[Kgeometry_msgs[m[Kâ€™ was not declared in this scope
[19.758s]    32 |         rclcpp::Subscription<[01;31m[Kgeometry_msgs[m[K::msg::Point>::SharedPtr _position_subscription;
[19.758s]       |                              [01;31m[K^~~~~~~~~~~~~[m[K
[19.759s] [01m[K/home/youss/Documents/Projet/Autonomouscar/ros_ws/src/robot/include/robot/robot_controller.h:32:55:[m[K [01;31m[Kerror: [m[Ktemplate argument 1 is invalid
[19.760s]    32 |         rclcpp::Subscription<geometry_msgs::msg::Point[01;31m[K>[m[K::SharedPtr _position_subscription;
[19.762s]       |                                                       [01;31m[K^[m[K
[19.765s] [01m[K/home/youss/Documents/Projet/Autonomouscar/ros_ws/src/robot/include/robot/robot_controller.h:32:55:[m[K [01;31m[Kerror: [m[Ktemplate argument 3 is invalid
[19.765s] [01m[K/home/youss/Documents/Projet/Autonomouscar/ros_ws/src/robot/include/robot/robot_controller.h:32:55:[m[K [01;31m[Kerror: [m[Ktemplate argument 4 is invalid
[19.766s] [01m[K/home/youss/Documents/Projet/Autonomouscar/ros_ws/src/robot/include/robot/robot_controller.h:32:55:[m[K [01;31m[Kerror: [m[Ktemplate argument 5 is invalid
[19.767s] [01m[K/home/youss/Documents/Projet/Autonomouscar/ros_ws/src/robot/include/robot/robot_controller.h:32:58:[m[K [01;31m[Kerror: [m[Kexpected â€˜[01m[K;[m[Kâ€™ at end of member declaration
[19.768s]    32 |         rclcpp::Subscription<geometry_msgs::msg::Point>::[01;31m[KSharedPtr[m[K _position_subscription;
[19.769s]       |                                                          [01;31m[K^~~~~~~~~[m[K
[19.769s]       |                                                                   [32m[K;[m[K
[19.776s] [01m[K/home/youss/Documents/Projet/Autonomouscar/ros_ws/src/robot/include/robot/robot_controller.h:32:68:[m[K [01;31m[Kerror: [m[Kâ€˜[01m[K_position_subscription[m[Kâ€™ does not name a type
[19.776s]    32 |         rclcpp::Subscription<geometry_msgs::msg::Point>::SharedPtr [01;31m[K_position_subscription[m[K;
[19.777s]       |                                                                    [01;31m[K^~~~~~~~~~~~~~~~~~~~~~[m[K
[19.781s] [01m[K/home/youss/Documents/Projet/Autonomouscar/ros_ws/src/robot/include/robot/robot_controller.h:36:32:[m[K [01;31m[Kerror: [m[Kâ€˜[01m[Kgeometry_msgs[m[Kâ€™ has not been declared
[19.782s]    36 |         void position_callback([01;31m[Kgeometry_msgs[m[K::msg::Point::UniquePtr point_msg);
[19.783s]       |                                [01;31m[K^~~~~~~~~~~~~[m[K
[19.786s] [01m[K/home/youss/Documents/Projet/Autonomouscar/ros_ws/src/robot/include/robot/robot_controller.h:36:69:[m[K [01;31m[Kerror: [m[Kexpected â€˜[01m[K,[m[Kâ€™ or â€˜[01m[K...[m[Kâ€™ before â€˜[01m[Kpoint_msg[m[Kâ€™
[19.786s]    36 |         void position_callback(geometry_msgs::msg::Point::UniquePtr [01;31m[Kpoint_msg[m[K);
[19.787s]       |                                                                     [01;31m[K^~~~~~~~~[m[K
[19.926s] [01m[K/home/youss/Documents/Projet/Autonomouscar/ros_ws/src/robot/src/robot_controller.cpp:[m[K In constructor â€˜[01m[KRobot_controller::[01;32m[KRobot_controller[m[K(const std::string&)[m[Kâ€™:
[19.927s] [01m[K/home/youss/Documents/Projet/Autonomouscar/ros_ws/src/robot/src/robot_controller.cpp:14:5:[m[K [01;31m[Kerror: [m[Kâ€˜[01m[K_position_subscription[m[Kâ€™ was not declared in this scope; did you mean â€˜[01m[Krmw_destroy_subscription[m[Kâ€™?
[19.928s]    14 |     [01;31m[K_position_subscription[m[K = this->create_subscription<geometry_msgs::msg::Point>(
[19.929s]       |     [01;31m[K^~~~~~~~~~~~~~~~~~~~~~[m[K
[19.930s]       |     [32m[Krmw_destroy_subscription[m[K
[19.970s] [01m[K/home/youss/Documents/Projet/Autonomouscar/ros_ws/src/robot/src/robot_controller.cpp:14:56:[m[K [01;31m[Kerror: [m[Kâ€˜[01m[Kgeometry_msgs[m[Kâ€™ was not declared in this scope
[19.970s]    14 |     _position_subscription = this->create_subscription<[01;31m[Kgeometry_msgs[m[K::msg::Point>(
[19.971s]       |                                                        [01;31m[K^~~~~~~~~~~~~[m[K
[19.972s] [01m[K/home/youss/Documents/Projet/Autonomouscar/ros_ws/src/robot/src/robot_controller.cpp:14:36:[m[K [01;31m[Kerror: [m[Kparse error in template argument list
[19.972s]    14 |     _position_subscription = this->[01;31m[Kcreate_subscription<geometry_msgs::msg::Point>[m[K(
[19.973s]       |                                    [01;31m[K^~~~~~~~~~~~~~~~~~~~~~~~~~~~~~~~~~~~~~~~~~~~~~[m[K
[19.980s] [01m[K/home/youss/Documents/Projet/Autonomouscar/ros_ws/src/robot/src/robot_controller.cpp:14:82:[m[K [01;31m[Kerror: [m[Kno matching function for call to â€˜[01m[KRobot_controller::create_subscription<<expression error> >(const char [15], int, std::_Bind_helper<false, void (Robot_controller::*)(int), Robot_controller*, const std::_Placeholder<1>&>::type)[m[Kâ€™
[19.981s]    14 |     _position_subscription = [01;31m[Kthis->create_subscription<geometry_msgs::msg::Point>([m[K
[19.985s]       |                              [01;31m[K~~~~~~~~~~~~~~~~~~~~~~~~~~~~~~~~~~~~~~~~~~~~~~~~~~~~^[m[K
[19.986s]    15 | [01;31m[K        POSITION_TOPIC,[m[K
[19.987s]       |         [01;31m[K~~~~~~~~~~~~~~~[m[K                                                           
[19.988s]    16 | [01;31m[K        POSITION_QUEUE_DEPTH,[m[K
[19.989s]       |         [01;31m[K~~~~~~~~~~~~~~~~~~~~~[m[K                                                     
[19.989s]    17 | [01;31m[K        std::bind(&Robot_controller::position_callback, this, std::placeholders::_1)[m[K
[19.990s]       |         [01;31m[K~~~~~~~~~~~~~~~~~~~~~~~~~~~~~~~~~~~~~~~~~~~~~~~~~~~~~~~~~~~~~~~~~~~~~~~~~~~~[m[K
[19.991s]    18 | [01;31m[K    )[m[K;
[19.991s]       |     [01;31m[K~[m[K                                                                             
[19.992s] In file included from [01m[K/opt/ros/jazzy/include/rclcpp/rclcpp/node.hpp:1663[m[K,
[19.992s]                  from [01m[K/opt/ros/jazzy/include/rclcpp/rclcpp/executors/single_threaded_executor.hpp:28[m[K,
[19.993s]                  from [01m[K/opt/ros/jazzy/include/rclcpp/rclcpp/executors.hpp:22[m[K,
[19.994s]                  from [01m[K/opt/ros/jazzy/include/rclcpp/rclcpp/rclcpp.hpp:172[m[K,
[19.995s]                  from [01m[K/home/youss/Documents/Projet/Autonomouscar/ros_ws/src/robot/include/robot/robot_controller.h:1[m[K:
[19.995s] [01m[K/opt/ros/jazzy/include/rclcpp/rclcpp/node_impl.hpp:92:1:[m[K [01;36m[Knote: [m[Kcandidate: â€˜[01m[Ktemplate<class MessageT, class CallbackT, class AllocatorT, class SubscriptionT, class MessageMemoryStrategyT> std::shared_ptr<ROSMessageT> rclcpp::Node::[01;32m[Kcreate_subscription[m[K(const std::string&, const rclcpp::QoS&, CallbackT&&, const rclcpp::SubscriptionOptionsWithAllocator<AllocatorT>&, typename MessageMemoryStrategyT::SharedPtr)[m[Kâ€™
[19.996s]    92 | [01;36m[KNode[m[K::create_subscription(
[19.997s]       | [01;36m[K^~~~[m[K
[19.998s] [01m[K/opt/ros/jazzy/include/rclcpp/rclcpp/node_impl.hpp:92:1:[m[K [01;36m[Knote: [m[K  template argument deduction/substitution failed:
[19.999s] [01m[K/home/youss/Documents/Projet/Autonomouscar/ros_ws/src/robot/src/robot_controller.cpp:14:82:[m[K [01;31m[Kerror: [m[Ktemplate argument 1 is invalid
[20.000s]    14 |     _position_subscription = [01;31m[Kthis->create_subscription<geometry_msgs::msg::Point>([m[K
[20.001s]       |                              [01;31m[K~~~~~~~~~~~~~~~~~~~~~~~~~~~~~~~~~~~~~~~~~~~~~~~~~~~~^[m[K
[20.002s]    15 | [01;31m[K        POSITION_TOPIC,[m[K
[20.003s]       |         [01;31m[K~~~~~~~~~~~~~~~[m[K                                                           
[20.003s]    16 | [01;31m[K        POSITION_QUEUE_DEPTH,[m[K
[20.004s]       |         [01;31m[K~~~~~~~~~~~~~~~~~~~~~[m[K                                                     
[20.005s]    17 | [01;31m[K        std::bind(&Robot_controller::position_callback, this, std::placeholders::_1)[m[K
[20.005s]       |         [01;31m[K~~~~~~~~~~~~~~~~~~~~~~~~~~~~~~~~~~~~~~~~~~~~~~~~~~~~~~~~~~~~~~~~~~~~~~~~~~~~[m[K
[20.006s]    18 | [01;31m[K    )[m[K;
[20.006s]       |     [01;31m[K~[m[K                                                                             
[20.021s] [01m[K/home/youss/Documents/Projet/Autonomouscar/ros_ws/src/robot/src/robot_controller.cpp:[m[K At global scope:
[20.022s] [01m[K/home/youss/Documents/Projet/Autonomouscar/ros_ws/src/robot/src/robot_controller.cpp:34:6:[m[K [01;31m[Kerror: [m[Kâ€˜[01m[KRobotController[m[Kâ€™ has not been declared
[20.023s]    34 | void [01;31m[KRobotController[m[K::position_callback(geometry_msgs::msg::Point::UniquePtr point_msg)
[20.023s]       |      [01;31m[K^~~~~~~~~~~~~~~[m[K
[20.024s] [01m[K/home/youss/Documents/Projet/Autonomouscar/ros_ws/src/robot/src/robot_controller.cpp:34:6:[m[K [01;31m[Kerror: [m[Kvariable or field â€˜[01m[Kposition_callback[m[Kâ€™ declared void
[20.025s] [01m[K/home/youss/Documents/Projet/Autonomouscar/ros_ws/src/robot/src/robot_controller.cpp:34:41:[m[K [01;31m[Kerror: [m[Kâ€˜[01m[Kgeometry_msgs[m[Kâ€™ has not been declared
[20.025s]    34 | void RobotController::position_callback([01;31m[Kgeometry_msgs[m[K::msg::Point::UniquePtr point_msg)
[20.027s]       |                                         [01;31m[K^~~~~~~~~~~~~[m[K
[24.865s] gmake[2]: *** [CMakeFiles/position_publisher.dir/build.make:76: CMakeFiles/position_publisher.dir/src/DWM1001_reader.cpp.o] Error 1
[24.867s] gmake[1]: *** [CMakeFiles/Makefile2:221: CMakeFiles/position_publisher.dir/all] Error 2
[24.867s] gmake[1]: *** Waiting for unfinished jobs....
[31.606s] gmake[2]: *** [CMakeFiles/robot_controller.dir/build.make:76: CMakeFiles/robot_controller.dir/src/robot_controller.cpp.o] Error 1
[31.607s] gmake[1]: *** [CMakeFiles/Makefile2:195: CMakeFiles/robot_controller.dir/all] Error 2
[31.608s] gmake: *** [Makefile:146: all] Error 2
[31.617s] Invoked command in '/home/youss/Documents/Projet/Autonomouscar/ros_ws/build/robot' returned '2': CMAKE_PREFIX_PATH=${CMAKE_PREFIX_PATH}:/opt/ros/jazzy DEBUGINFOD_URLS=https://debuginfod.ubuntu.com /usr/bin/cmake --build /home/youss/Documents/Projet/Autonomouscar/ros_ws/build/robot -- -j4 -l4
