[0.049s] Invoking command in '/home/youss/Documents/Projet/Autonomouscar/ros_ws/build/robot': CMAKE_PREFIX_PATH=${CMAKE_PREFIX_PATH}:/opt/ros/jazzy DEBUGINFOD_URLS=https://debuginfod.ubuntu.com /usr/bin/cmake --build /home/youss/Documents/Projet/Autonomouscar/ros_ws/build/robot -- -j4 -l4
[0.310s] [ 50%] [32mBuilding CXX object CMakeFiles/encoders.dir/src/encoders.cpp.o[0m
[2.357s] In file included from [01m[K/home/youss/Documents/Projet/Autonomouscar/ros_ws/src/robot/src/encoders.cpp:13[m[K:
[2.359s] [01m[K/home/youss/Documents/Projet/Autonomouscar/ros_ws/src/robot/src/encoders.h:31:15:[m[K [01;31m[Kerror: [m[Kâ€˜[01m[Kunsigned[m[Kâ€™ specified with â€˜[01m[Kdouble[m[Kâ€™
[2.360s]    31 |         const [01;31m[Kunsigned[m[K double _gear_ratio = 900/8;
[2.360s]       |               [01;31m[K^~~~~~~~[m[K
[2.361s] [01m[K/home/youss/Documents/Projet/Autonomouscar/ros_ws/src/robot/src/encoders.cpp:21:6:[m[K [01;31m[Kerror: [m[Kno declaration matches â€˜[01m[Kbool Encoders::[01;32m[KconfigurePinAsOutput[m[K(unsigned int)[m[Kâ€™
[2.361s]    21 | bool [01;31m[KEncoders[m[K::configurePinAsOutput(unsigned int gpio)
[2.362s]       |      [01;31m[K^~~~~~~~[m[K
[2.362s] [01m[K/home/youss/Documents/Projet/Autonomouscar/ros_ws/src/robot/src/encoders.cpp:21:6:[m[K [01;36m[Knote: [m[Kno functions named â€˜[01m[Kbool Encoders::[01;32m[KconfigurePinAsOutput[m[K(unsigned int)[m[Kâ€™
[2.362s] [01m[K/home/youss/Documents/Projet/Autonomouscar/ros_ws/src/robot/src/encoders.h:3:8:[m[K [01;36m[Knote: [m[Kâ€˜[01m[Kstruct Encoders[m[Kâ€™ defined here
[2.363s]     3 | struct [01;36m[KEncoders[m[K
[2.363s]       |        [01;36m[K^~~~~~~~[m[K
[2.364s] [01m[K/home/youss/Documents/Projet/Autonomouscar/ros_ws/src/robot/src/encoders.cpp:44:6:[m[K [01;31m[Kerror: [m[Kno declaration matches â€˜[01m[Kbool Encoders::[01;32m[KconfigurePins[m[K()[m[Kâ€™
[2.364s]    44 | bool [01;31m[KEncoders[m[K::configurePins()
[2.364s]       |      [01;31m[K^~~~~~~~[m[K
[2.365s] [01m[K/home/youss/Documents/Projet/Autonomouscar/ros_ws/src/robot/src/encoders.cpp:44:6:[m[K [01;36m[Knote: [m[Kno functions named â€˜[01m[Kbool Encoders::[01;32m[KconfigurePins[m[K()[m[Kâ€™
[2.365s] [01m[K/home/youss/Documents/Projet/Autonomouscar/ros_ws/src/robot/src/encoders.h:3:8:[m[K [01;36m[Knote: [m[Kâ€˜[01m[Kstruct Encoders[m[Kâ€™ defined here
[2.366s]     3 | struct [01;36m[KEncoders[m[K
[2.366s]       |        [01;36m[K^~~~~~~~[m[K
[2.366s] [01m[K/home/youss/Documents/Projet/Autonomouscar/ros_ws/src/robot/src/encoders.cpp:63:6:[m[K [01;31m[Kerror: [m[Kno declaration matches â€˜[01m[Kvoid Encoders::[01;32m[KsignalHandler[m[K(int)[m[Kâ€™
[2.367s]    63 | void [01;31m[KEncoders[m[K::signalHandler(int signal)
[2.367s]       |      [01;31m[K^~~~~~~~[m[K
[2.367s] [01m[K/home/youss/Documents/Projet/Autonomouscar/ros_ws/src/robot/src/encoders.cpp:63:6:[m[K [01;36m[Knote: [m[Kno functions named â€˜[01m[Kvoid Encoders::[01;32m[KsignalHandler[m[K(int)[m[Kâ€™
[2.368s] [01m[K/home/youss/Documents/Projet/Autonomouscar/ros_ws/src/robot/src/encoders.h:3:8:[m[K [01;36m[Knote: [m[Kâ€˜[01m[Kstruct Encoders[m[Kâ€™ defined here
[2.368s]     3 | struct [01;36m[KEncoders[m[K
[2.369s]       |        [01;36m[K^~~~~~~~[m[K
[2.384s] [01m[K/home/youss/Documents/Projet/Autonomouscar/ros_ws/src/robot/src/encoders.cpp:[m[K In member function â€˜[01m[Kbool Encoders::[01;32m[Kinit_pwm[m[K(const unsigned int&, const unsigned int&)[m[Kâ€™:
[2.384s] [01m[K/home/youss/Documents/Projet/Autonomouscar/ros_ws/src/robot/src/encoders.cpp:90:5:[m[K [01;31m[Kerror: [m[Kâ€˜[01m[Kgpio_result[m[Kâ€™ was not declared in this scope
[2.385s]    90 |     [01;31m[Kgpio_result[m[K = gpioPWM(gpio_number, duty_cycle);
[2.385s]       |     [01;31m[K^~~~~~~~~~~[m[K
[2.398s] [01m[K/home/youss/Documents/Projet/Autonomouscar/ros_ws/src/robot/src/encoders.cpp:96:39:[m[K [01;31m[Kerror: [m[Kâ€˜[01m[Kpin[m[Kâ€™ was not declared in this scope
[2.398s]    96 |     cout << "PWM Success on gpio " << [01;31m[Kpin[m[K << endl;
[2.399s]       |                                       [01;31m[K^~~[m[K
[2.414s] [01m[K/home/youss/Documents/Projet/Autonomouscar/ros_ws/src/robot/src/encoders.cpp:[m[K In member function â€˜[01m[Kbool Encoders::[01;32m[Kinit_pi_input_mode_on_gpio[m[K(const unsigned int&)[m[Kâ€™:
[2.414s] [01m[K/home/youss/Documents/Projet/Autonomouscar/ros_ws/src/robot/src/encoders.cpp:104:5:[m[K [01;31m[Kerror: [m[Kâ€˜[01m[Kgpio_result[m[Kâ€™ was not declared in this scope
[2.415s]   104 |     [01;31m[Kgpio_result[m[K = gpioSetMode(channel, PI_INPUT);
[2.416s]       |     [01;31m[K^~~~~~~~~~~[m[K
[2.427s] [01m[K/home/youss/Documents/Projet/Autonomouscar/ros_ws/src/robot/src/encoders.cpp:104:31:[m[K [01;31m[Kerror: [m[Kâ€˜[01m[Kchannel[m[Kâ€™ was not declared in this scope; did you mean â€˜[01m[K_A_channel[m[Kâ€™?
[2.427s]   104 |     gpio_result = gpioSetMode([01;31m[Kchannel[m[K, PI_INPUT);
[2.427s]       |                               [01;31m[K^~~~~~~[m[K
[2.428s]       |                               [32m[K_A_channel[m[K
[2.429s] [01m[K/home/youss/Documents/Projet/Autonomouscar/ros_ws/src/robot/src/encoders.cpp:100:63:[m[K [01;35m[Kwarning: [m[Kunused parameter â€˜[01m[Kchannel_gpio[m[Kâ€™ [[01;35m[K]8;;https://gcc.gnu.org/onlinedocs/gcc/Warning-Options.html#index-Wunused-parameter-Wunused-parameter]8;;[m[K]
[2.429s]   100 | ol Encoders::init_pi_input_mode_on_gpio([01;35m[Kconst unsigned int &channel_gpio[m[K)
[2.430s]       |                                         [01;35m[K~~~~~~~~~~~~~~~~~~~~^~~~~~~~~~~~[m[K
[2.430s] 
[2.441s] [01m[K/home/youss/Documents/Projet/Autonomouscar/ros_ws/src/robot/src/encoders.cpp:[m[K In constructor â€˜[01m[KEncoders::[01;32m[KEncoders[m[K(const unsigned int&, const unsigned int&, const unsigned int&, const unsigned int&)[m[Kâ€™:
[2.442s] [01m[K/home/youss/Documents/Projet/Autonomouscar/ros_ws/src/robot/src/encoders.cpp:124:20:[m[K [01;31m[Kerror: [m[Kâ€˜[01m[KsignalHandler[m[Kâ€™ was not declared in this scope; did you mean â€˜[01m[Ksignal_handler[m[Kâ€™?
[2.443s]   124 |     signal(SIGINT, [01;31m[KsignalHandler[m[K);
[2.443s]       |                    [01;31m[K^~~~~~~~~~~~~[m[K
[2.443s]       |                    [32m[Ksignal_handler[m[K
[2.444s] [01m[K/home/youss/Documents/Projet/Autonomouscar/ros_ws/src/robot/src/encoders.cpp:140:17:[m[K [01;31m[Kerror: [m[Kinvalid use of non-static member function â€˜[01m[Kint Encoders::[01;32m[Kcompute_rps_on_channel[m[K()[m[Kâ€™
[2.444s]   140 |     timer_start([01;31m[Kcompute_rps_on_channel[m[K, 1000);
[2.445s]       |                 [01;31m[K^~~~~~~~~~~~~~~~~~~~~~[m[K
[2.445s] [01m[K/home/youss/Documents/Projet/Autonomouscar/ros_ws/src/robot/src/encoders.h:45:13:[m[K [01;36m[Knote: [m[Kdeclared here
[2.446s]    45 |         int [01;36m[Kcompute_rps_on_channel[m[K();
[2.446s]       |             [01;36m[K^~~~~~~~~~~~~~~~~~~~~~[m[K
[2.456s] [01m[K/home/youss/Documents/Projet/Autonomouscar/ros_ws/src/robot/src/encoders.cpp:141:5:[m[K [01;31m[Kerror: [m[Kâ€˜[01m[K_isRunning[m[Kâ€™ was not declared in this scope; did you mean â€˜[01m[K_is_running[m[Kâ€™?
[2.456s]   141 |     [01;31m[K_isRunning[m[K = true;
[2.457s]       |     [01;31m[K^~~~~~~~~~[m[K
[2.457s]       |     [32m[K_is_running[m[K
[2.470s] [01m[K/home/youss/Documents/Projet/Autonomouscar/ros_ws/src/robot/src/encoders.cpp:[m[K In constructor â€˜[01m[KEncoders::[01;32m[KEncoders[m[K()[m[Kâ€™:
[2.470s] [01m[K/home/youss/Documents/Projet/Autonomouscar/ros_ws/src/robot/src/encoders.cpp:147:20:[m[K [01;31m[Kerror: [m[Kâ€˜[01m[KsignalHandler[m[Kâ€™ was not declared in this scope; did you mean â€˜[01m[Ksignal_handler[m[Kâ€™?
[2.471s]   147 |     signal(SIGINT, [01;31m[KsignalHandler[m[K);
[2.471s]       |                    [01;31m[K^~~~~~~~~~~~~[m[K
[2.472s]       |                    [32m[Ksignal_handler[m[K
[2.472s] [01m[K/home/youss/Documents/Projet/Autonomouscar/ros_ws/src/robot/src/encoders.cpp:156:17:[m[K [01;31m[Kerror: [m[Kinvalid use of non-static member function â€˜[01m[Kint Encoders::[01;32m[Kcompute_rps_on_channel[m[K()[m[Kâ€™
[2.473s]   156 |     timer_start([01;31m[Kcompute_rps_on_channel[m[K, 1000);
[2.473s]       |                 [01;31m[K^~~~~~~~~~~~~~~~~~~~~~[m[K
[2.473s] [01m[K/home/youss/Documents/Projet/Autonomouscar/ros_ws/src/robot/src/encoders.h:45:13:[m[K [01;36m[Knote: [m[Kdeclared here
[2.474s]    45 |         int [01;36m[Kcompute_rps_on_channel[m[K();
[2.474s]       |             [01;36m[K^~~~~~~~~~~~~~~~~~~~~~[m[K
[2.484s] [01m[K/home/youss/Documents/Projet/Autonomouscar/ros_ws/src/robot/src/encoders.cpp:157:5:[m[K [01;31m[Kerror: [m[Kâ€˜[01m[K_isRunning[m[Kâ€™ was not declared in this scope; did you mean â€˜[01m[K_is_running[m[Kâ€™?
[2.485s]   157 |     [01;31m[K_isRunning[m[K = true;
[2.485s]       |     [01;31m[K^~~~~~~~~~[m[K
[2.486s]       |     [32m[K_is_running[m[K
[2.486s] [01m[K/home/youss/Documents/Projet/Autonomouscar/ros_ws/src/robot/src/encoders.cpp:[m[K At global scope:
[2.487s] [01m[K/home/youss/Documents/Projet/Autonomouscar/ros_ws/src/robot/src/encoders.cpp:160:6:[m[K [01;31m[Kerror: [m[Kno declaration matches â€˜[01m[Kvoid Encoders::[01;32m[Kcompute_rps_on_channels[m[K()[m[Kâ€™
[2.487s]   160 | void [01;31m[KEncoders[m[K::compute_rps_on_channels()
[2.487s]       |      [01;31m[K^~~~~~~~[m[K
[2.488s] [01m[K/home/youss/Documents/Projet/Autonomouscar/ros_ws/src/robot/src/encoders.cpp:160:6:[m[K [01;36m[Knote: [m[Kno functions named â€˜[01m[Kvoid Encoders::[01;32m[Kcompute_rps_on_channels[m[K()[m[Kâ€™
[2.488s] [01m[K/home/youss/Documents/Projet/Autonomouscar/ros_ws/src/robot/src/encoders.h:3:8:[m[K [01;36m[Knote: [m[Kâ€˜[01m[Kstruct Encoders[m[Kâ€™ defined here
[2.488s]     3 | struct [01;36m[KEncoders[m[K
[2.489s]       |        [01;36m[K^~~~~~~~[m[K
[2.741s] gmake[2]: *** [CMakeFiles/encoders.dir/build.make:76: CMakeFiles/encoders.dir/src/encoders.cpp.o] Error 1
[2.742s] gmake[1]: *** [CMakeFiles/Makefile2:137: CMakeFiles/encoders.dir/all] Error 2
[2.742s] gmake: *** [Makefile:146: all] Error 2
[2.750s] Invoked command in '/home/youss/Documents/Projet/Autonomouscar/ros_ws/build/robot' returned '2': CMAKE_PREFIX_PATH=${CMAKE_PREFIX_PATH}:/opt/ros/jazzy DEBUGINFOD_URLS=https://debuginfod.ubuntu.com /usr/bin/cmake --build /home/youss/Documents/Projet/Autonomouscar/ros_ws/build/robot -- -j4 -l4
