[ 22%] Built target listener
[ 55%] Built target encoders
[ 66%] [32mBuilding CXX object CMakeFiles/robot_controller.dir/src/robot_controller.cpp.o[0m
[ 77%] [32mBuilding CXX object CMakeFiles/position_publisher.dir/src/DWM1001_reader.cpp.o[0m
[01m[K/home/youss/Documents/Projet/Autonomouscar/ros_ws/src/robot/src/robot_controller.cpp:36:6:[m[K [01;31m[Kerror: [m[Kâ€˜[01m[KRobotController[m[Kâ€™ has not been declared
   36 | void [01;31m[KRobotController[m[K::position_callback(geometry_msgs::msg::Point::UniquePtr point_msg)
      |      [01;31m[K^~~~~~~~~~~~~~~[m[K
[01m[K/home/youss/Documents/Projet/Autonomouscar/ros_ws/src/robot/src/robot_controller.cpp:[m[K In function â€˜[01m[Kvoid[01;32m[K position_callback[m[K(geometry_msgs::msg::Point_<std::allocator<void> >::UniquePtr)[m[Kâ€™:
[01m[K/home/youss/Documents/Projet/Autonomouscar/ros_ws/src/robot/src/robot_controller.cpp:38:26:[m[K [01;31m[Kerror: [m[Kâ€˜[01m[Kusing geometry_msgs::msg::Point_<std::allocator<void> >::UniquePtr = geometry_msgs::msg::Point_<std::allocator<void> >::UniquePtrWithDeleter<std::default_delete<geometry_msgs::msg::Point_<std::allocator<void> > > >[m[Kâ€™ {aka â€˜[01m[Kclass std::unique_ptr<geometry_msgs::msg::Point_<std::allocator<void> >, std::default_delete<geometry_msgs::msg::Point_<std::allocator<void> > > >[m[Kâ€™} has no member named â€˜[01m[Kx[m[Kâ€™
   38 |     double x = point_msg.[01;31m[Kx[m[K;
      |                          [01;31m[K^[m[K
[01m[K/home/youss/Documents/Projet/Autonomouscar/ros_ws/src/robot/src/robot_controller.cpp:39:26:[m[K [01;31m[Kerror: [m[Kâ€˜[01m[Kusing geometry_msgs::msg::Point_<std::allocator<void> >::UniquePtr = geometry_msgs::msg::Point_<std::allocator<void> >::UniquePtrWithDeleter<std::default_delete<geometry_msgs::msg::Point_<std::allocator<void> > > >[m[Kâ€™ {aka â€˜[01m[Kclass std::unique_ptr<geometry_msgs::msg::Point_<std::allocator<void> >, std::default_delete<geometry_msgs::msg::Point_<std::allocator<void> > > >[m[Kâ€™} has no member named â€˜[01m[Ky[m[Kâ€™
   39 |     double y = point_msg.[01;31m[Ky[m[K;
      |                          [01;31m[K^[m[K
[01m[K/home/youss/Documents/Projet/Autonomouscar/ros_ws/src/robot/src/robot_controller.cpp:40:26:[m[K [01;31m[Kerror: [m[Kâ€˜[01m[Kusing geometry_msgs::msg::Point_<std::allocator<void> >::UniquePtr = geometry_msgs::msg::Point_<std::allocator<void> >::UniquePtrWithDeleter<std::default_delete<geometry_msgs::msg::Point_<std::allocator<void> > > >[m[Kâ€™ {aka â€˜[01m[Kclass std::unique_ptr<geometry_msgs::msg::Point_<std::allocator<void> >, std::default_delete<geometry_msgs::msg::Point_<std::allocator<void> > > >[m[Kâ€™} has no member named â€˜[01m[Kz[m[Kâ€™
   40 |     double z = point_msg.[01;31m[Kz[m[K;
      |                          [01;31m[K^[m[K
In file included from [01m[K/opt/ros/jazzy/include/rclcpp/rclcpp/copy_all_parameter_values.hpp:27[m[K,
                 from [01m[K/opt/ros/jazzy/include/rclcpp/rclcpp/rclcpp.hpp:171[m[K,
                 from [01m[K/home/youss/Documents/Projet/Autonomouscar/ros_ws/src/robot/include/robot/robot_controller.h:1[m[K,
                 from [01m[K/home/youss/Documents/Projet/Autonomouscar/ros_ws/src/robot/src/robot_controller.cpp:1[m[K:
[01m[K/home/youss/Documents/Projet/Autonomouscar/ros_ws/src/robot/src/robot_controller.cpp:41:17:[m[K [01;31m[Kerror: [m[Kinvalid use of â€˜[01m[Kthis[m[Kâ€™ in non-member function
   41 |     RCLCPP_INFO([01;31m[Kthis[m[K->get_logger(), "I heard x = %f, y = %f, z = %f", x, y, z);
      |                 [01;31m[K^~~~[m[K
[01m[K/home/youss/Documents/Projet/Autonomouscar/ros_ws/src/robot/src/robot_controller.cpp:41:17:[m[K [01;31m[Kerror: [m[Kinvalid use of â€˜[01m[Kthis[m[Kâ€™ in non-member function
[01m[K/home/youss/Documents/Projet/Autonomouscar/ros_ws/src/robot/src/robot_controller.cpp:41:5:[m[K [01;31m[Kerror: [m[Ktemplate argument 1 is invalid
   41 |     [01;31m[KRCLCPP_INFO[m[K(this->get_logger(), "I heard x = %f, y = %f, z = %f", x, y, z);
      |     [01;31m[K^~~~~~~~~~~[m[K
[01m[K/home/youss/Documents/Projet/Autonomouscar/ros_ws/src/robot/src/robot_controller.cpp:41:5:[m[K [01;31m[Kerror: [m[Ktemplate argument 1 is invalid
   41 |     [01;31m[KRCLCPP_INFO[m[K(this->get_logger(), "I heard x = %f, y = %f, z = %f", x, y, z);
      |     [01;31m[K^~~~~~~~~~~[m[K
[01m[K/home/youss/Documents/Projet/Autonomouscar/ros_ws/src/robot/src/robot_controller.cpp:41:5:[m[K [01;31m[Kerror: [m[Ktemplate argument 1 is invalid
   41 |     [01;31m[KRCLCPP_INFO[m[K(this->get_logger(), "I heard x = %f, y = %f, z = %f", x, y, z);
      |     [01;31m[K^~~~~~~~~~~[m[K
In file included from [01m[K/opt/ros/jazzy/include/rclcpp/rclcpp/logging.hpp:24[m[K:
[01m[K/home/youss/Documents/Projet/Autonomouscar/ros_ws/src/robot/src/robot_controller.cpp:41:17:[m[K [01;31m[Kerror: [m[Kinvalid use of â€˜[01m[Kthis[m[Kâ€™ in non-member function
   41 |     RCLCPP_INFO([01;31m[Kthis[m[K->get_logger(), "I heard x = %f, y = %f, z = %f", x, y, z);
      |                 [01;31m[K^~~~[m[K
[01m[K/home/youss/Documents/Projet/Autonomouscar/ros_ws/src/robot/src/robot_controller.cpp:41:17:[m[K [01;31m[Kerror: [m[Kinvalid use of â€˜[01m[Kthis[m[Kâ€™ in non-member function
   41 |     RCLCPP_INFO([01;31m[Kthis[m[K->get_logger(), "I heard x = %f, y = %f, z = %f", x, y, z);
      |                 [01;31m[K^~~~[m[K
[01m[K/home/youss/Documents/Projet/Autonomouscar/ros_ws/src/robot/src/robot_controller.cpp:42:5:[m[K [01;31m[Kerror: [m[Kâ€˜[01m[K_x[m[Kâ€™ was not declared in this scope; did you mean â€˜[01m[Kx[m[Kâ€™?
   42 |     [01;31m[K_x[m[K = x;
      |     [01;31m[K^~[m[K
      |     [32m[Kx[m[K
[01m[K/home/youss/Documents/Projet/Autonomouscar/ros_ws/src/robot/src/robot_controller.cpp:43:5:[m[K [01;31m[Kerror: [m[Kâ€˜[01m[K_y[m[Kâ€™ was not declared in this scope; did you mean â€˜[01m[Ky[m[Kâ€™?
   43 |     [01;31m[K_y[m[K = y;
      |     [01;31m[K^~[m[K
      |     [32m[Ky[m[K
[01m[K/home/youss/Documents/Projet/Autonomouscar/ros_ws/src/robot/src/robot_controller.cpp:44:5:[m[K [01;31m[Kerror: [m[Kâ€˜[01m[K_z[m[Kâ€™ was not declared in this scope; did you mean â€˜[01m[Kz[m[Kâ€™?
   44 |     [01;31m[K_z[m[K = z;
      |     [01;31m[K^~[m[K
      |     [32m[Kz[m[K
[ 88%] [32m[1mLinking CXX executable position_publisher[0m
/usr/bin/ld: /usr/lib/gcc/aarch64-linux-gnu/13/../../../aarch64-linux-gnu/Scrt1.o: in function `_start':
(.text+0x1c): undefined reference to `main'
/usr/bin/ld: (.text+0x20): undefined reference to `main'
collect2: error: ld returned 1 exit status
gmake[2]: *** [CMakeFiles/position_publisher.dir/build.make:179: position_publisher] Error 1
gmake[1]: *** [CMakeFiles/Makefile2:221: CMakeFiles/position_publisher.dir/all] Error 2
gmake[1]: *** Waiting for unfinished jobs....
gmake[2]: *** [CMakeFiles/robot_controller.dir/build.make:76: CMakeFiles/robot_controller.dir/src/robot_controller.cpp.o] Error 1
gmake[1]: *** [CMakeFiles/Makefile2:195: CMakeFiles/robot_controller.dir/all] Error 2
gmake: *** [Makefile:146: all] Error 2
