[0.060s] Invoking command in '/home/youss/Documents/Projet/Autonomouscar/ros_ws/build/robot': CMAKE_PREFIX_PATH=${CMAKE_PREFIX_PATH}:/opt/ros/jazzy DEBUGINFOD_URLS=https://debuginfod.ubuntu.com /usr/bin/cmake --build /home/youss/Documents/Projet/Autonomouscar/ros_ws/build/robot -- -j4 -l4
[0.415s] [ 22%] Built target listener
[0.429s] [ 55%] Built target encoders
[0.458s] [ 66%] [32mBuilding CXX object CMakeFiles/robot_controller.dir/src/robot_controller.cpp.o[0m
[0.469s] [ 77%] [32mBuilding CXX object CMakeFiles/position_publisher.dir/src/DWM1001_reader.cpp.o[0m
[15.799s] [01m[K/home/youss/Documents/Projet/Autonomouscar/ros_ws/src/robot/src/robot_controller.cpp:36:6:[m[K [01;31m[Kerror: [m[Kâ€˜[01m[KRobotController[m[Kâ€™ has not been declared
[15.800s]    36 | void [01;31m[KRobotController[m[K::position_callback(geometry_msgs::msg::Point::UniquePtr point_msg)
[15.809s]       |      [01;31m[K^~~~~~~~~~~~~~~[m[K
[15.842s] [01m[K/home/youss/Documents/Projet/Autonomouscar/ros_ws/src/robot/src/robot_controller.cpp:[m[K In function â€˜[01m[Kvoid[01;32m[K position_callback[m[K(geometry_msgs::msg::Point_<std::allocator<void> >::UniquePtr)[m[Kâ€™:
[15.844s] [01m[K/home/youss/Documents/Projet/Autonomouscar/ros_ws/src/robot/src/robot_controller.cpp:38:26:[m[K [01;31m[Kerror: [m[Kâ€˜[01m[Kusing geometry_msgs::msg::Point_<std::allocator<void> >::UniquePtr = geometry_msgs::msg::Point_<std::allocator<void> >::UniquePtrWithDeleter<std::default_delete<geometry_msgs::msg::Point_<std::allocator<void> > > >[m[Kâ€™ {aka â€˜[01m[Kclass std::unique_ptr<geometry_msgs::msg::Point_<std::allocator<void> >, std::default_delete<geometry_msgs::msg::Point_<std::allocator<void> > > >[m[Kâ€™} has no member named â€˜[01m[Kx[m[Kâ€™
[15.848s]    38 |     double x = point_msg.[01;31m[Kx[m[K;
[15.851s]       |                          [01;31m[K^[m[K
[15.854s] [01m[K/home/youss/Documents/Projet/Autonomouscar/ros_ws/src/robot/src/robot_controller.cpp:39:26:[m[K [01;31m[Kerror: [m[Kâ€˜[01m[Kusing geometry_msgs::msg::Point_<std::allocator<void> >::UniquePtr = geometry_msgs::msg::Point_<std::allocator<void> >::UniquePtrWithDeleter<std::default_delete<geometry_msgs::msg::Point_<std::allocator<void> > > >[m[Kâ€™ {aka â€˜[01m[Kclass std::unique_ptr<geometry_msgs::msg::Point_<std::allocator<void> >, std::default_delete<geometry_msgs::msg::Point_<std::allocator<void> > > >[m[Kâ€™} has no member named â€˜[01m[Ky[m[Kâ€™
[15.862s]    39 |     double y = point_msg.[01;31m[Ky[m[K;
[15.863s]       |                          [01;31m[K^[m[K
[15.864s] [01m[K/home/youss/Documents/Projet/Autonomouscar/ros_ws/src/robot/src/robot_controller.cpp:40:26:[m[K [01;31m[Kerror: [m[Kâ€˜[01m[Kusing geometry_msgs::msg::Point_<std::allocator<void> >::UniquePtr = geometry_msgs::msg::Point_<std::allocator<void> >::UniquePtrWithDeleter<std::default_delete<geometry_msgs::msg::Point_<std::allocator<void> > > >[m[Kâ€™ {aka â€˜[01m[Kclass std::unique_ptr<geometry_msgs::msg::Point_<std::allocator<void> >, std::default_delete<geometry_msgs::msg::Point_<std::allocator<void> > > >[m[Kâ€™} has no member named â€˜[01m[Kz[m[Kâ€™
[15.865s]    40 |     double z = point_msg.[01;31m[Kz[m[K;
[15.868s]       |                          [01;31m[K^[m[K
[15.871s] In file included from [01m[K/opt/ros/jazzy/include/rclcpp/rclcpp/copy_all_parameter_values.hpp:27[m[K,
[15.872s]                  from [01m[K/opt/ros/jazzy/include/rclcpp/rclcpp/rclcpp.hpp:171[m[K,
[15.874s]                  from [01m[K/home/youss/Documents/Projet/Autonomouscar/ros_ws/src/robot/include/robot/robot_controller.h:1[m[K,
[15.875s]                  from [01m[K/home/youss/Documents/Projet/Autonomouscar/ros_ws/src/robot/src/robot_controller.cpp:1[m[K:
[15.876s] [01m[K/home/youss/Documents/Projet/Autonomouscar/ros_ws/src/robot/src/robot_controller.cpp:41:17:[m[K [01;31m[Kerror: [m[Kinvalid use of â€˜[01m[Kthis[m[Kâ€™ in non-member function
[15.877s]    41 |     RCLCPP_INFO([01;31m[Kthis[m[K->get_logger(), "I heard x = %f, y = %f, z = %f", x, y, z);
[15.878s]       |                 [01;31m[K^~~~[m[K
[15.879s] [01m[K/home/youss/Documents/Projet/Autonomouscar/ros_ws/src/robot/src/robot_controller.cpp:41:17:[m[K [01;31m[Kerror: [m[Kinvalid use of â€˜[01m[Kthis[m[Kâ€™ in non-member function
[15.880s] [01m[K/home/youss/Documents/Projet/Autonomouscar/ros_ws/src/robot/src/robot_controller.cpp:41:5:[m[K [01;31m[Kerror: [m[Ktemplate argument 1 is invalid
[15.881s]    41 |     [01;31m[KRCLCPP_INFO[m[K(this->get_logger(), "I heard x = %f, y = %f, z = %f", x, y, z);
[15.882s]       |     [01;31m[K^~~~~~~~~~~[m[K
[15.884s] [01m[K/home/youss/Documents/Projet/Autonomouscar/ros_ws/src/robot/src/robot_controller.cpp:41:5:[m[K [01;31m[Kerror: [m[Ktemplate argument 1 is invalid
[15.885s]    41 |     [01;31m[KRCLCPP_INFO[m[K(this->get_logger(), "I heard x = %f, y = %f, z = %f", x, y, z);
[15.886s]       |     [01;31m[K^~~~~~~~~~~[m[K
[15.888s] [01m[K/home/youss/Documents/Projet/Autonomouscar/ros_ws/src/robot/src/robot_controller.cpp:41:5:[m[K [01;31m[Kerror: [m[Ktemplate argument 1 is invalid
[15.889s]    41 |     [01;31m[KRCLCPP_INFO[m[K(this->get_logger(), "I heard x = %f, y = %f, z = %f", x, y, z);
[15.891s]       |     [01;31m[K^~~~~~~~~~~[m[K
[15.892s] In file included from [01m[K/opt/ros/jazzy/include/rclcpp/rclcpp/logging.hpp:24[m[K:
[15.893s] [01m[K/home/youss/Documents/Projet/Autonomouscar/ros_ws/src/robot/src/robot_controller.cpp:41:17:[m[K [01;31m[Kerror: [m[Kinvalid use of â€˜[01m[Kthis[m[Kâ€™ in non-member function
[15.894s]    41 |     RCLCPP_INFO([01;31m[Kthis[m[K->get_logger(), "I heard x = %f, y = %f, z = %f", x, y, z);
[15.895s]       |                 [01;31m[K^~~~[m[K
[15.896s] [01m[K/home/youss/Documents/Projet/Autonomouscar/ros_ws/src/robot/src/robot_controller.cpp:41:17:[m[K [01;31m[Kerror: [m[Kinvalid use of â€˜[01m[Kthis[m[Kâ€™ in non-member function
[15.897s]    41 |     RCLCPP_INFO([01;31m[Kthis[m[K->get_logger(), "I heard x = %f, y = %f, z = %f", x, y, z);
[15.898s]       |                 [01;31m[K^~~~[m[K
[15.900s] [01m[K/home/youss/Documents/Projet/Autonomouscar/ros_ws/src/robot/src/robot_controller.cpp:42:5:[m[K [01;31m[Kerror: [m[Kâ€˜[01m[K_x[m[Kâ€™ was not declared in this scope; did you mean â€˜[01m[Kx[m[Kâ€™?
[15.901s]    42 |     [01;31m[K_x[m[K = x;
[15.902s]       |     [01;31m[K^~[m[K
[15.903s]       |     [32m[Kx[m[K
[15.904s] [01m[K/home/youss/Documents/Projet/Autonomouscar/ros_ws/src/robot/src/robot_controller.cpp:43:5:[m[K [01;31m[Kerror: [m[Kâ€˜[01m[K_y[m[Kâ€™ was not declared in this scope; did you mean â€˜[01m[Ky[m[Kâ€™?
[15.904s]    43 |     [01;31m[K_y[m[K = y;
[15.905s]       |     [01;31m[K^~[m[K
[15.907s]       |     [32m[Ky[m[K
[15.908s] [01m[K/home/youss/Documents/Projet/Autonomouscar/ros_ws/src/robot/src/robot_controller.cpp:44:5:[m[K [01;31m[Kerror: [m[Kâ€˜[01m[K_z[m[Kâ€™ was not declared in this scope; did you mean â€˜[01m[Kz[m[Kâ€™?
[15.909s]    44 |     [01;31m[K_z[m[K = z;
[15.909s]       |     [01;31m[K^~[m[K
[15.910s]       |     [32m[Kz[m[K
[30.216s] [ 88%] [32m[1mLinking CXX executable position_publisher[0m
[31.268s] /usr/bin/ld: /usr/lib/gcc/aarch64-linux-gnu/13/../../../aarch64-linux-gnu/Scrt1.o: in function `_start':
[31.270s] (.text+0x1c): undefined reference to `main'
[31.275s] /usr/bin/ld: (.text+0x20): undefined reference to `main'
[31.357s] collect2: error: ld returned 1 exit status
[31.362s] gmake[2]: *** [CMakeFiles/position_publisher.dir/build.make:179: position_publisher] Error 1
[31.363s] gmake[1]: *** [CMakeFiles/Makefile2:221: CMakeFiles/position_publisher.dir/all] Error 2
[31.364s] gmake[1]: *** Waiting for unfinished jobs....
[33.419s] gmake[2]: *** [CMakeFiles/robot_controller.dir/build.make:76: CMakeFiles/robot_controller.dir/src/robot_controller.cpp.o] Error 1
[33.420s] gmake[1]: *** [CMakeFiles/Makefile2:195: CMakeFiles/robot_controller.dir/all] Error 2
[33.421s] gmake: *** [Makefile:146: all] Error 2
[33.430s] Invoked command in '/home/youss/Documents/Projet/Autonomouscar/ros_ws/build/robot' returned '2': CMAKE_PREFIX_PATH=${CMAKE_PREFIX_PATH}:/opt/ros/jazzy DEBUGINFOD_URLS=https://debuginfod.ubuntu.com /usr/bin/cmake --build /home/youss/Documents/Projet/Autonomouscar/ros_ws/build/robot -- -j4 -l4
