[0.053s] Invoking command in '/home/youss/Documents/Projet/Autonomouscar/ros_ws/build/robot': CMAKE_PREFIX_PATH=${CMAKE_PREFIX_PATH}:/opt/ros/jazzy DEBUGINFOD_URLS=https://debuginfod.ubuntu.com /usr/bin/cmake --build /home/youss/Documents/Projet/Autonomouscar/ros_ws/build/robot -- -j4 -l4
[0.369s] [ 16%] [32mBuilding CXX object CMakeFiles/encoders.dir/src/encoders_publisher.cpp.o[0m
[11.412s] In file included from [01m[K/home/youss/Documents/Projet/Autonomouscar/ros_ws/src/robot/src/encoders_publisher.cpp:3[m[K:
[11.413s] [01m[K/home/youss/Documents/Projet/Autonomouscar/ros_ws/src/robot/include/robot/encoders_publisher.h:10:27:[m[K [01;31m[Kerror: [m[Kâ€˜[01m[Kstd_msgs[m[Kâ€™ was not declared in this scope
[11.413s]    10 |         rclcpp::Publisher<[01;31m[Kstd_msgs[m[K::msg::String>::SharedPtr _publisher;
[11.414s]       |                           [01;31m[K^~~~~~~~[m[K
[11.414s] [01m[K/home/youss/Documents/Projet/Autonomouscar/ros_ws/src/robot/include/robot/encoders_publisher.h:10:48:[m[K [01;31m[Kerror: [m[Ktemplate argument 1 is invalid
[11.415s]    10 | ::Publisher<std_msgs::msg::String[01;31m[K>[m[K::SharedPtr _publisher;
[11.415s]       |                                  [01;31m[K^[m[K
[11.415s] 
[11.416s] [01m[K/home/youss/Documents/Projet/Autonomouscar/ros_ws/src/robot/include/robot/encoders_publisher.h:10:51:[m[K [01;31m[Kerror: [m[Kexpected â€˜[01m[K;[m[Kâ€™ at end of member declaration
[11.416s]    10 | ublisher<std_msgs::msg::String>::[01;31m[KSharedPtr[m[K _publisher;
[11.416s]       |                                  [01;31m[K^~~~~~~~~[m[K
[11.417s]       |                                           [32m[K;[m[K
[11.420s] [01m[K/home/youss/Documents/Projet/Autonomouscar/ros_ws/src/robot/include/robot/encoders_publisher.h:10:61:[m[K [01;31m[Kerror: [m[Kâ€˜[01m[K_publisher[m[Kâ€™ does not name a type; did you mean â€˜[01m[Krmw_publisher_t[m[Kâ€™?
[11.420s]    10 | td_msgs::msg::String>::SharedPtr [01;31m[K_publisher[m[K;
[11.421s]       |                                  [01;31m[K^~~~~~~~~~[m[K
[11.422s]       |                                  [32m[Krmw_publisher_t[m[K
[11.422s] In file included from [01m[K/home/youss/Documents/Projet/Autonomouscar/ros_ws/src/robot/src/encoders_publisher.cpp:4[m[K:
[11.423s] [01m[K/home/youss/Documents/Projet/Autonomouscar/ros_ws/src/robot/include/robot/encoders.h:5:8:[m[K [01;31m[Kerror: [m[Kredefinition of â€˜[01m[Kstruct Encoders[m[Kâ€™
[11.424s]     5 | struct [01;31m[KEncoders[m[K
[11.424s]       |        [01;31m[K^~~~~~~~[m[K
[11.425s] In file included from [01m[K/home/youss/Documents/Projet/Autonomouscar/ros_ws/src/robot/include/robot/encoders_publisher.h:2[m[K:
[11.425s] [01m[K/home/youss/Documents/Projet/Autonomouscar/ros_ws/src/robot/include/robot/encoders.h:5:8:[m[K [01;36m[Knote: [m[Kprevious definition of â€˜[01m[Kstruct Encoders[m[Kâ€™
[11.426s]     5 | struct [01;36m[KEncoders[m[K
[11.426s]       |        [01;36m[K^~~~~~~~[m[K
[11.427s] [01m[K/home/youss/Documents/Projet/Autonomouscar/ros_ws/src/robot/src/encoders_publisher.cpp:[m[K In constructor â€˜[01m[KEncoders_publisher::[01;32m[KEncoders_publisher[m[K(Encoders&)[m[Kâ€™:
[11.427s] [01m[K/home/youss/Documents/Projet/Autonomouscar/ros_ws/src/robot/src/encoders_publisher.cpp:6:57:[m[K [01;31m[Kerror: [m[Kno matching function for call to â€˜[01m[Krclcpp::Node::Node()[m[Kâ€™
[11.428s]     6 | isher::Encoders_publisher(Encoders &encoder[01;31m[K)[m[K
[11.428s]       |                                            [01;31m[K^[m[K
[11.429s] 
[11.429s] In file included from [01m[K/opt/ros/jazzy/include/rclcpp/rclcpp/executors/single_threaded_executor.hpp:28[m[K,
[11.430s]                  from [01m[K/opt/ros/jazzy/include/rclcpp/rclcpp/executors.hpp:22[m[K,
[11.430s]                  from [01m[K/opt/ros/jazzy/include/rclcpp/rclcpp/rclcpp.hpp:172[m[K,
[11.431s]                  from [01m[K/home/youss/Documents/Projet/Autonomouscar/ros_ws/src/robot/src/encoders_publisher.cpp:1[m[K:
[11.431s] [01m[K/opt/ros/jazzy/include/rclcpp/rclcpp/node.hpp:1629:3:[m[K [01;36m[Knote: [m[Kcandidate: â€˜[01m[Krclcpp::Node::[01;32m[KNode[m[K(const rclcpp::Node&, const std::string&)[m[Kâ€™
[11.432s]  1629 |   [01;36m[KNode[m[K(
[11.432s]       |   [01;36m[K^~~~[m[K
[11.433s] [01m[K/opt/ros/jazzy/include/rclcpp/rclcpp/node.hpp:1629:3:[m[K [01;36m[Knote: [m[K  candidate expects 2 arguments, 0 provided
[11.433s] [01m[K/opt/ros/jazzy/include/rclcpp/rclcpp/node.hpp:103:12:[m[K [01;36m[Knote: [m[Kcandidate: â€˜[01m[Krclcpp::Node::[01;32m[KNode[m[K(const std::string&, const std::string&, const rclcpp::NodeOptions&)[m[Kâ€™
[11.434s]   103 |   explicit [01;36m[KNode[m[K(
[11.434s]       |            [01;36m[K^~~~[m[K
[11.435s] [01m[K/opt/ros/jazzy/include/rclcpp/rclcpp/node.hpp:103:12:[m[K [01;36m[Knote: [m[K  candidate expects 3 arguments, 0 provided
[11.435s] [01m[K/opt/ros/jazzy/include/rclcpp/rclcpp/node.hpp:91:12:[m[K [01;36m[Knote: [m[Kcandidate: â€˜[01m[Krclcpp::Node::[01;32m[KNode[m[K(const std::string&, const rclcpp::NodeOptions&)[m[Kâ€™
[11.435s]    91 |   explicit [01;36m[KNode[m[K(
[11.436s]       |            [01;36m[K^~~~[m[K
[11.436s] [01m[K/opt/ros/jazzy/include/rclcpp/rclcpp/node.hpp:91:12:[m[K [01;36m[Knote: [m[K  candidate expects 2 arguments, 0 provided
[11.460s] [01m[K/home/youss/Documents/Projet/Autonomouscar/ros_ws/src/robot/src/encoders_publisher.cpp:8:5:[m[K [01;31m[Kerror: [m[Kâ€˜[01m[K_publisher[m[Kâ€™ was not declared in this scope; did you mean â€˜[01m[Krmw_publisher_t[m[Kâ€™?
[11.460s]     8 |     [01;31m[K_publisher[m[K = this->create_publisher<std_msgs::msg::String>("encoders_topic", 10);
[11.461s]       |     [01;31m[K^~~~~~~~~~[m[K
[11.461s]       |     [32m[Krmw_publisher_t[m[K
[11.485s] [01m[K/home/youss/Documents/Projet/Autonomouscar/ros_ws/src/robot/src/encoders_publisher.cpp:8:41:[m[K [01;31m[Kerror: [m[Kâ€˜[01m[Kstd_msgs[m[Kâ€™ was not declared in this scope
[11.486s]     8 | blisher = this->create_publisher<[01;31m[Kstd_msgs[m[K::msg::String>("encoders_topic", 10);
[11.487s]       |                                  [01;31m[K^~~~~~~~[m[K
[11.487s] 
[11.487s] [01m[K/home/youss/Documents/Projet/Autonomouscar/ros_ws/src/robot/src/encoders_publisher.cpp:8:24:[m[K [01;31m[Kerror: [m[Kparse error in template argument list
[11.488s]     8 |     _publisher = this->[01;31m[Kcreate_publisher<std_msgs::msg::String>[m[K("encoders_topic", 10);
[11.488s]       |                        [01;31m[K^~~~~~~~~~~~~~~~~~~~~~~~~~~~~~~~~~~~~~~[m[K
[11.489s] [01m[K/home/youss/Documents/Projet/Autonomouscar/ros_ws/src/robot/src/encoders_publisher.cpp:8:63:[m[K [01;31m[Kerror: [m[Kno matching function for call to â€˜[01m[KEncoders_publisher::create_publisher<<expression error> >(const char [15], int)[m[Kâ€™
[11.489s]     8 | [01;31m[K_publisher<std_msgs::msg::String>("encoders_topic", 10)[m[K;
[11.490s]       | [01;31m[K~~~~~~~~~~~~~~~~~~~~~~~~~~~~~~~~~^~~~~~~~~~~~~~~~~~~~~~[m[K
[11.490s] 
[11.490s] [01m[K/opt/ros/jazzy/include/rclcpp/rclcpp/node.hpp:197:3:[m[K [01;36m[Knote: [m[Kcandidate: â€˜[01m[Ktemplate<class MessageT, class AllocatorT, class PublisherT> std::shared_ptr<PublisherT> rclcpp::Node::[01;32m[Kcreate_publisher[m[K(const std::string&, const rclcpp::QoS&, const rclcpp::PublisherOptionsWithAllocator<AllocatorT>&)[m[Kâ€™
[11.491s]   197 |   [01;36m[Kcreate_publisher[m[K(
[11.491s]       |   [01;36m[K^~~~~~~~~~~~~~~~[m[K
[11.492s] [01m[K/opt/ros/jazzy/include/rclcpp/rclcpp/node.hpp:197:3:[m[K [01;36m[Knote: [m[K  template argument deduction/substitution failed:
[11.492s] [01m[K/home/youss/Documents/Projet/Autonomouscar/ros_ws/src/robot/src/encoders_publisher.cpp:8:63:[m[K [01;31m[Kerror: [m[Ktemplate argument 1 is invalid
[11.492s]     8 | [01;31m[K_publisher<std_msgs::msg::String>("encoders_topic", 10)[m[K;
[11.493s]       | [01;31m[K~~~~~~~~~~~~~~~~~~~~~~~~~~~~~~~~~^~~~~~~~~~~~~~~~~~~~~~[m[K
[11.493s] 
[11.494s] [01m[K/home/youss/Documents/Projet/Autonomouscar/ros_ws/src/robot/src/encoders_publisher.cpp:9:17:[m[K [01;31m[Kerror: [m[Kuse of deleted function â€˜[01m[KEncoders& Encoders::[01;32m[Koperator=[m[K(const Encoders&)[m[Kâ€™
[11.494s]     9 |     *_encoder = [01;31m[Kencoder[m[K;
[11.495s]       |                 [01;31m[K^~~~~~~[m[K
[11.495s] [01m[K/home/youss/Documents/Projet/Autonomouscar/ros_ws/src/robot/include/robot/encoders.h:5:8:[m[K [01;36m[Knote: [m[Kâ€˜[01m[KEncoders& Encoders::[01;32m[Koperator=[m[K(const Encoders&)[m[Kâ€™ is implicitly deleted because the default definition would be ill-formed:
[11.495s]     5 | struct [01;36m[KEncoders[m[K
[11.496s]       |        [01;36m[K^~~~~~~~[m[K
[11.496s] [01m[K/home/youss/Documents/Projet/Autonomouscar/ros_ws/src/robot/include/robot/encoders.h:5:8:[m[K [01;31m[Kerror: [m[Knon-static const member â€˜[01m[Kconst unsigned int Encoders::_PPR[m[Kâ€™, cannot use default assignment operator
[11.497s] [01m[K/home/youss/Documents/Projet/Autonomouscar/ros_ws/src/robot/include/robot/encoders.h:5:8:[m[K [01;31m[Kerror: [m[Knon-static const member â€˜[01m[Kconst double Encoders::_gear_ratio[m[Kâ€™, cannot use default assignment operator
[11.497s] [01m[K/home/youss/Documents/Projet/Autonomouscar/ros_ws/src/robot/include/robot/encoders.h:5:8:[m[K [01;31m[Kerror: [m[Kuse of deleted function â€˜[01m[Kstd::thread& std::thread::[01;32m[Koperator=[m[K(const std::thread&)[m[Kâ€™
[11.497s] In file included from [01m[K/usr/include/c++/13/future:51[m[K,
[11.498s]                  from [01m[K/opt/ros/jazzy/include/rclcpp/rclcpp/executors.hpp:18[m[K:
[11.498s] [01m[K/usr/include/c++/13/bits/std_thread.h:181:13:[m[K [01;36m[Knote: [m[Kdeclared here
[11.498s]   181 |     thread& [01;36m[Koperator[m[K=(const thread&) = delete;
[11.499s]       |             [01;36m[K^~~~~~~~[m[K
[14.375s] gmake[2]: *** [CMakeFiles/encoders.dir/build.make:132: CMakeFiles/encoders.dir/src/encoders_publisher.cpp.o] Error 1
[14.375s] gmake[1]: *** [CMakeFiles/Makefile2:137: CMakeFiles/encoders.dir/all] Error 2
[14.376s] gmake: *** [Makefile:146: all] Error 2
[14.384s] Invoked command in '/home/youss/Documents/Projet/Autonomouscar/ros_ws/build/robot' returned '2': CMAKE_PREFIX_PATH=${CMAKE_PREFIX_PATH}:/opt/ros/jazzy DEBUGINFOD_URLS=https://debuginfod.ubuntu.com /usr/bin/cmake --build /home/youss/Documents/Projet/Autonomouscar/ros_ws/build/robot -- -j4 -l4
