[0.061s] Invoking command in '/home/youss/Documents/Projet/Autonomouscar/ros_ws/build/robot': CMAKE_PREFIX_PATH=${CMAKE_PREFIX_PATH}:/opt/ros/jazzy DEBUGINFOD_URLS=https://debuginfod.ubuntu.com /usr/bin/cmake --build /home/youss/Documents/Projet/Autonomouscar/ros_ws/build/robot -- -j4 -l4
[0.405s] [ 28%] Built target listener
[0.409s] [ 71%] Built target encoders
[0.438s] [ 85%] [32mBuilding CXX object CMakeFiles/robot_controller.dir/src/robot_controller.cpp.o[0m
[13.256s] In file included from [01m[K/home/youss/Documents/Projet/Autonomouscar/ros_ws/src/robot/src/robot_controller.cpp:1[m[K:
[13.256s] [01m[K/home/youss/Documents/Projet/Autonomouscar/ros_ws/src/robot/include/robot/robot_controller.h:15:30:[m[K [01;31m[Kerror: [m[Kâ€˜[01m[Kstd_msgs[m[Kâ€™ was not declared in this scope
[13.257s]    15 |         rclcpp::Subscription<[01;31m[Kstd_msgs[m[K::msg::Float32>::SharedPtr _encoders_subscription;
[13.257s]       |                              [01;31m[K^~~~~~~~[m[K
[13.258s] [01m[K/home/youss/Documents/Projet/Autonomouscar/ros_ws/src/robot/include/robot/robot_controller.h:15:52:[m[K [01;31m[Kerror: [m[Ktemplate argument 1 is invalid
[13.259s]    15 |         rclcpp::Subscription<std_msgs::msg::Float32[01;31m[K>[m[K::SharedPtr _encoders_subscription;
[13.259s]       |                                                    [01;31m[K^[m[K
[13.259s] [01m[K/home/youss/Documents/Projet/Autonomouscar/ros_ws/src/robot/include/robot/robot_controller.h:15:52:[m[K [01;31m[Kerror: [m[Ktemplate argument 3 is invalid
[13.260s] [01m[K/home/youss/Documents/Projet/Autonomouscar/ros_ws/src/robot/include/robot/robot_controller.h:15:52:[m[K [01;31m[Kerror: [m[Ktemplate argument 4 is invalid
[13.260s] [01m[K/home/youss/Documents/Projet/Autonomouscar/ros_ws/src/robot/include/robot/robot_controller.h:15:52:[m[K [01;31m[Kerror: [m[Ktemplate argument 5 is invalid
[13.261s] [01m[K/home/youss/Documents/Projet/Autonomouscar/ros_ws/src/robot/include/robot/robot_controller.h:15:55:[m[K [01;31m[Kerror: [m[Kexpected â€˜[01m[K;[m[Kâ€™ at end of member declaration
[13.261s]    15 |         rclcpp::Subscription<std_msgs::msg::Float32>::[01;31m[KSharedPtr[m[K _encoders_subscription;
[13.262s]       |                                                       [01;31m[K^~~~~~~~~[m[K
[13.262s]       |                                                                [32m[K;[m[K
[13.273s] [01m[K/home/youss/Documents/Projet/Autonomouscar/ros_ws/src/robot/include/robot/robot_controller.h:15:65:[m[K [01;31m[Kerror: [m[Kâ€˜[01m[K_encoders_subscription[m[Kâ€™ does not name a type
[13.274s]    15 |         rclcpp::Subscription<std_msgs::msg::Float32>::SharedPtr [01;31m[K_encoders_subscription[m[K;
[13.275s]       |                                                                 [01;31m[K^~~~~~~~~~~~~~~~~~~~~~[m[K
[13.276s] [01m[K/home/youss/Documents/Projet/Autonomouscar/ros_ws/src/robot/include/robot/robot_controller.h:17:32:[m[K [01;31m[Kerror: [m[Kâ€˜[01m[Kstd_msgs[m[Kâ€™ has not been declared
[13.276s]    17 |         void encoders_callback([01;31m[Kstd_msgs[m[K::msg::Float32::UniquePtr msg);
[13.277s]       |                                [01;31m[K^~~~~~~~[m[K
[13.277s] [01m[K/home/youss/Documents/Projet/Autonomouscar/ros_ws/src/robot/include/robot/robot_controller.h:17:66:[m[K [01;31m[Kerror: [m[Kexpected â€˜[01m[K,[m[Kâ€™ or â€˜[01m[K...[m[Kâ€™ before â€˜[01m[Kmsg[m[Kâ€™
[13.278s]    17 |         void encoders_callback(std_msgs::msg::Float32::UniquePtr [01;31m[Kmsg[m[K);
[13.278s]       |                                                                  [01;31m[K^~~[m[K
[13.381s] [01m[K/home/youss/Documents/Projet/Autonomouscar/ros_ws/src/robot/src/robot_controller.cpp:[m[K In constructor â€˜[01m[KRobot_controller::[01;32m[KRobot_controller[m[K(const std::string&)[m[Kâ€™:
[13.383s] [01m[K/home/youss/Documents/Projet/Autonomouscar/ros_ws/src/robot/src/robot_controller.cpp:9:2:[m[K [01;31m[Kerror: [m[Kâ€˜[01m[K_encoders_subscription[m[Kâ€™ was not declared in this scope; did you mean â€˜[01m[Kcreate_subscription[m[Kâ€™?
[13.383s]     9 |  [01;31m[K_encoders_subscription[m[K = this->create_subscription<std_msgs::msg::Float32>(
[13.384s]       |  [01;31m[K^~~~~~~~~~~~~~~~~~~~~~[m[K
[13.384s]       |  [32m[Kcreate_subscription[m[K
[13.385s] [01m[K/home/youss/Documents/Projet/Autonomouscar/ros_ws/src/robot/src/robot_controller.cpp:12:13:[m[K [01;31m[Kerror: [m[Kinvalid use of non-static member function â€˜[01m[Kvoid Robot_controller::[01;32m[Kencoders_callback[m[K(int)[m[Kâ€™
[13.385s]    12 |             [01;31m[Kencoders_callback[m[K
[13.385s]       |             [01;31m[K^~~~~~~~~~~~~~~~~[m[K
[13.386s] [01m[K/home/youss/Documents/Projet/Autonomouscar/ros_ws/src/robot/include/robot/robot_controller.h:17:14:[m[K [01;36m[Knote: [m[Kdeclared here
[13.387s]    17 |         void [01;36m[Kencoders_callback[m[K(std_msgs::msg::Float32::UniquePtr msg);
[13.387s]       |              [01;36m[K^~~~~~~~~~~~~~~~~[m[K
[13.388s] [01m[K/home/youss/Documents/Projet/Autonomouscar/ros_ws/src/robot/src/robot_controller.cpp:[m[K At global scope:
[13.388s] [01m[K/home/youss/Documents/Projet/Autonomouscar/ros_ws/src/robot/src/robot_controller.cpp:17:6:[m[K [01;31m[Kerror: [m[Kno declaration matches â€˜[01m[Kvoid Robot_controller::[01;32m[Kencoders_callback[m[K(std_msgs::msg::Float32_<std::allocator<void> >::UniquePtr)[m[Kâ€™
[13.389s]    17 | void [01;31m[KRobot_controller[m[K::encoders_callback(std_msgs::msg::Float32::UniquePtr msg)
[13.389s]       |      [01;31m[K^~~~~~~~~~~~~~~~[m[K
[13.389s] [01m[K/home/youss/Documents/Projet/Autonomouscar/ros_ws/src/robot/include/robot/robot_controller.h:17:14:[m[K [01;36m[Knote: [m[Kcandidate is: â€˜[01m[Kvoid Robot_controller::[01;32m[Kencoders_callback[m[K(int)[m[Kâ€™
[13.390s]    17 |         void [01;36m[Kencoders_callback[m[K(std_msgs::msg::Float32::UniquePtr msg);
[13.390s]       |              [01;36m[K^~~~~~~~~~~~~~~~~[m[K
[13.390s] [01m[K/home/youss/Documents/Projet/Autonomouscar/ros_ws/src/robot/include/robot/robot_controller.h:11:8:[m[K [01;36m[Knote: [m[Kâ€˜[01m[Kstruct Robot_controller[m[Kâ€™ defined here
[13.392s]    11 | struct [01;36m[KRobot_controller[m[K : public rclcpp::Node{
[13.393s]       |        [01;36m[K^~~~~~~~~~~~~~~~[m[K
[16.885s] gmake[2]: *** [CMakeFiles/robot_controller.dir/build.make:76: CMakeFiles/robot_controller.dir/src/robot_controller.cpp.o] Error 1
[16.886s] gmake[1]: *** [CMakeFiles/Makefile2:193: CMakeFiles/robot_controller.dir/all] Error 2
[16.888s] gmake: *** [Makefile:146: all] Error 2
[16.897s] Invoked command in '/home/youss/Documents/Projet/Autonomouscar/ros_ws/build/robot' returned '2': CMAKE_PREFIX_PATH=${CMAKE_PREFIX_PATH}:/opt/ros/jazzy DEBUGINFOD_URLS=https://debuginfod.ubuntu.com /usr/bin/cmake --build /home/youss/Documents/Projet/Autonomouscar/ros_ws/build/robot -- -j4 -l4
