[01m[K/home/youss/Documents/Projet/Autonomouscar/ros_ws/src/robot/src/encoders.cpp:154:6:[m[K [01;31m[Kerror: [m[Kno declaration matches â€˜[01m[Kvoid Encoders::[01;32m[Ktimer_start[m[K(std::function<void()>, const unsigned int&)[m[Kâ€™
  154 | void [01;31m[KEncoders[m[K::timer_start(std::function<void(void)> func,
      |      [01;31m[K^~~~~~~~[m[K
In file included from [01m[K/home/youss/Documents/Projet/Autonomouscar/ros_ws/src/robot/src/encoders.cpp:22[m[K:
[01m[K/home/youss/Documents/Projet/Autonomouscar/ros_ws/src/robot/include/robot/encoders.h:71:14:[m[K [01;36m[Knote: [m[Kcandidate is: â€˜[01m[Kvoid Encoders::[01;32m[Ktimer_start[m[K(std::function<void()>, unsigned int)[m[Kâ€™
   71 |         void [01;36m[Ktimer_start[m[K(std::function<void(void)> func,
      |              [01;36m[K^~~~~~~~~~~[m[K
[01m[K/home/youss/Documents/Projet/Autonomouscar/ros_ws/src/robot/include/robot/encoders.h:4:8:[m[K [01;36m[Knote: [m[Kâ€˜[01m[Kstruct Encoders[m[Kâ€™ defined here
    4 | struct [01;36m[KEncoders[m[K
      |        [01;36m[K^~~~~~~~[m[K
gmake[2]: *** [CMakeFiles/encoders.dir/build.make:90: CMakeFiles/encoders.dir/src/encoders.cpp.o] Error 1
gmake[1]: *** [CMakeFiles/Makefile2:137: CMakeFiles/encoders.dir/all] Error 2
gmake: *** [Makefile:146: all] Error 2
