[0.049s] Invoking command in '/home/youss/Documents/Projet/Autonomouscar/ros_ws/build/robot': CMAKE_PREFIX_PATH=${CMAKE_PREFIX_PATH}:/opt/ros/jazzy DEBUGINFOD_URLS=https://debuginfod.ubuntu.com /usr/bin/cmake --build /home/youss/Documents/Projet/Autonomouscar/ros_ws/build/robot -- -j4 -l4
[0.346s] [ 15%] Built target listener
[0.347s] [ 30%] Built target robot_controller
[0.349s] [ 46%] Built target position_publisher
[0.396s] [ 53%] [32mBuilding CXX object CMakeFiles/encoders.dir/src/motor.cpp.o[0m
[0.479s] [ 69%] Built target motor_subscriber
[11.411s] [01m[K/home/youss/Documents/Projet/Autonomouscar/ros_ws/src/robot/src/motor.cpp:[m[K In constructor â€˜[01m[KMotor::[01;32m[KMotor[m[K(const unsigned int&, const unsigned int&, const unsigned int&)[m[Kâ€™:
[11.412s] [01m[K/home/youss/Documents/Projet/Autonomouscar/ros_ws/src/robot/src/motor.cpp:18:27:[m[K [01;31m[Kerror: [m[Kno matching function for call to â€˜[01m[Krclcpp::Node::Node()[m[Kâ€™
[11.412s]    18 |     _duty_cycle(duty_cycle[01;31m[K)[m[K
[11.413s]       |                           [01;31m[K^[m[K
[11.413s] In file included from [01m[K/opt/ros/jazzy/include/rclcpp/rclcpp/executors/single_threaded_executor.hpp:28[m[K,
[11.414s]                  from [01m[K/opt/ros/jazzy/include/rclcpp/rclcpp/executors.hpp:22[m[K,
[11.414s]                  from [01m[K/opt/ros/jazzy/include/rclcpp/rclcpp/rclcpp.hpp:172[m[K,
[11.414s]                  from [01m[K/home/youss/Documents/Projet/Autonomouscar/ros_ws/src/robot/include/robot/motor.h:1[m[K,
[11.415s]                  from [01m[K/home/youss/Documents/Projet/Autonomouscar/ros_ws/src/robot/src/motor.cpp:3[m[K:
[11.416s] [01m[K/opt/ros/jazzy/include/rclcpp/rclcpp/node.hpp:1629:3:[m[K [01;36m[Knote: [m[Kcandidate: â€˜[01m[Krclcpp::Node::[01;32m[KNode[m[K(const rclcpp::Node&, const std::string&)[m[Kâ€™
[11.416s]  1629 |   [01;36m[KNode[m[K(
[11.416s]       |   [01;36m[K^~~~[m[K
[11.417s] [01m[K/opt/ros/jazzy/include/rclcpp/rclcpp/node.hpp:1629:3:[m[K [01;36m[Knote: [m[K  candidate expects 2 arguments, 0 provided
[11.417s] [01m[K/opt/ros/jazzy/include/rclcpp/rclcpp/node.hpp:103:12:[m[K [01;36m[Knote: [m[Kcandidate: â€˜[01m[Krclcpp::Node::[01;32m[KNode[m[K(const std::string&, const std::string&, const rclcpp::NodeOptions&)[m[Kâ€™
[11.418s]   103 |   explicit [01;36m[KNode[m[K(
[11.418s]       |            [01;36m[K^~~~[m[K
[11.419s] [01m[K/opt/ros/jazzy/include/rclcpp/rclcpp/node.hpp:103:12:[m[K [01;36m[Knote: [m[K  candidate expects 3 arguments, 0 provided
[11.419s] [01m[K/opt/ros/jazzy/include/rclcpp/rclcpp/node.hpp:91:12:[m[K [01;36m[Knote: [m[Kcandidate: â€˜[01m[Krclcpp::Node::[01;32m[KNode[m[K(const std::string&, const rclcpp::NodeOptions&)[m[Kâ€™
[11.420s]    91 |   explicit [01;36m[KNode[m[K(
[11.420s]       |            [01;36m[K^~~~[m[K
[11.420s] [01m[K/opt/ros/jazzy/include/rclcpp/rclcpp/node.hpp:91:12:[m[K [01;36m[Knote: [m[K  candidate expects 2 arguments, 0 provided
[11.421s] [01m[K/home/youss/Documents/Projet/Autonomouscar/ros_ws/src/robot/src/motor.cpp:[m[K At global scope:
[11.422s] [01m[K/home/youss/Documents/Projet/Autonomouscar/ros_ws/src/robot/src/motor.cpp:36:55:[m[K [01;31m[Kerror: [m[Kcannot declare member function â€˜[01m[Kstatic bool Motor::[01;32m[Kinit_pwm[m[K(const unsigned int&, const unsigned int&)[m[Kâ€™ to have static linkage [[01;31m[K]8;;https://gcc.gnu.org/onlinedocs/gcc/Warning-Options.html#index-fpermissive-fpermissive]8;;[m[K]
[11.422s]    36 |                         const unsigned int &duty_cycle[01;31m[K)[m[K
[11.422s]       |                                                       [01;31m[K^[m[K
[11.423s] [01m[K/home/youss/Documents/Projet/Autonomouscar/ros_ws/src/robot/src/motor.cpp:[m[K In static member function â€˜[01m[Kstatic bool Motor::[01;32m[Kinit_pwm[m[K(const unsigned int&, const unsigned int&)[m[Kâ€™:
[11.424s] [01m[K/home/youss/Documents/Projet/Autonomouscar/ros_ws/src/robot/src/motor.cpp:42:20:[m[K [01;35m[Kwarning: [m[Kcomparison of unsigned expression in â€˜[01m[K< 0[m[Kâ€™ is always false [[01;35m[K]8;;https://gcc.gnu.org/onlinedocs/gcc/Warning-Options.html#index-Wtype-limits-Wtype-limits]8;;[m[K]
[11.424s]    42 |     if (duty_cycle < MIN_DUTY_CYCLE)
[11.441s] [01m[K/home/youss/Documents/Projet/Autonomouscar/ros_ws/src/robot/src/motor.cpp:51:19:[m[K [01;31m[Kerror: [m[Kâ€˜[01m[KgpioPWM[m[Kâ€™ was not declared in this scope; did you mean â€˜[01m[Kgpio[m[Kâ€™?
[11.441s]    51 |     gpio_result = [01;31m[KgpioPWM[m[K(gpio, duty_cycle);
[11.442s]       |                   [01;31m[K^~~~~~~[m[K
[11.442s]       |                   [32m[Kgpio[m[K
[11.445s] [01m[K/home/youss/Documents/Projet/Autonomouscar/ros_ws/src/robot/src/motor.cpp:[m[K At global scope:
[11.446s] [01m[K/home/youss/Documents/Projet/Autonomouscar/ros_ws/src/robot/src/motor.cpp:65:69:[m[K [01;31m[Kerror: [m[Kcannot declare member function â€˜[01m[Kstatic bool Motor::[01;32m[Kconfigure_gpio_as_output[m[K(const unsigned int&)[m[Kâ€™ to have static linkage [[01;31m[K]8;;https://gcc.gnu.org/onlinedocs/gcc/Warning-Options.html#index-fpermissive-fpermissive]8;;[m[K]
[11.446s]    65 | static bool Motor::configure_gpio_as_output(const unsigned int &gpio[01;31m[K)[m[K
[11.447s]       |                                                                     [01;31m[K^[m[K
[11.472s] [01m[K/home/youss/Documents/Projet/Autonomouscar/ros_ws/src/robot/src/motor.cpp:[m[K In static member function â€˜[01m[Kstatic bool Motor::[01;32m[Kconfigure_gpio_as_output[m[K(const unsigned int&)[m[Kâ€™:
[11.473s] [01m[K/home/youss/Documents/Projet/Autonomouscar/ros_ws/src/robot/src/motor.cpp:69:41:[m[K [01;31m[Kerror: [m[Kâ€˜[01m[KPI_OUTPUT[m[Kâ€™ was not declared in this scope
[11.473s]    69 |     int gpio_result = gpioSetMode(gpio, [01;31m[KPI_OUTPUT[m[K);
[11.474s]       |                                         [01;31m[K^~~~~~~~~[m[K
[11.501s] [01m[K/home/youss/Documents/Projet/Autonomouscar/ros_ws/src/robot/src/motor.cpp:69:23:[m[K [01;31m[Kerror: [m[Kâ€˜[01m[KgpioSetMode[m[Kâ€™ was not declared in this scope
[11.501s]    69 |     int gpio_result = [01;31m[KgpioSetMode[m[K(gpio, PI_OUTPUT);
[11.502s]       |                       [01;31m[K^~~~~~~~~~~[m[K
[11.529s] [01m[K/home/youss/Documents/Projet/Autonomouscar/ros_ws/src/robot/src/motor.cpp:75:18:[m[K [01;31m[Kerror: [m[Kâ€˜[01m[KPI_BAD_GPIO[m[Kâ€™ was not declared in this scope
[11.530s]    75 |             case [01;31m[KPI_BAD_GPIO[m[K:
[11.530s]       |                  [01;31m[K^~~~~~~~~~~[m[K
[11.560s] [01m[K/home/youss/Documents/Projet/Autonomouscar/ros_ws/src/robot/src/motor.cpp:78:18:[m[K [01;31m[Kerror: [m[Kâ€˜[01m[KPI_BAD_MODE[m[Kâ€™ was not declared in this scope
[11.561s]    78 |             case [01;31m[KPI_BAD_MODE[m[K:
[11.561s]       |                  [01;31m[K^~~~~~~~~~~[m[K
[11.565s] [01m[K/home/youss/Documents/Projet/Autonomouscar/ros_ws/src/robot/src/motor.cpp:[m[K In member function â€˜[01m[Kvoid Motor::[01;32m[Kset_duty_cycle[m[K(const unsigned int&)[m[Kâ€™:
[11.566s] [01m[K/home/youss/Documents/Projet/Autonomouscar/ros_ws/src/robot/src/motor.cpp:100:25:[m[K [01;35m[Kwarning: [m[Kcomparison of unsigned expression in â€˜[01m[K< 0[m[Kâ€™ is always false [[01;35m[K]8;;https://gcc.gnu.org/onlinedocs/gcc/Warning-Options.html#index-Wtype-limits-Wtype-limits]8;;[m[K]
[11.566s]   100 |     else if (duty_cycle < MIN_DUTY_CYCLE)
[14.483s] gmake[2]: *** [CMakeFiles/encoders.dir/build.make:90: CMakeFiles/encoders.dir/src/motor.cpp.o] Error 1
[14.484s] gmake[1]: *** [CMakeFiles/Makefile2:145: CMakeFiles/encoders.dir/all] Error 2
[14.484s] gmake: *** [Makefile:146: all] Error 2
[14.493s] Invoked command in '/home/youss/Documents/Projet/Autonomouscar/ros_ws/build/robot' returned '2': CMAKE_PREFIX_PATH=${CMAKE_PREFIX_PATH}:/opt/ros/jazzy DEBUGINFOD_URLS=https://debuginfod.ubuntu.com /usr/bin/cmake --build /home/youss/Documents/Projet/Autonomouscar/ros_ws/build/robot -- -j4 -l4
