[0.050s] Invoking command in '/home/youss/Documents/Projet/Autonomouscar/ros_ws/build/robot': CMAKE_PREFIX_PATH=${CMAKE_PREFIX_PATH}:/opt/ros/jazzy DEBUGINFOD_URLS=https://debuginfod.ubuntu.com /usr/bin/cmake --build /home/youss/Documents/Projet/Autonomouscar/ros_ws/build/robot -- -j4 -l4
[0.304s] [ 50%] [32mBuilding CXX object CMakeFiles/encoders.dir/src/encoders.cpp.o[0m
[2.375s] [01m[K/home/youss/Documents/Projet/Autonomouscar/ros_ws/src/robot/src/encoders.cpp:[m[K In member function â€˜[01m[Kbool Encoders::[01;32m[Kconfigure_pins[m[K()[m[Kâ€™:
[2.376s] [01m[K/home/youss/Documents/Projet/Autonomouscar/ros_ws/src/robot/src/encoders.cpp:47:33:[m[K [01;31m[Kerror: [m[Kâ€˜[01m[K_M1A_GPIO[m[Kâ€™ was not declared in this scope; did you mean â€˜[01m[K_MIA_GPIO[m[Kâ€™?
[2.376s]    47 |     if(!configure_pin_as_output([01;31m[K_M1A_GPIO[m[K))
[2.377s]       |                                 [01;31m[K^~~~~~~~~[m[K
[2.377s]       |                                 [32m[K_MIA_GPIO[m[K
[2.388s] [01m[K/home/youss/Documents/Projet/Autonomouscar/ros_ws/src/robot/src/encoders.cpp:53:33:[m[K [01;31m[Kerror: [m[Kâ€˜[01m[K_M1B_GPIO[m[Kâ€™ was not declared in this scope; did you mean â€˜[01m[K_MIB_GPIO[m[Kâ€™?
[2.389s]    53 |     if(!configure_pin_as_output([01;31m[K_M1B_GPIO[m[K))
[2.389s]       |                                 [01;31m[K^~~~~~~~~[m[K
[2.390s]       |                                 [32m[K_MIB_GPIO[m[K
[2.390s] [01m[K/home/youss/Documents/Projet/Autonomouscar/ros_ws/src/robot/src/encoders.cpp:[m[K At global scope:
[2.391s] [01m[K/home/youss/Documents/Projet/Autonomouscar/ros_ws/src/robot/src/encoders.cpp:63:6:[m[K [01;31m[Kerror: [m[Kno declaration matches â€˜[01m[Kvoid Encoders::[01;32m[KsignalHandler[m[K(int)[m[Kâ€™
[2.391s]    63 | void [01;31m[KEncoders[m[K::signalHandler(int signal)
[2.392s]       |      [01;31m[K^~~~~~~~[m[K
[2.392s] [01m[K/home/youss/Documents/Projet/Autonomouscar/ros_ws/src/robot/src/encoders.cpp:63:6:[m[K [01;36m[Knote: [m[Kno functions named â€˜[01m[Kvoid Encoders::[01;32m[KsignalHandler[m[K(int)[m[Kâ€™
[2.392s] In file included from [01m[K/home/youss/Documents/Projet/Autonomouscar/ros_ws/src/robot/src/encoders.cpp:13[m[K:
[2.393s] [01m[K/home/youss/Documents/Projet/Autonomouscar/ros_ws/src/robot/src/encoders.h:3:8:[m[K [01;36m[Knote: [m[Kâ€˜[01m[Kstruct Encoders[m[Kâ€™ defined here
[2.393s]     3 | struct [01;36m[KEncoders[m[K
[2.394s]       |        [01;36m[K^~~~~~~~[m[K
[2.414s] [01m[K/home/youss/Documents/Projet/Autonomouscar/ros_ws/src/robot/src/encoders.cpp:[m[K In member function â€˜[01m[Kbool Encoders::[01;32m[Kinit_pwm[m[K(const unsigned int&, const unsigned int&)[m[Kâ€™:
[2.414s] [01m[K/home/youss/Documents/Projet/Autonomouscar/ros_ws/src/robot/src/encoders.cpp:90:5:[m[K [01;31m[Kerror: [m[Kâ€˜[01m[Kgpio_result[m[Kâ€™ was not declared in this scope
[2.415s]    90 |     [01;31m[Kgpio_result[m[K = gpioPWM(gpio_number, duty_cycle);
[2.415s]       |     [01;31m[K^~~~~~~~~~~[m[K
[2.427s] [01m[K/home/youss/Documents/Projet/Autonomouscar/ros_ws/src/robot/src/encoders.cpp:96:39:[m[K [01;31m[Kerror: [m[Kâ€˜[01m[Kpin[m[Kâ€™ was not declared in this scope
[2.427s]    96 |     cout << "PWM Success on gpio " << [01;31m[Kpin[m[K << endl;
[2.428s]       |                                       [01;31m[K^~~[m[K
[2.443s] [01m[K/home/youss/Documents/Projet/Autonomouscar/ros_ws/src/robot/src/encoders.cpp:[m[K In member function â€˜[01m[Kbool Encoders::[01;32m[Kinit_pi_input_mode_on_gpio[m[K(const unsigned int&)[m[Kâ€™:
[2.443s] [01m[K/home/youss/Documents/Projet/Autonomouscar/ros_ws/src/robot/src/encoders.cpp:104:5:[m[K [01;31m[Kerror: [m[Kâ€˜[01m[Kgpio_result[m[Kâ€™ was not declared in this scope
[2.444s]   104 |     [01;31m[Kgpio_result[m[K = gpioSetMode(channel, PI_INPUT);
[2.444s]       |     [01;31m[K^~~~~~~~~~~[m[K
[2.455s] [01m[K/home/youss/Documents/Projet/Autonomouscar/ros_ws/src/robot/src/encoders.cpp:104:31:[m[K [01;31m[Kerror: [m[Kâ€˜[01m[Kchannel[m[Kâ€™ was not declared in this scope; did you mean â€˜[01m[K_A_channel[m[Kâ€™?
[2.456s]   104 |     gpio_result = gpioSetMode([01;31m[Kchannel[m[K, PI_INPUT);
[2.456s]       |                               [01;31m[K^~~~~~~[m[K
[2.457s]       |                               [32m[K_A_channel[m[K
[2.458s] [01m[K/home/youss/Documents/Projet/Autonomouscar/ros_ws/src/robot/src/encoders.cpp:100:63:[m[K [01;35m[Kwarning: [m[Kunused parameter â€˜[01m[Kchannel_gpio[m[Kâ€™ [[01;35m[K]8;;https://gcc.gnu.org/onlinedocs/gcc/Warning-Options.html#index-Wunused-parameter-Wunused-parameter]8;;[m[K]
[2.458s]   100 | bool Encoders::init_pi_input_mode_on_gpio([01;35m[Kconst unsigned int &channel_gpio[m[K)
[2.459s]       |                                           [01;35m[K~~~~~~~~~~~~~~~~~~~~^~~~~~~~~~~~[m[K
[2.471s] [01m[K/home/youss/Documents/Projet/Autonomouscar/ros_ws/src/robot/src/encoders.cpp:[m[K In constructor â€˜[01m[KEncoders::[01;32m[KEncoders[m[K(const unsigned int&, const unsigned int&, const unsigned int&, const unsigned int&)[m[Kâ€™:
[2.472s] [01m[K/home/youss/Documents/Projet/Autonomouscar/ros_ws/src/robot/src/encoders.cpp:124:20:[m[K [01;31m[Kerror: [m[Kâ€˜[01m[KsignalHandler[m[Kâ€™ was not declared in this scope; did you mean â€˜[01m[Ksignal_handler[m[Kâ€™?
[2.473s]   124 |     signal(SIGINT, [01;31m[KsignalHandler[m[K);
[2.473s]       |                    [01;31m[K^~~~~~~~~~~~~[m[K
[2.473s]       |                    [32m[Ksignal_handler[m[K
[2.474s] [01m[K/home/youss/Documents/Projet/Autonomouscar/ros_ws/src/robot/src/encoders.cpp:140:17:[m[K [01;31m[Kerror: [m[Kinvalid use of non-static member function â€˜[01m[Kint Encoders::[01;32m[Kcompute_rps_on_channel[m[K()[m[Kâ€™
[2.474s]   140 |     timer_start([01;31m[Kcompute_rps_on_channel[m[K, 1000);
[2.475s]       |                 [01;31m[K^~~~~~~~~~~~~~~~~~~~~~[m[K
[2.475s] [01m[K/home/youss/Documents/Projet/Autonomouscar/ros_ws/src/robot/src/encoders.h:45:13:[m[K [01;36m[Knote: [m[Kdeclared here
[2.476s]    45 |         int [01;36m[Kcompute_rps_on_channel[m[K();
[2.476s]       |             [01;36m[K^~~~~~~~~~~~~~~~~~~~~~[m[K
[2.486s] [01m[K/home/youss/Documents/Projet/Autonomouscar/ros_ws/src/robot/src/encoders.cpp:141:5:[m[K [01;31m[Kerror: [m[Kâ€˜[01m[K_isRunning[m[Kâ€™ was not declared in this scope; did you mean â€˜[01m[K_is_running[m[Kâ€™?
[2.486s]   141 |     [01;31m[K_isRunning[m[K = true;
[2.487s]       |     [01;31m[K^~~~~~~~~~[m[K
[2.487s]       |     [32m[K_is_running[m[K
[2.500s] [01m[K/home/youss/Documents/Projet/Autonomouscar/ros_ws/src/robot/src/encoders.cpp:[m[K In constructor â€˜[01m[KEncoders::[01;32m[KEncoders[m[K()[m[Kâ€™:
[2.501s] [01m[K/home/youss/Documents/Projet/Autonomouscar/ros_ws/src/robot/src/encoders.cpp:147:20:[m[K [01;31m[Kerror: [m[Kâ€˜[01m[KsignalHandler[m[Kâ€™ was not declared in this scope; did you mean â€˜[01m[Ksignal_handler[m[Kâ€™?
[2.502s]   147 |     signal(SIGINT, [01;31m[KsignalHandler[m[K);
[2.502s]       |                    [01;31m[K^~~~~~~~~~~~~[m[K
[2.502s]       |                    [32m[Ksignal_handler[m[K
[2.503s] [01m[K/home/youss/Documents/Projet/Autonomouscar/ros_ws/src/robot/src/encoders.cpp:156:17:[m[K [01;31m[Kerror: [m[Kinvalid use of non-static member function â€˜[01m[Kint Encoders::[01;32m[Kcompute_rps_on_channel[m[K()[m[Kâ€™
[2.504s]   156 |     timer_start([01;31m[Kcompute_rps_on_channel[m[K, 1000);
[2.504s]       |                 [01;31m[K^~~~~~~~~~~~~~~~~~~~~~[m[K
[2.505s] [01m[K/home/youss/Documents/Projet/Autonomouscar/ros_ws/src/robot/src/encoders.h:45:13:[m[K [01;36m[Knote: [m[Kdeclared here
[2.505s]    45 |         int [01;36m[Kcompute_rps_on_channel[m[K();
[2.505s]       |             [01;36m[K^~~~~~~~~~~~~~~~~~~~~~[m[K
[2.514s] [01m[K/home/youss/Documents/Projet/Autonomouscar/ros_ws/src/robot/src/encoders.cpp:157:5:[m[K [01;31m[Kerror: [m[Kâ€˜[01m[K_isRunning[m[Kâ€™ was not declared in this scope; did you mean â€˜[01m[K_is_running[m[Kâ€™?
[2.515s]   157 |     [01;31m[K_isRunning[m[K = true;
[2.515s]       |     [01;31m[K^~~~~~~~~~[m[K
[2.516s]       |     [32m[K_is_running[m[K
[2.516s] [01m[K/home/youss/Documents/Projet/Autonomouscar/ros_ws/src/robot/src/encoders.cpp:[m[K At global scope:
[2.517s] [01m[K/home/youss/Documents/Projet/Autonomouscar/ros_ws/src/robot/src/encoders.cpp:160:6:[m[K [01;31m[Kerror: [m[Kno declaration matches â€˜[01m[Kvoid Encoders::[01;32m[Kcompute_rps_on_channels[m[K()[m[Kâ€™
[2.517s]   160 | void [01;31m[KEncoders[m[K::compute_rps_on_channels()
[2.518s]       |      [01;31m[K^~~~~~~~[m[K
[2.518s] [01m[K/home/youss/Documents/Projet/Autonomouscar/ros_ws/src/robot/src/encoders.cpp:160:6:[m[K [01;36m[Knote: [m[Kno functions named â€˜[01m[Kvoid Encoders::[01;32m[Kcompute_rps_on_channels[m[K()[m[Kâ€™
[2.519s] [01m[K/home/youss/Documents/Projet/Autonomouscar/ros_ws/src/robot/src/encoders.h:3:8:[m[K [01;36m[Knote: [m[Kâ€˜[01m[Kstruct Encoders[m[Kâ€™ defined here
[2.519s]     3 | struct [01;36m[KEncoders[m[K
[2.519s]       |        [01;36m[K^~~~~~~~[m[K
[2.740s] [01m[K/home/youss/Documents/Projet/Autonomouscar/ros_ws/src/robot/src/encoders.cpp:[m[K In member function â€˜[01m[Kbool Encoders::[01;32m[Kconfigure_pin_as_output[m[K(const unsigned int&)[m[Kâ€™:
[2.740s] [01m[K/home/youss/Documents/Projet/Autonomouscar/ros_ws/src/robot/src/encoders.cpp:31:56:[m[K [01;35m[Kwarning: [m[Kthis statement may fall through [[01;35m[K]8;;https://gcc.gnu.org/onlinedocs/gcc/Warning-Options.html#index-Wimplicit-fallthrough=-Wimplicit-fallthrough=]8;;[m[K]
[2.741s]    31 |                 cout << gpio << "is a bad gpio pin" << [01;35m[Kendl[m[K;
[2.741s]       |                                                        [01;35m[K^~~~[m[K
[2.742s] [01m[K/home/youss/Documents/Projet/Autonomouscar/ros_ws/src/robot/src/encoders.cpp:32:13:[m[K [01;36m[Knote: [m[Khere
[2.742s]    32 |             [01;36m[Kcase[m[K PI_BAD_MODE:
[2.742s]       |             [01;36m[K^~~~[m[K
[2.743s] [01m[K/home/youss/Documents/Projet/Autonomouscar/ros_ws/src/robot/src/encoders.cpp:33:57:[m[K [01;35m[Kwarning: [m[Kthis statement may fall through [[01;35m[K]8;;https://gcc.gnu.org/onlinedocs/gcc/Warning-Options.html#index-Wimplicit-fallthrough=-Wimplicit-fallthrough=]8;;[m[K]
[2.743s]    33 |                 cout << "Bad mode for gpio " << gpio << [01;35m[Kendl[m[K;
[2.744s]       |                                                         [01;35m[K^~~~[m[K
[2.744s] [01m[K/home/youss/Documents/Projet/Autonomouscar/ros_ws/src/robot/src/encoders.cpp:34:13:[m[K [01;36m[Knote: [m[Khere
[2.744s]    34 |             [01;36m[Kdefault[m[K:
[2.745s]       |             [01;36m[K^~~~~~~[m[K
[2.769s] gmake[2]: *** [CMakeFiles/encoders.dir/build.make:76: CMakeFiles/encoders.dir/src/encoders.cpp.o] Error 1
[2.770s] gmake[1]: *** [CMakeFiles/Makefile2:137: CMakeFiles/encoders.dir/all] Error 2
[2.770s] gmake: *** [Makefile:146: all] Error 2
[2.778s] Invoked command in '/home/youss/Documents/Projet/Autonomouscar/ros_ws/build/robot' returned '2': CMAKE_PREFIX_PATH=${CMAKE_PREFIX_PATH}:/opt/ros/jazzy DEBUGINFOD_URLS=https://debuginfod.ubuntu.com /usr/bin/cmake --build /home/youss/Documents/Projet/Autonomouscar/ros_ws/build/robot -- -j4 -l4
