[0.054s] Invoking command in '/home/youss/Documents/Projet/Autonomouscar/ros_ws/build/robot': CMAKE_PREFIX_PATH=${CMAKE_PREFIX_PATH}:/opt/ros/jazzy DEBUGINFOD_URLS=https://debuginfod.ubuntu.com /usr/bin/cmake --build /home/youss/Documents/Projet/Autonomouscar/ros_ws/build/robot -- -j4 -l4
[0.395s] [ 16%] [32mBuilding CXX object CMakeFiles/encoders.dir/src/encoders_publisher.cpp.o[0m
[11.623s] [01m[K/home/youss/Documents/Projet/Autonomouscar/ros_ws/src/robot/src/encoders_publisher.cpp:[m[K In constructor â€˜[01m[KEncoders_publisher::[01;32m[KEncoders_publisher[m[K(const std::string&, const std::string&, const Encoders&, const unsigned int&)[m[Kâ€™:
[11.624s] [01m[K/home/youss/Documents/Projet/Autonomouscar/ros_ws/src/robot/src/encoders_publisher.cpp:30:5:[m[K [01;31m[Kerror: [m[Kâ€˜[01m[Klambda[m[Kâ€™ was not declared in this scope
[11.624s]    30 |     [01;31m[Klambda[m[K timer_callback = [this]()
[11.625s]       |     [01;31m[K^~~~~~[m[K
[11.655s] [01m[K/home/youss/Documents/Projet/Autonomouscar/ros_ws/src/robot/src/encoders_publisher.cpp:43:45:[m[K [01;31m[Kerror: [m[Kâ€˜[01m[Ktimer_callback[m[Kâ€™ was not declared in this scope
[11.656s]    43 |     _timer = this->create_wall_timer(500ms, [01;31m[Ktimer_callback[m[K);
[11.656s]       |                                             [01;31m[K^~~~~~~~~~~~~~[m[K
[15.873s] gmake[2]: *** [CMakeFiles/encoders.dir/build.make:132: CMakeFiles/encoders.dir/src/encoders_publisher.cpp.o] Error 1
[15.874s] gmake[1]: *** [CMakeFiles/Makefile2:137: CMakeFiles/encoders.dir/all] Error 2
[15.875s] gmake: *** [Makefile:146: all] Error 2
[15.882s] Invoked command in '/home/youss/Documents/Projet/Autonomouscar/ros_ws/build/robot' returned '2': CMAKE_PREFIX_PATH=${CMAKE_PREFIX_PATH}:/opt/ros/jazzy DEBUGINFOD_URLS=https://debuginfod.ubuntu.com /usr/bin/cmake --build /home/youss/Documents/Projet/Autonomouscar/ros_ws/build/robot -- -j4 -l4
