[0.052s] Invoking command in '/home/youss/Documents/Projet/Autonomouscar/ros_ws/build/robot': CMAKE_PREFIX_PATH=${CMAKE_PREFIX_PATH}:/opt/ros/jazzy DEBUGINFOD_URLS=https://debuginfod.ubuntu.com /usr/bin/cmake --build /home/youss/Documents/Projet/Autonomouscar/ros_ws/build/robot -- -j4 -l4
[0.356s] [ 27%] Built target encoders
[0.357s] [ 45%] Built target robot_controller
[0.360s] [ 63%] Built target position_publisher
[0.379s] [ 72%] [32mBuilding CXX object CMakeFiles/listener.dir/src/encoders_subscriber.cpp.o[0m
[0.489s] [ 81%] [32mBuilding CXX object CMakeFiles/motor_subscriber.dir/src/motor_subscriber.cpp.o[0m
[13.265s] [01m[K/home/youss/Documents/Projet/Autonomouscar/ros_ws/src/robot/src/encoders_subscriber.cpp:[m[K In constructor â€˜[01m[KEncoders_subscriber::[01;32m[KEncoders_subscriber[m[K()[m[Kâ€™:
[13.265s] [01m[K/home/youss/Documents/Projet/Autonomouscar/ros_ws/src/robot/src/encoders_subscriber.cpp:11:34:[m[K [01;31m[Kerror: [m[Kâ€˜[01m[Knode_name[m[Kâ€™ was not declared in this scope; did you mean â€˜[01m[Knode_base_[m[Kâ€™?
[13.266s]    11 |                             Node([01;31m[Knode_name[m[K)
[13.266s]       |                                  [01;31m[K^~~~~~~~~[m[K
[13.267s]       |                                  [32m[Knode_base_[m[K
[13.495s] [01m[K/home/youss/Documents/Projet/Autonomouscar/ros_ws/src/robot/src/motor_subscriber.cpp:[m[K In member function â€˜[01m[Kvoid Motor_subscriber::[01;32m[Kset_motors_duty_cycle[m[K(Motor&, Motor&) const[m[Kâ€™:
[13.496s] [01m[K/home/youss/Documents/Projet/Autonomouscar/ros_ws/src/robot/src/motor_subscriber.cpp:24:53:[m[K [01;35m[Kwarning: [m[Kunused parameter â€˜[01m[Kleft_motor[m[Kâ€™ [[01;35m[K]8;;https://gcc.gnu.org/onlinedocs/gcc/Warning-Options.html#index-Wunused-parameter-Wunused-parameter]8;;[m[K]
[13.496s]    24 | duty_cycle([01;35m[KMotor &left_motor[m[K, Motor &right_motor) const
[13.497s]       |            [01;35m[K~~~~~~~^~~~~~~~~~[m[K
[13.498s] 
[13.498s] [01m[K/home/youss/Documents/Projet/Autonomouscar/ros_ws/src/robot/src/motor_subscriber.cpp:24:72:[m[K [01;35m[Kwarning: [m[Kunused parameter â€˜[01m[Kright_motor[m[Kâ€™ [[01;35m[K]8;;https://gcc.gnu.org/onlinedocs/gcc/Warning-Options.html#index-Wunused-parameter-Wunused-parameter]8;;[m[K]
[13.499s]    24 | eft_motor, [01;35m[KMotor &right_motor[m[K) const
[13.500s]       |            [01;35m[K~~~~~~~^~~~~~~~~~~[m[K
[13.500s] 
[13.512s] [01m[K/home/youss/Documents/Projet/Autonomouscar/ros_ws/src/robot/src/motor_subscriber.cpp:[m[K In function â€˜[01m[Kint[01;32m[K main[m[K()[m[Kâ€™:
[13.512s] [01m[K/home/youss/Documents/Projet/Autonomouscar/ros_ws/src/robot/src/motor_subscriber.cpp:31:18:[m[K [01;31m[Kerror: [m[Kâ€˜[01m[Kargc[m[Kâ€™ was not declared in this scope
[13.513s]    31 |     rclcpp::init([01;31m[Kargc[m[K, argv);
[13.514s]       |                  [01;31m[K^~~~[m[K
[13.527s] [01m[K/home/youss/Documents/Projet/Autonomouscar/ros_ws/src/robot/src/motor_subscriber.cpp:31:24:[m[K [01;31m[Kerror: [m[Kâ€˜[01m[Kargv[m[Kâ€™ was not declared in this scope
[13.528s]    31 |     rclcpp::init(argc, [01;31m[Kargv[m[K);
[13.528s]       |                        [01;31m[K^~~~[m[K
[23.649s] gmake[2]: *** [CMakeFiles/listener.dir/build.make:76: CMakeFiles/listener.dir/src/encoders_subscriber.cpp.o] Error 1
[23.650s] gmake[1]: *** [CMakeFiles/Makefile2:171: CMakeFiles/listener.dir/all] Error 2
[23.650s] gmake[1]: *** Waiting for unfinished jobs....
[23.918s] gmake[2]: *** [CMakeFiles/motor_subscriber.dir/build.make:76: CMakeFiles/motor_subscriber.dir/src/motor_subscriber.cpp.o] Error 1
[23.918s] gmake[1]: *** [CMakeFiles/Makefile2:249: CMakeFiles/motor_subscriber.dir/all] Error 2
[23.919s] gmake: *** [Makefile:146: all] Error 2
[23.927s] Invoked command in '/home/youss/Documents/Projet/Autonomouscar/ros_ws/build/robot' returned '2': CMAKE_PREFIX_PATH=${CMAKE_PREFIX_PATH}:/opt/ros/jazzy DEBUGINFOD_URLS=https://debuginfod.ubuntu.com /usr/bin/cmake --build /home/youss/Documents/Projet/Autonomouscar/ros_ws/build/robot -- -j4 -l4
