[0.059s] Invoking command in '/home/youss/Documents/Projet/Autonomouscar/ros_ws/build/robot': CMAKE_PREFIX_PATH=${CMAKE_PREFIX_PATH}:/opt/ros/jazzy DEBUGINFOD_URLS=https://debuginfod.ubuntu.com /usr/bin/cmake --build /home/youss/Documents/Projet/Autonomouscar/ros_ws/build/robot -- -j4 -l4
[0.404s] [ 28%] Built target listener
[0.414s] [ 71%] Built target encoders
[0.434s] [ 85%] [32mBuilding CXX object CMakeFiles/robot_controller.dir/src/robot_controller.cpp.o[0m
[13.504s] In file included from [01m[K/home/youss/Documents/Projet/Autonomouscar/ros_ws/src/robot/src/robot_controller.cpp:1[m[K:
[13.505s] [01m[K/home/youss/Documents/Projet/Autonomouscar/ros_ws/src/robot/include/robot/robot_controller.h:15:30:[m[K [01;31m[Kerror: [m[Kâ€˜[01m[Kstd_msgs[m[Kâ€™ was not declared in this scope
[13.505s]    15 |         rclcpp::Subscription<[01;31m[Kstd_msgs[m[K::msg::Float32>::SharedPtr _encoders_subscription;
[13.506s]       |                              [01;31m[K^~~~~~~~[m[K
[13.506s] [01m[K/home/youss/Documents/Projet/Autonomouscar/ros_ws/src/robot/include/robot/robot_controller.h:15:52:[m[K [01;31m[Kerror: [m[Ktemplate argument 1 is invalid
[13.506s]    15 |         rclcpp::Subscription<std_msgs::msg::Float32[01;31m[K>[m[K::SharedPtr _encoders_subscription;
[13.507s]       |                                                    [01;31m[K^[m[K
[13.507s] [01m[K/home/youss/Documents/Projet/Autonomouscar/ros_ws/src/robot/include/robot/robot_controller.h:15:52:[m[K [01;31m[Kerror: [m[Ktemplate argument 3 is invalid
[13.507s] [01m[K/home/youss/Documents/Projet/Autonomouscar/ros_ws/src/robot/include/robot/robot_controller.h:15:52:[m[K [01;31m[Kerror: [m[Ktemplate argument 4 is invalid
[13.508s] [01m[K/home/youss/Documents/Projet/Autonomouscar/ros_ws/src/robot/include/robot/robot_controller.h:15:52:[m[K [01;31m[Kerror: [m[Ktemplate argument 5 is invalid
[13.508s] [01m[K/home/youss/Documents/Projet/Autonomouscar/ros_ws/src/robot/include/robot/robot_controller.h:15:55:[m[K [01;31m[Kerror: [m[Kexpected â€˜[01m[K;[m[Kâ€™ at end of member declaration
[13.509s]    15 |         rclcpp::Subscription<std_msgs::msg::Float32>::[01;31m[KSharedPtr[m[K _encoders_subscription;
[13.509s]       |                                                       [01;31m[K^~~~~~~~~[m[K
[13.509s]       |                                                                [32m[K;[m[K
[13.521s] [01m[K/home/youss/Documents/Projet/Autonomouscar/ros_ws/src/robot/include/robot/robot_controller.h:15:65:[m[K [01;31m[Kerror: [m[Kâ€˜[01m[K_encoders_subscription[m[Kâ€™ does not name a type
[13.522s]    15 |         rclcpp::Subscription<std_msgs::msg::Float32>::SharedPtr [01;31m[K_encoders_subscription[m[K;
[13.522s]       |                                                                 [01;31m[K^~~~~~~~~~~~~~~~~~~~~~[m[K
[13.523s] [01m[K/home/youss/Documents/Projet/Autonomouscar/ros_ws/src/robot/include/robot/robot_controller.h:17:32:[m[K [01;31m[Kerror: [m[Kâ€˜[01m[Kstd_msgs[m[Kâ€™ has not been declared
[13.524s]    17 |         void encoders_callback([01;31m[Kstd_msgs[m[K::msg::Float32::UniquePtr msg);
[13.524s]       |                                [01;31m[K^~~~~~~~[m[K
[13.525s] [01m[K/home/youss/Documents/Projet/Autonomouscar/ros_ws/src/robot/include/robot/robot_controller.h:17:66:[m[K [01;31m[Kerror: [m[Kexpected â€˜[01m[K,[m[Kâ€™ or â€˜[01m[K...[m[Kâ€™ before â€˜[01m[Kmsg[m[Kâ€™
[13.525s]    17 |         void encoders_callback(std_msgs::msg::Float32::UniquePtr [01;31m[Kmsg[m[K);
[13.526s]       |                                                                  [01;31m[K^~~[m[K
[13.617s] [01m[K/home/youss/Documents/Projet/Autonomouscar/ros_ws/src/robot/src/robot_controller.cpp:[m[K In constructor â€˜[01m[KRobot_controller::[01;32m[KRobot_controller[m[K(const std::string&)[m[Kâ€™:
[13.618s] [01m[K/home/youss/Documents/Projet/Autonomouscar/ros_ws/src/robot/src/robot_controller.cpp:6:2:[m[K [01;31m[Kerror: [m[Kâ€˜[01m[K_encoders_subscription[m[Kâ€™ was not declared in this scope; did you mean â€˜[01m[Kcreate_subscription[m[Kâ€™?
[13.619s]     6 |  [01;31m[K_encoders_subscription[m[K = this->create_subscription<std_msgs::msg::Float32>(
[13.620s]       |  [01;31m[K^~~~~~~~~~~~~~~~~~~~~~[m[K
[13.620s]       |  [32m[Kcreate_subscription[m[K
[13.646s] [01m[K/home/youss/Documents/Projet/Autonomouscar/ros_ws/src/robot/src/robot_controller.cpp:6:53:[m[K [01;31m[Kerror: [m[Kâ€˜[01m[Kstd_msgs[m[Kâ€™ was not declared in this scope
[13.647s]     6 |  _encoders_subscription = this->create_subscription<[01;31m[Kstd_msgs[m[K::msg::Float32>(
[13.648s]       |                                                     [01;31m[K^~~~~~~~[m[K
[13.648s] [01m[K/home/youss/Documents/Projet/Autonomouscar/ros_ws/src/robot/src/robot_controller.cpp:6:33:[m[K [01;31m[Kerror: [m[Kparse error in template argument list
[13.649s]     6 |  _encoders_subscription = this->[01;31m[Kcreate_subscription<std_msgs::msg::Float32>[m[K(
[13.650s]       |                                 [01;31m[K^~~~~~~~~~~~~~~~~~~~~~~~~~~~~~~~~~~~~~~~~~~[m[K
[13.650s] [01m[K/home/youss/Documents/Projet/Autonomouscar/ros_ws/src/robot/src/robot_controller.cpp:9:24:[m[K [01;31m[Kerror: [m[Kâ€˜[01m[KMultiSubNode[m[Kâ€™ has not been declared
[13.651s]     9 |             std::bind(&[01;31m[KMultiSubNode[m[K::number_callback, this, std::placeholders::_1));
[13.652s]       |                        [01;31m[K^~~~~~~~~~~~[m[K
[13.653s] [01m[K/home/youss/Documents/Projet/Autonomouscar/ros_ws/src/robot/src/robot_controller.cpp:[m[K At global scope:
[13.653s] [01m[K/home/youss/Documents/Projet/Autonomouscar/ros_ws/src/robot/src/robot_controller.cpp:13:6:[m[K [01;31m[Kerror: [m[Kvariable or field â€˜[01m[Kencoders_callback[m[Kâ€™ declared void
[13.654s]    13 | void [01;31m[KRobot_controller[m[K::encoders_callback(std_msgs::msg::Float32::UniquePtr msg)
[13.654s]       |      [01;31m[K^~~~~~~~~~~~~~~~[m[K
[13.654s] [01m[K/home/youss/Documents/Projet/Autonomouscar/ros_ws/src/robot/src/robot_controller.cpp:13:42:[m[K [01;31m[Kerror: [m[Kâ€˜[01m[Kstd_msgs[m[Kâ€™ has not been declared
[13.655s]    13 | void Robot_controller::encoders_callback([01;31m[Kstd_msgs[m[K::msg::Float32::UniquePtr msg)
[13.655s]       |                                          [01;31m[K^~~~~~~~[m[K
[17.186s] gmake[2]: *** [CMakeFiles/robot_controller.dir/build.make:76: CMakeFiles/robot_controller.dir/src/robot_controller.cpp.o] Error 1
[17.187s] gmake[1]: *** [CMakeFiles/Makefile2:193: CMakeFiles/robot_controller.dir/all] Error 2
[17.188s] gmake: *** [Makefile:146: all] Error 2
[17.196s] Invoked command in '/home/youss/Documents/Projet/Autonomouscar/ros_ws/build/robot' returned '2': CMAKE_PREFIX_PATH=${CMAKE_PREFIX_PATH}:/opt/ros/jazzy DEBUGINFOD_URLS=https://debuginfod.ubuntu.com /usr/bin/cmake --build /home/youss/Documents/Projet/Autonomouscar/ros_ws/build/robot -- -j4 -l4
