[ 13%] Built target encoders_subscriber
[ 26%] Built target robot_controller
[ 40%] Built target position_publisher
[ 73%] Built target main
[ 80%] [32mBuilding CXX object CMakeFiles/motor_subscriber.dir/src/motor_subscriber.cpp.o[0m
[ 93%] Built target position_reader
[01m[K/home/youss/Documents/Projet/Autonomouscar/ros_ws/src/robot/src/motor_subscriber.cpp:[m[K In constructor â€˜[01m[KMotor_subscriber::[01;32m[KMotor_subscriber[m[K()[m[Kâ€™:
[01m[K/home/youss/Documents/Projet/Autonomouscar/ros_ws/src/robot/src/motor_subscriber.cpp:13:38:[m[K [01;31m[Kerror: [m[Kâ€˜[01m[Kconvert_to_duty_cycle[m[Kâ€™ is not a member of â€˜[01m[KMotor_subscriber[m[Kâ€™
   13 |       std::bind(&Motor_subscriber::[01;31m[Kconvert_to_duty_cycle[m[K, this, std::placeholders::_1));
      |                                    [01;31m[K^~~~~~~~~~~~~~~~~~~~~[m[K

[01m[K/home/youss/Documents/Projet/Autonomouscar/ros_ws/src/robot/src/motor_subscriber.cpp:[m[K In member function â€˜[01m[Kvoid Motor_subscriber::[01;32m[Kconvert_msg_to_duty_cycle[m[K(geometry_msgs::msg::Twist_<std::allocator<void> >::UniquePtr)[m[Kâ€™:
[01m[K/home/youss/Documents/Projet/Autonomouscar/ros_ws/src/robot/src/motor_subscriber.cpp:27:20:[m[K [01;31m[Kerror: [m[Kâ€˜[01m[KMAX_LINEAR_X[m[Kâ€™ was not declared in this scope
   27 |     if (linear_x > [01;31m[KMAX_LINEAR_X[m[K)
      |                    [01;31m[K^~~~~~~~~~~~[m[K
[01m[K/home/youss/Documents/Projet/Autonomouscar/ros_ws/src/robot/src/motor_subscriber.cpp:33:20:[m[K [01;31m[Kerror: [m[Kâ€˜[01m[KMIN_LINEAR_X[m[Kâ€™ was not declared in this scope
   33 |         linear_x = [01;31m[KMIN_LINEAR_X[m[K;
      |                    [01;31m[K^~~~~~~~~~~~[m[K
[01m[K/home/youss/Documents/Projet/Autonomouscar/ros_ws/src/robot/src/motor_subscriber.cpp:36:43:[m[K [01;31m[Kerror: [m[Kâ€˜[01m[Kmax_linear_x[m[Kâ€™ was not declared in this scope; did you mean â€˜[01m[Klinear_x[m[Kâ€™?
   36 | y_cycle = MAX_DUTY_CYCLE*(linear_x/[01;31m[Kmax_linear_x[m[K);
      |                                    [01;31m[K^~~~~~~~~~~~[m[K
      |                                    [32m[Klinear_x[m[K
[01m[K/home/youss/Documents/Projet/Autonomouscar/ros_ws/src/robot/src/motor_subscriber.cpp:[m[K In member function â€˜[01m[Kvoid Motor_subscriber::[01;32m[Kset_motors_duty_cycle[m[K(Motor&, Motor&) const[m[Kâ€™:
[01m[K/home/youss/Documents/Projet/Autonomouscar/ros_ws/src/robot/src/motor_subscriber.cpp:43:53:[m[K [01;35m[Kwarning: [m[Kunused parameter â€˜[01m[Kleft_motor[m[Kâ€™ [[01;35m[K]8;;https://gcc.gnu.org/onlinedocs/gcc/Warning-Options.html#index-Wunused-parameter-Wunused-parameter]8;;[m[K]
   43 | iber::set_motors_duty_cycle([01;35m[KMotor &left_motor[m[K, Motor &right_motor) const
      |                             [01;35m[K~~~~~~~^~~~~~~~~~[m[K

[01m[K/home/youss/Documents/Projet/Autonomouscar/ros_ws/src/robot/src/motor_subscriber.cpp:43:72:[m[K [01;35m[Kwarning: [m[Kunused parameter â€˜[01m[Kright_motor[m[Kâ€™ [[01;35m[K]8;;https://gcc.gnu.org/onlinedocs/gcc/Warning-Options.html#index-Wunused-parameter-Wunused-parameter]8;;[m[K]
   43 | ty_cycle(Motor &left_motor, [01;35m[KMotor &right_motor[m[K) const
      |                             [01;35m[K~~~~~~~^~~~~~~~~~~[m[K

gmake[2]: *** [CMakeFiles/motor_subscriber.dir/build.make:76: CMakeFiles/motor_subscriber.dir/src/motor_subscriber.cpp.o] Error 1
gmake[1]: *** [CMakeFiles/Makefile2:251: CMakeFiles/motor_subscriber.dir/all] Error 2
gmake: *** [Makefile:146: all] Error 2
