[0.051s] Invoking command in '/home/youss/Documents/Projet/Autonomouscar/ros_ws/build/robot': CMAKE_PREFIX_PATH=${CMAKE_PREFIX_PATH}:/opt/ros/jazzy DEBUGINFOD_URLS=https://debuginfod.ubuntu.com /usr/bin/cmake --build /home/youss/Documents/Projet/Autonomouscar/ros_ws/build/robot -- -j4 -l4
[0.348s] [ 13%] Built target encoders_subscriber
[0.348s] [ 26%] Built target robot_controller
[0.352s] [ 40%] Built target position_publisher
[0.380s] [ 73%] Built target main
[0.477s] [ 80%] [32mBuilding CXX object CMakeFiles/motor_subscriber.dir/src/motor_subscriber.cpp.o[0m
[0.480s] [ 93%] Built target position_reader
[11.292s] [01m[K/home/youss/Documents/Projet/Autonomouscar/ros_ws/src/robot/src/motor_subscriber.cpp:[m[K In constructor â€˜[01m[KMotor_subscriber::[01;32m[KMotor_subscriber[m[K()[m[Kâ€™:
[11.293s] [01m[K/home/youss/Documents/Projet/Autonomouscar/ros_ws/src/robot/src/motor_subscriber.cpp:13:38:[m[K [01;31m[Kerror: [m[Kâ€˜[01m[Kconvert_to_duty_cycle[m[Kâ€™ is not a member of â€˜[01m[KMotor_subscriber[m[Kâ€™
[11.293s]    13 |       std::bind(&Motor_subscriber::[01;31m[Kconvert_to_duty_cycle[m[K, this, std::placeholders::_1));
[11.294s]       |                                    [01;31m[K^~~~~~~~~~~~~~~~~~~~~[m[K
[11.294s] 
[11.346s] [01m[K/home/youss/Documents/Projet/Autonomouscar/ros_ws/src/robot/src/motor_subscriber.cpp:[m[K In member function â€˜[01m[Kvoid Motor_subscriber::[01;32m[Kconvert_msg_to_duty_cycle[m[K(geometry_msgs::msg::Twist_<std::allocator<void> >::UniquePtr)[m[Kâ€™:
[11.346s] [01m[K/home/youss/Documents/Projet/Autonomouscar/ros_ws/src/robot/src/motor_subscriber.cpp:27:20:[m[K [01;31m[Kerror: [m[Kâ€˜[01m[KMAX_LINEAR_X[m[Kâ€™ was not declared in this scope
[11.347s]    27 |     if (linear_x > [01;31m[KMAX_LINEAR_X[m[K)
[11.347s]       |                    [01;31m[K^~~~~~~~~~~~[m[K
[11.376s] [01m[K/home/youss/Documents/Projet/Autonomouscar/ros_ws/src/robot/src/motor_subscriber.cpp:33:20:[m[K [01;31m[Kerror: [m[Kâ€˜[01m[KMIN_LINEAR_X[m[Kâ€™ was not declared in this scope
[11.376s]    33 |         linear_x = [01;31m[KMIN_LINEAR_X[m[K;
[11.377s]       |                    [01;31m[K^~~~~~~~~~~~[m[K
[11.403s] [01m[K/home/youss/Documents/Projet/Autonomouscar/ros_ws/src/robot/src/motor_subscriber.cpp:36:43:[m[K [01;31m[Kerror: [m[Kâ€˜[01m[Kmax_linear_x[m[Kâ€™ was not declared in this scope; did you mean â€˜[01m[Klinear_x[m[Kâ€™?
[11.404s]    36 | y_cycle = MAX_DUTY_CYCLE*(linear_x/[01;31m[Kmax_linear_x[m[K);
[11.404s]       |                                    [01;31m[K^~~~~~~~~~~~[m[K
[11.405s]       |                                    [32m[Klinear_x[m[K
[11.406s] [01m[K/home/youss/Documents/Projet/Autonomouscar/ros_ws/src/robot/src/motor_subscriber.cpp:[m[K In member function â€˜[01m[Kvoid Motor_subscriber::[01;32m[Kset_motors_duty_cycle[m[K(Motor&, Motor&) const[m[Kâ€™:
[11.407s] [01m[K/home/youss/Documents/Projet/Autonomouscar/ros_ws/src/robot/src/motor_subscriber.cpp:43:53:[m[K [01;35m[Kwarning: [m[Kunused parameter â€˜[01m[Kleft_motor[m[Kâ€™ [[01;35m[K]8;;https://gcc.gnu.org/onlinedocs/gcc/Warning-Options.html#index-Wunused-parameter-Wunused-parameter]8;;[m[K]
[11.407s]    43 | iber::set_motors_duty_cycle([01;35m[KMotor &left_motor[m[K, Motor &right_motor) const
[11.408s]       |                             [01;35m[K~~~~~~~^~~~~~~~~~[m[K
[11.408s] 
[11.409s] [01m[K/home/youss/Documents/Projet/Autonomouscar/ros_ws/src/robot/src/motor_subscriber.cpp:43:72:[m[K [01;35m[Kwarning: [m[Kunused parameter â€˜[01m[Kright_motor[m[Kâ€™ [[01;35m[K]8;;https://gcc.gnu.org/onlinedocs/gcc/Warning-Options.html#index-Wunused-parameter-Wunused-parameter]8;;[m[K]
[11.409s]    43 | ty_cycle(Motor &left_motor, [01;35m[KMotor &right_motor[m[K) const
[11.409s]       |                             [01;35m[K~~~~~~~^~~~~~~~~~~[m[K
[11.410s] 
[14.224s] gmake[2]: *** [CMakeFiles/motor_subscriber.dir/build.make:76: CMakeFiles/motor_subscriber.dir/src/motor_subscriber.cpp.o] Error 1
[14.225s] gmake[1]: *** [CMakeFiles/Makefile2:251: CMakeFiles/motor_subscriber.dir/all] Error 2
[14.226s] gmake: *** [Makefile:146: all] Error 2
[14.234s] Invoked command in '/home/youss/Documents/Projet/Autonomouscar/ros_ws/build/robot' returned '2': CMAKE_PREFIX_PATH=${CMAKE_PREFIX_PATH}:/opt/ros/jazzy DEBUGINFOD_URLS=https://debuginfod.ubuntu.com /usr/bin/cmake --build /home/youss/Documents/Projet/Autonomouscar/ros_ws/build/robot -- -j4 -l4
