[ 11%] Built target encoders_subscriber
[ 55%] Built target encoders_publisher
[ 55%] Built target main
[ 66%] Built target robot_controller
[ 77%] Built target position_publisher
[ 88%] Built target position_reader
[ 94%] [32mBuilding CXX object CMakeFiles/motor_subscriber.dir/src/motor_subscriber.cpp.o[0m
In file included from [01m[K/home/youss/Documents/Projet/Autonomouscar/ros_ws/src/robot/src/motor_subscriber.cpp:1[m[K:
[01m[K/home/youss/Documents/Projet/Autonomouscar/ros_ws/src/robot/include/robot/motor_subscriber.h:35:112:[m[K [01;31m[Kerror: [m[Kexpected â€˜[01m[K;[m[Kâ€™ at end of member declaration
   35 | ed int> convert_msg_to_duty_cycles(const geometry_msgs::msg::Twist::UniquePtr &msg) [01;31m[Kconst[m[K
      |                                                                                     [01;31m[K^~~~~[m[K
      |                                                                                          [32m[K;[m[K
gmake[2]: *** [CMakeFiles/motor_subscriber.dir/build.make:76: CMakeFiles/motor_subscriber.dir/src/motor_subscriber.cpp.o] Error 1
gmake[1]: *** [CMakeFiles/Makefile2:279: CMakeFiles/motor_subscriber.dir/all] Error 2
gmake: *** [Makefile:146: all] Error 2
