[0.052s] Invoking command in '/home/youss/Documents/Projet/Autonomouscar/ros_ws/build/robot': CMAKE_PREFIX_PATH=${CMAKE_PREFIX_PATH}:/opt/ros/jazzy DEBUGINFOD_URLS=https://debuginfod.ubuntu.com /usr/bin/cmake --build /home/youss/Documents/Projet/Autonomouscar/ros_ws/build/robot -- -j4 -l4
[0.347s] [ 11%] Built target encoders_subscriber
[0.355s] [ 55%] Built target encoders_publisher
[0.356s] [ 55%] Built target main
[0.373s] [ 66%] Built target robot_controller
[0.489s] [ 77%] Built target position_publisher
[0.494s] [ 88%] Built target position_reader
[0.516s] [ 94%] [32mBuilding CXX object CMakeFiles/motor_subscriber.dir/src/motor_subscriber.cpp.o[0m
[11.456s] In file included from [01m[K/home/youss/Documents/Projet/Autonomouscar/ros_ws/src/robot/src/motor_subscriber.cpp:1[m[K:
[11.456s] [01m[K/home/youss/Documents/Projet/Autonomouscar/ros_ws/src/robot/include/robot/motor_subscriber.h:35:112:[m[K [01;31m[Kerror: [m[Kexpected â€˜[01m[K;[m[Kâ€™ at end of member declaration
[11.457s]    35 | ed int> convert_msg_to_duty_cycles(const geometry_msgs::msg::Twist::UniquePtr &msg) [01;31m[Kconst[m[K
[11.457s]       |                                                                                     [01;31m[K^~~~~[m[K
[11.458s]       |                                                                                          [32m[K;[m[K
[20.381s] gmake[2]: *** [CMakeFiles/motor_subscriber.dir/build.make:76: CMakeFiles/motor_subscriber.dir/src/motor_subscriber.cpp.o] Error 1
[20.382s] gmake[1]: *** [CMakeFiles/Makefile2:279: CMakeFiles/motor_subscriber.dir/all] Error 2
[20.383s] gmake: *** [Makefile:146: all] Error 2
[20.390s] Invoked command in '/home/youss/Documents/Projet/Autonomouscar/ros_ws/build/robot' returned '2': CMAKE_PREFIX_PATH=${CMAKE_PREFIX_PATH}:/opt/ros/jazzy DEBUGINFOD_URLS=https://debuginfod.ubuntu.com /usr/bin/cmake --build /home/youss/Documents/Projet/Autonomouscar/ros_ws/build/robot -- -j4 -l4
