[0.052s] Invoking command in '/home/youss/Documents/Projet/Autonomouscar/ros_ws/build/robot': CMAKE_PREFIX_PATH=${CMAKE_PREFIX_PATH}:/opt/ros/jazzy DEBUGINFOD_URLS=https://debuginfod.ubuntu.com /usr/bin/cmake --build /home/youss/Documents/Projet/Autonomouscar/ros_ws/build/robot -- -j4 -l4
[0.390s] [ 16%] [32mBuilding CXX object CMakeFiles/encoders.dir/src/encoders_publisher.cpp.o[0m
[11.597s] [01m[K/home/youss/Documents/Projet/Autonomouscar/ros_ws/src/robot/src/encoders_publisher.cpp:[m[K In lambda function:
[11.598s] [01m[K/home/youss/Documents/Projet/Autonomouscar/ros_ws/src/robot/src/encoders_publisher.cpp:28:22:[m[K [01;35m[Kwarning: [m[Kunused variable â€˜[01m[Krps[m[Kâ€™ [[01;35m[K]8;;https://gcc.gnu.org/onlinedocs/gcc/Warning-Options.html#index-Wunused-variable-Wunused-variable]8;;[m[K]
[11.599s]    28 |         unsigned int [01;35m[Krps[m[K = this->_encoder.get_rps();
[11.599s]       |                      [01;35m[K^~~[m[K
[11.600s] [01m[K/home/youss/Documents/Projet/Autonomouscar/ros_ws/src/robot/src/encoders_publisher.cpp:[m[K In constructor â€˜[01m[KEncoders_publisher::[01;32m[KEncoders_publisher[m[K(const std::string&, const std::string&, const Encoders&, const unsigned int&)[m[Kâ€™:
[11.600s] [01m[K/home/youss/Documents/Projet/Autonomouscar/ros_ws/src/robot/src/encoders_publisher.cpp:31:37:[m[K [01;31m[Kerror: [m[Kno matching function for call to â€˜[01m[KEncoders_publisher::create_wall_timer(int, Encoders_publisher::Encoders_publisher(const std::string&, const std::string&, const Encoders&, const unsigned int&)::<lambda()>&)[m[Kâ€™
[11.601s]    31 |     _timer = [01;31m[Kthis->create_wall_timer(500, timer_callback)[m[K;
[11.601s]       |              [01;31m[K~~~~~~~~~~~~~~~~~~~~~~~^~~~~~~~~~~~~~~~~~~~~[m[K
[11.602s] In file included from [01m[K/opt/ros/jazzy/include/rclcpp/rclcpp/executors/single_threaded_executor.hpp:28[m[K,
[11.602s]                  from [01m[K/opt/ros/jazzy/include/rclcpp/rclcpp/executors.hpp:22[m[K,
[11.602s]                  from [01m[K/opt/ros/jazzy/include/rclcpp/rclcpp/rclcpp.hpp:172[m[K,
[11.603s]                  from [01m[K/home/youss/Documents/Projet/Autonomouscar/ros_ws/src/robot/src/encoders_publisher.cpp:2[m[K:
[11.603s] [01m[K/opt/ros/jazzy/include/rclcpp/rclcpp/node.hpp:241:3:[m[K [01;36m[Knote: [m[Kcandidate: â€˜[01m[Ktemplate<class DurationRepT, class DurationT, class CallbackT> typename rclcpp::WallTimer<CallbackT>::SharedPtr rclcpp::Node::[01;32m[Kcreate_wall_timer[m[K(std::chrono::duration<_Rep1, _Period1>, CallbackT, rclcpp::CallbackGroup::SharedPtr, bool)[m[Kâ€™
[11.604s]   241 |   [01;36m[Kcreate_wall_timer[m[K(
[11.604s]       |   [01;36m[K^~~~~~~~~~~~~~~~~[m[K
[11.605s] [01m[K/opt/ros/jazzy/include/rclcpp/rclcpp/node.hpp:241:3:[m[K [01;36m[Knote: [m[K  template argument deduction/substitution failed:
[11.605s] [01m[K/home/youss/Documents/Projet/Autonomouscar/ros_ws/src/robot/src/encoders_publisher.cpp:31:37:[m[K [01;36m[Knote: [m[K  mismatched types â€˜[01m[Kstd::chrono::duration<_Rep1, _Period1>[m[Kâ€™ and â€˜[01m[Kint[m[Kâ€™
[11.605s]    31 |     _timer = [01;36m[Kthis->create_wall_timer(500, timer_callback)[m[K;
[11.606s]       |              [01;36m[K~~~~~~~~~~~~~~~~~~~~~~~^~~~~~~~~~~~~~~~~~~~~[m[K
[11.606s] [01m[K/home/youss/Documents/Projet/Autonomouscar/ros_ws/src/robot/src/encoders_publisher.cpp:30:24:[m[K [01;35m[Kwarning: [m[Kunused variable â€˜[01m[Kperiod[m[Kâ€™ [[01;35m[K]8;;https://gcc.gnu.org/onlinedocs/gcc/Warning-Options.html#index-Wunused-variable-Wunused-variable]8;;[m[K]
[11.607s]    30 |     const unsigned int [01;35m[Kperiod[m[K = 500; //milliseconds
[11.607s]       |                        [01;35m[K^~~~~~[m[K
[15.821s] gmake[2]: *** [CMakeFiles/encoders.dir/build.make:132: CMakeFiles/encoders.dir/src/encoders_publisher.cpp.o] Error 1
[15.822s] gmake[1]: *** [CMakeFiles/Makefile2:137: CMakeFiles/encoders.dir/all] Error 2
[15.823s] gmake: *** [Makefile:146: all] Error 2
[15.831s] Invoked command in '/home/youss/Documents/Projet/Autonomouscar/ros_ws/build/robot' returned '2': CMAKE_PREFIX_PATH=${CMAKE_PREFIX_PATH}:/opt/ros/jazzy DEBUGINFOD_URLS=https://debuginfod.ubuntu.com /usr/bin/cmake --build /home/youss/Documents/Projet/Autonomouscar/ros_ws/build/robot -- -j4 -l4
