-- Found ament_cmake: 2.5.2 (/opt/ros/jazzy/share/ament_cmake/cmake)
-- Override CMake install command with custom implementation using symlinks instead of copying resources
-- Found rclcpp: 28.1.5 (/opt/ros/jazzy/share/rclcpp/cmake)
-- Found rosidl_generator_c: 4.6.4 (/opt/ros/jazzy/share/rosidl_generator_c/cmake)
-- Found rosidl_generator_cpp: 4.6.4 (/opt/ros/jazzy/share/rosidl_generator_cpp/cmake)
-- Using all available rosidl_typesupport_c: rosidl_typesupport_fastrtps_c;rosidl_typesupport_introspection_c
-- Using all available rosidl_typesupport_cpp: rosidl_typesupport_fastrtps_cpp;rosidl_typesupport_introspection_cpp
-- Found rmw_implementation_cmake: 7.3.1 (/opt/ros/jazzy/share/rmw_implementation_cmake/cmake)
-- Found rmw_fastrtps_cpp: 8.4.1 (/opt/ros/jazzy/share/rmw_fastrtps_cpp/cmake)
-- Using RMW implementation 'rmw_fastrtps_cpp' as default
-- Found std_msgs: 5.3.5 (/opt/ros/jazzy/share/std_msgs/cmake)
-- Found geometry_msgs: 5.3.5 (/opt/ros/jazzy/share/geometry_msgs/cmake)
-- Found ament_lint_auto: 0.17.1 (/opt/ros/jazzy/share/ament_lint_auto/cmake)
-- Added test 'cppcheck' to perform static code analysis on C / C++ code
-- Configured cppcheck include dirs: $<BUILD_INTERFACE:/home/youss/Documents/Projet/Autonomouscar/ros_ws/src/robot/include>
-- Configured cppcheck exclude dirs and/or files: 
-- Added test 'flake8' to check Python code syntax and style conventions
-- Configured 'flake8' exclude dirs and/or files: 
-- Added test 'lint_cmake' to check CMake code style
-- Added test 'pep257' to check Python code against some of the docstring style conventions in PEP 257
-- Added test 'uncrustify' to check C / C++ code style
-- Configured uncrustify additional arguments: 
-- Added test 'xmllint' to check XML markup files
-- Configuring done (3.1s)
-- Generating done (0.1s)
-- Build files have been written to: /home/youss/Documents/Projet/Autonomouscar/ros_ws/build/robot
[ 11%] [32mBuilding CXX object CMakeFiles/position_publisher.dir/src/DWM1001_reader.cpp.o[0m
[ 33%] Built target listener
[ 66%] Built target encoders
[ 77%] [32mBuilding CXX object CMakeFiles/robot_controller.dir/src/robot_controller.cpp.o[0m
[01m[K/home/youss/Documents/Projet/Autonomouscar/ros_ws/src/robot/src/DWM1001_reader.cpp:[m[K In constructor â€˜[01m[KDWM1001_reader::[01;32m[KDWM1001_reader[m[K()[m[Kâ€™:
[01m[K/home/youss/Documents/Projet/Autonomouscar/ros_ws/src/robot/src/DWM1001_reader.cpp:50:38:[m[K [01;31m[Kerror: [m[Kunable to find numeric literal operator â€˜[01m[Koperator""ms[m[Kâ€™
   50 |     _timer = this->create_wall_timer([01;31m[K500ms[m[K, timer_callback);
      |                                      [01;31m[K^~~~~[m[K
[01m[K/home/youss/Documents/Projet/Autonomouscar/ros_ws/src/robot/src/DWM1001_reader.cpp:[m[K In constructor â€˜[01m[KDWM1001_reader::[01;32m[KDWM1001_reader[m[K(const bool&)[m[Kâ€™:
[01m[K/home/youss/Documents/Projet/Autonomouscar/ros_ws/src/robot/src/DWM1001_reader.cpp:82:38:[m[K [01;31m[Kerror: [m[Kunable to find numeric literal operator â€˜[01m[Koperator""ms[m[Kâ€™
   82 |     _timer = this->create_wall_timer([01;31m[K500ms[m[K, timer_callback);
      |                                      [01;31m[K^~~~~[m[K
[01m[K/home/youss/Documents/Projet/Autonomouscar/ros_ws/src/robot/src/robot_controller.cpp:37:6:[m[K [01;31m[Kerror: [m[Kâ€˜[01m[KRobotController[m[Kâ€™ has not been declared
   37 | void [01;31m[KRobotController[m[K::position_callback(geometry_msgs::msg::Point::UniquePtr point_msg)
      |      [01;31m[K^~~~~~~~~~~~~~~[m[K
[01m[K/home/youss/Documents/Projet/Autonomouscar/ros_ws/src/robot/src/robot_controller.cpp:[m[K In function â€˜[01m[Kvoid[01;32m[K position_callback[m[K(geometry_msgs::msg::Point_<std::allocator<void> >::UniquePtr)[m[Kâ€™:
[01m[K/home/youss/Documents/Projet/Autonomouscar/ros_ws/src/robot/src/robot_controller.cpp:39:26:[m[K [01;31m[Kerror: [m[Kâ€˜[01m[Kusing geometry_msgs::msg::Point_<std::allocator<void> >::UniquePtr = geometry_msgs::msg::Point_<std::allocator<void> >::UniquePtrWithDeleter<std::default_delete<geometry_msgs::msg::Point_<std::allocator<void> > > >[m[Kâ€™ {aka â€˜[01m[Kclass std::unique_ptr<geometry_msgs::msg::Point_<std::allocator<void> >, std::default_delete<geometry_msgs::msg::Point_<std::allocator<void> > > >[m[Kâ€™} has no member named â€˜[01m[Kx[m[Kâ€™
   39 |     double x = point_msg.[01;31m[Kx[m[K;
      |                          [01;31m[K^[m[K
[01m[K/home/youss/Documents/Projet/Autonomouscar/ros_ws/src/robot/src/robot_controller.cpp:40:5:[m[K [01;31m[Kerror: [m[Kâ€˜[01m[Kdouble_y[m[Kâ€™ was not declared in this scope; did you mean â€˜[01m[Kdouble_t[m[Kâ€™?
   40 |     [01;31m[Kdouble_y[m[K = point_msg.y;
      |     [01;31m[K^~~~~~~~[m[K
      |     [32m[Kdouble_t[m[K
[01m[K/home/youss/Documents/Projet/Autonomouscar/ros_ws/src/robot/src/robot_controller.cpp:40:26:[m[K [01;31m[Kerror: [m[Kâ€˜[01m[Kusing geometry_msgs::msg::Point_<std::allocator<void> >::UniquePtr = geometry_msgs::msg::Point_<std::allocator<void> >::UniquePtrWithDeleter<std::default_delete<geometry_msgs::msg::Point_<std::allocator<void> > > >[m[Kâ€™ {aka â€˜[01m[Kclass std::unique_ptr<geometry_msgs::msg::Point_<std::allocator<void> >, std::default_delete<geometry_msgs::msg::Point_<std::allocator<void> > > >[m[Kâ€™} has no member named â€˜[01m[Ky[m[Kâ€™
   40 |     double_y = point_msg.[01;31m[Ky[m[K;
      |                          [01;31m[K^[m[K
[01m[K/home/youss/Documents/Projet/Autonomouscar/ros_ws/src/robot/src/robot_controller.cpp:41:5:[m[K [01;31m[Kerror: [m[Kâ€˜[01m[Kdouble_z[m[Kâ€™ was not declared in this scope; did you mean â€˜[01m[Kdouble_t[m[Kâ€™?
   41 |     [01;31m[Kdouble_z[m[K = point_msg.z;
      |     [01;31m[K^~~~~~~~[m[K
      |     [32m[Kdouble_t[m[K
[01m[K/home/youss/Documents/Projet/Autonomouscar/ros_ws/src/robot/src/robot_controller.cpp:41:26:[m[K [01;31m[Kerror: [m[Kâ€˜[01m[Kusing geometry_msgs::msg::Point_<std::allocator<void> >::UniquePtr = geometry_msgs::msg::Point_<std::allocator<void> >::UniquePtrWithDeleter<std::default_delete<geometry_msgs::msg::Point_<std::allocator<void> > > >[m[Kâ€™ {aka â€˜[01m[Kclass std::unique_ptr<geometry_msgs::msg::Point_<std::allocator<void> >, std::default_delete<geometry_msgs::msg::Point_<std::allocator<void> > > >[m[Kâ€™} has no member named â€˜[01m[Kz[m[Kâ€™
   41 |     double_z = point_msg.[01;31m[Kz[m[K;
      |                          [01;31m[K^[m[K
In file included from [01m[K/opt/ros/jazzy/include/rclcpp/rclcpp/copy_all_parameter_values.hpp:27[m[K,
                 from [01m[K/opt/ros/jazzy/include/rclcpp/rclcpp/rclcpp.hpp:171[m[K,
                 from [01m[K/home/youss/Documents/Projet/Autonomouscar/ros_ws/src/robot/include/robot/robot_controller.h:1[m[K,
                 from [01m[K/home/youss/Documents/Projet/Autonomouscar/ros_ws/src/robot/src/robot_controller.cpp:1[m[K:
[01m[K/home/youss/Documents/Projet/Autonomouscar/ros_ws/src/robot/src/robot_controller.cpp:42:17:[m[K [01;31m[Kerror: [m[Kinvalid use of â€˜[01m[Kthis[m[Kâ€™ in non-member function
   42 |     RCLCPP_INFO([01;31m[Kthis[m[K->get_logger(), "I heard x = %f, y = %f, z = %f", x, y, z);
      |                 [01;31m[K^~~~[m[K
[01m[K/home/youss/Documents/Projet/Autonomouscar/ros_ws/src/robot/src/robot_controller.cpp:42:17:[m[K [01;31m[Kerror: [m[Kinvalid use of â€˜[01m[Kthis[m[Kâ€™ in non-member function
[01m[K/home/youss/Documents/Projet/Autonomouscar/ros_ws/src/robot/src/robot_controller.cpp:42:5:[m[K [01;31m[Kerror: [m[Ktemplate argument 1 is invalid
   42 |     [01;31m[KRCLCPP_INFO[m[K(this->get_logger(), "I heard x = %f, y = %f, z = %f", x, y, z);
      |     [01;31m[K^~~~~~~~~~~[m[K
[01m[K/home/youss/Documents/Projet/Autonomouscar/ros_ws/src/robot/src/robot_controller.cpp:42:5:[m[K [01;31m[Kerror: [m[Ktemplate argument 1 is invalid
   42 |     [01;31m[KRCLCPP_INFO[m[K(this->get_logger(), "I heard x = %f, y = %f, z = %f", x, y, z);
      |     [01;31m[K^~~~~~~~~~~[m[K
[01m[K/home/youss/Documents/Projet/Autonomouscar/ros_ws/src/robot/src/robot_controller.cpp:42:5:[m[K [01;31m[Kerror: [m[Ktemplate argument 1 is invalid
   42 |     [01;31m[KRCLCPP_INFO[m[K(this->get_logger(), "I heard x = %f, y = %f, z = %f", x, y, z);
      |     [01;31m[K^~~~~~~~~~~[m[K
In file included from [01m[K/opt/ros/jazzy/include/rclcpp/rclcpp/logging.hpp:24[m[K:
[01m[K/home/youss/Documents/Projet/Autonomouscar/ros_ws/src/robot/src/robot_controller.cpp:42:17:[m[K [01;31m[Kerror: [m[Kinvalid use of â€˜[01m[Kthis[m[Kâ€™ in non-member function
   42 |     RCLCPP_INFO([01;31m[Kthis[m[K->get_logger(), "I heard x = %f, y = %f, z = %f", x, y, z);
      |                 [01;31m[K^~~~[m[K
[01m[K/home/youss/Documents/Projet/Autonomouscar/ros_ws/src/robot/src/robot_controller.cpp:42:17:[m[K [01;31m[Kerror: [m[Kinvalid use of â€˜[01m[Kthis[m[Kâ€™ in non-member function
   42 |     RCLCPP_INFO([01;31m[Kthis[m[K->get_logger(), "I heard x = %f, y = %f, z = %f", x, y, z);
      |                 [01;31m[K^~~~[m[K
[01m[K/home/youss/Documents/Projet/Autonomouscar/ros_ws/src/robot/src/robot_controller.cpp:42:74:[m[K [01;31m[Kerror: [m[Kâ€˜[01m[Ky[m[Kâ€™ was not declared in this scope
   42 |     RCLCPP_INFO(this->get_logger(), "I heard x = %f, y = %f, z = %f", x, [01;31m[Ky[m[K, z);
      |                                                                          [01;31m[K^[m[K
[01m[K/home/youss/Documents/Projet/Autonomouscar/ros_ws/src/robot/src/robot_controller.cpp:42:77:[m[K [01;31m[Kerror: [m[Kâ€˜[01m[Kz[m[Kâ€™ was not declared in this scope
   42 |     RCLCPP_INFO(this->get_logger(), "I heard x = %f, y = %f, z = %f", x, y, [01;31m[Kz[m[K);
      |                                                                             [01;31m[K^[m[K
[01m[K/home/youss/Documents/Projet/Autonomouscar/ros_ws/src/robot/src/robot_controller.cpp:43:5:[m[K [01;31m[Kerror: [m[Kâ€˜[01m[K_x[m[Kâ€™ was not declared in this scope; did you mean â€˜[01m[Kx[m[Kâ€™?
   43 |     [01;31m[K_x[m[K = x;
      |     [01;31m[K^~[m[K
      |     [32m[Kx[m[K
[01m[K/home/youss/Documents/Projet/Autonomouscar/ros_ws/src/robot/src/robot_controller.cpp:44:5:[m[K [01;31m[Kerror: [m[Kâ€˜[01m[K_y[m[Kâ€™ was not declared in this scope
   44 |     [01;31m[K_y[m[K = y;
      |     [01;31m[K^~[m[K
[01m[K/home/youss/Documents/Projet/Autonomouscar/ros_ws/src/robot/src/robot_controller.cpp:44:10:[m[K [01;31m[Kerror: [m[Kâ€˜[01m[Ky[m[Kâ€™ was not declared in this scope
   44 |     _y = [01;31m[Ky[m[K;
      |          [01;31m[K^[m[K
[01m[K/home/youss/Documents/Projet/Autonomouscar/ros_ws/src/robot/src/robot_controller.cpp:45:5:[m[K [01;31m[Kerror: [m[Kâ€˜[01m[K_z[m[Kâ€™ was not declared in this scope
   45 |     [01;31m[K_z[m[K = z;
      |     [01;31m[K^~[m[K
[01m[K/home/youss/Documents/Projet/Autonomouscar/ros_ws/src/robot/src/robot_controller.cpp:45:10:[m[K [01;31m[Kerror: [m[Kâ€˜[01m[Kz[m[Kâ€™ was not declared in this scope
   45 |     _z = [01;31m[Kz[m[K;
      |          [01;31m[K^[m[K
gmake[2]: *** [CMakeFiles/position_publisher.dir/build.make:76: CMakeFiles/position_publisher.dir/src/DWM1001_reader.cpp.o] Error 1
gmake[1]: *** [CMakeFiles/Makefile2:221: CMakeFiles/position_publisher.dir/all] Error 2
gmake[1]: *** Waiting for unfinished jobs....
gmake[2]: *** [CMakeFiles/robot_controller.dir/build.make:76: CMakeFiles/robot_controller.dir/src/robot_controller.cpp.o] Error 1
gmake[1]: *** [CMakeFiles/Makefile2:195: CMakeFiles/robot_controller.dir/all] Error 2
gmake: *** [Makefile:146: all] Error 2
