[ 50%] [32mBuilding CXX object CMakeFiles/encoders.dir/src/encoders.cpp.o[0m
[01m[K/home/youss/Documents/Projet/Autonomouscar/ros_ws/src/robot/src/encoders.cpp:[m[K In member function â€˜[01m[Kbool Encoders::[01;32m[Kinit_pi_input_mode_on_gpio[m[K(const unsigned int&)[m[Kâ€™:
[01m[K/home/youss/Documents/Projet/Autonomouscar/ros_ws/src/robot/src/encoders.cpp:110:12:[m[K [01;31m[Kerror: [m[Kâ€˜[01m[Kchannel[m[Kâ€™ was not declared in this scope; did you mean â€˜[01m[K_A_channel[m[Kâ€™?
  110 |         << [01;31m[Kchannel[m[K
      |            [01;31m[K^~~~~~~[m[K
      |            [32m[K_A_channel[m[K
[01m[K/home/youss/Documents/Projet/Autonomouscar/ros_ws/src/robot/src/encoders.cpp:115:50:[m[K [01;31m[Kerror: [m[Kâ€˜[01m[Kchannel[m[Kâ€™ was not declared in this scope; did you mean â€˜[01m[K_A_channel[m[Kâ€™?
  115 |     cout << "Set mode INPUT success on gpio " << [01;31m[Kchannel[m[K << endl;
      |                                                  [01;31m[K^~~~~~~[m[K
      |                                                  [32m[K_A_channel[m[K
[01m[K/home/youss/Documents/Projet/Autonomouscar/ros_ws/src/robot/src/encoders.cpp:[m[K In constructor â€˜[01m[KEncoders::[01;32m[KEncoders[m[K(const unsigned int&, const unsigned int&, const unsigned int&, const unsigned int&)[m[Kâ€™:
[01m[K/home/youss/Documents/Projet/Autonomouscar/ros_ws/src/robot/src/encoders.cpp:126:20:[m[K [01;31m[Kerror: [m[Kinvalid use of non-static member function â€˜[01m[Kvoid Encoders::[01;32m[Ksignal_handler[m[K(int)[m[Kâ€™
  126 |     signal(SIGINT, [01;31m[Ksignal_handler[m[K);
      |                    [01;31m[K^~~~~~~~~~~~~~[m[K
[01m[K/home/youss/Documents/Projet/Autonomouscar/ros_ws/src/robot/src/encoders.cpp:63:6:[m[K [01;36m[Knote: [m[Kdeclared here
   63 | void [01;36m[KEncoders[m[K::signal_handler(int signal)
      |      [01;36m[K^~~~~~~~[m[K
[01m[K/home/youss/Documents/Projet/Autonomouscar/ros_ws/src/robot/src/encoders.cpp:142:17:[m[K [01;31m[Kerror: [m[Kinvalid use of non-static member function â€˜[01m[Kint Encoders::[01;32m[Kcompute_rps_on_channel[m[K()[m[Kâ€™
  142 |     timer_start([01;31m[Kcompute_rps_on_channel[m[K, 1000);
      |                 [01;31m[K^~~~~~~~~~~~~~~~~~~~~~[m[K
In file included from [01m[K/home/youss/Documents/Projet/Autonomouscar/ros_ws/src/robot/src/encoders.cpp:13[m[K:
[01m[K/home/youss/Documents/Projet/Autonomouscar/ros_ws/src/robot/src/encoders.h:45:13:[m[K [01;36m[Knote: [m[Kdeclared here
   45 |         int [01;36m[Kcompute_rps_on_channel[m[K();
      |             [01;36m[K^~~~~~~~~~~~~~~~~~~~~~[m[K
[01m[K/home/youss/Documents/Projet/Autonomouscar/ros_ws/src/robot/src/encoders.cpp:143:5:[m[K [01;31m[Kerror: [m[Kâ€˜[01m[K_isRunning[m[Kâ€™ was not declared in this scope; did you mean â€˜[01m[K_is_running[m[Kâ€™?
  143 |     [01;31m[K_isRunning[m[K = true;
      |     [01;31m[K^~~~~~~~~~[m[K
      |     [32m[K_is_running[m[K
[01m[K/home/youss/Documents/Projet/Autonomouscar/ros_ws/src/robot/src/encoders.cpp:[m[K In constructor â€˜[01m[KEncoders::[01;32m[KEncoders[m[K()[m[Kâ€™:
[01m[K/home/youss/Documents/Projet/Autonomouscar/ros_ws/src/robot/src/encoders.cpp:149:20:[m[K [01;31m[Kerror: [m[Kinvalid use of non-static member function â€˜[01m[Kvoid Encoders::[01;32m[Ksignal_handler[m[K(int)[m[Kâ€™
  149 |     signal(SIGINT, [01;31m[Ksignal_handler[m[K);
      |                    [01;31m[K^~~~~~~~~~~~~~[m[K
[01m[K/home/youss/Documents/Projet/Autonomouscar/ros_ws/src/robot/src/encoders.cpp:63:6:[m[K [01;36m[Knote: [m[Kdeclared here
   63 | void [01;36m[KEncoders[m[K::signal_handler(int signal)
      |      [01;36m[K^~~~~~~~[m[K
[01m[K/home/youss/Documents/Projet/Autonomouscar/ros_ws/src/robot/src/encoders.cpp:158:17:[m[K [01;31m[Kerror: [m[Kinvalid use of non-static member function â€˜[01m[Kint Encoders::[01;32m[Kcompute_rps_on_channel[m[K()[m[Kâ€™
  158 |     timer_start([01;31m[Kcompute_rps_on_channel[m[K, 1000);
      |                 [01;31m[K^~~~~~~~~~~~~~~~~~~~~~[m[K
[01m[K/home/youss/Documents/Projet/Autonomouscar/ros_ws/src/robot/src/encoders.h:45:13:[m[K [01;36m[Knote: [m[Kdeclared here
   45 |         int [01;36m[Kcompute_rps_on_channel[m[K();
      |             [01;36m[K^~~~~~~~~~~~~~~~~~~~~~[m[K
[01m[K/home/youss/Documents/Projet/Autonomouscar/ros_ws/src/robot/src/encoders.cpp:159:5:[m[K [01;31m[Kerror: [m[Kâ€˜[01m[K_isRunning[m[Kâ€™ was not declared in this scope; did you mean â€˜[01m[K_is_running[m[Kâ€™?
  159 |     [01;31m[K_isRunning[m[K = true;
      |     [01;31m[K^~~~~~~~~~[m[K
      |     [32m[K_is_running[m[K
[01m[K/home/youss/Documents/Projet/Autonomouscar/ros_ws/src/robot/src/encoders.cpp:[m[K At global scope:
[01m[K/home/youss/Documents/Projet/Autonomouscar/ros_ws/src/robot/src/encoders.cpp:162:6:[m[K [01;31m[Kerror: [m[Kno declaration matches â€˜[01m[Kvoid Encoders::[01;32m[Kcompute_rps_on_channels[m[K()[m[Kâ€™
  162 | void [01;31m[KEncoders[m[K::compute_rps_on_channels()
      |      [01;31m[K^~~~~~~~[m[K
[01m[K/home/youss/Documents/Projet/Autonomouscar/ros_ws/src/robot/src/encoders.cpp:162:6:[m[K [01;36m[Knote: [m[Kno functions named â€˜[01m[Kvoid Encoders::[01;32m[Kcompute_rps_on_channels[m[K()[m[Kâ€™
[01m[K/home/youss/Documents/Projet/Autonomouscar/ros_ws/src/robot/src/encoders.h:3:8:[m[K [01;36m[Knote: [m[Kâ€˜[01m[Kstruct Encoders[m[Kâ€™ defined here
    3 | struct [01;36m[KEncoders[m[K
      |        [01;36m[K^~~~~~~~[m[K
[01m[K/home/youss/Documents/Projet/Autonomouscar/ros_ws/src/robot/src/encoders.cpp:[m[K In member function â€˜[01m[Kbool Encoders::[01;32m[Kconfigure_pin_as_output[m[K(const unsigned int&)[m[Kâ€™:
[01m[K/home/youss/Documents/Projet/Autonomouscar/ros_ws/src/robot/src/encoders.cpp:31:56:[m[K [01;35m[Kwarning: [m[Kthis statement may fall through [[01;35m[K]8;;https://gcc.gnu.org/onlinedocs/gcc/Warning-Options.html#index-Wimplicit-fallthrough=-Wimplicit-fallthrough=]8;;[m[K]
   31 |                 cout << gpio << "is a bad gpio pin" << [01;35m[Kendl[m[K;
      |                                                        [01;35m[K^~~~[m[K
[01m[K/home/youss/Documents/Projet/Autonomouscar/ros_ws/src/robot/src/encoders.cpp:32:13:[m[K [01;36m[Knote: [m[Khere
   32 |             [01;36m[Kcase[m[K PI_BAD_MODE:
      |             [01;36m[K^~~~[m[K
[01m[K/home/youss/Documents/Projet/Autonomouscar/ros_ws/src/robot/src/encoders.cpp:33:57:[m[K [01;35m[Kwarning: [m[Kthis statement may fall through [[01;35m[K]8;;https://gcc.gnu.org/onlinedocs/gcc/Warning-Options.html#index-Wimplicit-fallthrough=-Wimplicit-fallthrough=]8;;[m[K]
   33 |                 cout << "Bad mode for gpio " << gpio << [01;35m[Kendl[m[K;
      |                                                         [01;35m[K^~~~[m[K
[01m[K/home/youss/Documents/Projet/Autonomouscar/ros_ws/src/robot/src/encoders.cpp:34:13:[m[K [01;36m[Knote: [m[Khere
   34 |             [01;36m[Kdefault[m[K:
      |             [01;36m[K^~~~~~~[m[K
gmake[2]: *** [CMakeFiles/encoders.dir/build.make:76: CMakeFiles/encoders.dir/src/encoders.cpp.o] Error 1
gmake[1]: *** [CMakeFiles/Makefile2:137: CMakeFiles/encoders.dir/all] Error 2
gmake: *** [Makefile:146: all] Error 2
