[0.049s] Invoking command in '/home/youss/Documents/Projet/Autonomouscar/ros_ws/build/robot': CMAKE_PREFIX_PATH=${CMAKE_PREFIX_PATH}:/opt/ros/jazzy DEBUGINFOD_URLS=https://debuginfod.ubuntu.com /usr/bin/cmake --build /home/youss/Documents/Projet/Autonomouscar/ros_ws/build/robot -- -j4 -l4
[0.303s] [ 50%] [32mBuilding CXX object CMakeFiles/encoders.dir/src/encoders.cpp.o[0m
[2.372s] [01m[K/home/youss/Documents/Projet/Autonomouscar/ros_ws/src/robot/src/encoders.cpp:[m[K In member function â€˜[01m[Kbool Encoders::[01;32m[Kinit_pi_input_mode_on_gpio[m[K(const unsigned int&)[m[Kâ€™:
[2.373s] [01m[K/home/youss/Documents/Projet/Autonomouscar/ros_ws/src/robot/src/encoders.cpp:110:12:[m[K [01;31m[Kerror: [m[Kâ€˜[01m[Kchannel[m[Kâ€™ was not declared in this scope; did you mean â€˜[01m[K_A_channel[m[Kâ€™?
[2.373s]   110 |         << [01;31m[Kchannel[m[K
[2.374s]       |            [01;31m[K^~~~~~~[m[K
[2.374s]       |            [32m[K_A_channel[m[K
[2.386s] [01m[K/home/youss/Documents/Projet/Autonomouscar/ros_ws/src/robot/src/encoders.cpp:115:50:[m[K [01;31m[Kerror: [m[Kâ€˜[01m[Kchannel[m[Kâ€™ was not declared in this scope; did you mean â€˜[01m[K_A_channel[m[Kâ€™?
[2.386s]   115 |     cout << "Set mode INPUT success on gpio " << [01;31m[Kchannel[m[K << endl;
[2.388s]       |                                                  [01;31m[K^~~~~~~[m[K
[2.389s]       |                                                  [32m[K_A_channel[m[K
[2.389s] [01m[K/home/youss/Documents/Projet/Autonomouscar/ros_ws/src/robot/src/encoders.cpp:[m[K In constructor â€˜[01m[KEncoders::[01;32m[KEncoders[m[K(const unsigned int&, const unsigned int&, const unsigned int&, const unsigned int&)[m[Kâ€™:
[2.390s] [01m[K/home/youss/Documents/Projet/Autonomouscar/ros_ws/src/robot/src/encoders.cpp:126:20:[m[K [01;31m[Kerror: [m[Kinvalid use of non-static member function â€˜[01m[Kvoid Encoders::[01;32m[Ksignal_handler[m[K(int)[m[Kâ€™
[2.390s]   126 |     signal(SIGINT, [01;31m[Ksignal_handler[m[K);
[2.391s]       |                    [01;31m[K^~~~~~~~~~~~~~[m[K
[2.391s] [01m[K/home/youss/Documents/Projet/Autonomouscar/ros_ws/src/robot/src/encoders.cpp:63:6:[m[K [01;36m[Knote: [m[Kdeclared here
[2.392s]    63 | void [01;36m[KEncoders[m[K::signal_handler(int signal)
[2.392s]       |      [01;36m[K^~~~~~~~[m[K
[2.393s] [01m[K/home/youss/Documents/Projet/Autonomouscar/ros_ws/src/robot/src/encoders.cpp:142:17:[m[K [01;31m[Kerror: [m[Kinvalid use of non-static member function â€˜[01m[Kint Encoders::[01;32m[Kcompute_rps_on_channel[m[K()[m[Kâ€™
[2.393s]   142 |     timer_start([01;31m[Kcompute_rps_on_channel[m[K, 1000);
[2.393s]       |                 [01;31m[K^~~~~~~~~~~~~~~~~~~~~~[m[K
[2.394s] In file included from [01m[K/home/youss/Documents/Projet/Autonomouscar/ros_ws/src/robot/src/encoders.cpp:13[m[K:
[2.394s] [01m[K/home/youss/Documents/Projet/Autonomouscar/ros_ws/src/robot/src/encoders.h:45:13:[m[K [01;36m[Knote: [m[Kdeclared here
[2.395s]    45 |         int [01;36m[Kcompute_rps_on_channel[m[K();
[2.395s]       |             [01;36m[K^~~~~~~~~~~~~~~~~~~~~~[m[K
[2.402s] [01m[K/home/youss/Documents/Projet/Autonomouscar/ros_ws/src/robot/src/encoders.cpp:143:5:[m[K [01;31m[Kerror: [m[Kâ€˜[01m[K_isRunning[m[Kâ€™ was not declared in this scope; did you mean â€˜[01m[K_is_running[m[Kâ€™?
[2.402s]   143 |     [01;31m[K_isRunning[m[K = true;
[2.403s]       |     [01;31m[K^~~~~~~~~~[m[K
[2.404s]       |     [32m[K_is_running[m[K
[2.404s] [01m[K/home/youss/Documents/Projet/Autonomouscar/ros_ws/src/robot/src/encoders.cpp:[m[K In constructor â€˜[01m[KEncoders::[01;32m[KEncoders[m[K()[m[Kâ€™:
[2.405s] [01m[K/home/youss/Documents/Projet/Autonomouscar/ros_ws/src/robot/src/encoders.cpp:149:20:[m[K [01;31m[Kerror: [m[Kinvalid use of non-static member function â€˜[01m[Kvoid Encoders::[01;32m[Ksignal_handler[m[K(int)[m[Kâ€™
[2.405s]   149 |     signal(SIGINT, [01;31m[Ksignal_handler[m[K);
[2.406s]       |                    [01;31m[K^~~~~~~~~~~~~~[m[K
[2.406s] [01m[K/home/youss/Documents/Projet/Autonomouscar/ros_ws/src/robot/src/encoders.cpp:63:6:[m[K [01;36m[Knote: [m[Kdeclared here
[2.407s]    63 | void [01;36m[KEncoders[m[K::signal_handler(int signal)
[2.407s]       |      [01;36m[K^~~~~~~~[m[K
[2.408s] [01m[K/home/youss/Documents/Projet/Autonomouscar/ros_ws/src/robot/src/encoders.cpp:158:17:[m[K [01;31m[Kerror: [m[Kinvalid use of non-static member function â€˜[01m[Kint Encoders::[01;32m[Kcompute_rps_on_channel[m[K()[m[Kâ€™
[2.408s]   158 |     timer_start([01;31m[Kcompute_rps_on_channel[m[K, 1000);
[2.409s]       |                 [01;31m[K^~~~~~~~~~~~~~~~~~~~~~[m[K
[2.409s] [01m[K/home/youss/Documents/Projet/Autonomouscar/ros_ws/src/robot/src/encoders.h:45:13:[m[K [01;36m[Knote: [m[Kdeclared here
[2.410s]    45 |         int [01;36m[Kcompute_rps_on_channel[m[K();
[2.410s]       |             [01;36m[K^~~~~~~~~~~~~~~~~~~~~~[m[K
[2.419s] [01m[K/home/youss/Documents/Projet/Autonomouscar/ros_ws/src/robot/src/encoders.cpp:159:5:[m[K [01;31m[Kerror: [m[Kâ€˜[01m[K_isRunning[m[Kâ€™ was not declared in this scope; did you mean â€˜[01m[K_is_running[m[Kâ€™?
[2.419s]   159 |     [01;31m[K_isRunning[m[K = true;
[2.420s]       |     [01;31m[K^~~~~~~~~~[m[K
[2.420s]       |     [32m[K_is_running[m[K
[2.421s] [01m[K/home/youss/Documents/Projet/Autonomouscar/ros_ws/src/robot/src/encoders.cpp:[m[K At global scope:
[2.421s] [01m[K/home/youss/Documents/Projet/Autonomouscar/ros_ws/src/robot/src/encoders.cpp:162:6:[m[K [01;31m[Kerror: [m[Kno declaration matches â€˜[01m[Kvoid Encoders::[01;32m[Kcompute_rps_on_channels[m[K()[m[Kâ€™
[2.421s]   162 | void [01;31m[KEncoders[m[K::compute_rps_on_channels()
[2.422s]       |      [01;31m[K^~~~~~~~[m[K
[2.422s] [01m[K/home/youss/Documents/Projet/Autonomouscar/ros_ws/src/robot/src/encoders.cpp:162:6:[m[K [01;36m[Knote: [m[Kno functions named â€˜[01m[Kvoid Encoders::[01;32m[Kcompute_rps_on_channels[m[K()[m[Kâ€™
[2.423s] [01m[K/home/youss/Documents/Projet/Autonomouscar/ros_ws/src/robot/src/encoders.h:3:8:[m[K [01;36m[Knote: [m[Kâ€˜[01m[Kstruct Encoders[m[Kâ€™ defined here
[2.423s]     3 | struct [01;36m[KEncoders[m[K
[2.423s]       |        [01;36m[K^~~~~~~~[m[K
[2.644s] [01m[K/home/youss/Documents/Projet/Autonomouscar/ros_ws/src/robot/src/encoders.cpp:[m[K In member function â€˜[01m[Kbool Encoders::[01;32m[Kconfigure_pin_as_output[m[K(const unsigned int&)[m[Kâ€™:
[2.644s] [01m[K/home/youss/Documents/Projet/Autonomouscar/ros_ws/src/robot/src/encoders.cpp:31:56:[m[K [01;35m[Kwarning: [m[Kthis statement may fall through [[01;35m[K]8;;https://gcc.gnu.org/onlinedocs/gcc/Warning-Options.html#index-Wimplicit-fallthrough=-Wimplicit-fallthrough=]8;;[m[K]
[2.645s]    31 |                 cout << gpio << "is a bad gpio pin" << [01;35m[Kendl[m[K;
[2.645s]       |                                                        [01;35m[K^~~~[m[K
[2.645s] [01m[K/home/youss/Documents/Projet/Autonomouscar/ros_ws/src/robot/src/encoders.cpp:32:13:[m[K [01;36m[Knote: [m[Khere
[2.646s]    32 |             [01;36m[Kcase[m[K PI_BAD_MODE:
[2.646s]       |             [01;36m[K^~~~[m[K
[2.647s] [01m[K/home/youss/Documents/Projet/Autonomouscar/ros_ws/src/robot/src/encoders.cpp:33:57:[m[K [01;35m[Kwarning: [m[Kthis statement may fall through [[01;35m[K]8;;https://gcc.gnu.org/onlinedocs/gcc/Warning-Options.html#index-Wimplicit-fallthrough=-Wimplicit-fallthrough=]8;;[m[K]
[2.647s]    33 |                 cout << "Bad mode for gpio " << gpio << [01;35m[Kendl[m[K;
[2.647s]       |                                                         [01;35m[K^~~~[m[K
[2.648s] [01m[K/home/youss/Documents/Projet/Autonomouscar/ros_ws/src/robot/src/encoders.cpp:34:13:[m[K [01;36m[Knote: [m[Khere
[2.648s]    34 |             [01;36m[Kdefault[m[K:
[2.648s]       |             [01;36m[K^~~~~~~[m[K
[2.676s] gmake[2]: *** [CMakeFiles/encoders.dir/build.make:76: CMakeFiles/encoders.dir/src/encoders.cpp.o] Error 1
[2.677s] gmake[1]: *** [CMakeFiles/Makefile2:137: CMakeFiles/encoders.dir/all] Error 2
[2.678s] gmake: *** [Makefile:146: all] Error 2
[2.684s] Invoked command in '/home/youss/Documents/Projet/Autonomouscar/ros_ws/build/robot' returned '2': CMAKE_PREFIX_PATH=${CMAKE_PREFIX_PATH}:/opt/ros/jazzy DEBUGINFOD_URLS=https://debuginfod.ubuntu.com /usr/bin/cmake --build /home/youss/Documents/Projet/Autonomouscar/ros_ws/build/robot -- -j4 -l4
