[0.053s] Invoking command in '/home/youss/Documents/Projet/Autonomouscar/ros_ws/build/robot': CMAKE_PREFIX_PATH=${CMAKE_PREFIX_PATH}:/opt/ros/jazzy DEBUGINFOD_URLS=https://debuginfod.ubuntu.com /usr/bin/cmake --build /home/youss/Documents/Projet/Autonomouscar/ros_ws/build/robot -- -j4 -l4
[0.360s] [  6%] [32mBuilding CXX object CMakeFiles/main.dir/src/main.cpp.o[0m
[0.363s] [ 20%] Built target robot_controller
[0.369s] [ 33%] Built target position_publisher
[0.371s] [ 46%] Built target listener
[0.423s] [ 53%] [32mBuilding CXX object CMakeFiles/main.dir/src/encoders.cpp.o[0m
[0.517s] [ 66%] Built target motor_subscriber
[0.525s] [ 80%] Built target position_reader
[3.435s] [01m[K/home/youss/Documents/Projet/Autonomouscar/ros_ws/src/robot/src/encoders.cpp:256:64:[m[K [01;31m[Kerror: [m[Kcannot declare member function â€˜[01m[Kstatic void Encoders::[01;32m[Kcount_number_of_changes[m[K(Encoders&)[m[Kâ€™ to have static linkage [[01;31m[K]8;;https://gcc.gnu.org/onlinedocs/gcc/Warning-Options.html#index-fpermissive-fpermissive]8;;[m[K]
[3.437s]   256 | static void Encoders::count_number_of_changes(Encoders &encoder[01;31m[K)[m[K
[3.438s]       |                                                                [01;31m[K^[m[K
[3.603s] In file included from [01m[K/usr/include/c++/13/thread:45[m[K,
[3.604s]                  from [01m[K/home/youss/Documents/Projet/Autonomouscar/ros_ws/src/robot/src/encoders.cpp:4[m[K:
[3.606s] /usr/include/c++/13/bits/std_thread.h: In instantiation of â€˜[01m[Kstd::thread::[01;32m[Kthread[m[K(_Callable&&, _Args&& ...) [35m[K[with _Callable = void (*)(Encoders&); _Args = {Encoders*}; <template-parameter-1-3> = void][m[K[m[Kâ€™:
[3.606s] [01m[K/home/youss/Documents/Projet/Autonomouscar/ros_ws/src/robot/src/encoders.cpp:265:76:[m[K   required from here
[3.607s] [01m[K/usr/include/c++/13/bits/std_thread.h:157:72:[m[K [01;31m[Kerror: [m[Kstatic assertion failed: std::thread arguments must be invocable after conversion to rvalues
[3.608s]   157 |                                       typename decay<_Args>::type...>::[01;31m[Kvalue[m[K,
[3.608s]       |                                                                        [01;31m[K^~~~~[m[K
[3.609s] [01m[K/usr/include/c++/13/bits/std_thread.h:157:72:[m[K [01;36m[Knote: [m[Kâ€˜[01m[Kstd::integral_constant<bool, false>::value[m[Kâ€™ evaluates to false
[3.625s] /usr/include/c++/13/bits/std_thread.h: In instantiation of â€˜[01m[Kstruct std::thread::_Invoker<std::tuple<void (*)(Encoders&), Encoders*> >[m[Kâ€™:
[3.625s] [01m[K/usr/include/c++/13/bits/std_thread.h:236:13:[m[K   required from â€˜[01m[Kstruct std::thread::_State_impl<std::thread::_Invoker<std::tuple<void (*)(Encoders&), Encoders*> > >[m[Kâ€™
[3.626s] [01m[K/usr/include/c++/13/bits/std_thread.h:164:29:[m[K   required from â€˜[01m[Kstd::thread::[01;32m[Kthread[m[K(_Callable&&, _Args&& ...) [35m[K[with _Callable = void (*)(Encoders&); _Args = {Encoders*}; <template-parameter-1-3> = void][m[K[m[Kâ€™
[3.627s] [01m[K/home/youss/Documents/Projet/Autonomouscar/ros_ws/src/robot/src/encoders.cpp:265:76:[m[K   required from here
[3.628s] [01m[K/usr/include/c++/13/bits/std_thread.h:291:11:[m[K [01;31m[Kerror: [m[Kno type named â€˜[01m[Ktype[m[Kâ€™ in â€˜[01m[Kstruct std::thread::_Invoker<std::tuple<void (*)(Encoders&), Encoders*> >::__result<std::tuple<void (*)(Encoders&), Encoders*> >[m[Kâ€™
[3.629s]   291 |           [01;31m[K_M_invoke[m[K(_Index_tuple<_Ind...>)
[3.629s]       |           [01;31m[K^~~~~~~~~[m[K
[3.630s] [01m[K/usr/include/c++/13/bits/std_thread.h:295:9:[m[K [01;31m[Kerror: [m[Kno type named â€˜[01m[Ktype[m[Kâ€™ in â€˜[01m[Kstruct std::thread::_Invoker<std::tuple<void (*)(Encoders&), Encoders*> >::__result<std::tuple<void (*)(Encoders&), Encoders*> >[m[Kâ€™
[3.631s]   295 |         [01;31m[Koperator[m[K()()
[3.631s]       |         [01;31m[K^~~~~~~~[m[K
[3.870s] gmake[2]: *** [CMakeFiles/main.dir/build.make:104: CMakeFiles/main.dir/src/encoders.cpp.o] Error 1
[3.871s] gmake[2]: *** Waiting for unfinished jobs....
[3.904s] gmake[1]: *** [CMakeFiles/Makefile2:147: CMakeFiles/main.dir/all] Error 2
[3.905s] gmake: *** [Makefile:146: all] Error 2
[3.913s] Invoked command in '/home/youss/Documents/Projet/Autonomouscar/ros_ws/build/robot' returned '2': CMAKE_PREFIX_PATH=${CMAKE_PREFIX_PATH}:/opt/ros/jazzy DEBUGINFOD_URLS=https://debuginfod.ubuntu.com /usr/bin/cmake --build /home/youss/Documents/Projet/Autonomouscar/ros_ws/build/robot -- -j4 -l4
