[ 14%] [32mBuilding CXX object CMakeFiles/encoders.dir/src/main.cpp.o[0m
[ 28%] [32mBuilding CXX object CMakeFiles/encoders.dir/src/encoders.cpp.o[0m
[ 42%] [32mBuilding CXX object CMakeFiles/encoders.dir/src/encoders_publisher.cpp.o[0m
[01m[K/home/youss/Documents/Projet/Autonomouscar/ros_ws/src/robot/src/encoders.cpp:[m[K In member function â€˜[01m[Kvoid Encoders::[01;32m[Kcompute_rps[m[K(Channel&)[m[Kâ€™:
[01m[K/home/youss/Documents/Projet/Autonomouscar/ros_ws/src/robot/src/encoders.cpp:209:18:[m[K [01;35m[Kwarning: [m[Kunused variable â€˜[01m[Krps[m[Kâ€™ [[01;35m[K]8;;https://gcc.gnu.org/onlinedocs/gcc/Warning-Options.html#index-Wunused-variable-Wunused-variable]8;;[m[K]
  209 |     unsigned int [01;35m[Krps[m[K = 0;
      |                  [01;35m[K^~~[m[K
[01m[K/home/youss/Documents/Projet/Autonomouscar/ros_ws/src/robot/src/encoders.cpp:[m[K In static member function â€˜[01m[Kstatic void Encoders::[01;32m[Kcompute_rps_handler[m[K(Encoders&)[m[Kâ€™:
[01m[K/home/youss/Documents/Projet/Autonomouscar/ros_ws/src/robot/src/encoders.cpp:231:24:[m[K [01;31m[Kerror: [m[Kno matching function for call to â€˜[01m[KEncoders::compute_rps()[m[Kâ€™
  231 |     [01;31m[Kencoder.compute_rps()[m[K;
      |     [01;31m[K~~~~~~~~~~~~~~~~~~~^~[m[K
[01m[K/home/youss/Documents/Projet/Autonomouscar/ros_ws/src/robot/src/encoders.cpp:198:6:[m[K [01;36m[Knote: [m[Kcandidate: â€˜[01m[Kvoid Encoders::[01;32m[Kcompute_rps[m[K(Channel&)[m[Kâ€™
  198 | void [01;36m[KEncoders[m[K::compute_rps(Channel &channel)
      |      [01;36m[K^~~~~~~~[m[K
[01m[K/home/youss/Documents/Projet/Autonomouscar/ros_ws/src/robot/src/encoders.cpp:198:6:[m[K [01;36m[Knote: [m[K  candidate expects 1 argument, 0 provided
gmake[2]: *** [CMakeFiles/encoders.dir/build.make:104: CMakeFiles/encoders.dir/src/encoders.cpp.o] Error 1
gmake[2]: *** Waiting for unfinished jobs....
gmake[1]: *** [CMakeFiles/Makefile2:137: CMakeFiles/encoders.dir/all] Error 2
gmake: *** [Makefile:146: all] Error 2
