[0.052s] Invoking command in '/home/youss/Documents/Projet/Autonomouscar/ros_ws/build/robot': CMAKE_PREFIX_PATH=${CMAKE_PREFIX_PATH}:/opt/ros/jazzy DEBUGINFOD_URLS=https://debuginfod.ubuntu.com /usr/bin/cmake --build /home/youss/Documents/Projet/Autonomouscar/ros_ws/build/robot -- -j4 -l4
[0.174s] -- Found ament_cmake: 2.5.2 (/opt/ros/jazzy/share/ament_cmake/cmake)
[1.127s] -- Override CMake install command with custom implementation using symlinks instead of copying resources
[1.161s] -- Found rclcpp: 28.1.5 (/opt/ros/jazzy/share/rclcpp/cmake)
[1.314s] -- Found rosidl_generator_c: 4.6.4 (/opt/ros/jazzy/share/rosidl_generator_c/cmake)
[1.353s] -- Found rosidl_generator_cpp: 4.6.4 (/opt/ros/jazzy/share/rosidl_generator_cpp/cmake)
[1.400s] -- Using all available rosidl_typesupport_c: rosidl_typesupport_fastrtps_c;rosidl_typesupport_introspection_c
[1.455s] -- Using all available rosidl_typesupport_cpp: rosidl_typesupport_fastrtps_cpp;rosidl_typesupport_introspection_cpp
[1.686s] -- Found rmw_implementation_cmake: 7.3.1 (/opt/ros/jazzy/share/rmw_implementation_cmake/cmake)
[1.692s] -- Found rmw_fastrtps_cpp: 8.4.1 (/opt/ros/jazzy/share/rmw_fastrtps_cpp/cmake)
[1.959s] -- Using RMW implementation 'rmw_fastrtps_cpp' as default
[2.178s] -- Found std_msgs: 5.3.5 (/opt/ros/jazzy/share/std_msgs/cmake)
[2.226s] -- Found geometry_msgs: 5.3.5 (/opt/ros/jazzy/share/geometry_msgs/cmake)
[2.281s] -- Found ament_lint_auto: 0.17.1 (/opt/ros/jazzy/share/ament_lint_auto/cmake)
[2.859s] -- Added test 'cppcheck' to perform static code analysis on C / C++ code
[2.860s] -- Configured cppcheck include dirs: $<BUILD_INTERFACE:/home/youss/Documents/Projet/Autonomouscar/ros_ws/src/robot/include>
[2.861s] -- Configured cppcheck exclude dirs and/or files: 
[2.864s] -- Added test 'flake8' to check Python code syntax and style conventions
[2.864s] -- Configured 'flake8' exclude dirs and/or files: 
[2.869s] -- Added test 'lint_cmake' to check CMake code style
[2.872s] -- Added test 'pep257' to check Python code against some of the docstring style conventions in PEP 257
[2.888s] -- Added test 'uncrustify' to check C / C++ code style
[2.888s] -- Configured uncrustify additional arguments: 
[2.891s] -- Added test 'xmllint' to check XML markup files
[2.918s] -- Configuring done (2.8s)
[3.074s] -- Generating done (0.1s)
[3.090s] -- Build files have been written to: /home/youss/Documents/Projet/Autonomouscar/ros_ws/build/robot
[3.320s] [ 11%] Built target encoders_subscriber
[3.333s] [ 23%] Built target robot_controller
[3.334s] [ 35%] Built target position_publisher
[3.339s] [ 41%] [32mBuilding CXX object CMakeFiles/main.dir/src/encoders_publisher.cpp.o[0m
[3.381s] [ 47%] [32mBuilding CXX object CMakeFiles/main.dir/src/rpi4.cpp.o[0m
[3.487s] [ 52%] [32mBuilding CXX object CMakeFiles/motor_subscriber.dir/src/motor_subscriber.cpp.o[0m
[3.493s] [ 64%] Built target position_reader
[3.539s] [ 70%] [32mBuilding CXX object CMakeFiles/motor_subscriber.dir/src/rpi4.cpp.o[0m
[16.104s] [01m[K/home/youss/Documents/Projet/Autonomouscar/ros_ws/src/robot/src/encoders_publisher.cpp:[m[K In lambda function:
[16.104s] [01m[K/home/youss/Documents/Projet/Autonomouscar/ros_ws/src/robot/src/encoders_publisher.cpp:33:43:[m[K [01;31m[Kerror: [m[Kâ€˜[01m[Kconst struct Encoders[m[Kâ€™ has no member named â€˜[01m[Kget_rps[m[Kâ€™; did you mean â€˜[01m[Kset_rps[m[Kâ€™?
[16.105s]    33 |         unsigned int rps = this->_encoder.[01;31m[Kget_rps[m[K();
[16.105s]       |                                           [01;31m[K^~~~~~~[m[K
[16.106s]       |                                           [32m[Kset_rps[m[K
[21.041s] gmake[2]: *** [CMakeFiles/main.dir/build.make:118: CMakeFiles/main.dir/src/encoders_publisher.cpp.o] Error 1
[21.042s] gmake[1]: *** [CMakeFiles/Makefile2:147: CMakeFiles/main.dir/all] Error 2
[21.043s] gmake[1]: *** Waiting for unfinished jobs....
[40.247s] [ 76%] [32m[1mLinking CXX executable motor_subscriber[0m
[41.820s] [ 76%] Built target motor_subscriber
[41.827s] gmake: *** [Makefile:146: all] Error 2
[41.836s] Invoked command in '/home/youss/Documents/Projet/Autonomouscar/ros_ws/build/robot' returned '2': CMAKE_PREFIX_PATH=${CMAKE_PREFIX_PATH}:/opt/ros/jazzy DEBUGINFOD_URLS=https://debuginfod.ubuntu.com /usr/bin/cmake --build /home/youss/Documents/Projet/Autonomouscar/ros_ws/build/robot -- -j4 -l4
