[01m[K/home/youss/Documents/Projet/Autonomouscar/ros_ws/src/robot/src/motor.cpp:[m[K In member function â€˜[01m[Kbool Motor::[01;32m[Kinit_pwm[m[K(const unsigned int&, const unsigned int&) const[m[Kâ€™:
[01m[K/home/youss/Documents/Projet/Autonomouscar/ros_ws/src/robot/src/motor.cpp:47:20:[m[K [01;35m[Kwarning: [m[Kcomparison of unsigned expression in â€˜[01m[K< 0[m[Kâ€™ is always false [[01;35m[K]8;;https://gcc.gnu.org/onlinedocs/gcc/Warning-Options.html#index-Wtype-limits-Wtype-limits]8;;[m[K]
   47 |     if (duty_cycle < MIN_DUTY_CYCLE)
[01m[K/home/youss/Documents/Projet/Autonomouscar/ros_ws/src/robot/src/motor.cpp:[m[K In member function â€˜[01m[Kvoid Motor::[01;32m[Kset_duty_cycle[m[K(const unsigned int&)[m[Kâ€™:
[01m[K/home/youss/Documents/Projet/Autonomouscar/ros_ws/src/robot/src/motor.cpp:105:25:[m[K [01;35m[Kwarning: [m[Kcomparison of unsigned expression in â€˜[01m[K< 0[m[Kâ€™ is always false [[01;35m[K]8;;https://gcc.gnu.org/onlinedocs/gcc/Warning-Options.html#index-Wtype-limits-Wtype-limits]8;;[m[K]
  105 |     else if (duty_cycle < MIN_DUTY_CYCLE)
/usr/bin/ld: CMakeFiles/main.dir/src/DWM1001_reader.cpp.o: in function `main':
DWM1001_reader.cpp:(.text+0x1408): multiple definition of `main'; CMakeFiles/main.dir/src/main.cpp.o:main.cpp:(.text+0x60): first defined here
collect2: error: ld returned 1 exit status
gmake[2]: *** [CMakeFiles/main.dir/build.make:245: main] Error 1
gmake[1]: *** [CMakeFiles/Makefile2:145: CMakeFiles/main.dir/all] Error 2
gmake: *** [Makefile:146: all] Error 2
