[ 42%] Built target encoders
[ 71%] Built target listener
[ 85%] [32mBuilding CXX object CMakeFiles/robot_controller.dir/src/robot_controller.cpp.o[0m
In file included from [01m[K/opt/ros/jazzy/include/rclcpp/rclcpp/copy_all_parameter_values.hpp:27[m[K,
                 from [01m[K/opt/ros/jazzy/include/rclcpp/rclcpp/rclcpp.hpp:171[m[K,
                 from [01m[K/home/youss/Documents/Projet/Autonomouscar/ros_ws/src/robot/include/robot/robot_controller.h:1[m[K,
                 from [01m[K/home/youss/Documents/Projet/Autonomouscar/ros_ws/src/robot/src/robot_controller.cpp:1[m[K:
[01m[K/home/youss/Documents/Projet/Autonomouscar/ros_ws/src/robot/src/robot_controller.cpp:[m[K In member function â€˜[01m[Kvoid Robot_controller::[01;32m[Kencoders_callback[m[K(std_msgs::msg::Float32_<std::allocator<void> >::UniquePtr)[m[Kâ€™:
[01m[K/home/youss/Documents/Projet/Autonomouscar/ros_ws/src/robot/src/robot_controller.cpp:22:23:[m[K [01;31m[Kerror: [m[Kâ€˜[01m[Kstruct Robot_controller[m[Kâ€™ has no member named â€˜[01m[Kgetlogger[m[Kâ€™; did you mean â€˜[01m[Kget_logger[m[Kâ€™?
   22 |     RCLCPP_INFO(this->[01;31m[Kgetlogger[m[K(), "I heard %f", msg->data);
      |                       [01;31m[K^~~~~~~~~[m[K
[01m[K/home/youss/Documents/Projet/Autonomouscar/ros_ws/src/robot/src/robot_controller.cpp:22:23:[m[K [01;31m[Kerror: [m[Kâ€˜[01m[Kstruct Robot_controller[m[Kâ€™ has no member named â€˜[01m[Kgetlogger[m[Kâ€™; did you mean â€˜[01m[Kget_logger[m[Kâ€™?
[01m[K/home/youss/Documents/Projet/Autonomouscar/ros_ws/src/robot/src/robot_controller.cpp:22:5:[m[K [01;31m[Kerror: [m[Ktemplate argument 1 is invalid
   22 |     [01;31m[KRCLCPP_INFO[m[K(this->getlogger(), "I heard %f", msg->data);
      |     [01;31m[K^~~~~~~~~~~[m[K
[01m[K/home/youss/Documents/Projet/Autonomouscar/ros_ws/src/robot/src/robot_controller.cpp:22:5:[m[K [01;31m[Kerror: [m[Ktemplate argument 1 is invalid
   22 |     [01;31m[KRCLCPP_INFO[m[K(this->getlogger(), "I heard %f", msg->data);
      |     [01;31m[K^~~~~~~~~~~[m[K
[01m[K/home/youss/Documents/Projet/Autonomouscar/ros_ws/src/robot/src/robot_controller.cpp:22:5:[m[K [01;31m[Kerror: [m[Ktemplate argument 1 is invalid
   22 |     [01;31m[KRCLCPP_INFO[m[K(this->getlogger(), "I heard %f", msg->data);
      |     [01;31m[K^~~~~~~~~~~[m[K
In file included from [01m[K/opt/ros/jazzy/include/rclcpp/rclcpp/logging.hpp:24[m[K:
[01m[K/home/youss/Documents/Projet/Autonomouscar/ros_ws/src/robot/src/robot_controller.cpp:22:23:[m[K [01;31m[Kerror: [m[Kâ€˜[01m[Kstruct Robot_controller[m[Kâ€™ has no member named â€˜[01m[Kgetlogger[m[Kâ€™; did you mean â€˜[01m[Kget_logger[m[Kâ€™?
   22 |     RCLCPP_INFO(this->[01;31m[Kgetlogger[m[K(), "I heard %f", msg->data);
      |                       [01;31m[K^~~~~~~~~[m[K
[01m[K/home/youss/Documents/Projet/Autonomouscar/ros_ws/src/robot/src/robot_controller.cpp:22:23:[m[K [01;31m[Kerror: [m[Kâ€˜[01m[Kstruct Robot_controller[m[Kâ€™ has no member named â€˜[01m[Kgetlogger[m[Kâ€™; did you mean â€˜[01m[Kget_logger[m[Kâ€™?
   22 |     RCLCPP_INFO(this->[01;31m[Kgetlogger[m[K(), "I heard %f", msg->data);
      |                       [01;31m[K^~~~~~~~~[m[K
gmake[2]: *** [CMakeFiles/robot_controller.dir/build.make:76: CMakeFiles/robot_controller.dir/src/robot_controller.cpp.o] Error 1
gmake[1]: *** [CMakeFiles/Makefile2:193: CMakeFiles/robot_controller.dir/all] Error 2
gmake: *** [Makefile:146: all] Error 2
