[0.060s] Invoking command in '/home/youss/Documents/Projet/Autonomouscar/ros_ws/build/robot': CMAKE_PREFIX_PATH=${CMAKE_PREFIX_PATH}:/opt/ros/jazzy DEBUGINFOD_URLS=https://debuginfod.ubuntu.com /usr/bin/cmake --build /home/youss/Documents/Projet/Autonomouscar/ros_ws/build/robot -- -j4 -l4
[0.404s] [ 42%] Built target encoders
[0.404s] [ 71%] Built target listener
[0.430s] [ 85%] [32mBuilding CXX object CMakeFiles/robot_controller.dir/src/robot_controller.cpp.o[0m
[13.914s] In file included from [01m[K/opt/ros/jazzy/include/rclcpp/rclcpp/copy_all_parameter_values.hpp:27[m[K,
[13.915s]                  from [01m[K/opt/ros/jazzy/include/rclcpp/rclcpp/rclcpp.hpp:171[m[K,
[13.916s]                  from [01m[K/home/youss/Documents/Projet/Autonomouscar/ros_ws/src/robot/include/robot/robot_controller.h:1[m[K,
[13.916s]                  from [01m[K/home/youss/Documents/Projet/Autonomouscar/ros_ws/src/robot/src/robot_controller.cpp:1[m[K:
[13.916s] [01m[K/home/youss/Documents/Projet/Autonomouscar/ros_ws/src/robot/src/robot_controller.cpp:[m[K In member function â€˜[01m[Kvoid Robot_controller::[01;32m[Kencoders_callback[m[K(std_msgs::msg::Float32_<std::allocator<void> >::UniquePtr)[m[Kâ€™:
[13.917s] [01m[K/home/youss/Documents/Projet/Autonomouscar/ros_ws/src/robot/src/robot_controller.cpp:22:23:[m[K [01;31m[Kerror: [m[Kâ€˜[01m[Kstruct Robot_controller[m[Kâ€™ has no member named â€˜[01m[Kgetlogger[m[Kâ€™; did you mean â€˜[01m[Kget_logger[m[Kâ€™?
[13.917s]    22 |     RCLCPP_INFO(this->[01;31m[Kgetlogger[m[K(), "I heard %f", msg->data);
[13.918s]       |                       [01;31m[K^~~~~~~~~[m[K
[13.918s] [01m[K/home/youss/Documents/Projet/Autonomouscar/ros_ws/src/robot/src/robot_controller.cpp:22:23:[m[K [01;31m[Kerror: [m[Kâ€˜[01m[Kstruct Robot_controller[m[Kâ€™ has no member named â€˜[01m[Kgetlogger[m[Kâ€™; did you mean â€˜[01m[Kget_logger[m[Kâ€™?
[13.918s] [01m[K/home/youss/Documents/Projet/Autonomouscar/ros_ws/src/robot/src/robot_controller.cpp:22:5:[m[K [01;31m[Kerror: [m[Ktemplate argument 1 is invalid
[13.919s]    22 |     [01;31m[KRCLCPP_INFO[m[K(this->getlogger(), "I heard %f", msg->data);
[13.919s]       |     [01;31m[K^~~~~~~~~~~[m[K
[13.920s] [01m[K/home/youss/Documents/Projet/Autonomouscar/ros_ws/src/robot/src/robot_controller.cpp:22:5:[m[K [01;31m[Kerror: [m[Ktemplate argument 1 is invalid
[13.920s]    22 |     [01;31m[KRCLCPP_INFO[m[K(this->getlogger(), "I heard %f", msg->data);
[13.920s]       |     [01;31m[K^~~~~~~~~~~[m[K
[13.921s] [01m[K/home/youss/Documents/Projet/Autonomouscar/ros_ws/src/robot/src/robot_controller.cpp:22:5:[m[K [01;31m[Kerror: [m[Ktemplate argument 1 is invalid
[13.921s]    22 |     [01;31m[KRCLCPP_INFO[m[K(this->getlogger(), "I heard %f", msg->data);
[13.922s]       |     [01;31m[K^~~~~~~~~~~[m[K
[13.923s] In file included from [01m[K/opt/ros/jazzy/include/rclcpp/rclcpp/logging.hpp:24[m[K:
[13.923s] [01m[K/home/youss/Documents/Projet/Autonomouscar/ros_ws/src/robot/src/robot_controller.cpp:22:23:[m[K [01;31m[Kerror: [m[Kâ€˜[01m[Kstruct Robot_controller[m[Kâ€™ has no member named â€˜[01m[Kgetlogger[m[Kâ€™; did you mean â€˜[01m[Kget_logger[m[Kâ€™?
[13.923s]    22 |     RCLCPP_INFO(this->[01;31m[Kgetlogger[m[K(), "I heard %f", msg->data);
[13.924s]       |                       [01;31m[K^~~~~~~~~[m[K
[13.924s] [01m[K/home/youss/Documents/Projet/Autonomouscar/ros_ws/src/robot/src/robot_controller.cpp:22:23:[m[K [01;31m[Kerror: [m[Kâ€˜[01m[Kstruct Robot_controller[m[Kâ€™ has no member named â€˜[01m[Kgetlogger[m[Kâ€™; did you mean â€˜[01m[Kget_logger[m[Kâ€™?
[13.925s]    22 |     RCLCPP_INFO(this->[01;31m[Kgetlogger[m[K(), "I heard %f", msg->data);
[13.926s]       |                       [01;31m[K^~~~~~~~~[m[K
[24.737s] gmake[2]: *** [CMakeFiles/robot_controller.dir/build.make:76: CMakeFiles/robot_controller.dir/src/robot_controller.cpp.o] Error 1
[24.739s] gmake[1]: *** [CMakeFiles/Makefile2:193: CMakeFiles/robot_controller.dir/all] Error 2
[24.740s] gmake: *** [Makefile:146: all] Error 2
[24.748s] Invoked command in '/home/youss/Documents/Projet/Autonomouscar/ros_ws/build/robot' returned '2': CMAKE_PREFIX_PATH=${CMAKE_PREFIX_PATH}:/opt/ros/jazzy DEBUGINFOD_URLS=https://debuginfod.ubuntu.com /usr/bin/cmake --build /home/youss/Documents/Projet/Autonomouscar/ros_ws/build/robot -- -j4 -l4
