[ 13%] Built target encoders_subscriber
[ 46%] Built target main
[ 60%] Built target position_publisher
[ 73%] Built target robot_controller
[ 93%] [32mBuilding CXX object CMakeFiles/motor_subscriber.dir/src/motor_subscriber.cpp.o[0m
[ 93%] Built target position_reader
In file included from [01m[K/home/youss/Documents/Projet/Autonomouscar/ros_ws/src/robot/src/motor_subscriber.cpp:1[m[K:
[01m[K/home/youss/Documents/Projet/Autonomouscar/ros_ws/src/robot/include/robot/motor_subscriber.h:27:42:[m[K [01;31m[Kerror: [m[Kâ€˜[01m[Kgemoetry_msgs[m[Kâ€™ does not name a type
   27 |         void set_motors_duty_cycle(const [01;31m[Kgemoetry_msgs[m[K::msg::Twist::UniquePtr &msg,
      |                                          [01;31m[K^~~~~~~~~~~~~[m[K
[01m[K/home/youss/Documents/Projet/Autonomouscar/ros_ws/src/robot/include/robot/motor_subscriber.h:27:60:[m[K [01;31m[Kerror: [m[Kexpected unqualified-id before â€˜[01m[K::[m[Kâ€™ token
   27 |         void set_motors_duty_cycle(const gemoetry_msgs::msg[01;31m[K::[m[KTwist::UniquePtr &msg,
      |                                                            [01;31m[K^~[m[K
[01m[K/home/youss/Documents/Projet/Autonomouscar/ros_ws/src/robot/include/robot/motor_subscriber.h:27:60:[m[K [01;31m[Kerror: [m[Kexpected â€˜[01m[K)[m[Kâ€™ before â€˜[01m[K::[m[Kâ€™ token
   27 |         void set_motors_duty_cycle[34m[K([m[Kconst gemoetry_msgs::msg[01;31m[K:[m[K[32m[K:[m[KTwist::UniquePtr &msg,
      |                                   [34m[K~[m[K                        [01;31m[K^[m[K[32m[K~[m[K
      |                                                            [32m[K)[m[K
[01m[K/home/youss/Documents/Projet/Autonomouscar/ros_ws/src/robot/include/robot/motor_subscriber.h:27:57:[m[K [01;31m[Kerror: [m[Kexpected â€˜[01m[K;[m[Kâ€™ at end of member declaration
   27 |         void set_motors_duty_cycle(const gemoetry_msgs::[01;31m[Kmsg[m[K::Twist::UniquePtr &msg,
      |                                                         [01;31m[K^~~[m[K
      |                                                            [32m[K;[m[K
[01m[K/home/youss/Documents/Projet/Autonomouscar/ros_ws/src/robot/include/robot/motor_subscriber.h:27:62:[m[K [01;31m[Kerror: [m[Kâ€˜[01m[KTwist[m[Kâ€™ in namespace â€˜[01m[K::[m[Kâ€™ does not name a type
   27 |         void set_motors_duty_cycle(const gemoetry_msgs::msg::[01;31m[KTwist[m[K::UniquePtr &msg,
      |                                                              [01;31m[K^~~~~[m[K
[01m[K/home/youss/Documents/Projet/Autonomouscar/ros_ws/src/robot/src/motor_subscriber.cpp:82:6:[m[K [01;31m[Kerror: [m[Kno declaration matches â€˜[01m[Kvoid Motor_subscriber::[01;32m[Kset_motors_duty_cycle[m[K(const geometry_msgs::msg::Twist_<std::allocator<void> >::UniquePtr&, Motor&, Motor&) const[m[Kâ€™
   82 | void [01;31m[KMotor_subscriber[m[K::set_motors_duty_cycle(const geometry_msgs::msg::Twist::UniquePtr &msg,
      |      [01;31m[K^~~~~~~~~~~~~~~~[m[K
[01m[K/home/youss/Documents/Projet/Autonomouscar/ros_ws/src/robot/include/robot/motor_subscriber.h:27:14:[m[K [01;36m[Knote: [m[Kcandidate is: â€˜[01m[Kvoid Motor_subscriber::[01;32m[Kset_motors_duty_cycle[m[K(...)[m[Kâ€™
   27 |         void [01;36m[Kset_motors_duty_cycle[m[K(const gemoetry_msgs::msg::Twist::UniquePtr &msg,
      |              [01;36m[K^~~~~~~~~~~~~~~~~~~~~[m[K
[01m[K/home/youss/Documents/Projet/Autonomouscar/ros_ws/src/robot/include/robot/motor_subscriber.h:19:8:[m[K [01;36m[Knote: [m[Kâ€˜[01m[Kstruct Motor_subscriber[m[Kâ€™ defined here
   19 | struct [01;36m[KMotor_subscriber[m[K : public rclcpp::Node
      |        [01;36m[K^~~~~~~~~~~~~~~~[m[K
gmake[2]: *** [CMakeFiles/motor_subscriber.dir/build.make:76: CMakeFiles/motor_subscriber.dir/src/motor_subscriber.cpp.o] Error 1
gmake[1]: *** [CMakeFiles/Makefile2:251: CMakeFiles/motor_subscriber.dir/all] Error 2
gmake: *** [Makefile:146: all] Error 2
