[0.061s] Invoking command in '/home/youss/Documents/Projet/Autonomouscar/ros_ws/build/robot': CMAKE_PREFIX_PATH=${CMAKE_PREFIX_PATH}:/opt/ros/jazzy DEBUGINFOD_URLS=https://debuginfod.ubuntu.com /usr/bin/cmake --build /home/youss/Documents/Projet/Autonomouscar/ros_ws/build/robot -- -j4 -l4
[0.397s] [ 12%] [32mBuilding CXX object CMakeFiles/robot_controller.dir/src/robot_controller.cpp.o[0m
[0.406s] [ 37%] Built target listener
[0.447s] [ 50%] [32mBuilding CXX object CMakeFiles/encoders.dir/src/encoders_publisher.cpp.o[0m
[0.450s] [ 62%] [32mBuilding CXX object CMakeFiles/encoders.dir/src/DWM1001_reader.cpp.o[0m
[18.301s] In file included from [01m[K/home/youss/Documents/Projet/Autonomouscar/ros_ws/src/robot/src/robot_controller.cpp:1[m[K:
[18.302s] [01m[K/home/youss/Documents/Projet/Autonomouscar/ros_ws/src/robot/include/robot/robot_controller.h:32:30:[m[K [01;31m[Kerror: [m[Kâ€˜[01m[Kgeometry_msgs[m[Kâ€™ was not declared in this scope
[18.305s]    32 |         rclcpp::Subscription<[01;31m[Kgeometry_msgs[m[K::msg::Point>::SharedPtr _position_subscription;
[18.308s]       |                              [01;31m[K^~~~~~~~~~~~~[m[K
[18.309s] [01m[K/home/youss/Documents/Projet/Autonomouscar/ros_ws/src/robot/include/robot/robot_controller.h:32:55:[m[K [01;31m[Kerror: [m[Ktemplate argument 1 is invalid
[18.317s]    32 |         rclcpp::Subscription<geometry_msgs::msg::Point[01;31m[K>[m[K::SharedPtr _position_subscription;
[18.318s]       |                                                       [01;31m[K^[m[K
[18.319s] [01m[K/home/youss/Documents/Projet/Autonomouscar/ros_ws/src/robot/include/robot/robot_controller.h:32:55:[m[K [01;31m[Kerror: [m[Ktemplate argument 3 is invalid
[18.320s] [01m[K/home/youss/Documents/Projet/Autonomouscar/ros_ws/src/robot/include/robot/robot_controller.h:32:55:[m[K [01;31m[Kerror: [m[Ktemplate argument 4 is invalid
[18.321s] [01m[K/home/youss/Documents/Projet/Autonomouscar/ros_ws/src/robot/include/robot/robot_controller.h:32:55:[m[K [01;31m[Kerror: [m[Ktemplate argument 5 is invalid
[18.322s] [01m[K/home/youss/Documents/Projet/Autonomouscar/ros_ws/src/robot/include/robot/robot_controller.h:32:58:[m[K [01;31m[Kerror: [m[Kexpected â€˜[01m[K;[m[Kâ€™ at end of member declaration
[18.322s]    32 |         rclcpp::Subscription<geometry_msgs::msg::Point>::[01;31m[KSharedPtr[m[K _position_subscription;
[18.324s]       |                                                          [01;31m[K^~~~~~~~~[m[K
[18.326s]       |                                                                   [32m[K;[m[K
[18.330s] [01m[K/home/youss/Documents/Projet/Autonomouscar/ros_ws/src/robot/include/robot/robot_controller.h:32:68:[m[K [01;31m[Kerror: [m[Kâ€˜[01m[K_position_subscription[m[Kâ€™ does not name a type
[18.331s]    32 |         rclcpp::Subscription<geometry_msgs::msg::Point>::SharedPtr [01;31m[K_position_subscription[m[K;
[18.337s]       |                                                                    [01;31m[K^~~~~~~~~~~~~~~~~~~~~~[m[K
[18.338s] [01m[K/home/youss/Documents/Projet/Autonomouscar/ros_ws/src/robot/include/robot/robot_controller.h:36:32:[m[K [01;31m[Kerror: [m[Kâ€˜[01m[Kgeometry_msgs[m[Kâ€™ has not been declared
[18.339s]    36 |         void position_callback([01;31m[Kgeometry_msgs[m[K::msg::Point::UniquePtr point_msg);
[18.340s]       |                                [01;31m[K^~~~~~~~~~~~~[m[K
[18.342s] [01m[K/home/youss/Documents/Projet/Autonomouscar/ros_ws/src/robot/include/robot/robot_controller.h:36:69:[m[K [01;31m[Kerror: [m[Kexpected â€˜[01m[K,[m[Kâ€™ or â€˜[01m[K...[m[Kâ€™ before â€˜[01m[Kpoint_msg[m[Kâ€™
[18.345s]    36 |         void position_callback(geometry_msgs::msg::Point::UniquePtr [01;31m[Kpoint_msg[m[K);
[18.346s]       |                                                                     [01;31m[K^~~~~~~~~[m[K
[18.486s] [01m[K/home/youss/Documents/Projet/Autonomouscar/ros_ws/src/robot/src/robot_controller.cpp:[m[K In constructor â€˜[01m[KRobot_controller::[01;32m[KRobot_controller[m[K(const std::string&)[m[Kâ€™:
[18.487s] [01m[K/home/youss/Documents/Projet/Autonomouscar/ros_ws/src/robot/src/robot_controller.cpp:14:5:[m[K [01;31m[Kerror: [m[Kâ€˜[01m[K_position_subscription[m[Kâ€™ was not declared in this scope; did you mean â€˜[01m[Krmw_destroy_subscription[m[Kâ€™?
[18.488s]    14 |     [01;31m[K_position_subscription[m[K = this->create_subscription<geometry_msgs::msg::Point>(
[18.489s]       |     [01;31m[K^~~~~~~~~~~~~~~~~~~~~~[m[K
[18.492s]       |     [32m[Krmw_destroy_subscription[m[K
[18.535s] [01m[K/home/youss/Documents/Projet/Autonomouscar/ros_ws/src/robot/src/robot_controller.cpp:14:56:[m[K [01;31m[Kerror: [m[Kâ€˜[01m[Kgeometry_msgs[m[Kâ€™ was not declared in this scope
[18.536s]    14 |     _position_subscription = this->create_subscription<[01;31m[Kgeometry_msgs[m[K::msg::Point>(
[18.537s]       |                                                        [01;31m[K^~~~~~~~~~~~~[m[K
[18.539s] [01m[K/home/youss/Documents/Projet/Autonomouscar/ros_ws/src/robot/src/robot_controller.cpp:14:36:[m[K [01;31m[Kerror: [m[Kparse error in template argument list
[18.540s]    14 |     _position_subscription = this->[01;31m[Kcreate_subscription<geometry_msgs::msg::Point>[m[K(
[18.542s]       |                                    [01;31m[K^~~~~~~~~~~~~~~~~~~~~~~~~~~~~~~~~~~~~~~~~~~~~~[m[K
[18.553s] [01m[K/home/youss/Documents/Projet/Autonomouscar/ros_ws/src/robot/src/robot_controller.cpp:14:82:[m[K [01;31m[Kerror: [m[Kno matching function for call to â€˜[01m[KRobot_controller::create_subscription<<expression error> >(const char [15], int, std::_Bind_helper<false, void (Robot_controller::*)(int), Robot_controller*, const std::_Placeholder<1>&>::type)[m[Kâ€™
[18.554s]    14 |     _position_subscription = [01;31m[Kthis->create_subscription<geometry_msgs::msg::Point>([m[K
[18.556s]       |                              [01;31m[K~~~~~~~~~~~~~~~~~~~~~~~~~~~~~~~~~~~~~~~~~~~~~~~~~~~~^[m[K
[18.558s]    15 | [01;31m[K        POSITION_TOPIC,[m[K
[18.559s]       |         [01;31m[K~~~~~~~~~~~~~~~[m[K                                                           
[18.567s]    16 | [01;31m[K        POSITION_QUEUE_DEPTH,[m[K
[18.571s]       |         [01;31m[K~~~~~~~~~~~~~~~~~~~~~[m[K                                                     
[18.572s]    17 | [01;31m[K        std::bind(&Robot_controller::position_callback, this, std::placeholders::_1)[m[K
[18.575s]       |         [01;31m[K~~~~~~~~~~~~~~~~~~~~~~~~~~~~~~~~~~~~~~~~~~~~~~~~~~~~~~~~~~~~~~~~~~~~~~~~~~~~[m[K
[18.578s]    18 | [01;31m[K    )[m[K;
[18.579s]       |     [01;31m[K~[m[K                                                                             
[18.580s] In file included from [01m[K/opt/ros/jazzy/include/rclcpp/rclcpp/node.hpp:1663[m[K,
[18.588s]                  from [01m[K/opt/ros/jazzy/include/rclcpp/rclcpp/executors/single_threaded_executor.hpp:28[m[K,
[18.589s]                  from [01m[K/opt/ros/jazzy/include/rclcpp/rclcpp/executors.hpp:22[m[K,
[18.592s]                  from [01m[K/opt/ros/jazzy/include/rclcpp/rclcpp/rclcpp.hpp:172[m[K,
[18.599s]                  from [01m[K/home/youss/Documents/Projet/Autonomouscar/ros_ws/src/robot/include/robot/robot_controller.h:1[m[K:
[18.603s] [01m[K/opt/ros/jazzy/include/rclcpp/rclcpp/node_impl.hpp:92:1:[m[K [01;36m[Knote: [m[Kcandidate: â€˜[01m[Ktemplate<class MessageT, class CallbackT, class AllocatorT, class SubscriptionT, class MessageMemoryStrategyT> std::shared_ptr<ROSMessageT> rclcpp::Node::[01;32m[Kcreate_subscription[m[K(const std::string&, const rclcpp::QoS&, CallbackT&&, const rclcpp::SubscriptionOptionsWithAllocator<AllocatorT>&, typename MessageMemoryStrategyT::SharedPtr)[m[Kâ€™
[18.603s]    92 | [01;36m[KNode[m[K::create_subscription(
[18.604s]       | [01;36m[K^~~~[m[K
[18.605s] [01m[K/opt/ros/jazzy/include/rclcpp/rclcpp/node_impl.hpp:92:1:[m[K [01;36m[Knote: [m[K  template argument deduction/substitution failed:
[18.608s] [01m[K/home/youss/Documents/Projet/Autonomouscar/ros_ws/src/robot/src/robot_controller.cpp:14:82:[m[K [01;31m[Kerror: [m[Ktemplate argument 1 is invalid
[18.609s]    14 |     _position_subscription = [01;31m[Kthis->create_subscription<geometry_msgs::msg::Point>([m[K
[18.612s]       |                              [01;31m[K~~~~~~~~~~~~~~~~~~~~~~~~~~~~~~~~~~~~~~~~~~~~~~~~~~~~^[m[K
[18.618s]    15 | [01;31m[K        POSITION_TOPIC,[m[K
[18.619s]       |         [01;31m[K~~~~~~~~~~~~~~~[m[K                                                           
[18.622s]    16 | [01;31m[K        POSITION_QUEUE_DEPTH,[m[K
[18.623s]       |         [01;31m[K~~~~~~~~~~~~~~~~~~~~~[m[K                                                     
[18.625s]    17 | [01;31m[K        std::bind(&Robot_controller::position_callback, this, std::placeholders::_1)[m[K
[18.634s]       |         [01;31m[K~~~~~~~~~~~~~~~~~~~~~~~~~~~~~~~~~~~~~~~~~~~~~~~~~~~~~~~~~~~~~~~~~~~~~~~~~~~~[m[K
[18.635s]    18 | [01;31m[K    )[m[K;
[18.636s]       |     [01;31m[K~[m[K                                                                             
[18.637s] [01m[K/home/youss/Documents/Projet/Autonomouscar/ros_ws/src/robot/src/robot_controller.cpp:[m[K At global scope:
[18.637s] [01m[K/home/youss/Documents/Projet/Autonomouscar/ros_ws/src/robot/src/robot_controller.cpp:34:6:[m[K [01;31m[Kerror: [m[Kâ€˜[01m[KRobotController[m[Kâ€™ has not been declared
[18.638s]    34 | void [01;31m[KRobotController[m[K::position_callback(geometry_msgs::msg::Point::UniquePtr point_msg)
[18.639s]       |      [01;31m[K^~~~~~~~~~~~~~~[m[K
[18.641s] [01m[K/home/youss/Documents/Projet/Autonomouscar/ros_ws/src/robot/src/robot_controller.cpp:34:6:[m[K [01;31m[Kerror: [m[Kvariable or field â€˜[01m[Kposition_callback[m[Kâ€™ declared void
[18.642s] [01m[K/home/youss/Documents/Projet/Autonomouscar/ros_ws/src/robot/src/robot_controller.cpp:34:41:[m[K [01;31m[Kerror: [m[Kâ€˜[01m[Kgeometry_msgs[m[Kâ€™ has not been declared
[18.650s]    34 | void RobotController::position_callback([01;31m[Kgeometry_msgs[m[K::msg::Point::UniquePtr point_msg)
[18.652s]       |                                         [01;31m[K^~~~~~~~~~~~~[m[K
[19.334s] In file included from [01m[K/home/youss/Documents/Projet/Autonomouscar/ros_ws/src/robot/src/DWM1001_reader.cpp:16[m[K:
[19.335s] [01m[K/home/youss/Documents/Projet/Autonomouscar/ros_ws/src/robot/include/robot/DWM1001_reader.h:43:61:[m[K [01;31m[Kerror: [m[Kcould not convert â€˜[01m[K{0.0f, 0.0f, 0.0f}[m[Kâ€™ from â€˜[01m[K<brace-enclosed initializer list>[m[Kâ€™ to â€˜[01m[Kgeometry_msgs::msg::Point[m[Kâ€™ {aka â€˜[01m[Kgeometry_msgs::msg::Point_<std::allocator<void> >[m[Kâ€™}
[19.336s]    43 |         geometry_msgs::msg::Point _point = {0.0f, 0.0f, 0.0f[01;31m[K}[m[K;
[19.337s]       |                                                             [01;31m[K^[m[K
[19.338s]       |                                                             [01;31m[K|[m[K
[19.339s]       |                                                             [01;31m[K<brace-enclosed initializer list>[m[K
[19.355s] [01m[K/home/youss/Documents/Projet/Autonomouscar/ros_ws/src/robot/src/DWM1001_reader.cpp:[m[K In constructor â€˜[01m[KDWM1001_reader::[01;32m[KDWM1001_reader[m[K()[m[Kâ€™:
[19.356s] [01m[K/home/youss/Documents/Projet/Autonomouscar/ros_ws/src/robot/src/DWM1001_reader.cpp:43:38:[m[K [01;31m[Kerror: [m[Kunable to find numeric literal operator â€˜[01m[Koperator""ms[m[Kâ€™
[19.358s]    43 |     _timer = this->create_wall_timer([01;31m[K500ms[m[K, timer_callback);
[19.359s]       |                                      [01;31m[K^~~~~[m[K
[19.370s] [01m[K/home/youss/Documents/Projet/Autonomouscar/ros_ws/src/robot/src/DWM1001_reader.cpp:[m[K In constructor â€˜[01m[KDWM1001_reader::[01;32m[KDWM1001_reader[m[K(const bool&)[m[Kâ€™:
[19.371s] [01m[K/home/youss/Documents/Projet/Autonomouscar/ros_ws/src/robot/src/DWM1001_reader.cpp:72:38:[m[K [01;31m[Kerror: [m[Kunable to find numeric literal operator â€˜[01m[Koperator""ms[m[Kâ€™
[19.372s]    72 |     _timer = this->create_wall_timer([01;31m[K500ms[m[K, timer_callback);
[19.374s]       |                                      [01;31m[K^~~~~[m[K
[26.421s] gmake[2]: *** [CMakeFiles/encoders.dir/build.make:104: CMakeFiles/encoders.dir/src/DWM1001_reader.cpp.o] Error 1
[26.422s] gmake[2]: *** Waiting for unfinished jobs....
[32.700s] gmake[2]: *** [CMakeFiles/robot_controller.dir/build.make:76: CMakeFiles/robot_controller.dir/src/robot_controller.cpp.o] Error 1
[32.701s] gmake[1]: *** [CMakeFiles/Makefile2:193: CMakeFiles/robot_controller.dir/all] Error 2
[32.701s] gmake[1]: *** Waiting for unfinished jobs....
[33.481s] gmake[1]: *** [CMakeFiles/Makefile2:141: CMakeFiles/encoders.dir/all] Error 2
[33.482s] gmake: *** [Makefile:146: all] Error 2
[33.490s] Invoked command in '/home/youss/Documents/Projet/Autonomouscar/ros_ws/build/robot' returned '2': CMAKE_PREFIX_PATH=${CMAKE_PREFIX_PATH}:/opt/ros/jazzy DEBUGINFOD_URLS=https://debuginfod.ubuntu.com /usr/bin/cmake --build /home/youss/Documents/Projet/Autonomouscar/ros_ws/build/robot -- -j4 -l4
