[0.050s] Invoking command in '/home/youss/Documents/Projet/Autonomouscar/ros_ws/build/robot': CMAKE_PREFIX_PATH=${CMAKE_PREFIX_PATH}:/opt/ros/jazzy DEBUGINFOD_URLS=https://debuginfod.ubuntu.com /usr/bin/cmake --build /home/youss/Documents/Projet/Autonomouscar/ros_ws/build/robot -- -j4 -l4
[0.348s] [ 18%] Built target listener
[0.348s] [ 36%] Built target robot_controller
[0.351s] [ 54%] Built target position_publisher
[0.377s] [ 63%] [32mBuilding CXX object CMakeFiles/encoders.dir/src/encoders.cpp.o[0m
[0.399s] [ 72%] [32mBuilding CXX object CMakeFiles/encoders.dir/src/encoders_publisher.cpp.o[0m
[0.484s] [ 90%] Built target motor_subscriber
[3.142s] [01m[K/home/youss/Documents/Projet/Autonomouscar/ros_ws/src/robot/src/encoders.cpp:[m[K In static member function â€˜[01m[Kstatic void Encoders::[01;32m[Ksignal_handler[m[K(int)[m[Kâ€™:
[3.143s] [01m[K/home/youss/Documents/Projet/Autonomouscar/ros_ws/src/robot/src/encoders.cpp:158:19:[m[K [01;31m[Kerror: [m[Kâ€˜[01m[Kstruct Encoders[m[Kâ€™ has no member named â€˜[01m[Ksignal_handler_callback[m[Kâ€™
[3.144s]   158 |         instance->[01;31m[Ksignal_handler_callback[m[K(signal);
[3.144s]       |                   [01;31m[K^~~~~~~~~~~~~~~~~~~~~~~[m[K
[3.485s] gmake[2]: *** [CMakeFiles/encoders.dir/build.make:76: CMakeFiles/encoders.dir/src/encoders.cpp.o] Error 1
[3.486s] gmake[2]: *** Waiting for unfinished jobs....
[22.127s] gmake[1]: *** [CMakeFiles/Makefile2:145: CMakeFiles/encoders.dir/all] Error 2
[22.127s] gmake: *** [Makefile:146: all] Error 2
[22.135s] Invoked command in '/home/youss/Documents/Projet/Autonomouscar/ros_ws/build/robot' returned '2': CMAKE_PREFIX_PATH=${CMAKE_PREFIX_PATH}:/opt/ros/jazzy DEBUGINFOD_URLS=https://debuginfod.ubuntu.com /usr/bin/cmake --build /home/youss/Documents/Projet/Autonomouscar/ros_ws/build/robot -- -j4 -l4
