[  6%] [32mBuilding CXX object CMakeFiles/main.dir/src/main.cpp.o[0m
[ 20%] Built target listener
[ 33%] Built target robot_controller
[ 46%] Built target position_publisher
[ 53%] [32mBuilding CXX object CMakeFiles/main.dir/src/motor.cpp.o[0m
[ 60%] [32mBuilding CXX object CMakeFiles/motor_subscriber.dir/src/motor_subscriber.cpp.o[0m
[ 73%] Built target position_reader
[01m[K/home/youss/Documents/Projet/Autonomouscar/ros_ws/src/robot/src/motor.cpp:[m[K In member function â€˜[01m[Kbool Motor::[01;32m[Kinit_pwm[m[K(const unsigned int&, const unsigned int&) const[m[Kâ€™:
[01m[K/home/youss/Documents/Projet/Autonomouscar/ros_ws/src/robot/src/motor.cpp:47:20:[m[K [01;35m[Kwarning: [m[Kcomparison of unsigned expression in â€˜[01m[K< 0[m[Kâ€™ is always false [[01;35m[K]8;;https://gcc.gnu.org/onlinedocs/gcc/Warning-Options.html#index-Wtype-limits-Wtype-limits]8;;[m[K]
   47 |     if (duty_cycle < MIN_DUTY_CYCLE)
[01m[K/home/youss/Documents/Projet/Autonomouscar/ros_ws/src/robot/src/motor.cpp:[m[K In member function â€˜[01m[Kvoid Motor::[01;32m[Kset_duty_cycle[m[K(const unsigned int&)[m[Kâ€™:
[01m[K/home/youss/Documents/Projet/Autonomouscar/ros_ws/src/robot/src/motor.cpp:105:25:[m[K [01;35m[Kwarning: [m[Kcomparison of unsigned expression in â€˜[01m[K< 0[m[Kâ€™ is always false [[01;35m[K]8;;https://gcc.gnu.org/onlinedocs/gcc/Warning-Options.html#index-Wtype-limits-Wtype-limits]8;;[m[K]
  105 |     else if (duty_cycle < MIN_DUTY_CYCLE)
[01m[K/home/youss/Documents/Projet/Autonomouscar/ros_ws/src/robot/src/motor.cpp:[m[K In member function â€˜[01m[Kvoid Motor::[01;32m[Kstop[m[K()[m[Kâ€™:
[01m[K/home/youss/Documents/Projet/Autonomouscar/ros_ws/src/robot/src/motor.cpp:128:9:[m[K [01;31m[Kerror: [m[Kâ€˜[01m[Kcerr[m[Kâ€™ was not declared in this scope; did you mean â€˜[01m[Kstd::cerr[m[Kâ€™?
  128 |         [01;31m[Kcerr[m[K << "PWM Error on gpio " << gpio << " - motor.cpp, stop - function" << endl;
      |         [01;31m[K^~~~[m[K
      |         [32m[Kstd::cerr[m[K
In file included from [01m[K/home/youss/Documents/Projet/Autonomouscar/ros_ws/src/robot/src/motor.cpp:4[m[K:
[01m[K/usr/include/c++/13/iostream:64:18:[m[K [01;36m[Knote: [m[Kâ€˜[01m[Kstd::cerr[m[Kâ€™ declared here
   64 |   extern ostream [01;36m[Kcerr[m[K;          ///< Linked to standard error (unbuffered)
      |                  [01;36m[K^~~~[m[K
[01m[K/home/youss/Documents/Projet/Autonomouscar/ros_ws/src/robot/src/motor.cpp:128:41:[m[K [01;31m[Kerror: [m[Kâ€˜[01m[Kgpio[m[Kâ€™ was not declared in this scope
  128 |         cerr << "PWM Error on gpio " << [01;31m[Kgpio[m[K << " - motor.cpp, stop - function" << endl;
      |                                         [01;31m[K^~~~[m[K
[01m[K/home/youss/Documents/Projet/Autonomouscar/ros_ws/src/robot/src/motor.cpp:128:84:[m[K [01;31m[Kerror: [m[Kâ€˜[01m[Kendl[m[Kâ€™ was not declared in this scope; did you mean â€˜[01m[Kstd::endl[m[Kâ€™?
  128 |         cerr << "PWM Error on gpio " << gpio << " - motor.cpp, stop - function" << [01;31m[Kendl[m[K;
      |                                                                                    [01;31m[K^~~~[m[K
      |                                                                                    [32m[Kstd::endl[m[K
In file included from [01m[K/usr/include/c++/13/iostream:41[m[K:
[01m[K/usr/include/c++/13/ostream:735:5:[m[K [01;36m[Knote: [m[Kâ€˜[01m[Kstd::endl[m[Kâ€™ declared here
  735 |     [01;36m[Kendl[m[K(basic_ostream<_CharT, _Traits>& __os)
      |     [01;36m[K^~~~[m[K
[01m[K/home/youss/Documents/Projet/Autonomouscar/ros_ws/src/robot/src/motor.cpp:129:16:[m[K [01;31m[Kerror: [m[Kreturn-statement with a value, in function returning â€˜[01m[Kvoid[m[Kâ€™ [[01;31m[K]8;;https://gcc.gnu.org/onlinedocs/gcc/Warning-Options.html#index-fpermissive-fpermissive]8;;[m[K]
  129 |         return [01;31m[Kfalse[m[K;
      |                [01;31m[K^~~~~[m[K
[01m[K/home/youss/Documents/Projet/Autonomouscar/ros_ws/src/robot/src/motor.cpp:132:5:[m[K [01;31m[Kerror: [m[Kâ€˜[01m[Kcout[m[Kâ€™ was not declared in this scope; did you mean â€˜[01m[Kstd::cout[m[Kâ€™?
  132 |     [01;31m[Kcout[m[K << "PWM Success on stopping the motor " << gpio << endl;
      |     [01;31m[K^~~~[m[K
      |     [32m[Kstd::cout[m[K
[01m[K/usr/include/c++/13/iostream:63:18:[m[K [01;36m[Knote: [m[Kâ€˜[01m[Kstd::cout[m[Kâ€™ declared here
   63 |   extern ostream [01;36m[Kcout[m[K;          ///< Linked to standard output
      |                  [01;36m[K^~~~[m[K
[01m[K/home/youss/Documents/Projet/Autonomouscar/ros_ws/src/robot/src/motor.cpp:132:53:[m[K [01;31m[Kerror: [m[Kâ€˜[01m[Kgpio[m[Kâ€™ was not declared in this scope
  132 |     cout << "PWM Success on stopping the motor " << [01;31m[Kgpio[m[K << endl;
      |                                                     [01;31m[K^~~~[m[K
[01m[K/home/youss/Documents/Projet/Autonomouscar/ros_ws/src/robot/src/motor.cpp:132:61:[m[K [01;31m[Kerror: [m[Kâ€˜[01m[Kendl[m[Kâ€™ was not declared in this scope; did you mean â€˜[01m[Kstd::endl[m[Kâ€™?
  132 |     cout << "PWM Success on stopping the motor " << gpio << [01;31m[Kendl[m[K;
      |                                                             [01;31m[K^~~~[m[K
      |                                                             [32m[Kstd::endl[m[K
[01m[K/usr/include/c++/13/ostream:735:5:[m[K [01;36m[Knote: [m[Kâ€˜[01m[Kstd::endl[m[Kâ€™ declared here
  735 |     [01;36m[Kendl[m[K(basic_ostream<_CharT, _Traits>& __os)
      |     [01;36m[K^~~~[m[K
gmake[2]: *** [CMakeFiles/main.dir/build.make:90: CMakeFiles/main.dir/src/motor.cpp.o] Error 1
gmake[2]: *** Waiting for unfinished jobs....
[01m[K/home/youss/Documents/Projet/Autonomouscar/ros_ws/src/robot/src/main.cpp:[m[K In function â€˜[01m[Kint[01;32m[K main[m[K()[m[Kâ€™:
[01m[K/home/youss/Documents/Projet/Autonomouscar/ros_ws/src/robot/src/main.cpp:103:20:[m[K [01;31m[Kerror: [m[Kâ€˜[01m[Kvoid Motor::[01;32m[Kstop[m[K()[m[Kâ€™ is private within this context
  103 |     [01;31m[Kleft_motor.stop()[m[K;
      |     [01;31m[K~~~~~~~~~~~~~~~^~[m[K
In file included from [01m[K/home/youss/Documents/Projet/Autonomouscar/ros_ws/src/robot/src/main.cpp:24[m[K:
[01m[K/home/youss/Documents/Projet/Autonomouscar/ros_ws/src/robot/include/robot/motor.h:31:14:[m[K [01;36m[Knote: [m[Kdeclared private here
   31 |         void [01;36m[Kstop[m[K();
      |              [01;36m[K^~~~[m[K
[01m[K/home/youss/Documents/Projet/Autonomouscar/ros_ws/src/robot/src/main.cpp:104:21:[m[K [01;31m[Kerror: [m[Kâ€˜[01m[Kvoid Motor::[01;32m[Kstop[m[K()[m[Kâ€™ is private within this context
  104 |     [01;31m[Kright_motor.stop()[m[K;
      |     [01;31m[K~~~~~~~~~~~~~~~~^~[m[K
[01m[K/home/youss/Documents/Projet/Autonomouscar/ros_ws/src/robot/include/robot/motor.h:31:14:[m[K [01;36m[Knote: [m[Kdeclared private here
   31 |         void [01;36m[Kstop[m[K();
      |              [01;36m[K^~~~[m[K
gmake[2]: *** [CMakeFiles/main.dir/build.make:76: CMakeFiles/main.dir/src/main.cpp.o] Error 1
gmake[1]: *** [CMakeFiles/Makefile2:147: CMakeFiles/main.dir/all] Error 2
gmake[1]: *** Waiting for unfinished jobs....
[01m[K/home/youss/Documents/Projet/Autonomouscar/ros_ws/src/robot/src/motor_subscriber.cpp:[m[K In member function â€˜[01m[Kvoid Motor_subscriber::[01;32m[Kset_motors_duty_cycle[m[K(Motor&, Motor&) const[m[Kâ€™:
[01m[K/home/youss/Documents/Projet/Autonomouscar/ros_ws/src/robot/src/motor_subscriber.cpp:25:53:[m[K [01;35m[Kwarning: [m[Kunused parameter â€˜[01m[Kleft_motor[m[Kâ€™ [[01;35m[K]8;;https://gcc.gnu.org/onlinedocs/gcc/Warning-Options.html#index-Wunused-parameter-Wunused-parameter]8;;[m[K]
   25 | void Motor_subscriber::set_motors_duty_cycle([01;35m[KMotor &left_motor[m[K, Motor &right_motor) const
      |                                              [01;35m[K~~~~~~~^~~~~~~~~~[m[K
[01m[K/home/youss/Documents/Projet/Autonomouscar/ros_ws/src/robot/src/motor_subscriber.cpp:25:72:[m[K [01;35m[Kwarning: [m[Kunused parameter â€˜[01m[Kright_motor[m[Kâ€™ [[01;35m[K]8;;https://gcc.gnu.org/onlinedocs/gcc/Warning-Options.html#index-Wunused-parameter-Wunused-parameter]8;;[m[K]
   25 | void Motor_subscriber::set_motors_duty_cycle(Motor &left_motor, [01;35m[KMotor &right_motor[m[K) const
      |                                                                 [01;35m[K~~~~~~~^~~~~~~~~~~[m[K
[ 80%] [32m[1mLinking CXX executable motor_subscriber[0m
[ 80%] Built target motor_subscriber
gmake: *** [Makefile:146: all] Error 2
