[0.052s] Invoking command in '/home/youss/Documents/Projet/Autonomouscar/ros_ws/build/robot': CMAKE_PREFIX_PATH=${CMAKE_PREFIX_PATH}:/opt/ros/jazzy DEBUGINFOD_URLS=https://debuginfod.ubuntu.com /usr/bin/cmake --build /home/youss/Documents/Projet/Autonomouscar/ros_ws/build/robot -- -j4 -l4
[0.351s] [  6%] [32mBuilding CXX object CMakeFiles/main.dir/src/main.cpp.o[0m
[0.352s] [ 20%] Built target listener
[0.359s] [ 33%] Built target robot_controller
[0.370s] [ 46%] Built target position_publisher
[0.418s] [ 53%] [32mBuilding CXX object CMakeFiles/main.dir/src/motor.cpp.o[0m
[0.507s] [ 60%] [32mBuilding CXX object CMakeFiles/motor_subscriber.dir/src/motor_subscriber.cpp.o[0m
[0.519s] [ 73%] Built target position_reader
[2.239s] [01m[K/home/youss/Documents/Projet/Autonomouscar/ros_ws/src/robot/src/motor.cpp:[m[K In member function â€˜[01m[Kbool Motor::[01;32m[Kinit_pwm[m[K(const unsigned int&, const unsigned int&) const[m[Kâ€™:
[2.241s] [01m[K/home/youss/Documents/Projet/Autonomouscar/ros_ws/src/robot/src/motor.cpp:47:20:[m[K [01;35m[Kwarning: [m[Kcomparison of unsigned expression in â€˜[01m[K< 0[m[Kâ€™ is always false [[01;35m[K]8;;https://gcc.gnu.org/onlinedocs/gcc/Warning-Options.html#index-Wtype-limits-Wtype-limits]8;;[m[K]
[2.242s]    47 |     if (duty_cycle < MIN_DUTY_CYCLE)
[2.254s] [01m[K/home/youss/Documents/Projet/Autonomouscar/ros_ws/src/robot/src/motor.cpp:[m[K In member function â€˜[01m[Kvoid Motor::[01;32m[Kset_duty_cycle[m[K(const unsigned int&)[m[Kâ€™:
[2.255s] [01m[K/home/youss/Documents/Projet/Autonomouscar/ros_ws/src/robot/src/motor.cpp:105:25:[m[K [01;35m[Kwarning: [m[Kcomparison of unsigned expression in â€˜[01m[K< 0[m[Kâ€™ is always false [[01;35m[K]8;;https://gcc.gnu.org/onlinedocs/gcc/Warning-Options.html#index-Wtype-limits-Wtype-limits]8;;[m[K]
[2.257s]   105 |     else if (duty_cycle < MIN_DUTY_CYCLE)
[2.258s] [01m[K/home/youss/Documents/Projet/Autonomouscar/ros_ws/src/robot/src/motor.cpp:[m[K In member function â€˜[01m[Kvoid Motor::[01;32m[Kstop[m[K()[m[Kâ€™:
[2.259s] [01m[K/home/youss/Documents/Projet/Autonomouscar/ros_ws/src/robot/src/motor.cpp:128:9:[m[K [01;31m[Kerror: [m[Kâ€˜[01m[Kcerr[m[Kâ€™ was not declared in this scope; did you mean â€˜[01m[Kstd::cerr[m[Kâ€™?
[2.260s]   128 |         [01;31m[Kcerr[m[K << "PWM Error on gpio " << gpio << " - motor.cpp, stop - function" << endl;
[2.262s]       |         [01;31m[K^~~~[m[K
[2.263s]       |         [32m[Kstd::cerr[m[K
[2.264s] In file included from [01m[K/home/youss/Documents/Projet/Autonomouscar/ros_ws/src/robot/src/motor.cpp:4[m[K:
[2.265s] [01m[K/usr/include/c++/13/iostream:64:18:[m[K [01;36m[Knote: [m[Kâ€˜[01m[Kstd::cerr[m[Kâ€™ declared here
[2.266s]    64 |   extern ostream [01;36m[Kcerr[m[K;          ///< Linked to standard error (unbuffered)
[2.267s]       |                  [01;36m[K^~~~[m[K
[2.274s] [01m[K/home/youss/Documents/Projet/Autonomouscar/ros_ws/src/robot/src/motor.cpp:128:41:[m[K [01;31m[Kerror: [m[Kâ€˜[01m[Kgpio[m[Kâ€™ was not declared in this scope
[2.275s]   128 |         cerr << "PWM Error on gpio " << [01;31m[Kgpio[m[K << " - motor.cpp, stop - function" << endl;
[2.278s]       |                                         [01;31m[K^~~~[m[K
[2.280s] [01m[K/home/youss/Documents/Projet/Autonomouscar/ros_ws/src/robot/src/motor.cpp:128:84:[m[K [01;31m[Kerror: [m[Kâ€˜[01m[Kendl[m[Kâ€™ was not declared in this scope; did you mean â€˜[01m[Kstd::endl[m[Kâ€™?
[2.281s]   128 |         cerr << "PWM Error on gpio " << gpio << " - motor.cpp, stop - function" << [01;31m[Kendl[m[K;
[2.283s]       |                                                                                    [01;31m[K^~~~[m[K
[2.284s]       |                                                                                    [32m[Kstd::endl[m[K
[2.285s] In file included from [01m[K/usr/include/c++/13/iostream:41[m[K:
[2.286s] [01m[K/usr/include/c++/13/ostream:735:5:[m[K [01;36m[Knote: [m[Kâ€˜[01m[Kstd::endl[m[Kâ€™ declared here
[2.287s]   735 |     [01;36m[Kendl[m[K(basic_ostream<_CharT, _Traits>& __os)
[2.288s]       |     [01;36m[K^~~~[m[K
[2.290s] [01m[K/home/youss/Documents/Projet/Autonomouscar/ros_ws/src/robot/src/motor.cpp:129:16:[m[K [01;31m[Kerror: [m[Kreturn-statement with a value, in function returning â€˜[01m[Kvoid[m[Kâ€™ [[01;31m[K]8;;https://gcc.gnu.org/onlinedocs/gcc/Warning-Options.html#index-fpermissive-fpermissive]8;;[m[K]
[2.291s]   129 |         return [01;31m[Kfalse[m[K;
[2.292s]       |                [01;31m[K^~~~~[m[K
[2.293s] [01m[K/home/youss/Documents/Projet/Autonomouscar/ros_ws/src/robot/src/motor.cpp:132:5:[m[K [01;31m[Kerror: [m[Kâ€˜[01m[Kcout[m[Kâ€™ was not declared in this scope; did you mean â€˜[01m[Kstd::cout[m[Kâ€™?
[2.294s]   132 |     [01;31m[Kcout[m[K << "PWM Success on stopping the motor " << gpio << endl;
[2.296s]       |     [01;31m[K^~~~[m[K
[2.297s]       |     [32m[Kstd::cout[m[K
[2.298s] [01m[K/usr/include/c++/13/iostream:63:18:[m[K [01;36m[Knote: [m[Kâ€˜[01m[Kstd::cout[m[Kâ€™ declared here
[2.299s]    63 |   extern ostream [01;36m[Kcout[m[K;          ///< Linked to standard output
[2.301s]       |                  [01;36m[K^~~~[m[K
[2.302s] [01m[K/home/youss/Documents/Projet/Autonomouscar/ros_ws/src/robot/src/motor.cpp:132:53:[m[K [01;31m[Kerror: [m[Kâ€˜[01m[Kgpio[m[Kâ€™ was not declared in this scope
[2.303s]   132 |     cout << "PWM Success on stopping the motor " << [01;31m[Kgpio[m[K << endl;
[2.303s]       |                                                     [01;31m[K^~~~[m[K
[2.304s] [01m[K/home/youss/Documents/Projet/Autonomouscar/ros_ws/src/robot/src/motor.cpp:132:61:[m[K [01;31m[Kerror: [m[Kâ€˜[01m[Kendl[m[Kâ€™ was not declared in this scope; did you mean â€˜[01m[Kstd::endl[m[Kâ€™?
[2.305s]   132 |     cout << "PWM Success on stopping the motor " << gpio << [01;31m[Kendl[m[K;
[2.306s]       |                                                             [01;31m[K^~~~[m[K
[2.307s]       |                                                             [32m[Kstd::endl[m[K
[2.308s] [01m[K/usr/include/c++/13/ostream:735:5:[m[K [01;36m[Knote: [m[Kâ€˜[01m[Kstd::endl[m[Kâ€™ declared here
[2.309s]   735 |     [01;36m[Kendl[m[K(basic_ostream<_CharT, _Traits>& __os)
[2.310s]       |     [01;36m[K^~~~[m[K
[2.509s] gmake[2]: *** [CMakeFiles/main.dir/build.make:90: CMakeFiles/main.dir/src/motor.cpp.o] Error 1
[2.510s] gmake[2]: *** Waiting for unfinished jobs....
[3.385s] [01m[K/home/youss/Documents/Projet/Autonomouscar/ros_ws/src/robot/src/main.cpp:[m[K In function â€˜[01m[Kint[01;32m[K main[m[K()[m[Kâ€™:
[3.386s] [01m[K/home/youss/Documents/Projet/Autonomouscar/ros_ws/src/robot/src/main.cpp:103:20:[m[K [01;31m[Kerror: [m[Kâ€˜[01m[Kvoid Motor::[01;32m[Kstop[m[K()[m[Kâ€™ is private within this context
[3.387s]   103 |     [01;31m[Kleft_motor.stop()[m[K;
[3.387s]       |     [01;31m[K~~~~~~~~~~~~~~~^~[m[K
[3.388s] In file included from [01m[K/home/youss/Documents/Projet/Autonomouscar/ros_ws/src/robot/src/main.cpp:24[m[K:
[3.388s] [01m[K/home/youss/Documents/Projet/Autonomouscar/ros_ws/src/robot/include/robot/motor.h:31:14:[m[K [01;36m[Knote: [m[Kdeclared private here
[3.389s]    31 |         void [01;36m[Kstop[m[K();
[3.390s]       |              [01;36m[K^~~~[m[K
[3.390s] [01m[K/home/youss/Documents/Projet/Autonomouscar/ros_ws/src/robot/src/main.cpp:104:21:[m[K [01;31m[Kerror: [m[Kâ€˜[01m[Kvoid Motor::[01;32m[Kstop[m[K()[m[Kâ€™ is private within this context
[3.391s]   104 |     [01;31m[Kright_motor.stop()[m[K;
[3.391s]       |     [01;31m[K~~~~~~~~~~~~~~~~^~[m[K
[3.392s] [01m[K/home/youss/Documents/Projet/Autonomouscar/ros_ws/src/robot/include/robot/motor.h:31:14:[m[K [01;36m[Knote: [m[Kdeclared private here
[3.392s]    31 |         void [01;36m[Kstop[m[K();
[3.393s]       |              [01;36m[K^~~~[m[K
[3.586s] gmake[2]: *** [CMakeFiles/main.dir/build.make:76: CMakeFiles/main.dir/src/main.cpp.o] Error 1
[3.587s] gmake[1]: *** [CMakeFiles/Makefile2:147: CMakeFiles/main.dir/all] Error 2
[3.588s] gmake[1]: *** Waiting for unfinished jobs....
[12.230s] [01m[K/home/youss/Documents/Projet/Autonomouscar/ros_ws/src/robot/src/motor_subscriber.cpp:[m[K In member function â€˜[01m[Kvoid Motor_subscriber::[01;32m[Kset_motors_duty_cycle[m[K(Motor&, Motor&) const[m[Kâ€™:
[12.230s] [01m[K/home/youss/Documents/Projet/Autonomouscar/ros_ws/src/robot/src/motor_subscriber.cpp:25:53:[m[K [01;35m[Kwarning: [m[Kunused parameter â€˜[01m[Kleft_motor[m[Kâ€™ [[01;35m[K]8;;https://gcc.gnu.org/onlinedocs/gcc/Warning-Options.html#index-Wunused-parameter-Wunused-parameter]8;;[m[K]
[12.231s]    25 | void Motor_subscriber::set_motors_duty_cycle([01;35m[KMotor &left_motor[m[K, Motor &right_motor) const
[12.231s]       |                                              [01;35m[K~~~~~~~^~~~~~~~~~[m[K
[12.232s] [01m[K/home/youss/Documents/Projet/Autonomouscar/ros_ws/src/robot/src/motor_subscriber.cpp:25:72:[m[K [01;35m[Kwarning: [m[Kunused parameter â€˜[01m[Kright_motor[m[Kâ€™ [[01;35m[K]8;;https://gcc.gnu.org/onlinedocs/gcc/Warning-Options.html#index-Wunused-parameter-Wunused-parameter]8;;[m[K]
[12.232s]    25 | void Motor_subscriber::set_motors_duty_cycle(Motor &left_motor, [01;35m[KMotor &right_motor[m[K) const
[12.233s]       |                                                                 [01;35m[K~~~~~~~^~~~~~~~~~~[m[K
[35.569s] [ 80%] [32m[1mLinking CXX executable motor_subscriber[0m
[37.096s] [ 80%] Built target motor_subscriber
[37.103s] gmake: *** [Makefile:146: all] Error 2
[37.111s] Invoked command in '/home/youss/Documents/Projet/Autonomouscar/ros_ws/build/robot' returned '2': CMAKE_PREFIX_PATH=${CMAKE_PREFIX_PATH}:/opt/ros/jazzy DEBUGINFOD_URLS=https://debuginfod.ubuntu.com /usr/bin/cmake --build /home/youss/Documents/Projet/Autonomouscar/ros_ws/build/robot -- -j4 -l4
