[0.049s] Invoking command in '/home/youss/Documents/Projet/Autonomouscar/ros_ws/build/robot': CMAKE_PREFIX_PATH=${CMAKE_PREFIX_PATH}:/opt/ros/jazzy DEBUGINFOD_URLS=https://debuginfod.ubuntu.com /usr/bin/cmake --build /home/youss/Documents/Projet/Autonomouscar/ros_ws/build/robot -- -j4 -l4
[0.350s] [ 15%] Built target listener
[0.351s] [ 30%] Built target robot_controller
[0.354s] [ 46%] Built target position_publisher
[0.399s] [ 53%] [32mBuilding CXX object CMakeFiles/encoders.dir/src/main.cpp.o[0m
[0.403s] [ 61%] [32mBuilding CXX object CMakeFiles/encoders.dir/src/motor.cpp.o[0m
[0.487s] [ 69%] [32mBuilding CXX object CMakeFiles/motor_subscriber.dir/src/motor_subscriber.cpp.o[0m
[0.610s] [01m[K/home/youss/Documents/Projet/Autonomouscar/ros_ws/src/robot/src/motor.cpp:[m[K In function â€˜[01m[Kbool[01;32m[K init_pwm[m[K(const unsigned int&, const unsigned int&)[m[Kâ€™:
[0.611s] [01m[K/home/youss/Documents/Projet/Autonomouscar/ros_ws/src/robot/src/motor.cpp:46:20:[m[K [01;35m[Kwarning: [m[Kcomparison of unsigned expression in â€˜[01m[K< 0[m[Kâ€™ is always false [[01;35m[K]8;;https://gcc.gnu.org/onlinedocs/gcc/Warning-Options.html#index-Wtype-limits-Wtype-limits]8;;[m[K]
[0.612s]    46 |     if (duty_cycle < MIN_DUTY_CYCLE)
[0.615s] [01m[K/home/youss/Documents/Projet/Autonomouscar/ros_ws/src/robot/src/motor.cpp:48:9:[m[K [01;31m[Kerror: [m[Kâ€˜[01m[Kcerr[m[Kâ€™ was not declared in this scope
[0.616s]    48 |         [01;31m[Kcerr[m[K << "Error : duty_cycle has been set lower than 0 - encoders.cpp, init_pwm function" << endl;
[0.617s]       |         [01;31m[K^~~~[m[K
[0.618s] [01m[K/home/youss/Documents/Projet/Autonomouscar/ros_ws/src/robot/src/motor.cpp:10:1:[m[K [01;36m[Knote: [m[Kâ€˜[01m[Kstd::cerr[m[Kâ€™ is defined in header â€˜[01m[K<iostream>[m[Kâ€™; did you forget to â€˜[01m[K#include <iostream>[m[Kâ€™?
[0.618s]     9 | #include <pigpio.h>
[0.619s]   +++ |+[32m[K#include <iostream>[m[K
[0.619s]    10 | 
[0.620s] [01m[K/home/youss/Documents/Projet/Autonomouscar/ros_ws/src/robot/src/motor.cpp:48:101:[m[K [01;31m[Kerror: [m[Kâ€˜[01m[Kendl[m[Kâ€™ was not declared in this scope
[0.621s]    48 |         cerr << "Error : duty_cycle has been set lower than 0 - encoders.cpp, init_pwm function" << [01;31m[Kendl[m[K;
[0.621s]       |                                                                                                     [01;31m[K^~~~[m[K
[0.622s] [01m[K/home/youss/Documents/Projet/Autonomouscar/ros_ws/src/robot/src/motor.cpp:10:1:[m[K [01;36m[Knote: [m[Kâ€˜[01m[Kstd::endl[m[Kâ€™ is defined in header â€˜[01m[K<ostream>[m[Kâ€™; did you forget to â€˜[01m[K#include <ostream>[m[Kâ€™?
[0.622s]     9 | #include <pigpio.h>
[0.623s]   +++ |+[32m[K#include <ostream>[m[K
[0.624s]    10 | 
[0.624s] [01m[K/home/youss/Documents/Projet/Autonomouscar/ros_ws/src/robot/src/motor.cpp:52:9:[m[K [01;31m[Kerror: [m[Kâ€˜[01m[Kcerr[m[Kâ€™ was not declared in this scope
[0.625s]    52 |         [01;31m[Kcerr[m[K << "Error : duty_cycle has been set higher than 255 - encoders.cpp, init_pwm function" << endl;
[0.625s]       |         [01;31m[K^~~~[m[K
[0.625s] [01m[K/home/youss/Documents/Projet/Autonomouscar/ros_ws/src/robot/src/motor.cpp:52:9:[m[K [01;36m[Knote: [m[Kâ€˜[01m[Kstd::cerr[m[Kâ€™ is defined in header â€˜[01m[K<iostream>[m[Kâ€™; did you forget to â€˜[01m[K#include <iostream>[m[Kâ€™?
[0.627s] [01m[K/home/youss/Documents/Projet/Autonomouscar/ros_ws/src/robot/src/motor.cpp:52:104:[m[K [01;31m[Kerror: [m[Kâ€˜[01m[Kendl[m[Kâ€™ was not declared in this scope
[0.627s]    52 |         cerr << "Error : duty_cycle has been set higher than 255 - encoders.cpp, init_pwm function" << [01;31m[Kendl[m[K;
[0.628s]       |                                                                                                        [01;31m[K^~~~[m[K
[0.628s] [01m[K/home/youss/Documents/Projet/Autonomouscar/ros_ws/src/robot/src/motor.cpp:52:104:[m[K [01;36m[Knote: [m[Kâ€˜[01m[Kstd::endl[m[Kâ€™ is defined in header â€˜[01m[K<ostream>[m[Kâ€™; did you forget to â€˜[01m[K#include <ostream>[m[Kâ€™?
[0.628s] [01m[K/home/youss/Documents/Projet/Autonomouscar/ros_ws/src/robot/src/motor.cpp:58:9:[m[K [01;31m[Kerror: [m[Kâ€˜[01m[Kcerr[m[Kâ€™ was not declared in this scope
[0.629s]    58 |         [01;31m[Kcerr[m[K << "PWM Error on gpio " << gpio << " - motor.cpp, init_pwm function" << endl;
[0.629s]       |         [01;31m[K^~~~[m[K
[0.629s] [01m[K/home/youss/Documents/Projet/Autonomouscar/ros_ws/src/robot/src/motor.cpp:58:9:[m[K [01;36m[Knote: [m[Kâ€˜[01m[Kstd::cerr[m[Kâ€™ is defined in header â€˜[01m[K<iostream>[m[Kâ€™; did you forget to â€˜[01m[K#include <iostream>[m[Kâ€™?
[0.630s] [01m[K/home/youss/Documents/Projet/Autonomouscar/ros_ws/src/robot/src/motor.cpp:58:86:[m[K [01;31m[Kerror: [m[Kâ€˜[01m[Kendl[m[Kâ€™ was not declared in this scope
[0.630s]    58 |         cerr << "PWM Error on gpio " << gpio << " - motor.cpp, init_pwm function" << [01;31m[Kendl[m[K;
[0.630s]       |                                                                                      [01;31m[K^~~~[m[K
[0.631s] [01m[K/home/youss/Documents/Projet/Autonomouscar/ros_ws/src/robot/src/motor.cpp:58:86:[m[K [01;36m[Knote: [m[Kâ€˜[01m[Kstd::endl[m[Kâ€™ is defined in header â€˜[01m[K<ostream>[m[Kâ€™; did you forget to â€˜[01m[K#include <ostream>[m[Kâ€™?
[0.631s] [01m[K/home/youss/Documents/Projet/Autonomouscar/ros_ws/src/robot/src/motor.cpp:61:5:[m[K [01;31m[Kerror: [m[Kâ€˜[01m[Kcout[m[Kâ€™ was not declared in this scope
[0.631s]    61 |     [01;31m[Kcout[m[K << "PWM Success on gpio " << gpio << endl;
[0.632s]       |     [01;31m[K^~~~[m[K
[0.632s] [01m[K/home/youss/Documents/Projet/Autonomouscar/ros_ws/src/robot/src/motor.cpp:61:5:[m[K [01;36m[Knote: [m[Kâ€˜[01m[Kstd::cout[m[Kâ€™ is defined in header â€˜[01m[K<iostream>[m[Kâ€™; did you forget to â€˜[01m[K#include <iostream>[m[Kâ€™?
[0.632s] [01m[K/home/youss/Documents/Projet/Autonomouscar/ros_ws/src/robot/src/motor.cpp:61:47:[m[K [01;31m[Kerror: [m[Kâ€˜[01m[Kendl[m[Kâ€™ was not declared in this scope
[0.633s]    61 |     cout << "PWM Success on gpio " << gpio << [01;31m[Kendl[m[K;
[0.633s]       |                                               [01;31m[K^~~~[m[K
[0.633s] [01m[K/home/youss/Documents/Projet/Autonomouscar/ros_ws/src/robot/src/motor.cpp:61:47:[m[K [01;36m[Knote: [m[Kâ€˜[01m[Kstd::endl[m[Kâ€™ is defined in header â€˜[01m[K<ostream>[m[Kâ€™; did you forget to â€˜[01m[K#include <ostream>[m[Kâ€™?
[0.634s] [01m[K/home/youss/Documents/Projet/Autonomouscar/ros_ws/src/robot/src/motor.cpp:[m[K In function â€˜[01m[Kbool[01;32m[K configure_gpio_as_output[m[K(const unsigned int&)[m[Kâ€™:
[0.634s] [01m[K/home/youss/Documents/Projet/Autonomouscar/ros_ws/src/robot/src/motor.cpp:80:17:[m[K [01;31m[Kerror: [m[Kâ€˜[01m[Kcerr[m[Kâ€™ was not declared in this scope
[0.634s]    80 |                 [01;31m[Kcerr[m[K << gpio << "is a bad gpio pin - encoders.cpp, configure_gpio_as_output function" << endl;
[0.635s]       |                 [01;31m[K^~~~[m[K
[0.635s] [01m[K/home/youss/Documents/Projet/Autonomouscar/ros_ws/src/robot/src/motor.cpp:80:17:[m[K [01;36m[Knote: [m[Kâ€˜[01m[Kstd::cerr[m[Kâ€™ is defined in header â€˜[01m[K<iostream>[m[Kâ€™; did you forget to â€˜[01m[K#include <iostream>[m[Kâ€™?
[0.635s] [01m[K/home/youss/Documents/Projet/Autonomouscar/ros_ws/src/robot/src/motor.cpp:80:106:[m[K [01;31m[Kerror: [m[Kâ€˜[01m[Kendl[m[Kâ€™ was not declared in this scope
[0.636s]    80 |                 cerr << gpio << "is a bad gpio pin - encoders.cpp, configure_gpio_as_output function" << [01;31m[Kendl[m[K;
[0.636s]       |                                                                                                          [01;31m[K^~~~[m[K
[0.636s] [01m[K/home/youss/Documents/Projet/Autonomouscar/ros_ws/src/robot/src/motor.cpp:80:106:[m[K [01;36m[Knote: [m[Kâ€˜[01m[Kstd::endl[m[Kâ€™ is defined in header â€˜[01m[K<ostream>[m[Kâ€™; did you forget to â€˜[01m[K#include <ostream>[m[Kâ€™?
[0.637s] [01m[K/home/youss/Documents/Projet/Autonomouscar/ros_ws/src/robot/src/motor.cpp:87:17:[m[K [01;31m[Kerror: [m[Kâ€˜[01m[Kcout[m[Kâ€™ was not declared in this scope
[0.637s]    87 |                 [01;31m[Kcout[m[K << "Result = " << gpio_result << endl;
[0.637s]       |                 [01;31m[K^~~~[m[K
[0.638s] [01m[K/home/youss/Documents/Projet/Autonomouscar/ros_ws/src/robot/src/motor.cpp:87:17:[m[K [01;36m[Knote: [m[Kâ€˜[01m[Kstd::cout[m[Kâ€™ is defined in header â€˜[01m[K<iostream>[m[Kâ€™; did you forget to â€˜[01m[K#include <iostream>[m[Kâ€™?
[0.638s] [01m[K/home/youss/Documents/Projet/Autonomouscar/ros_ws/src/robot/src/motor.cpp:[m[K In member function â€˜[01m[Kvoid Motor::[01;32m[Kset_duty_cycle[m[K(const unsigned int&)[m[Kâ€™:
[0.638s] [01m[K/home/youss/Documents/Projet/Autonomouscar/ros_ws/src/robot/src/motor.cpp:104:25:[m[K [01;35m[Kwarning: [m[Kcomparison of unsigned expression in â€˜[01m[K< 0[m[Kâ€™ is always false [[01;35m[K]8;;https://gcc.gnu.org/onlinedocs/gcc/Warning-Options.html#index-Wtype-limits-Wtype-limits]8;;[m[K]
[0.638s]   104 |     else if (duty_cycle < MIN_DUTY_CYCLE)
[0.639s] [01m[K/home/youss/Documents/Projet/Autonomouscar/ros_ws/src/robot/src/motor.cpp:[m[K At global scope:
[0.639s] [01m[K/home/youss/Documents/Projet/Autonomouscar/ros_ws/src/robot/src/motor.cpp:69:13:[m[K [01;35m[Kwarning: [m[Kâ€˜[01m[Kbool[01;32m[K configure_gpio_as_output[m[K(const unsigned int&)[m[Kâ€™ defined but not used [[01;35m[K]8;;https://gcc.gnu.org/onlinedocs/gcc/Warning-Options.html#index-Wunused-function-Wunused-function]8;;[m[K]
[0.639s]    69 | static bool [01;35m[Kconfigure_gpio_as_output[m[K(const unsigned int &gpio)
[0.640s]       |             [01;35m[K^~~~~~~~~~~~~~~~~~~~~~~~[m[K
[0.640s] [01m[K/home/youss/Documents/Projet/Autonomouscar/ros_ws/src/robot/src/motor.cpp:39:13:[m[K [01;35m[Kwarning: [m[Kâ€˜[01m[Kbool[01;32m[K init_pwm[m[K(const unsigned int&, const unsigned int&)[m[Kâ€™ defined but not used [[01;35m[K]8;;https://gcc.gnu.org/onlinedocs/gcc/Warning-Options.html#index-Wunused-function-Wunused-function]8;;[m[K]
[0.640s]    39 | static bool [01;35m[Kinit_pwm[m[K(const unsigned int &gpio,
[0.641s]       |             [01;35m[K^~~~~~~~[m[K
[0.641s] gmake[2]: *** [CMakeFiles/encoders.dir/build.make:90: CMakeFiles/encoders.dir/src/motor.cpp.o] Error 1
[0.641s] gmake[2]: *** Waiting for unfinished jobs....
[3.422s] gmake[1]: *** [CMakeFiles/Makefile2:145: CMakeFiles/encoders.dir/all] Error 2
[3.422s] gmake[1]: *** Waiting for unfinished jobs....
[12.044s] [01m[K/home/youss/Documents/Projet/Autonomouscar/ros_ws/src/robot/src/motor_subscriber.cpp:[m[K In member function â€˜[01m[Kvoid Motor_subscriber::[01;32m[Kset_motors_duty_cycle[m[K(Motor&, Motor&) const[m[Kâ€™:
[12.044s] [01m[K/home/youss/Documents/Projet/Autonomouscar/ros_ws/src/robot/src/motor_subscriber.cpp:25:53:[m[K [01;35m[Kwarning: [m[Kunused parameter â€˜[01m[Kleft_motor[m[Kâ€™ [[01;35m[K]8;;https://gcc.gnu.org/onlinedocs/gcc/Warning-Options.html#index-Wunused-parameter-Wunused-parameter]8;;[m[K]
[12.045s]    25 | void Motor_subscriber::set_motors_duty_cycle([01;35m[KMotor &left_motor[m[K, Motor &right_motor) const
[12.045s]       |                                              [01;35m[K~~~~~~~^~~~~~~~~~[m[K
[12.046s] [01m[K/home/youss/Documents/Projet/Autonomouscar/ros_ws/src/robot/src/motor_subscriber.cpp:25:72:[m[K [01;35m[Kwarning: [m[Kunused parameter â€˜[01m[Kright_motor[m[Kâ€™ [[01;35m[K]8;;https://gcc.gnu.org/onlinedocs/gcc/Warning-Options.html#index-Wunused-parameter-Wunused-parameter]8;;[m[K]
[12.046s]    25 | void Motor_subscriber::set_motors_duty_cycle(Motor &left_motor, [01;35m[KMotor &right_motor[m[K) const
[12.046s]       |                                                                 [01;35m[K~~~~~~~^~~~~~~~~~~[m[K
[35.840s] [ 76%] [32m[1mLinking CXX executable motor_subscriber[0m
[37.386s] [ 76%] Built target motor_subscriber
[37.392s] gmake: *** [Makefile:146: all] Error 2
[37.402s] Invoked command in '/home/youss/Documents/Projet/Autonomouscar/ros_ws/build/robot' returned '2': CMAKE_PREFIX_PATH=${CMAKE_PREFIX_PATH}:/opt/ros/jazzy DEBUGINFOD_URLS=https://debuginfod.ubuntu.com /usr/bin/cmake --build /home/youss/Documents/Projet/Autonomouscar/ros_ws/build/robot -- -j4 -l4
