[0.051s] Invoking command in '/home/youss/Documents/Projet/Autonomouscar/ros_ws/build/robot': CMAKE_PREFIX_PATH=${CMAKE_PREFIX_PATH}:/opt/ros/jazzy DEBUGINFOD_URLS=https://debuginfod.ubuntu.com /usr/bin/cmake --build /home/youss/Documents/Projet/Autonomouscar/ros_ws/build/robot -- -j4 -l4
[0.349s] [ 12%] Built target encoders_subscriber
[0.349s] [ 25%] Built target robot_controller
[0.352s] [ 37%] Built target position_publisher
[0.378s] [ 68%] Built target main
[0.478s] [ 75%] [32mBuilding CXX object CMakeFiles/motor_subscriber.dir/src/motor_subscriber.cpp.o[0m
[0.483s] [ 87%] Built target position_reader
[11.421s] In file included from [01m[K/home/youss/Documents/Projet/Autonomouscar/ros_ws/src/robot/src/motor_subscriber.cpp:1[m[K:
[11.422s] [01m[K/home/youss/Documents/Projet/Autonomouscar/ros_ws/src/robot/include/robot/motor_subscriber.h:28:57:[m[K [01;31m[Kerror: [m[Kexpected â€˜[01m[K;[m[Kâ€™ at end of member declaration
[11.422s]    28 |                         const unsigned int &motor_gpio) [01;31m[Kconst[m[K
[11.423s]       |                                                         [01;31m[K^~~~~[m[K
[11.423s]       |                                                              [32m[K;[m[K
[11.520s] [01m[K/home/youss/Documents/Projet/Autonomouscar/ros_ws/src/robot/src/motor_subscriber.cpp:[m[K In member function â€˜[01m[Kbool Motor_subscriber::[01;32m[Kset_motor_duty_cycle[m[K(const geometry_msgs::msg::Twist_<std::allocator<void> >::UniquePtr&, const unsigned int&) const[m[Kâ€™:
[11.520s] [01m[K/home/youss/Documents/Projet/Autonomouscar/ros_ws/src/robot/src/motor_subscriber.cpp:112:19:[m[K [01;31m[Kerror: [m[Kâ€˜[01m[KgpioPWM[m[Kâ€™ was not declared in this scope
[11.521s]   112 |     gpio_result = [01;31m[KgpioPWM[m[K(motor_gpio, duty_cycle);
[11.523s]       |                   [01;31m[K^~~~~~~[m[K
[11.523s] [01m[K/home/youss/Documents/Projet/Autonomouscar/ros_ws/src/robot/src/motor_subscriber.cpp:115:9:[m[K [01;31m[Kerror: [m[Kâ€˜[01m[Kcerr[m[Kâ€™ was not declared in this scope; did you mean â€˜[01m[Kstd::cerr[m[Kâ€™?
[11.524s]   115 |         [01;31m[Kcerr[m[K << "PWM Error on gpio " << gpio << " - motor.cpp, init_pwm function" << endl;
[11.524s]       |         [01;31m[K^~~~[m[K
[11.525s]       |         [32m[Kstd::cerr[m[K
[11.525s] In file included from [01m[K/opt/ros/jazzy/include/rclcpp/rclcpp/parameter.hpp:18[m[K,
[11.526s]                  from [01m[K/opt/ros/jazzy/include/rclcpp/rclcpp/copy_all_parameter_values.hpp:25[m[K,
[11.526s]                  from [01m[K/opt/ros/jazzy/include/rclcpp/rclcpp/rclcpp.hpp:171[m[K,
[11.527s]                  from [01m[K/home/youss/Documents/Projet/Autonomouscar/ros_ws/src/robot/include/robot/motor_subscriber.h:1[m[K:
[11.527s] [01m[K/usr/include/c++/13/iostream:64:18:[m[K [01;36m[Knote: [m[Kâ€˜[01m[Kstd::cerr[m[Kâ€™ declared here
[11.528s]    64 |   extern ostream [01;36m[Kcerr[m[K;          ///< Linked to standard error (unbuffered)
[11.528s]       |                  [01;36m[K^~~~[m[K
[11.544s] [01m[K/home/youss/Documents/Projet/Autonomouscar/ros_ws/src/robot/src/motor_subscriber.cpp:115:41:[m[K [01;31m[Kerror: [m[Kâ€˜[01m[Kgpio[m[Kâ€™ was not declared in this scope
[11.544s]   115 |         cerr << "PWM Error on gpio " << [01;31m[Kgpio[m[K << " - motor.cpp, init_pwm function" << endl;
[11.545s]       |                                         [01;31m[K^~~~[m[K
[11.546s] [01m[K/home/youss/Documents/Projet/Autonomouscar/ros_ws/src/robot/src/motor_subscriber.cpp:115:86:[m[K [01;31m[Kerror: [m[Kâ€˜[01m[Kendl[m[Kâ€™ was not declared in this scope; did you mean â€˜[01m[Kstd::endl[m[Kâ€™?
[11.547s]   115 |         cerr << "PWM Error on gpio " << gpio << " - motor.cpp, init_pwm function" << [01;31m[Kendl[m[K;
[11.547s]       |                                                                                      [01;31m[K^~~~[m[K
[11.548s]       |                                                                                      [32m[Kstd::endl[m[K
[11.549s] In file included from [01m[K/usr/include/c++/13/istream:41[m[K,
[11.549s]                  from [01m[K/usr/include/c++/13/sstream:40[m[K,
[11.549s]                  from [01m[K/opt/ros/jazzy/include/rcl_interfaces/rcl_interfaces/srv/detail/list_parameters__traits.hpp:13[m[K,
[11.550s]                  from [01m[K/opt/ros/jazzy/include/rcl_interfaces/rcl_interfaces/srv/list_parameters.hpp:9[m[K,
[11.550s]                  from [01m[K/opt/ros/jazzy/include/rclcpp/rclcpp/copy_all_parameter_values.hpp:21[m[K:
[11.551s] [01m[K/usr/include/c++/13/ostream:735:5:[m[K [01;36m[Knote: [m[Kâ€˜[01m[Kstd::endl[m[Kâ€™ declared here
[11.551s]   735 |     [01;36m[Kendl[m[K(basic_ostream<_CharT, _Traits>& __os)
[11.552s]       |     [01;36m[K^~~~[m[K
[11.552s] [01m[K/home/youss/Documents/Projet/Autonomouscar/ros_ws/src/robot/src/motor_subscriber.cpp:118:5:[m[K [01;31m[Kerror: [m[Kâ€˜[01m[Kcout[m[Kâ€™ was not declared in this scope; did you mean â€˜[01m[Kstd::cout[m[Kâ€™?
[11.553s]   118 |     [01;31m[Kcout[m[K << "PWM Success on gpio " << gpio << endl;
[11.553s]       |     [01;31m[K^~~~[m[K
[11.554s]       |     [32m[Kstd::cout[m[K
[11.554s] [01m[K/usr/include/c++/13/iostream:63:18:[m[K [01;36m[Knote: [m[Kâ€˜[01m[Kstd::cout[m[Kâ€™ declared here
[11.555s]    63 |   extern ostream [01;36m[Kcout[m[K;          ///< Linked to standard output
[11.555s]       |                  [01;36m[K^~~~[m[K
[11.570s] [01m[K/home/youss/Documents/Projet/Autonomouscar/ros_ws/src/robot/src/motor_subscriber.cpp:118:39:[m[K [01;31m[Kerror: [m[Kâ€˜[01m[Kgpio[m[Kâ€™ was not declared in this scope
[11.571s]   118 |     cout << "PWM Success on gpio " << [01;31m[Kgpio[m[K << endl;
[11.572s]       |                                       [01;31m[K^~~~[m[K
[11.572s] [01m[K/home/youss/Documents/Projet/Autonomouscar/ros_ws/src/robot/src/motor_subscriber.cpp:118:47:[m[K [01;31m[Kerror: [m[Kâ€˜[01m[Kendl[m[Kâ€™ was not declared in this scope; did you mean â€˜[01m[Kstd::endl[m[Kâ€™?
[11.572s]   118 |     cout << "PWM Success on gpio " << gpio << [01;31m[Kendl[m[K;
[11.573s]       |                                               [01;31m[K^~~~[m[K
[11.573s]       |                                               [32m[Kstd::endl[m[K
[11.574s] [01m[K/usr/include/c++/13/ostream:735:5:[m[K [01;36m[Knote: [m[Kâ€˜[01m[Kstd::endl[m[Kâ€™ declared here
[11.574s]   735 |     [01;36m[Kendl[m[K(basic_ostream<_CharT, _Traits>& __os)
[11.574s]       |     [01;36m[K^~~~[m[K
[20.388s] gmake[2]: *** [CMakeFiles/motor_subscriber.dir/build.make:76: CMakeFiles/motor_subscriber.dir/src/motor_subscriber.cpp.o] Error 1
[20.388s] gmake[1]: *** [CMakeFiles/Makefile2:251: CMakeFiles/motor_subscriber.dir/all] Error 2
[20.389s] gmake: *** [Makefile:146: all] Error 2
[20.397s] Invoked command in '/home/youss/Documents/Projet/Autonomouscar/ros_ws/build/robot' returned '2': CMAKE_PREFIX_PATH=${CMAKE_PREFIX_PATH}:/opt/ros/jazzy DEBUGINFOD_URLS=https://debuginfod.ubuntu.com /usr/bin/cmake --build /home/youss/Documents/Projet/Autonomouscar/ros_ws/build/robot -- -j4 -l4
