[0.050s] Invoking command in '/home/youss/Documents/Projet/Autonomouscar/ros_ws/build/robot': CMAKE_PREFIX_PATH=${CMAKE_PREFIX_PATH}:/opt/ros/jazzy DEBUGINFOD_URLS=https://debuginfod.ubuntu.com /usr/bin/cmake --build /home/youss/Documents/Projet/Autonomouscar/ros_ws/build/robot -- -j4 -l4
[0.171s] -- Found ament_cmake: 2.5.2 (/opt/ros/jazzy/share/ament_cmake/cmake)
[1.137s] -- Override CMake install command with custom implementation using symlinks instead of copying resources
[1.171s] -- Found rclcpp: 28.1.5 (/opt/ros/jazzy/share/rclcpp/cmake)
[1.321s] -- Found rosidl_generator_c: 4.6.4 (/opt/ros/jazzy/share/rosidl_generator_c/cmake)
[1.360s] -- Found rosidl_generator_cpp: 4.6.4 (/opt/ros/jazzy/share/rosidl_generator_cpp/cmake)
[1.407s] -- Using all available rosidl_typesupport_c: rosidl_typesupport_fastrtps_c;rosidl_typesupport_introspection_c
[1.462s] -- Using all available rosidl_typesupport_cpp: rosidl_typesupport_fastrtps_cpp;rosidl_typesupport_introspection_cpp
[1.691s] -- Found rmw_implementation_cmake: 7.3.1 (/opt/ros/jazzy/share/rmw_implementation_cmake/cmake)
[1.697s] -- Found rmw_fastrtps_cpp: 8.4.1 (/opt/ros/jazzy/share/rmw_fastrtps_cpp/cmake)
[1.965s] -- Using RMW implementation 'rmw_fastrtps_cpp' as default
[2.185s] -- Found std_msgs: 5.3.5 (/opt/ros/jazzy/share/std_msgs/cmake)
[2.233s] -- Found geometry_msgs: 5.3.5 (/opt/ros/jazzy/share/geometry_msgs/cmake)
[2.287s] -- Found ament_lint_auto: 0.17.1 (/opt/ros/jazzy/share/ament_lint_auto/cmake)
[2.733s] -- Added test 'cppcheck' to perform static code analysis on C / C++ code
[2.734s] -- Configured cppcheck include dirs: $<BUILD_INTERFACE:/home/youss/Documents/Projet/Autonomouscar/ros_ws/src/robot/include>
[2.734s] -- Configured cppcheck exclude dirs and/or files: 
[2.737s] -- Added test 'flake8' to check Python code syntax and style conventions
[2.738s] -- Configured 'flake8' exclude dirs and/or files: 
[2.742s] -- Added test 'lint_cmake' to check CMake code style
[2.745s] -- Added test 'pep257' to check Python code against some of the docstring style conventions in PEP 257
[2.758s] -- Added test 'uncrustify' to check C / C++ code style
[2.758s] -- Configured uncrustify additional arguments: 
[2.761s] -- Added test 'xmllint' to check XML markup files
[2.783s] -- Configuring done (2.6s)
[2.917s] -- Generating done (0.1s)
[2.932s] -- Build files have been written to: /home/youss/Documents/Projet/Autonomouscar/ros_ws/build/robot
[3.169s] [ 23%] [32mBuilding CXX object CMakeFiles/encoders.dir/src/main.cpp.o[0m
[3.170s] [ 23%] Built target listener
[3.175s] [ 38%] Built target robot_controller
[3.178s] [ 53%] Built target position_publisher
[3.228s] [ 61%] [32mBuilding CXX object CMakeFiles/encoders.dir/src/motor.cpp.o[0m
[3.319s] [ 76%] Built target motor_subscriber
[15.772s] [01m[K/home/youss/Documents/Projet/Autonomouscar/ros_ws/src/robot/src/motor.cpp:[m[K In constructor â€˜[01m[KMotor::[01;32m[KMotor[m[K(const unsigned int&, const unsigned int&, const unsigned int&)[m[Kâ€™:
[15.773s] [01m[K/home/youss/Documents/Projet/Autonomouscar/ros_ws/src/robot/src/motor.cpp:18:27:[m[K [01;31m[Kerror: [m[Kno matching function for call to â€˜[01m[Krclcpp::Node::Node()[m[Kâ€™
[15.774s]    18 |     _duty_cycle(duty_cycle[01;31m[K)[m[K
[15.774s]       |                           [01;31m[K^[m[K
[15.775s] In file included from [01m[K/opt/ros/jazzy/include/rclcpp/rclcpp/executors/single_threaded_executor.hpp:28[m[K,
[15.776s]                  from [01m[K/opt/ros/jazzy/include/rclcpp/rclcpp/executors.hpp:22[m[K,
[15.777s]                  from [01m[K/opt/ros/jazzy/include/rclcpp/rclcpp/rclcpp.hpp:172[m[K,
[15.778s]                  from [01m[K/home/youss/Documents/Projet/Autonomouscar/ros_ws/src/robot/include/robot/motor.h:1[m[K,
[15.778s]                  from [01m[K/home/youss/Documents/Projet/Autonomouscar/ros_ws/src/robot/src/motor.cpp:3[m[K:
[15.779s] [01m[K/opt/ros/jazzy/include/rclcpp/rclcpp/node.hpp:1629:3:[m[K [01;36m[Knote: [m[Kcandidate: â€˜[01m[Krclcpp::Node::[01;32m[KNode[m[K(const rclcpp::Node&, const std::string&)[m[Kâ€™
[15.780s]  1629 |   [01;36m[KNode[m[K(
[15.781s]       |   [01;36m[K^~~~[m[K
[15.781s] [01m[K/opt/ros/jazzy/include/rclcpp/rclcpp/node.hpp:1629:3:[m[K [01;36m[Knote: [m[K  candidate expects 2 arguments, 0 provided
[15.782s] [01m[K/opt/ros/jazzy/include/rclcpp/rclcpp/node.hpp:103:12:[m[K [01;36m[Knote: [m[Kcandidate: â€˜[01m[Krclcpp::Node::[01;32m[KNode[m[K(const std::string&, const std::string&, const rclcpp::NodeOptions&)[m[Kâ€™
[15.783s]   103 |   explicit [01;36m[KNode[m[K(
[15.784s]       |            [01;36m[K^~~~[m[K
[15.784s] [01m[K/opt/ros/jazzy/include/rclcpp/rclcpp/node.hpp:103:12:[m[K [01;36m[Knote: [m[K  candidate expects 3 arguments, 0 provided
[15.785s] [01m[K/opt/ros/jazzy/include/rclcpp/rclcpp/node.hpp:91:12:[m[K [01;36m[Knote: [m[Kcandidate: â€˜[01m[Krclcpp::Node::[01;32m[KNode[m[K(const std::string&, const rclcpp::NodeOptions&)[m[Kâ€™
[15.786s]    91 |   explicit [01;36m[KNode[m[K(
[15.787s]       |            [01;36m[K^~~~[m[K
[15.788s] [01m[K/opt/ros/jazzy/include/rclcpp/rclcpp/node.hpp:91:12:[m[K [01;36m[Knote: [m[K  candidate expects 2 arguments, 0 provided
[15.789s] [01m[K/home/youss/Documents/Projet/Autonomouscar/ros_ws/src/robot/src/motor.cpp:[m[K At global scope:
[15.789s] [01m[K/home/youss/Documents/Projet/Autonomouscar/ros_ws/src/robot/src/motor.cpp:36:55:[m[K [01;31m[Kerror: [m[Kcannot declare member function â€˜[01m[Kstatic bool Motor::[01;32m[Kinit_pwm[m[K(const unsigned int&, const unsigned int&)[m[Kâ€™ to have static linkage [[01;31m[K]8;;https://gcc.gnu.org/onlinedocs/gcc/Warning-Options.html#index-fpermissive-fpermissive]8;;[m[K]
[15.790s]    36 |                         const unsigned int &duty_cycle[01;31m[K)[m[K
[15.790s]       |                                                       [01;31m[K^[m[K
[15.791s] [01m[K/home/youss/Documents/Projet/Autonomouscar/ros_ws/src/robot/src/motor.cpp:[m[K In static member function â€˜[01m[Kstatic bool Motor::[01;32m[Kinit_pwm[m[K(const unsigned int&, const unsigned int&)[m[Kâ€™:
[15.792s] [01m[K/home/youss/Documents/Projet/Autonomouscar/ros_ws/src/robot/src/motor.cpp:42:20:[m[K [01;35m[Kwarning: [m[Kcomparison of unsigned expression in â€˜[01m[K< 0[m[Kâ€™ is always false [[01;35m[K]8;;https://gcc.gnu.org/onlinedocs/gcc/Warning-Options.html#index-Wtype-limits-Wtype-limits]8;;[m[K]
[15.792s]    42 |     if (duty_cycle < MIN_DUTY_CYCLE)
[15.807s] [01m[K/home/youss/Documents/Projet/Autonomouscar/ros_ws/src/robot/src/motor.cpp:51:19:[m[K [01;31m[Kerror: [m[Kâ€˜[01m[KgpioPWM[m[Kâ€™ was not declared in this scope; did you mean â€˜[01m[Kgpio[m[Kâ€™?
[15.808s]    51 |     gpio_result = [01;31m[KgpioPWM[m[K(gpio, duty_cycle);
[15.808s]       |                   [01;31m[K^~~~~~~[m[K
[15.809s]       |                   [32m[Kgpio[m[K
[15.812s] [01m[K/home/youss/Documents/Projet/Autonomouscar/ros_ws/src/robot/src/motor.cpp:[m[K At global scope:
[15.813s] [01m[K/home/youss/Documents/Projet/Autonomouscar/ros_ws/src/robot/src/motor.cpp:65:69:[m[K [01;31m[Kerror: [m[Kcannot declare member function â€˜[01m[Kstatic bool Motor::[01;32m[Kconfigure_gpio_as_output[m[K(const unsigned int&)[m[Kâ€™ to have static linkage [[01;31m[K]8;;https://gcc.gnu.org/onlinedocs/gcc/Warning-Options.html#index-fpermissive-fpermissive]8;;[m[K]
[15.814s]    65 | static bool Motor::configure_gpio_as_output(const unsigned int &gpio[01;31m[K)[m[K
[15.815s]       |                                                                     [01;31m[K^[m[K
[15.843s] [01m[K/home/youss/Documents/Projet/Autonomouscar/ros_ws/src/robot/src/motor.cpp:[m[K In static member function â€˜[01m[Kstatic bool Motor::[01;32m[Kconfigure_gpio_as_output[m[K(const unsigned int&)[m[Kâ€™:
[15.844s] [01m[K/home/youss/Documents/Projet/Autonomouscar/ros_ws/src/robot/src/motor.cpp:69:41:[m[K [01;31m[Kerror: [m[Kâ€˜[01m[KPI_OUTPUT[m[Kâ€™ was not declared in this scope
[15.845s]    69 |     int gpio_result = gpioSetMode(gpio, [01;31m[KPI_OUTPUT[m[K);
[15.846s]       |                                         [01;31m[K^~~~~~~~~[m[K
[15.877s] [01m[K/home/youss/Documents/Projet/Autonomouscar/ros_ws/src/robot/src/motor.cpp:69:23:[m[K [01;31m[Kerror: [m[Kâ€˜[01m[KgpioSetMode[m[Kâ€™ was not declared in this scope
[15.878s]    69 |     int gpio_result = [01;31m[KgpioSetMode[m[K(gpio, PI_OUTPUT);
[15.878s]       |                       [01;31m[K^~~~~~~~~~~[m[K
[15.912s] [01m[K/home/youss/Documents/Projet/Autonomouscar/ros_ws/src/robot/src/motor.cpp:75:18:[m[K [01;31m[Kerror: [m[Kâ€˜[01m[KPI_BAD_GPIO[m[Kâ€™ was not declared in this scope
[15.914s]    75 |             case [01;31m[KPI_BAD_GPIO[m[K:
[15.916s]       |                  [01;31m[K^~~~~~~~~~~[m[K
[15.949s] [01m[K/home/youss/Documents/Projet/Autonomouscar/ros_ws/src/robot/src/motor.cpp:78:18:[m[K [01;31m[Kerror: [m[Kâ€˜[01m[KPI_BAD_MODE[m[Kâ€™ was not declared in this scope
[15.950s]    78 |             case [01;31m[KPI_BAD_MODE[m[K:
[15.951s]       |                  [01;31m[K^~~~~~~~~~~[m[K
[15.955s] [01m[K/home/youss/Documents/Projet/Autonomouscar/ros_ws/src/robot/src/motor.cpp:[m[K In member function â€˜[01m[Kvoid Motor::[01;32m[Kset_duty_cycle[m[K(const unsigned int&)[m[Kâ€™:
[15.956s] [01m[K/home/youss/Documents/Projet/Autonomouscar/ros_ws/src/robot/src/motor.cpp:100:25:[m[K [01;35m[Kwarning: [m[Kcomparison of unsigned expression in â€˜[01m[K< 0[m[Kâ€™ is always false [[01;35m[K]8;;https://gcc.gnu.org/onlinedocs/gcc/Warning-Options.html#index-Wtype-limits-Wtype-limits]8;;[m[K]
[15.956s]   100 |     else if (duty_cycle < MIN_DUTY_CYCLE)
[15.988s] [01m[K/home/youss/Documents/Projet/Autonomouscar/ros_ws/src/robot/src/motor.cpp:[m[K In function â€˜[01m[Kint[01;32m[K main[m[K(int, char**)[m[Kâ€™:
[15.989s] [01m[K/home/youss/Documents/Projet/Autonomouscar/ros_ws/src/robot/src/motor.cpp:113:44:[m[K [01;31m[Kerror: [m[Kexpected â€˜[01m[K;[m[Kâ€™ before â€˜[01m[Kreturn[m[Kâ€™
[15.989s]   113 |     rclcpp::spin(std::make_shared<Motor>())
[15.990s]       |                                            [01;31m[K^[m[K
[15.990s]       |                                            [32m[K;[m[K
[15.991s]   114 |     [32m[Kreturn[m[K 0;
[15.991s]       |     [32m[K~~~~~~[m[K                                  
[18.827s] In file included from [01m[K/usr/include/c++/13/bits/stl_tempbuf.h:61[m[K,
[18.827s]                  from [01m[K/usr/include/c++/13/memory:66[m[K,
[18.828s]                  from [01m[K/opt/ros/jazzy/include/rclcpp/rclcpp/rclcpp.hpp:169[m[K:
[18.829s] /usr/include/c++/13/bits/stl_construct.h: In instantiation of â€˜[01m[Kvoid std::[01;32m[K_Construct[m[K(_Tp*, _Args&& ...) [35m[K[with _Tp = Motor; _Args = {}][m[K[m[Kâ€™:
[18.829s] [01m[K/usr/include/c++/13/bits/alloc_traits.h:661:19:[m[K   required from â€˜[01m[Kstatic void std::allocator_traits<std::allocator<void> >::[01;32m[Kconstruct[m[K(allocator_type&, _Up*, _Args&& ...) [35m[K[with _Up = Motor; _Args = {}; allocator_type = std::allocator<void>][m[K[m[Kâ€™
[18.830s] [01m[K/usr/include/c++/13/bits/shared_ptr_base.h:604:39:[m[K   required from â€˜[01m[Kstd::_Sp_counted_ptr_inplace<_Tp, _Alloc, _Lp>::[01;32m[K_Sp_counted_ptr_inplace[m[K(_Alloc, _Args&& ...) [35m[K[with _Args = {}; _Tp = Motor; _Alloc = std::allocator<void>; __gnu_cxx::_Lock_policy _Lp = __gnu_cxx::_S_atomic][m[K[m[Kâ€™
[18.830s] [01m[K/usr/include/c++/13/bits/shared_ptr_base.h:971:16:[m[K   required from â€˜[01m[Kstd::__shared_count<_Lp>::[01;32m[K__shared_count[m[K(_Tp*&, std::_Sp_alloc_shared_tag<_Alloc>, _Args&& ...) [35m[K[with _Tp = Motor; _Alloc = std::allocator<void>; _Args = {}; __gnu_cxx::_Lock_policy _Lp = __gnu_cxx::_S_atomic][m[K[m[Kâ€™
[18.831s] [01m[K/usr/include/c++/13/bits/shared_ptr_base.h:1712:14:[m[K   required from â€˜[01m[Kstd::__shared_ptr<_Tp, _Lp>::[01;32m[K__shared_ptr[m[K(std::_Sp_alloc_shared_tag<_Tp>, _Args&& ...) [35m[K[with _Alloc = std::allocator<void>; _Args = {}; _Tp = Motor; __gnu_cxx::_Lock_policy _Lp = __gnu_cxx::_S_atomic][m[K[m[Kâ€™
[18.832s] [01m[K/usr/include/c++/13/bits/shared_ptr.h:464:59:[m[K   required from â€˜[01m[Kstd::shared_ptr<_Tp>::[01;32m[Kshared_ptr[m[K(std::_Sp_alloc_shared_tag<_Tp>, _Args&& ...) [35m[K[with _Alloc = std::allocator<void>; _Args = {}; _Tp = Motor][m[K[m[Kâ€™
[18.832s] [01m[K/usr/include/c++/13/bits/shared_ptr.h:1009:14:[m[K   required from â€˜[01m[Kstd::shared_ptr<typename std::enable_if<(! std::is_array< <template-parameter-1-1> >::value), _Tp>::type> std::[01;32m[Kmake_shared[m[K(_Args&& ...) [35m[K[with _Tp = Motor; _Args = {}; typename enable_if<(! is_array< <template-parameter-1-1> >::value), _Tp>::type = Motor][m[K[m[Kâ€™
[18.833s] [01m[K/home/youss/Documents/Projet/Autonomouscar/ros_ws/src/robot/src/motor.cpp:113:41:[m[K   required from here
[18.834s] [01m[K/usr/include/c++/13/bits/stl_construct.h:119:7:[m[K [01;31m[Kerror: [m[Kno matching function for call to â€˜[01m[KMotor::Motor()[m[Kâ€™
[18.834s]   119 |       [01;31m[K::new((void*)__p) _Tp(std::forward<_Args>(__args)...)[m[K;
[18.835s]       |       [01;31m[K^~~~~~~~~~~~~~~~~~~~~~~~~~~~~~~~~~~~~~~~~~~~~~~~~~~~~[m[K
[18.835s] [01m[K/home/youss/Documents/Projet/Autonomouscar/ros_ws/src/robot/src/motor.cpp:13:1:[m[K [01;36m[Knote: [m[Kcandidate: â€˜[01m[KMotor::[01;32m[KMotor[m[K(const unsigned int&, const unsigned int&, const unsigned int&)[m[Kâ€™
[18.836s]    13 | [01;36m[KMotor[m[K::Motor(const unsigned int &MxA_gpio,
[18.837s]       | [01;36m[K^~~~~[m[K
[18.837s] [01m[K/home/youss/Documents/Projet/Autonomouscar/ros_ws/src/robot/src/motor.cpp:13:1:[m[K [01;36m[Knote: [m[K  candidate expects 3 arguments, 0 provided
[19.301s] gmake[2]: *** [CMakeFiles/encoders.dir/build.make:90: CMakeFiles/encoders.dir/src/motor.cpp.o] Error 1
[19.302s] gmake[1]: *** [CMakeFiles/Makefile2:145: CMakeFiles/encoders.dir/all] Error 2
[19.303s] gmake: *** [Makefile:146: all] Error 2
[19.311s] Invoked command in '/home/youss/Documents/Projet/Autonomouscar/ros_ws/build/robot' returned '2': CMAKE_PREFIX_PATH=${CMAKE_PREFIX_PATH}:/opt/ros/jazzy DEBUGINFOD_URLS=https://debuginfod.ubuntu.com /usr/bin/cmake --build /home/youss/Documents/Projet/Autonomouscar/ros_ws/build/robot -- -j4 -l4
