[ 25%] [32mBuilding CXX object CMakeFiles/encoders.dir/src/main.cpp.o[0m
[ 50%] [32mBuilding CXX object CMakeFiles/encoders.dir/src/encoders.cpp.o[0m
[01m[K/home/youss/Documents/Projet/Autonomouscar/ros_ws/src/robot/src/encoders.cpp:[m[K In member function â€˜[01m[Kvoid Encoders::[01;32m[Kcount_number_of_changes[m[K()[m[Kâ€™:
[01m[K/home/youss/Documents/Projet/Autonomouscar/ros_ws/src/robot/src/encoders.cpp:225:31:[m[K [01;31m[Kerror: [m[Kâ€˜[01m[K_channel[m[Kâ€™ was not declared in this scope; did you mean â€˜[01m[K_channel_gpio[m[Kâ€™?
  225 |     _channel_value = gpioRead([01;31m[K_channel[m[K);
      |                               [01;31m[K^~~~~~~~[m[K
      |                               [32m[K_channel_gpio[m[K
[01m[K/home/youss/Documents/Projet/Autonomouscar/ros_ws/src/robot/src/encoders.cpp:[m[K In member function â€˜[01m[Kvoid Encoders::[01;32m[Kcompute_rps[m[K()[m[Kâ€™:
[01m[K/home/youss/Documents/Projet/Autonomouscar/ros_ws/src/robot/src/encoders.cpp:247:31:[m[K [01;31m[Kerror: [m[Kâ€˜[01m[K_channel[m[Kâ€™ was not declared in this scope; did you mean â€˜[01m[K_channel_gpio[m[Kâ€™?
  247 |     cout << "rps channel " << [01;31m[K_channel[m[K << " : " << rps << endl;
      |                               [01;31m[K^~~~~~~~[m[K
      |                               [32m[K_channel_gpio[m[K
gmake[2]: *** [CMakeFiles/encoders.dir/build.make:90: CMakeFiles/encoders.dir/src/encoders.cpp.o] Error 1
gmake[1]: *** [CMakeFiles/Makefile2:137: CMakeFiles/encoders.dir/all] Error 2
gmake: *** [Makefile:146: all] Error 2
