[ 25%] [32mBuilding CXX object CMakeFiles/encoders.dir/src/main.cpp.o[0m
[ 50%] [32mBuilding CXX object CMakeFiles/encoders.dir/src/encoders.cpp.o[0m
[01m[K/home/youss/Documents/Projet/Autonomouscar/ros_ws/src/robot/src/encoders.cpp:[m[K In constructor â€˜[01m[KEncoders::[01;32m[KEncoders[m[K(const unsigned int&, const unsigned int&, const unsigned int&)[m[Kâ€™:
[01m[K/home/youss/Documents/Projet/Autonomouscar/ros_ws/src/robot/src/encoders.cpp:52:9:[m[K [01;31m[Kerror: [m[Kâ€˜[01m[Kcout[m[Kâ€™ was not declared in this scope; did you mean â€˜[01m[Kstd::cout[m[Kâ€™?
   52 |         [01;31m[Kcout[m[K << "Error : duty_cycle has been set lower than 0 - encoders.cpp, init_pwm function" << endl;
      |         [01;31m[K^~~~[m[K
      |         [32m[Kstd::cout[m[K
In file included from [01m[K/home/youss/Documents/Projet/Autonomouscar/ros_ws/src/robot/src/encoders.cpp:1[m[K:
[01m[K/usr/include/c++/13/iostream:63:18:[m[K [01;36m[Knote: [m[Kâ€˜[01m[Kstd::cout[m[Kâ€™ declared here
   63 |   extern ostream [01;36m[Kcout[m[K;          ///< Linked to standard output
      |                  [01;36m[K^~~~[m[K
[01m[K/home/youss/Documents/Projet/Autonomouscar/ros_ws/src/robot/src/encoders.cpp:52:101:[m[K [01;31m[Kerror: [m[Kâ€˜[01m[Kendl[m[Kâ€™ was not declared in this scope; did you mean â€˜[01m[Kstd::endl[m[Kâ€™?
   52 |         cout << "Error : duty_cycle has been set lower than 0 - encoders.cpp, init_pwm function" << [01;31m[Kendl[m[K;
      |                                                                                                     [01;31m[K^~~~[m[K
      |                                                                                                     [32m[Kstd::endl[m[K
In file included from [01m[K/usr/include/c++/13/iostream:41[m[K:
[01m[K/usr/include/c++/13/ostream:735:5:[m[K [01;36m[Knote: [m[Kâ€˜[01m[Kstd::endl[m[Kâ€™ declared here
  735 |     [01;36m[Kendl[m[K(basic_ostream<_CharT, _Traits>& __os)
      |     [01;36m[K^~~~[m[K
[01m[K/home/youss/Documents/Projet/Autonomouscar/ros_ws/src/robot/src/encoders.cpp:57:9:[m[K [01;31m[Kerror: [m[Kâ€˜[01m[Kcout[m[Kâ€™ was not declared in this scope; did you mean â€˜[01m[Kstd::cout[m[Kâ€™?
   57 |         [01;31m[Kcout[m[K << "Error : duty_cycle has been set higher than 255 - encoders.cpp, init_pwm function" << endl;
      |         [01;31m[K^~~~[m[K
      |         [32m[Kstd::cout[m[K
[01m[K/usr/include/c++/13/iostream:63:18:[m[K [01;36m[Knote: [m[Kâ€˜[01m[Kstd::cout[m[Kâ€™ declared here
   63 |   extern ostream [01;36m[Kcout[m[K;          ///< Linked to standard output
      |                  [01;36m[K^~~~[m[K
[01m[K/home/youss/Documents/Projet/Autonomouscar/ros_ws/src/robot/src/encoders.cpp:57:104:[m[K [01;31m[Kerror: [m[Kâ€˜[01m[Kendl[m[Kâ€™ was not declared in this scope; did you mean â€˜[01m[Kstd::endl[m[Kâ€™?
   57 |         cout << "Error : duty_cycle has been set higher than 255 - encoders.cpp, init_pwm function" << [01;31m[Kendl[m[K;
      |                                                                                                        [01;31m[K^~~~[m[K
      |                                                                                                        [32m[Kstd::endl[m[K
[01m[K/usr/include/c++/13/ostream:735:5:[m[K [01;36m[Knote: [m[Kâ€˜[01m[Kstd::endl[m[Kâ€™ declared here
  735 |     [01;36m[Kendl[m[K(basic_ostream<_CharT, _Traits>& __os)
      |     [01;36m[K^~~~[m[K
[01m[K/home/youss/Documents/Projet/Autonomouscar/ros_ws/src/robot/src/encoders.cpp:66:5:[m[K [01;31m[Kerror: [m[Kâ€˜[01m[K_M1_GPIO[m[Kâ€™ was not declared in this scope; did you mean â€˜[01m[KM1_GPIO[m[Kâ€™?
   66 |     [01;31m[K_M1_GPIO[m[K = M1_GPIO;
      |     [01;31m[K^~~~~~~~[m[K
      |     [32m[KM1_GPIO[m[K
[01m[K/home/youss/Documents/Projet/Autonomouscar/ros_ws/src/robot/src/encoders.cpp:73:17:[m[K [01;31m[Kerror: [m[Kinvalid use of non-static member function â€˜[01m[Kvoid Encoders::[01;32m[Kcompute_rps[m[K()[m[Kâ€™
   73 |     timer_start([01;31m[Kcompute_rps[m[K, interval);
      |                 [01;31m[K^~~~~~~~~~~[m[K
In file included from [01m[K/home/youss/Documents/Projet/Autonomouscar/ros_ws/src/robot/src/encoders.cpp:22[m[K:
[01m[K/home/youss/Documents/Projet/Autonomouscar/ros_ws/src/robot/include/robot/encoders.h:11:14:[m[K [01;36m[Knote: [m[Kdeclared here
   11 |         void [01;36m[Kcompute_rps[m[K();
      |              [01;36m[K^~~~~~~~~~~[m[K
[01m[K/home/youss/Documents/Projet/Autonomouscar/ros_ws/src/robot/src/encoders.cpp:[m[K In member function â€˜[01m[Kvoid Encoders::[01;32m[Ksignal_handler_callback[m[K(int)[m[Kâ€™:
[01m[K/home/youss/Documents/Projet/Autonomouscar/ros_ws/src/robot/src/encoders.cpp:89:13:[m[K [01;31m[Kerror: [m[Kâ€˜[01m[K_M1_GPIO[m[Kâ€™ was not declared in this scope; did you mean â€˜[01m[KM1_GPIO[m[Kâ€™?
   89 |     gpioPWM([01;31m[K_M1_GPIO[m[K, 0);
      |             [01;31m[K^~~~~~~~[m[K
      |             [32m[KM1_GPIO[m[K
[01m[K/home/youss/Documents/Projet/Autonomouscar/ros_ws/src/robot/src/encoders.cpp:[m[K In member function â€˜[01m[Kvoid Encoders::[01;32m[Kcount_number_of_changes[m[K()[m[Kâ€™:
[01m[K/home/youss/Documents/Projet/Autonomouscar/ros_ws/src/robot/src/encoders.cpp:222:31:[m[K [01;31m[Kerror: [m[Kâ€˜[01m[K_channel[m[Kâ€™ was not declared in this scope; did you mean â€˜[01m[K_channel_gpio[m[Kâ€™?
  222 |     _channel_value = gpioRead([01;31m[K_channel[m[K);
      |                               [01;31m[K^~~~~~~~[m[K
      |                               [32m[K_channel_gpio[m[K
[01m[K/home/youss/Documents/Projet/Autonomouscar/ros_ws/src/robot/src/encoders.cpp:[m[K In member function â€˜[01m[Kvoid Encoders::[01;32m[Kcompute_rps[m[K()[m[Kâ€™:
[01m[K/home/youss/Documents/Projet/Autonomouscar/ros_ws/src/robot/src/encoders.cpp:244:31:[m[K [01;31m[Kerror: [m[Kâ€˜[01m[K_channel[m[Kâ€™ was not declared in this scope; did you mean â€˜[01m[K_channel_gpio[m[Kâ€™?
  244 |     cout << "rps channel " << [01;31m[K_channel[m[K << " : " << rps << endl;
      |                               [01;31m[K^~~~~~~~[m[K
      |                               [32m[K_channel_gpio[m[K
[01m[K/home/youss/Documents/Projet/Autonomouscar/ros_ws/src/robot/src/encoders.cpp:[m[K At global scope:
[01m[K/home/youss/Documents/Projet/Autonomouscar/ros_ws/src/robot/src/encoders.cpp:250:6:[m[K [01;31m[Kerror: [m[Kno declaration matches â€˜[01m[Kvoid Encoders::[01;32m[Kcompute_rps_handler[m[K()[m[Kâ€™
  250 | void [01;31m[KEncoders[m[K::compute_rps_handler()
      |      [01;31m[K^~~~~~~~[m[K
[01m[K/home/youss/Documents/Projet/Autonomouscar/ros_ws/src/robot/src/encoders.cpp:250:6:[m[K [01;36m[Knote: [m[Kno functions named â€˜[01m[Kvoid Encoders::[01;32m[Kcompute_rps_handler[m[K()[m[Kâ€™
[01m[K/home/youss/Documents/Projet/Autonomouscar/ros_ws/src/robot/include/robot/encoders.h:3:8:[m[K [01;36m[Knote: [m[Kâ€˜[01m[Kstruct Encoders[m[Kâ€™ defined here
    3 | struct [01;36m[KEncoders[m[K
      |        [01;36m[K^~~~~~~~[m[K
gmake[2]: *** [CMakeFiles/encoders.dir/build.make:90: CMakeFiles/encoders.dir/src/encoders.cpp.o] Error 1
gmake[1]: *** [CMakeFiles/Makefile2:137: CMakeFiles/encoders.dir/all] Error 2
gmake: *** [Makefile:146: all] Error 2
