[0.050s] Invoking command in '/home/youss/Documents/Projet/Autonomouscar/ros_ws/build/robot': CMAKE_PREFIX_PATH=${CMAKE_PREFIX_PATH}:/opt/ros/jazzy DEBUGINFOD_URLS=https://debuginfod.ubuntu.com /usr/bin/cmake --build /home/youss/Documents/Projet/Autonomouscar/ros_ws/build/robot -- -j4 -l4
[0.343s] [ 13%] Built target encoders_subscriber
[0.344s] [ 46%] Built target main
[0.345s] [ 60%] Built target robot_controller
[0.348s] [ 73%] Built target position_publisher
[0.475s] [ 86%] Built target position_reader
[0.494s] [ 93%] [32mBuilding CXX object CMakeFiles/motor_subscriber.dir/src/motor_subscriber.cpp.o[0m
[11.381s] [01m[K/home/youss/Documents/Projet/Autonomouscar/ros_ws/src/robot/src/motor_subscriber.cpp:[m[K In member function â€˜[01m[Kvoid Motor_subscriber::[01;32m[Kset_motors_duty_cycle[m[K(Motor&, Motor&) const[m[Kâ€™:
[11.382s] [01m[K/home/youss/Documents/Projet/Autonomouscar/ros_ws/src/robot/src/motor_subscriber.cpp:85:20:[m[K [01;31m[Kerror: [m[Kno match for â€˜[01m[Koperator||[m[Kâ€™ (operand types are â€˜[01m[KMotor[m[Kâ€™ and â€˜[01m[KMotor[m[Kâ€™)
[11.382s]    85 |     if ([32m[Kleft_motor[m[K [01;31m[K||[m[K [34m[Kright_motor[m[K){}
[11.382s]       |         [32m[K~~~~~~~~~~[m[K [01;31m[K^~[m[K [34m[K~~~~~~~~~~~[m[K
[11.383s]       |         [32m[K|[m[K             [34m[K|[m[K
[11.383s]       |         [32m[KMotor[m[K         [34m[KMotor[m[K
[11.384s] [01m[K/home/youss/Documents/Projet/Autonomouscar/ros_ws/src/robot/src/motor_subscriber.cpp:85:20:[m[K [01;36m[Knote: [m[Kcandidate: â€˜[01m[Koperator||(bool, bool)[m[Kâ€™ (built-in)
[11.384s]    85 |     if ([01;36m[Kleft_motor || right_motor[m[K){}
[11.384s]       |         [01;36m[K~~~~~~~~~~~^~~~~~~~~~~~~~[m[K
[11.385s] [01m[K/home/youss/Documents/Projet/Autonomouscar/ros_ws/src/robot/src/motor_subscriber.cpp:85:20:[m[K [01;36m[Knote: [m[K  no known conversion for argument 2 from â€˜[01m[KMotor[m[Kâ€™ to â€˜[01m[Kbool[m[Kâ€™
[20.117s] gmake[2]: *** [CMakeFiles/motor_subscriber.dir/build.make:76: CMakeFiles/motor_subscriber.dir/src/motor_subscriber.cpp.o] Error 1
[20.117s] gmake[1]: *** [CMakeFiles/Makefile2:251: CMakeFiles/motor_subscriber.dir/all] Error 2
[20.118s] gmake: *** [Makefile:146: all] Error 2
[20.126s] Invoked command in '/home/youss/Documents/Projet/Autonomouscar/ros_ws/build/robot' returned '2': CMAKE_PREFIX_PATH=${CMAKE_PREFIX_PATH}:/opt/ros/jazzy DEBUGINFOD_URLS=https://debuginfod.ubuntu.com /usr/bin/cmake --build /home/youss/Documents/Projet/Autonomouscar/ros_ws/build/robot -- -j4 -l4
