[0.064s] Invoking command in '/home/youss/Documents/Projet/Autonomouscar/ros_ws/build/robot': CMAKE_PREFIX_PATH=${CMAKE_PREFIX_PATH}:/opt/ros/jazzy DEBUGINFOD_URLS=https://debuginfod.ubuntu.com /usr/bin/cmake --build /home/youss/Documents/Projet/Autonomouscar/ros_ws/build/robot -- -j4 -l4
[0.419s] [ 22%] Built target listener
[0.460s] [ 55%] Built target encoders
[0.475s] [ 66%] [32mBuilding CXX object CMakeFiles/robot_controller.dir/src/robot_controller.cpp.o[0m
[0.510s] [ 77%] [32mBuilding CXX object CMakeFiles/position_publisher.dir/src/DWM1001_reader.cpp.o[0m
[15.995s] [01m[K/home/youss/Documents/Projet/Autonomouscar/ros_ws/src/robot/src/robot_controller.cpp:37:6:[m[K [01;31m[Kerror: [m[Kâ€˜[01m[KRobotController[m[Kâ€™ has not been declared
[15.996s]    37 | void [01;31m[KRobotController[m[K::position_callback(geometry_msgs::msg::Point::UniquePtr point_msg)
[15.997s]       |      [01;31m[K^~~~~~~~~~~~~~~[m[K
[16.027s] [01m[K/home/youss/Documents/Projet/Autonomouscar/ros_ws/src/robot/src/robot_controller.cpp:[m[K In function â€˜[01m[Kvoid[01;32m[K position_callback[m[K(geometry_msgs::msg::Point_<std::allocator<void> >::UniquePtr)[m[Kâ€™:
[16.028s] [01m[K/home/youss/Documents/Projet/Autonomouscar/ros_ws/src/robot/src/robot_controller.cpp:39:26:[m[K [01;31m[Kerror: [m[Kâ€˜[01m[Kusing geometry_msgs::msg::Point_<std::allocator<void> >::UniquePtr = geometry_msgs::msg::Point_<std::allocator<void> >::UniquePtrWithDeleter<std::default_delete<geometry_msgs::msg::Point_<std::allocator<void> > > >[m[Kâ€™ {aka â€˜[01m[Kclass std::unique_ptr<geometry_msgs::msg::Point_<std::allocator<void> >, std::default_delete<geometry_msgs::msg::Point_<std::allocator<void> > > >[m[Kâ€™} has no member named â€˜[01m[Kx[m[Kâ€™
[16.029s]    39 |     double x = point_msg.[01;31m[Kx[m[K;
[16.030s]       |                          [01;31m[K^[m[K
[16.031s] [01m[K/home/youss/Documents/Projet/Autonomouscar/ros_ws/src/robot/src/robot_controller.cpp:40:26:[m[K [01;31m[Kerror: [m[Kâ€˜[01m[Kusing geometry_msgs::msg::Point_<std::allocator<void> >::UniquePtr = geometry_msgs::msg::Point_<std::allocator<void> >::UniquePtrWithDeleter<std::default_delete<geometry_msgs::msg::Point_<std::allocator<void> > > >[m[Kâ€™ {aka â€˜[01m[Kclass std::unique_ptr<geometry_msgs::msg::Point_<std::allocator<void> >, std::default_delete<geometry_msgs::msg::Point_<std::allocator<void> > > >[m[Kâ€™} has no member named â€˜[01m[Ky[m[Kâ€™
[16.032s]    40 |     double y = point_msg.[01;31m[Ky[m[K;
[16.032s]       |                          [01;31m[K^[m[K
[16.033s] [01m[K/home/youss/Documents/Projet/Autonomouscar/ros_ws/src/robot/src/robot_controller.cpp:41:26:[m[K [01;31m[Kerror: [m[Kâ€˜[01m[Kusing geometry_msgs::msg::Point_<std::allocator<void> >::UniquePtr = geometry_msgs::msg::Point_<std::allocator<void> >::UniquePtrWithDeleter<std::default_delete<geometry_msgs::msg::Point_<std::allocator<void> > > >[m[Kâ€™ {aka â€˜[01m[Kclass std::unique_ptr<geometry_msgs::msg::Point_<std::allocator<void> >, std::default_delete<geometry_msgs::msg::Point_<std::allocator<void> > > >[m[Kâ€™} has no member named â€˜[01m[Kz[m[Kâ€™
[16.034s]    41 |     double z = point_msg.[01;31m[Kz[m[K;
[16.035s]       |                          [01;31m[K^[m[K
[16.036s] In file included from [01m[K/opt/ros/jazzy/include/rclcpp/rclcpp/copy_all_parameter_values.hpp:27[m[K,
[16.037s]                  from [01m[K/opt/ros/jazzy/include/rclcpp/rclcpp/rclcpp.hpp:171[m[K,
[16.038s]                  from [01m[K/home/youss/Documents/Projet/Autonomouscar/ros_ws/src/robot/include/robot/robot_controller.h:1[m[K,
[16.039s]                  from [01m[K/home/youss/Documents/Projet/Autonomouscar/ros_ws/src/robot/src/robot_controller.cpp:1[m[K:
[16.041s] [01m[K/home/youss/Documents/Projet/Autonomouscar/ros_ws/src/robot/src/robot_controller.cpp:42:17:[m[K [01;31m[Kerror: [m[Kinvalid use of â€˜[01m[Kthis[m[Kâ€™ in non-member function
[16.042s]    42 |     RCLCPP_INFO([01;31m[Kthis[m[K->get_logger(), "I heard x = %f, y = %f, z = %f", x, y, z);
[16.044s]       |                 [01;31m[K^~~~[m[K
[16.045s] [01m[K/home/youss/Documents/Projet/Autonomouscar/ros_ws/src/robot/src/robot_controller.cpp:42:17:[m[K [01;31m[Kerror: [m[Kinvalid use of â€˜[01m[Kthis[m[Kâ€™ in non-member function
[16.046s] [01m[K/home/youss/Documents/Projet/Autonomouscar/ros_ws/src/robot/src/robot_controller.cpp:42:5:[m[K [01;31m[Kerror: [m[Ktemplate argument 1 is invalid
[16.047s]    42 |     [01;31m[KRCLCPP_INFO[m[K(this->get_logger(), "I heard x = %f, y = %f, z = %f", x, y, z);
[16.047s]       |     [01;31m[K^~~~~~~~~~~[m[K
[16.048s] [01m[K/home/youss/Documents/Projet/Autonomouscar/ros_ws/src/robot/src/robot_controller.cpp:42:5:[m[K [01;31m[Kerror: [m[Ktemplate argument 1 is invalid
[16.050s]    42 |     [01;31m[KRCLCPP_INFO[m[K(this->get_logger(), "I heard x = %f, y = %f, z = %f", x, y, z);
[16.051s]       |     [01;31m[K^~~~~~~~~~~[m[K
[16.052s] [01m[K/home/youss/Documents/Projet/Autonomouscar/ros_ws/src/robot/src/robot_controller.cpp:42:5:[m[K [01;31m[Kerror: [m[Ktemplate argument 1 is invalid
[16.053s]    42 |     [01;31m[KRCLCPP_INFO[m[K(this->get_logger(), "I heard x = %f, y = %f, z = %f", x, y, z);
[16.055s]       |     [01;31m[K^~~~~~~~~~~[m[K
[16.056s] In file included from [01m[K/opt/ros/jazzy/include/rclcpp/rclcpp/logging.hpp:24[m[K:
[16.057s] [01m[K/home/youss/Documents/Projet/Autonomouscar/ros_ws/src/robot/src/robot_controller.cpp:42:17:[m[K [01;31m[Kerror: [m[Kinvalid use of â€˜[01m[Kthis[m[Kâ€™ in non-member function
[16.058s]    42 |     RCLCPP_INFO([01;31m[Kthis[m[K->get_logger(), "I heard x = %f, y = %f, z = %f", x, y, z);
[16.060s]       |                 [01;31m[K^~~~[m[K
[16.061s] [01m[K/home/youss/Documents/Projet/Autonomouscar/ros_ws/src/robot/src/robot_controller.cpp:42:17:[m[K [01;31m[Kerror: [m[Kinvalid use of â€˜[01m[Kthis[m[Kâ€™ in non-member function
[16.062s]    42 |     RCLCPP_INFO([01;31m[Kthis[m[K->get_logger(), "I heard x = %f, y = %f, z = %f", x, y, z);
[16.063s]       |                 [01;31m[K^~~~[m[K
[16.065s] [01m[K/home/youss/Documents/Projet/Autonomouscar/ros_ws/src/robot/src/robot_controller.cpp:43:5:[m[K [01;31m[Kerror: [m[Kâ€˜[01m[K_x[m[Kâ€™ was not declared in this scope; did you mean â€˜[01m[Kx[m[Kâ€™?
[16.066s]    43 |     [01;31m[K_x[m[K = x;
[16.067s]       |     [01;31m[K^~[m[K
[16.068s]       |     [32m[Kx[m[K
[16.073s] [01m[K/home/youss/Documents/Projet/Autonomouscar/ros_ws/src/robot/src/robot_controller.cpp:44:5:[m[K [01;31m[Kerror: [m[Kâ€˜[01m[K_y[m[Kâ€™ was not declared in this scope; did you mean â€˜[01m[Ky[m[Kâ€™?
[16.075s]    44 |     [01;31m[K_y[m[K = y;
[16.076s]       |     [01;31m[K^~[m[K
[16.079s]       |     [32m[Ky[m[K
[16.094s] [01m[K/home/youss/Documents/Projet/Autonomouscar/ros_ws/src/robot/src/robot_controller.cpp:45:5:[m[K [01;31m[Kerror: [m[Kâ€˜[01m[K_z[m[Kâ€™ was not declared in this scope; did you mean â€˜[01m[Kz[m[Kâ€™?
[16.095s]    45 |     [01;31m[K_z[m[K = z;
[16.095s]       |     [01;31m[K^~[m[K
[16.096s]       |     [32m[Kz[m[K
[16.131s] [01m[K/home/youss/Documents/Projet/Autonomouscar/ros_ws/src/robot/src/DWM1001_reader.cpp:[m[K In constructor â€˜[01m[KDWM1001_reader::[01;32m[KDWM1001_reader[m[K()[m[Kâ€™:
[16.132s] [01m[K/home/youss/Documents/Projet/Autonomouscar/ros_ws/src/robot/src/DWM1001_reader.cpp:50:38:[m[K [01;31m[Kerror: [m[Kunable to find numeric literal operator â€˜[01m[Koperator""ms[m[Kâ€™
[16.134s]    50 |     _timer = this->create_wall_timer([01;31m[K500ms[m[K, timer_callback);
[16.135s]       |                                      [01;31m[K^~~~~[m[K
[16.143s] [01m[K/home/youss/Documents/Projet/Autonomouscar/ros_ws/src/robot/src/DWM1001_reader.cpp:[m[K In constructor â€˜[01m[KDWM1001_reader::[01;32m[KDWM1001_reader[m[K(const bool&)[m[Kâ€™:
[16.144s] [01m[K/home/youss/Documents/Projet/Autonomouscar/ros_ws/src/robot/src/DWM1001_reader.cpp:82:38:[m[K [01;31m[Kerror: [m[Kunable to find numeric literal operator â€˜[01m[Koperator""ms[m[Kâ€™
[16.145s]    82 |     _timer = this->create_wall_timer([01;31m[K500ms[m[K, timer_callback);
[16.145s]       |                                      [01;31m[K^~~~~[m[K
[21.999s] gmake[2]: *** [CMakeFiles/position_publisher.dir/build.make:76: CMakeFiles/position_publisher.dir/src/DWM1001_reader.cpp.o] Error 1
[22.001s] gmake[1]: *** [CMakeFiles/Makefile2:221: CMakeFiles/position_publisher.dir/all] Error 2
[22.001s] gmake[1]: *** Waiting for unfinished jobs....
[31.102s] gmake[2]: *** [CMakeFiles/robot_controller.dir/build.make:76: CMakeFiles/robot_controller.dir/src/robot_controller.cpp.o] Error 1
[31.102s] gmake[1]: *** [CMakeFiles/Makefile2:195: CMakeFiles/robot_controller.dir/all] Error 2
[31.104s] gmake: *** [Makefile:146: all] Error 2
[31.112s] Invoked command in '/home/youss/Documents/Projet/Autonomouscar/ros_ws/build/robot' returned '2': CMAKE_PREFIX_PATH=${CMAKE_PREFIX_PATH}:/opt/ros/jazzy DEBUGINFOD_URLS=https://debuginfod.ubuntu.com /usr/bin/cmake --build /home/youss/Documents/Projet/Autonomouscar/ros_ws/build/robot -- -j4 -l4
