[ 50%] [32mBuilding CXX object CMakeFiles/encoders.dir/src/main.cpp.o[0m
[01m[K/home/youss/Documents/Projet/Autonomouscar/ros_ws/src/robot/src/main.cpp:[m[K In function â€˜[01m[Kint[01;32m[K main[m[K()[m[Kâ€™:
[01m[K/home/youss/Documents/Projet/Autonomouscar/ros_ws/src/robot/src/main.cpp:24:22:[m[K [01;35m[Kwarning: [m[Kempty parentheses were disambiguated as a function declaration [[01;35m[K]8;;https://gcc.gnu.org/onlinedocs/gcc/Warning-Options.html#index-Wvexing-parse-Wvexing-parse]8;;[m[K]
   24 |     Encoders encoders[01;35m[K()[m[K;
      |                      [01;35m[K^~[m[K
[01m[K/home/youss/Documents/Projet/Autonomouscar/ros_ws/src/robot/src/main.cpp:24:22:[m[K [01;36m[Knote: [m[Kremove parentheses to default-initialize a variable
   24 |     Encoders encoders[01;36m[K()[m[K;
      |                      [01;36m[K^~[m[K
      |                      [31m[K--[m[K
[01m[K/home/youss/Documents/Projet/Autonomouscar/ros_ws/src/robot/src/main.cpp:24:22:[m[K [01;36m[Knote: [m[Kor replace parentheses with braces to value-initialize a variable
[01m[K/home/youss/Documents/Projet/Autonomouscar/ros_ws/src/robot/src/main.cpp:27:18:[m[K [01;31m[Kerror: [m[Krequest for member â€˜[01m[Kcount_number_of_changes_on_channels[m[Kâ€™ in â€˜[01m[Kencoders[m[Kâ€™, which is of non-class type â€˜[01m[KEncoders()[m[Kâ€™
   27 |         encoders.[01;31m[Kcount_number_of_changes_on_channels[m[K();
      |                  [01;31m[K^~~~~~~~~~~~~~~~~~~~~~~~~~~~~~~~~~~[m[K
[01m[K/home/youss/Documents/Projet/Autonomouscar/ros_ws/src/robot/src/main.cpp:28:18:[m[K [01;31m[Kerror: [m[Krequest for member â€˜[01m[Kcompute_rps_on_channels[m[Kâ€™ in â€˜[01m[Kencoders[m[Kâ€™, which is of non-class type â€˜[01m[KEncoders()[m[Kâ€™
   28 |         encoders.[01;31m[Kcompute_rps_on_channels[m[K();
      |                  [01;31m[K^~~~~~~~~~~~~~~~~~~~~~~[m[K
gmake[2]: *** [CMakeFiles/encoders.dir/build.make:76: CMakeFiles/encoders.dir/src/main.cpp.o] Error 1
gmake[1]: *** [CMakeFiles/Makefile2:137: CMakeFiles/encoders.dir/all] Error 2
gmake: *** [Makefile:146: all] Error 2
