[ 13%] Built target encoders_subscriber
[ 60%] Built target robot_controller
[ 60%] Built target main
[ 73%] Built target position_publisher
[ 86%] Built target position_reader
[ 93%] [32mBuilding CXX object CMakeFiles/motor_subscriber.dir/src/motor_subscriber.cpp.o[0m
[01m[K/home/youss/Documents/Projet/Autonomouscar/ros_ws/src/robot/src/motor_subscriber.cpp:[m[K In member function â€˜[01m[Kvoid Motor_subscriber::[01;32m[Kinit_params[m[K()[m[Kâ€™:
[01m[K/home/youss/Documents/Projet/Autonomouscar/ros_ws/src/robot/src/motor_subscriber.cpp:39:5:[m[K [01;31m[Kerror: [m[Kâ€˜[01m[K_MAX_DUTY_CYCLE[m[Kâ€™ was not declared in this scope; did you mean â€˜[01m[KMAX_DUTY_CYCLE[m[Kâ€™?
   39 |     [01;31m[Kthis->declare_p[m[Karameter<int>("MIN_LINEAR_X", 255);
      |     [01;31m[K^~~~~~~~~~~~~~~[m[K
      |     [32m[KMAX_DUTY_CYCLE[m[K
[01m[K/home/youss/Documents/Projet/Autonomouscar/ros_ws/src/robot/src/motor_subscriber.cpp:[m[K In member function â€˜[01m[Kvoid Motor_subscriber::[01;32m[Kset_motors_duty_cycle[m[K(Motor&, Motor&) const[m[Kâ€™:
[01m[K/home/youss/Documents/Projet/Autonomouscar/ros_ws/src/robot/src/motor_subscriber.cpp:71:52:[m[K [01;35m[Kwarning: [m[Kunused parameter â€˜[01m[Kleft_motor[m[Kâ€™ [[01;35m[K]8;;https://gcc.gnu.org/onlinedocs/gcc/Warning-Options.html#index-Wunused-parameter-Wunused-parameter]8;;[m[K]
   71 | void Motor_subscriber::set_motors_duty_cycle[01;35m[K([m[K
      |                                             [01;35m[K~[m[K      [01;35m[K^[m[K         
[01m[K/home/youss/Documents/Projet/Autonomouscar/ros_ws/src/robot/src/motor_subscriber.cpp:72:52:[m[K [01;35m[Kwarning: [m[Kunused parameter â€˜[01m[Kright_motor[m[Kâ€™ [[01;35m[K]8;;https://gcc.gnu.org/onlinedocs/gcc/Warning-Options.html#index-Wunused-parameter-Wunused-parameter]8;;[m[K]
   72 |                                             [01;35m[KMotor &left_motor,[m[K
      |                                             [01;35m[K~~~~~~~^~~~~~~~~~~[m[K
gmake[2]: *** [CMakeFiles/motor_subscriber.dir/build.make:76: CMakeFiles/motor_subscriber.dir/src/motor_subscriber.cpp.o] Error 1
gmake[1]: *** [CMakeFiles/Makefile2:251: CMakeFiles/motor_subscriber.dir/all] Error 2
gmake: *** [Makefile:146: all] Error 2
