[0.062s] Invoking command in '/home/youss/Documents/Projet/Autonomouscar/ros_ws/build/robot': CMAKE_PREFIX_PATH=${CMAKE_PREFIX_PATH}:/opt/ros/jazzy DEBUGINFOD_URLS=https://debuginfod.ubuntu.com /usr/bin/cmake --build /home/youss/Documents/Projet/Autonomouscar/ros_ws/build/robot -- -j4 -l4
[0.679s] [ 50%] [32mBuilding CXX object CMakeFiles/encoders.dir/src/encoders.cpp.o[0m
[3.623s] In file included from [01m[K/home/youss/Documents/Projet/Autonomouscar/ros_ws/src/robot/src/encoders.cpp:13[m[K:
[3.625s] [01m[K/home/youss/Documents/Projet/Autonomouscar/ros_ws/src/robot/src/encoders.h:10:17:[m[K [01;31m[Kerror: [m[Kexpected identifier before â€˜[01m[K)[m[Kâ€™ token
[3.626s]    10 |                 [01;31m[K)[m[K;
[3.626s]       |                 [01;31m[K^[m[K
[3.627s] [01m[K/home/youss/Documents/Projet/Autonomouscar/ros_ws/src/robot/src/encoders.h:30:15:[m[K [01;31m[Kerror: [m[Kâ€˜[01m[Kunsigned[m[Kâ€™ specified with â€˜[01m[Kdouble[m[Kâ€™
[3.627s]    30 |         const [01;31m[Kunsigned[m[K double _gear_ratio = 900/8;
[3.628s]       |               [01;31m[K^~~~~~~~[m[K
[3.628s] [01m[K/home/youss/Documents/Projet/Autonomouscar/ros_ws/src/robot/src/encoders.cpp:21:6:[m[K [01;31m[Kerror: [m[Kno declaration matches â€˜[01m[Kbool Encoders::[01;32m[KconfigurePinAsOutput[m[K(unsigned int)[m[Kâ€™
[3.628s]    21 | bool [01;31m[KEncoders[m[K::configurePinAsOutput(unsigned int gpio)
[3.629s]       |      [01;31m[K^~~~~~~~[m[K
[3.629s] [01m[K/home/youss/Documents/Projet/Autonomouscar/ros_ws/src/robot/src/encoders.cpp:21:6:[m[K [01;36m[Knote: [m[Kno functions named â€˜[01m[Kbool Encoders::[01;32m[KconfigurePinAsOutput[m[K(unsigned int)[m[Kâ€™
[3.630s] [01m[K/home/youss/Documents/Projet/Autonomouscar/ros_ws/src/robot/src/encoders.h:3:8:[m[K [01;36m[Knote: [m[Kâ€˜[01m[Kstruct Encoders[m[Kâ€™ defined here
[3.630s]     3 | struct [01;36m[KEncoders[m[K
[3.630s]       |        [01;36m[K^~~~~~~~[m[K
[3.631s] [01m[K/home/youss/Documents/Projet/Autonomouscar/ros_ws/src/robot/src/encoders.cpp:44:6:[m[K [01;31m[Kerror: [m[Kno declaration matches â€˜[01m[Kbool Encoders::[01;32m[KconfigurePins[m[K()[m[Kâ€™
[3.631s]    44 | bool [01;31m[KEncoders[m[K::configurePins()
[3.632s]       |      [01;31m[K^~~~~~~~[m[K
[3.632s] [01m[K/home/youss/Documents/Projet/Autonomouscar/ros_ws/src/robot/src/encoders.cpp:44:6:[m[K [01;36m[Knote: [m[Kno functions named â€˜[01m[Kbool Encoders::[01;32m[KconfigurePins[m[K()[m[Kâ€™
[3.632s] [01m[K/home/youss/Documents/Projet/Autonomouscar/ros_ws/src/robot/src/encoders.h:3:8:[m[K [01;36m[Knote: [m[Kâ€˜[01m[Kstruct Encoders[m[Kâ€™ defined here
[3.633s]     3 | struct [01;36m[KEncoders[m[K
[3.633s]       |        [01;36m[K^~~~~~~~[m[K
[3.633s] [01m[K/home/youss/Documents/Projet/Autonomouscar/ros_ws/src/robot/src/encoders.cpp:63:6:[m[K [01;31m[Kerror: [m[Kno declaration matches â€˜[01m[Kvoid Encoders::[01;32m[KsignalHandler[m[K(int)[m[Kâ€™
[3.634s]    63 | void [01;31m[KEncoders[m[K::signalHandler(int signal)
[3.635s]       |      [01;31m[K^~~~~~~~[m[K
[3.635s] [01m[K/home/youss/Documents/Projet/Autonomouscar/ros_ws/src/robot/src/encoders.cpp:63:6:[m[K [01;36m[Knote: [m[Kno functions named â€˜[01m[Kvoid Encoders::[01;32m[KsignalHandler[m[K(int)[m[Kâ€™
[3.636s] [01m[K/home/youss/Documents/Projet/Autonomouscar/ros_ws/src/robot/src/encoders.h:3:8:[m[K [01;36m[Knote: [m[Kâ€˜[01m[Kstruct Encoders[m[Kâ€™ defined here
[3.636s]     3 | struct [01;36m[KEncoders[m[K
[3.637s]       |        [01;36m[K^~~~~~~~[m[K
[3.650s] [01m[K/home/youss/Documents/Projet/Autonomouscar/ros_ws/src/robot/src/encoders.cpp:[m[K In member function â€˜[01m[Kbool Encoders::[01;32m[Kinit_pwm[m[K(const unsigned int&, const unsigned int&)[m[Kâ€™:
[3.651s] [01m[K/home/youss/Documents/Projet/Autonomouscar/ros_ws/src/robot/src/encoders.cpp:90:5:[m[K [01;31m[Kerror: [m[Kâ€˜[01m[Kgpio_result[m[Kâ€™ was not declared in this scope
[3.651s]    90 |     [01;31m[Kgpio_result[m[K = gpioPWM(gpio_number, duty_cycle);
[3.652s]       |     [01;31m[K^~~~~~~~~~~[m[K
[3.664s] [01m[K/home/youss/Documents/Projet/Autonomouscar/ros_ws/src/robot/src/encoders.cpp:96:39:[m[K [01;31m[Kerror: [m[Kâ€˜[01m[Kpin[m[Kâ€™ was not declared in this scope
[3.665s]    96 |     cout << "PWM Success on gpio " << [01;31m[Kpin[m[K << endl;
[3.665s]       |                                       [01;31m[K^~~[m[K
[3.681s] [01m[K/home/youss/Documents/Projet/Autonomouscar/ros_ws/src/robot/src/encoders.cpp:[m[K In member function â€˜[01m[Kbool Encoders::[01;32m[Kinit_pi_input_mode_on_gpio[m[K(const unsigned int&)[m[Kâ€™:
[3.681s] [01m[K/home/youss/Documents/Projet/Autonomouscar/ros_ws/src/robot/src/encoders.cpp:104:5:[m[K [01;31m[Kerror: [m[Kâ€˜[01m[Kgpio_result[m[Kâ€™ was not declared in this scope
[3.682s]   104 |     [01;31m[Kgpio_result[m[K = gpioSetMode(channel, PI_INPUT);
[3.682s]       |     [01;31m[K^~~~~~~~~~~[m[K
[3.694s] [01m[K/home/youss/Documents/Projet/Autonomouscar/ros_ws/src/robot/src/encoders.cpp:104:31:[m[K [01;31m[Kerror: [m[Kâ€˜[01m[Kchannel[m[Kâ€™ was not declared in this scope; did you mean â€˜[01m[K_A_channel[m[Kâ€™?
[3.694s]   104 |     gpio_result = gpioSetMode([01;31m[Kchannel[m[K, PI_INPUT);
[3.695s]       |                               [01;31m[K^~~~~~~[m[K
[3.696s]       |                               [32m[K_A_channel[m[K
[3.697s] [01m[K/home/youss/Documents/Projet/Autonomouscar/ros_ws/src/robot/src/encoders.cpp:100:63:[m[K [01;35m[Kwarning: [m[Kunused parameter â€˜[01m[Kchannel_gpio[m[Kâ€™ [[01;35m[K]8;;https://gcc.gnu.org/onlinedocs/gcc/Warning-Options.html#index-Wunused-parameter-Wunused-parameter]8;;[m[K]
[3.697s]   100 | ol Encoders::init_pi_input_mode_on_gpio([01;35m[Kconst unsigned int &channel_gpio[m[K)
[3.698s]       |                                         [01;35m[K~~~~~~~~~~~~~~~~~~~~^~~~~~~~~~~~[m[K
[3.698s] 
[3.699s] [01m[K/home/youss/Documents/Projet/Autonomouscar/ros_ws/src/robot/src/encoders.cpp:[m[K At global scope:
[3.699s] [01m[K/home/youss/Documents/Projet/Autonomouscar/ros_ws/src/robot/src/encoders.cpp:117:1:[m[K [01;31m[Kerror: [m[Kno declaration matches â€˜[01m[KEncoders::[01;32m[KEncoders[m[K(const unsigned int&, const unsigned int&, const unsigned int&, const unsigned int&)[m[Kâ€™
[3.700s]   117 | [01;31m[KEncoders[m[K::Encoders(const unsigned int &MIA_GPIO,
[3.700s]       | [01;31m[K^~~~~~~~[m[K
[3.701s] [01m[K/home/youss/Documents/Projet/Autonomouscar/ros_ws/src/robot/src/encoders.h:3:8:[m[K [01;36m[Knote: [m[Kcandidates are: â€˜[01m[Kconstexpr Encoders::[01;32m[KEncoders[m[K(Encoders&&)[m[Kâ€™
[3.701s]     3 | struct [01;36m[KEncoders[m[K
[3.702s]       |        [01;36m[K^~~~~~~~[m[K
[3.702s] [01m[K/home/youss/Documents/Projet/Autonomouscar/ros_ws/src/robot/src/encoders.h:3:8:[m[K [01;36m[Knote: [m[K                â€˜[01m[Kconstexpr Encoders::[01;32m[KEncoders[m[K(const Encoders&)[m[Kâ€™
[3.703s] [01m[K/home/youss/Documents/Projet/Autonomouscar/ros_ws/src/robot/src/encoders.h:11:9:[m[K [01;36m[Knote: [m[K                â€˜[01m[KEncoders::[01;32m[KEncoders[m[K()[m[Kâ€™
[3.704s]    11 |         [01;36m[KEncoders[m[K();
[3.704s]       |         [01;36m[K^~~~~~~~[m[K
[3.705s] [01m[K/home/youss/Documents/Projet/Autonomouscar/ros_ws/src/robot/src/encoders.h:6:9:[m[K [01;36m[Knote: [m[K                â€˜[01m[KEncoders::[01;32m[KEncoders[m[K(const unsigned int&, const unsigned int&, const unsigned int&, const unsigned int&, int)[m[Kâ€™
[3.705s]     6 |         [01;36m[KEncoders[m[K(const unsigned int &MIA_GPIO,
[3.706s]       |         [01;36m[K^~~~~~~~[m[K
[3.706s] [01m[K/home/youss/Documents/Projet/Autonomouscar/ros_ws/src/robot/src/encoders.h:3:8:[m[K [01;36m[Knote: [m[Kâ€˜[01m[Kstruct Encoders[m[Kâ€™ defined here
[3.707s]     3 | struct [01;36m[KEncoders[m[K
[3.707s]       |        [01;36m[K^~~~~~~~[m[K
[3.712s] [01m[K/home/youss/Documents/Projet/Autonomouscar/ros_ws/src/robot/src/encoders.cpp:[m[K In constructor â€˜[01m[KEncoders::[01;32m[KEncoders[m[K()[m[Kâ€™:
[3.713s] [01m[K/home/youss/Documents/Projet/Autonomouscar/ros_ws/src/robot/src/encoders.cpp:147:20:[m[K [01;31m[Kerror: [m[Kâ€˜[01m[KsignalHandler[m[Kâ€™ was not declared in this scope; did you mean â€˜[01m[Ksignal_handler[m[Kâ€™?
[3.713s]   147 |     signal(SIGINT, [01;31m[KsignalHandler[m[K);
[3.714s]       |                    [01;31m[K^~~~~~~~~~~~~[m[K
[3.714s]       |                    [32m[Ksignal_handler[m[K
[3.715s] [01m[K/home/youss/Documents/Projet/Autonomouscar/ros_ws/src/robot/src/encoders.cpp:156:17:[m[K [01;31m[Kerror: [m[Kinvalid use of non-static member function â€˜[01m[Kint Encoders::[01;32m[Kcompute_rps_on_channel[m[K()[m[Kâ€™
[3.715s]   156 |     timer_start([01;31m[Kcompute_rps_on_channel[m[K, 1000);
[3.716s]       |                 [01;31m[K^~~~~~~~~~~~~~~~~~~~~~[m[K
[3.716s] [01m[K/home/youss/Documents/Projet/Autonomouscar/ros_ws/src/robot/src/encoders.h:44:13:[m[K [01;36m[Knote: [m[Kdeclared here
[3.717s]    44 |         int [01;36m[Kcompute_rps_on_channel[m[K();
[3.718s]       |             [01;36m[K^~~~~~~~~~~~~~~~~~~~~~[m[K
[3.727s] [01m[K/home/youss/Documents/Projet/Autonomouscar/ros_ws/src/robot/src/encoders.cpp:157:5:[m[K [01;31m[Kerror: [m[Kâ€˜[01m[K_isRunning[m[Kâ€™ was not declared in this scope; did you mean â€˜[01m[K_is_running[m[Kâ€™?
[3.728s]   157 |     [01;31m[K_isRunning[m[K = true;
[3.728s]       |     [01;31m[K^~~~~~~~~~[m[K
[3.729s]       |     [32m[K_is_running[m[K
[3.729s] [01m[K/home/youss/Documents/Projet/Autonomouscar/ros_ws/src/robot/src/encoders.cpp:[m[K At global scope:
[3.730s] [01m[K/home/youss/Documents/Projet/Autonomouscar/ros_ws/src/robot/src/encoders.cpp:160:6:[m[K [01;31m[Kerror: [m[Kno declaration matches â€˜[01m[Kvoid Encoders::[01;32m[Kcompute_rps_on_channels[m[K()[m[Kâ€™
[3.730s]   160 | void [01;31m[KEncoders[m[K::compute_rps_on_channels()
[3.730s]       |      [01;31m[K^~~~~~~~[m[K
[3.731s] [01m[K/home/youss/Documents/Projet/Autonomouscar/ros_ws/src/robot/src/encoders.cpp:160:6:[m[K [01;36m[Knote: [m[Kno functions named â€˜[01m[Kvoid Encoders::[01;32m[Kcompute_rps_on_channels[m[K()[m[Kâ€™
[3.731s] [01m[K/home/youss/Documents/Projet/Autonomouscar/ros_ws/src/robot/src/encoders.h:3:8:[m[K [01;36m[Knote: [m[Kâ€˜[01m[Kstruct Encoders[m[Kâ€™ defined here
[3.731s]     3 | struct [01;36m[KEncoders[m[K
[3.732s]       |        [01;36m[K^~~~~~~~[m[K
[4.050s] gmake[2]: *** [CMakeFiles/encoders.dir/build.make:76: CMakeFiles/encoders.dir/src/encoders.cpp.o] Error 1
[4.051s] gmake[1]: *** [CMakeFiles/Makefile2:137: CMakeFiles/encoders.dir/all] Error 2
[4.052s] gmake: *** [Makefile:146: all] Error 2
[4.060s] Invoked command in '/home/youss/Documents/Projet/Autonomouscar/ros_ws/build/robot' returned '2': CMAKE_PREFIX_PATH=${CMAKE_PREFIX_PATH}:/opt/ros/jazzy DEBUGINFOD_URLS=https://debuginfod.ubuntu.com /usr/bin/cmake --build /home/youss/Documents/Projet/Autonomouscar/ros_ws/build/robot -- -j4 -l4
