[0.051s] Invoking command in '/home/youss/Documents/Projet/Autonomouscar/ros_ws/build/robot': CMAKE_PREFIX_PATH=${CMAKE_PREFIX_PATH}:/opt/ros/jazzy DEBUGINFOD_URLS=https://debuginfod.ubuntu.com /usr/bin/cmake --build /home/youss/Documents/Projet/Autonomouscar/ros_ws/build/robot -- -j4 -l4
[0.307s] [ 50%] [32mBuilding CXX object CMakeFiles/encoders.dir/src/encoders.cpp.o[0m
[2.373s] [01m[K/home/youss/Documents/Projet/Autonomouscar/ros_ws/src/robot/src/encoders.cpp:[m[K In member function â€˜[01m[Kvoid Encoders::[01;32m[Ksignal_handler[m[K(int)[m[Kâ€™:
[2.373s] [01m[K/home/youss/Documents/Projet/Autonomouscar/ros_ws/src/robot/src/encoders.cpp:68:5:[m[K [01;31m[Kerror: [m[Kâ€˜[01m[K_isRunning[m[Kâ€™ was not declared in this scope; did you mean â€˜[01m[K_is_running[m[Kâ€™?
[2.374s]    68 |     [01;31m[K_isRunning[m[K = false;
[2.374s]       |     [01;31m[K^~~~~~~~~~[m[K
[2.375s]       |     [32m[K_is_running[m[K
[2.393s] [01m[K/home/youss/Documents/Projet/Autonomouscar/ros_ws/src/robot/src/encoders.cpp:[m[K In member function â€˜[01m[Kbool Encoders::[01;32m[Kinit_pwm[m[K(const unsigned int&, const unsigned int&)[m[Kâ€™:
[2.394s] [01m[K/home/youss/Documents/Projet/Autonomouscar/ros_ws/src/robot/src/encoders.cpp:97:39:[m[K [01;31m[Kerror: [m[Kâ€˜[01m[Kpin[m[Kâ€™ was not declared in this scope
[2.394s]    97 |     cout << "PWM Success on gpio " << [01;31m[Kpin[m[K << endl;
[2.394s]       |                                       [01;31m[K^~~[m[K
[2.409s] [01m[K/home/youss/Documents/Projet/Autonomouscar/ros_ws/src/robot/src/encoders.cpp:[m[K In member function â€˜[01m[Kbool Encoders::[01;32m[Kinit_pi_input_mode_on_gpio[m[K(const unsigned int&)[m[Kâ€™:
[2.410s] [01m[K/home/youss/Documents/Projet/Autonomouscar/ros_ws/src/robot/src/encoders.cpp:105:5:[m[K [01;31m[Kerror: [m[Kâ€˜[01m[Kgpio_result[m[Kâ€™ was not declared in this scope
[2.410s]   105 |     [01;31m[Kgpio_result[m[K = gpioSetMode(channel, PI_INPUT);
[2.411s]       |     [01;31m[K^~~~~~~~~~~[m[K
[2.422s] [01m[K/home/youss/Documents/Projet/Autonomouscar/ros_ws/src/robot/src/encoders.cpp:105:31:[m[K [01;31m[Kerror: [m[Kâ€˜[01m[Kchannel[m[Kâ€™ was not declared in this scope; did you mean â€˜[01m[K_A_channel[m[Kâ€™?
[2.423s]   105 |     gpio_result = gpioSetMode([01;31m[Kchannel[m[K, PI_INPUT);
[2.423s]       |                               [01;31m[K^~~~~~~[m[K
[2.424s]       |                               [32m[K_A_channel[m[K
[2.424s] [01m[K/home/youss/Documents/Projet/Autonomouscar/ros_ws/src/robot/src/encoders.cpp:101:63:[m[K [01;35m[Kwarning: [m[Kunused parameter â€˜[01m[Kchannel_gpio[m[Kâ€™ [[01;35m[K]8;;https://gcc.gnu.org/onlinedocs/gcc/Warning-Options.html#index-Wunused-parameter-Wunused-parameter]8;;[m[K]
[2.425s]   101 | bool Encoders::init_pi_input_mode_on_gpio([01;35m[Kconst unsigned int &channel_gpio[m[K)
[2.425s]       |                                           [01;35m[K~~~~~~~~~~~~~~~~~~~~^~~~~~~~~~~~[m[K
[2.437s] [01m[K/home/youss/Documents/Projet/Autonomouscar/ros_ws/src/robot/src/encoders.cpp:[m[K In constructor â€˜[01m[KEncoders::[01;32m[KEncoders[m[K(const unsigned int&, const unsigned int&, const unsigned int&, const unsigned int&)[m[Kâ€™:
[2.438s] [01m[K/home/youss/Documents/Projet/Autonomouscar/ros_ws/src/robot/src/encoders.cpp:125:20:[m[K [01;31m[Kerror: [m[Kâ€˜[01m[KsignalHandler[m[Kâ€™ was not declared in this scope; did you mean â€˜[01m[Ksignal_handler[m[Kâ€™?
[2.438s]   125 |     signal(SIGINT, [01;31m[KsignalHandler[m[K);
[2.439s]       |                    [01;31m[K^~~~~~~~~~~~~[m[K
[2.439s]       |                    [32m[Ksignal_handler[m[K
[2.450s] [01m[K/home/youss/Documents/Projet/Autonomouscar/ros_ws/src/robot/src/encoders.cpp:133:14:[m[K [01;31m[Kerror: [m[Kâ€˜[01m[K_MIA_GPIO[m[Kâ€™ was not declared in this scope; did you mean â€˜[01m[K_M1A_GPIO[m[Kâ€™?
[2.450s]   133 |     init_pwm([01;31m[K_MIA_GPIO[m[K, _duty_cycle);
[2.451s]       |              [01;31m[K^~~~~~~~~[m[K
[2.451s]       |              [32m[K_M1A_GPIO[m[K
[2.463s] [01m[K/home/youss/Documents/Projet/Autonomouscar/ros_ws/src/robot/src/encoders.cpp:134:14:[m[K [01;31m[Kerror: [m[Kâ€˜[01m[K_MIB_GPIO[m[Kâ€™ was not declared in this scope; did you mean â€˜[01m[K_M1B_GPIO[m[Kâ€™?
[2.464s]   134 |     init_pwm([01;31m[K_MIB_GPIO[m[K, 0);
[2.464s]       |              [01;31m[K^~~~~~~~~[m[K
[2.465s]       |              [32m[K_M1B_GPIO[m[K
[2.465s] [01m[K/home/youss/Documents/Projet/Autonomouscar/ros_ws/src/robot/src/encoders.cpp:141:17:[m[K [01;31m[Kerror: [m[Kinvalid use of non-static member function â€˜[01m[Kint Encoders::[01;32m[Kcompute_rps_on_channel[m[K()[m[Kâ€™
[2.466s]   141 |     timer_start([01;31m[Kcompute_rps_on_channel[m[K, 1000);
[2.467s]       |                 [01;31m[K^~~~~~~~~~~~~~~~~~~~~~[m[K
[2.467s] In file included from [01m[K/home/youss/Documents/Projet/Autonomouscar/ros_ws/src/robot/src/encoders.cpp:13[m[K:
[2.468s] [01m[K/home/youss/Documents/Projet/Autonomouscar/ros_ws/src/robot/src/encoders.h:45:13:[m[K [01;36m[Knote: [m[Kdeclared here
[2.468s]    45 |         int [01;36m[Kcompute_rps_on_channel[m[K();
[2.468s]       |             [01;36m[K^~~~~~~~~~~~~~~~~~~~~~[m[K
[2.477s] [01m[K/home/youss/Documents/Projet/Autonomouscar/ros_ws/src/robot/src/encoders.cpp:142:5:[m[K [01;31m[Kerror: [m[Kâ€˜[01m[K_isRunning[m[Kâ€™ was not declared in this scope; did you mean â€˜[01m[K_is_running[m[Kâ€™?
[2.478s]   142 |     [01;31m[K_isRunning[m[K = true;
[2.478s]       |     [01;31m[K^~~~~~~~~~[m[K
[2.479s]       |     [32m[K_is_running[m[K
[2.479s] [01m[K/home/youss/Documents/Projet/Autonomouscar/ros_ws/src/robot/src/encoders.cpp:[m[K In constructor â€˜[01m[KEncoders::[01;32m[KEncoders[m[K()[m[Kâ€™:
[2.480s] [01m[K/home/youss/Documents/Projet/Autonomouscar/ros_ws/src/robot/src/encoders.cpp:148:20:[m[K [01;31m[Kerror: [m[Kinvalid use of non-static member function â€˜[01m[Kvoid Encoders::[01;32m[Ksignal_handler[m[K(int)[m[Kâ€™
[2.480s]   148 |     signal(SIGINT, [01;31m[Ksignal_handler[m[K);
[2.481s]       |                    [01;31m[K^~~~~~~~~~~~~~[m[K
[2.481s] [01m[K/home/youss/Documents/Projet/Autonomouscar/ros_ws/src/robot/src/encoders.cpp:63:6:[m[K [01;36m[Knote: [m[Kdeclared here
[2.482s]    63 | void [01;36m[KEncoders[m[K::signal_handler(int signal)
[2.482s]       |      [01;36m[K^~~~~~~~[m[K
[2.483s] [01m[K/home/youss/Documents/Projet/Autonomouscar/ros_ws/src/robot/src/encoders.cpp:157:17:[m[K [01;31m[Kerror: [m[Kinvalid use of non-static member function â€˜[01m[Kint Encoders::[01;32m[Kcompute_rps_on_channel[m[K()[m[Kâ€™
[2.483s]   157 |     timer_start([01;31m[Kcompute_rps_on_channel[m[K, 1000);
[2.484s]       |                 [01;31m[K^~~~~~~~~~~~~~~~~~~~~~[m[K
[2.484s] [01m[K/home/youss/Documents/Projet/Autonomouscar/ros_ws/src/robot/src/encoders.h:45:13:[m[K [01;36m[Knote: [m[Kdeclared here
[2.485s]    45 |         int [01;36m[Kcompute_rps_on_channel[m[K();
[2.485s]       |             [01;36m[K^~~~~~~~~~~~~~~~~~~~~~[m[K
[2.493s] [01m[K/home/youss/Documents/Projet/Autonomouscar/ros_ws/src/robot/src/encoders.cpp:158:5:[m[K [01;31m[Kerror: [m[Kâ€˜[01m[K_isRunning[m[Kâ€™ was not declared in this scope; did you mean â€˜[01m[K_is_running[m[Kâ€™?
[2.494s]   158 |     [01;31m[K_isRunning[m[K = true;
[2.494s]       |     [01;31m[K^~~~~~~~~~[m[K
[2.495s]       |     [32m[K_is_running[m[K
[2.495s] [01m[K/home/youss/Documents/Projet/Autonomouscar/ros_ws/src/robot/src/encoders.cpp:[m[K At global scope:
[2.496s] [01m[K/home/youss/Documents/Projet/Autonomouscar/ros_ws/src/robot/src/encoders.cpp:161:6:[m[K [01;31m[Kerror: [m[Kno declaration matches â€˜[01m[Kvoid Encoders::[01;32m[Kcompute_rps_on_channels[m[K()[m[Kâ€™
[2.496s]   161 | void [01;31m[KEncoders[m[K::compute_rps_on_channels()
[2.496s]       |      [01;31m[K^~~~~~~~[m[K
[2.497s] [01m[K/home/youss/Documents/Projet/Autonomouscar/ros_ws/src/robot/src/encoders.cpp:161:6:[m[K [01;36m[Knote: [m[Kno functions named â€˜[01m[Kvoid Encoders::[01;32m[Kcompute_rps_on_channels[m[K()[m[Kâ€™
[2.497s] [01m[K/home/youss/Documents/Projet/Autonomouscar/ros_ws/src/robot/src/encoders.h:3:8:[m[K [01;36m[Knote: [m[Kâ€˜[01m[Kstruct Encoders[m[Kâ€™ defined here
[2.498s]     3 | struct [01;36m[KEncoders[m[K
[2.498s]       |        [01;36m[K^~~~~~~~[m[K
[2.719s] [01m[K/home/youss/Documents/Projet/Autonomouscar/ros_ws/src/robot/src/encoders.cpp:[m[K In member function â€˜[01m[Kbool Encoders::[01;32m[Kconfigure_pin_as_output[m[K(const unsigned int&)[m[Kâ€™:
[2.720s] [01m[K/home/youss/Documents/Projet/Autonomouscar/ros_ws/src/robot/src/encoders.cpp:31:56:[m[K [01;35m[Kwarning: [m[Kthis statement may fall through [[01;35m[K]8;;https://gcc.gnu.org/onlinedocs/gcc/Warning-Options.html#index-Wimplicit-fallthrough=-Wimplicit-fallthrough=]8;;[m[K]
[2.720s]    31 |                 cout << gpio << "is a bad gpio pin" << [01;35m[Kendl[m[K;
[2.721s]       |                                                        [01;35m[K^~~~[m[K
[2.721s] [01m[K/home/youss/Documents/Projet/Autonomouscar/ros_ws/src/robot/src/encoders.cpp:32:13:[m[K [01;36m[Knote: [m[Khere
[2.721s]    32 |             [01;36m[Kcase[m[K PI_BAD_MODE:
[2.722s]       |             [01;36m[K^~~~[m[K
[2.722s] [01m[K/home/youss/Documents/Projet/Autonomouscar/ros_ws/src/robot/src/encoders.cpp:33:57:[m[K [01;35m[Kwarning: [m[Kthis statement may fall through [[01;35m[K]8;;https://gcc.gnu.org/onlinedocs/gcc/Warning-Options.html#index-Wimplicit-fallthrough=-Wimplicit-fallthrough=]8;;[m[K]
[2.722s]    33 |                 cout << "Bad mode for gpio " << gpio << [01;35m[Kendl[m[K;
[2.723s]       |                                                         [01;35m[K^~~~[m[K
[2.723s] [01m[K/home/youss/Documents/Projet/Autonomouscar/ros_ws/src/robot/src/encoders.cpp:34:13:[m[K [01;36m[Knote: [m[Khere
[2.724s]    34 |             [01;36m[Kdefault[m[K:
[2.724s]       |             [01;36m[K^~~~~~~[m[K
[2.752s] gmake[2]: *** [CMakeFiles/encoders.dir/build.make:76: CMakeFiles/encoders.dir/src/encoders.cpp.o] Error 1
[2.752s] gmake[1]: *** [CMakeFiles/Makefile2:137: CMakeFiles/encoders.dir/all] Error 2
[2.753s] gmake: *** [Makefile:146: all] Error 2
[2.762s] Invoked command in '/home/youss/Documents/Projet/Autonomouscar/ros_ws/build/robot' returned '2': CMAKE_PREFIX_PATH=${CMAKE_PREFIX_PATH}:/opt/ros/jazzy DEBUGINFOD_URLS=https://debuginfod.ubuntu.com /usr/bin/cmake --build /home/youss/Documents/Projet/Autonomouscar/ros_ws/build/robot -- -j4 -l4
