[01m[K/home/youss/Documents/Projet/Autonomouscar/ros_ws/src/robot/src/channel.cpp:[m[K In member function â€˜[01m[Kvoid Channel::[01;32m[Kcount_number_of_changes[m[K()[m[Kâ€™:
[01m[K/home/youss/Documents/Projet/Autonomouscar/ros_ws/src/robot/src/channel.cpp:55:9:[m[K [01;31m[Kerror: [m[Kâ€˜[01m[K_number_of_changes_on_channel[m[Kâ€™ was not declared in this scope
   55 |         [01;31m[K_number_of_changes_on_channel[m[K+=1;
      |         [01;31m[K^~~~~~~~~~~~~~~~~~~~~~~~~~~~~[m[K
gmake[2]: *** [CMakeFiles/encoders.dir/build.make:90: CMakeFiles/encoders.dir/src/channel.cpp.o] Error 1
gmake[2]: *** Waiting for unfinished jobs....
[01m[K/home/youss/Documents/Projet/Autonomouscar/ros_ws/src/robot/src/encoders.cpp:[m[K In member function â€˜[01m[Kvoid Encoders::[01;32m[Kcompute_rps[m[K()[m[Kâ€™:
[01m[K/home/youss/Documents/Projet/Autonomouscar/ros_ws/src/robot/src/encoders.cpp:207:5:[m[K [01;31m[Kerror: [m[Kâ€˜[01m[Kcount_number_of_changes[m[Kâ€™ was not declared in this scope
  207 |     [01;31m[Kcount_number_of_changes[m[K();
      |     [01;31m[K^~~~~~~~~~~~~~~~~~~~~~~[m[K
gmake[2]: *** [CMakeFiles/encoders.dir/build.make:104: CMakeFiles/encoders.dir/src/encoders.cpp.o] Error 1
gmake[1]: *** [CMakeFiles/Makefile2:137: CMakeFiles/encoders.dir/all] Error 2
gmake: *** [Makefile:146: all] Error 2
