[0.054s] Invoking command in '/home/youss/Documents/Projet/Autonomouscar/ros_ws/build/robot': CMAKE_PREFIX_PATH=${CMAKE_PREFIX_PATH}:/opt/ros/jazzy DEBUGINFOD_URLS=https://debuginfod.ubuntu.com /usr/bin/cmake --build /home/youss/Documents/Projet/Autonomouscar/ros_ws/build/robot -- -j4 -l4
[0.351s] [ 10%] Built target encoders_subscriber
[0.357s] [ 26%] Built target encoders_publisher
[0.358s] [ 31%] [32m[1mLinking CXX executable main[0m
[0.363s] [ 42%] Built target robot_controller
[0.503s] /usr/bin/ld: CMakeFiles/main.dir/src/encoders_publisher.cpp.o: in function `main':
[0.505s] encoders_publisher.cpp:(.text+0x698): multiple definition of `main'; CMakeFiles/main.dir/src/main.cpp.o:main.cpp:(.text+0x60): first defined here
[0.509s] [ 52%] [32mBuilding CXX object CMakeFiles/motor_subscriber.dir/src/motor_subscriber.cpp.o[0m
[0.513s] [ 57%] Built target position_publisher
[0.520s] [ 68%] Built target position_reader
[1.302s] collect2: error: ld returned 1 exit status
[1.309s] gmake[2]: *** [CMakeFiles/main.dir/build.make:244: main] Error 1
[1.310s] gmake[1]: *** [CMakeFiles/Makefile2:149: CMakeFiles/main.dir/all] Error 2
[1.310s] gmake[1]: *** Waiting for unfinished jobs....
[11.471s] [01m[K/home/youss/Documents/Projet/Autonomouscar/ros_ws/src/robot/src/motor_subscriber.cpp:3:1:[m[K [01;31m[Kerror: [m[Kâ€˜[01m[KRPI4[m[Kâ€™ does not name a type
[11.471s]     3 | [01;31m[KRPI4[m[K rpi4;
[11.471s]       | [01;31m[K^~~~[m[K
[11.475s] [01m[K/home/youss/Documents/Projet/Autonomouscar/ros_ws/src/robot/src/motor_subscriber.cpp:[m[K In constructor â€˜[01m[KMotor_subscriber::[01;32m[KMotor_subscriber[m[K()[m[Kâ€™:
[11.476s] [01m[K/home/youss/Documents/Projet/Autonomouscar/ros_ws/src/robot/src/motor_subscriber.cpp:19:5:[m[K [01;31m[Kerror: [m[Kâ€˜[01m[Kcout[m[Kâ€™ was not declared in this scope; did you mean â€˜[01m[Kstd::cout[m[Kâ€™?
[11.477s]    19 |     [01;31m[Kcout[m[K << "Using pigpio version : " << gpioVersion() << endl;
[11.477s]       |     [01;31m[K^~~~[m[K
[11.478s]       |     [32m[Kstd::cout[m[K
[11.478s] In file included from [01m[K/opt/ros/jazzy/include/rclcpp/rclcpp/parameter.hpp:18[m[K,
[11.478s]                  from [01m[K/opt/ros/jazzy/include/rclcpp/rclcpp/copy_all_parameter_values.hpp:25[m[K,
[11.479s]                  from [01m[K/opt/ros/jazzy/include/rclcpp/rclcpp/rclcpp.hpp:171[m[K,
[11.479s]                  from [01m[K/home/youss/Documents/Projet/Autonomouscar/ros_ws/src/robot/include/robot/motor_subscriber.h:4[m[K,
[11.480s]                  from [01m[K/home/youss/Documents/Projet/Autonomouscar/ros_ws/src/robot/src/motor_subscriber.cpp:1[m[K:
[11.480s] [01m[K/usr/include/c++/13/iostream:63:18:[m[K [01;36m[Knote: [m[Kâ€˜[01m[Kstd::cout[m[Kâ€™ declared here
[11.480s]    63 |   extern ostream [01;36m[Kcout[m[K;          ///< Linked to standard output
[11.481s]       |                  [01;36m[K^~~~[m[K
[11.481s] [01m[K/home/youss/Documents/Projet/Autonomouscar/ros_ws/src/robot/src/motor_subscriber.cpp:19:59:[m[K [01;31m[Kerror: [m[Kâ€˜[01m[Kendl[m[Kâ€™ was not declared in this scope; did you mean â€˜[01m[Kstd::endl[m[Kâ€™?
[11.482s]    19 |     cout << "Using pigpio version : " << gpioVersion() << [01;31m[Kendl[m[K;
[11.482s]       |                                                           [01;31m[K^~~~[m[K
[11.482s]       |                                                           [32m[Kstd::endl[m[K
[11.483s] In file included from [01m[K/usr/include/c++/13/istream:41[m[K,
[11.483s]                  from [01m[K/usr/include/c++/13/sstream:40[m[K,
[11.483s]                  from [01m[K/opt/ros/jazzy/include/rcl_interfaces/rcl_interfaces/srv/detail/list_parameters__traits.hpp:13[m[K,
[11.484s]                  from [01m[K/opt/ros/jazzy/include/rcl_interfaces/rcl_interfaces/srv/list_parameters.hpp:9[m[K,
[11.484s]                  from [01m[K/opt/ros/jazzy/include/rclcpp/rclcpp/copy_all_parameter_values.hpp:21[m[K:
[11.485s] [01m[K/usr/include/c++/13/ostream:735:5:[m[K [01;36m[Knote: [m[Kâ€˜[01m[Kstd::endl[m[Kâ€™ declared here
[11.485s]   735 |     [01;36m[Kendl[m[K(basic_ostream<_CharT, _Traits>& __os)
[11.485s]       |     [01;36m[K^~~~[m[K
[11.486s] [01m[K/home/youss/Documents/Projet/Autonomouscar/ros_ws/src/robot/src/motor_subscriber.cpp:35:16:[m[K [01;31m[Kerror: [m[Kreturning a value from a constructor
[11.486s]    35 |         return [01;31m[Kfalse[m[K;
[11.487s]       |                [01;31m[K^~~~~[m[K
[20.327s] gmake[2]: *** [CMakeFiles/motor_subscriber.dir/build.make:76: CMakeFiles/motor_subscriber.dir/src/motor_subscriber.cpp.o] Error 1
[20.328s] gmake[1]: *** [CMakeFiles/Makefile2:279: CMakeFiles/motor_subscriber.dir/all] Error 2
[20.329s] gmake: *** [Makefile:146: all] Error 2
[20.337s] Invoked command in '/home/youss/Documents/Projet/Autonomouscar/ros_ws/build/robot' returned '2': CMAKE_PREFIX_PATH=${CMAKE_PREFIX_PATH}:/opt/ros/jazzy DEBUGINFOD_URLS=https://debuginfod.ubuntu.com /usr/bin/cmake --build /home/youss/Documents/Projet/Autonomouscar/ros_ws/build/robot -- -j4 -l4
