[01m[K/home/youss/Documents/Projet/Autonomouscar/ros_ws/src/robot/src/main.cpp:[m[K In function â€˜[01m[Kint[01;32m[K main[m[K()[m[Kâ€™:
[01m[K/home/youss/Documents/Projet/Autonomouscar/ros_ws/src/robot/src/main.cpp:65:25:[m[K [01;31m[Kerror: [m[Kâ€˜[01m[KM1B_gpio[m[Kâ€™ was not declared in this scope; did you mean â€˜[01m[KM2B_gpio[m[Kâ€™?
   65 |                         [01;31m[KM1B_gpio[m[K,
      |                         [01;31m[K^~~~~~~~[m[K
      |                         [32m[KM2B_gpio[m[K
gmake[2]: *** [CMakeFiles/encoders.dir/build.make:76: CMakeFiles/encoders.dir/src/main.cpp.o] Error 1
gmake[1]: *** [CMakeFiles/Makefile2:137: CMakeFiles/encoders.dir/all] Error 2
gmake: *** [Makefile:146: all] Error 2
