[0.056s] Invoking command in '/home/youss/Documents/Projet/Autonomouscar/ros_ws/build/robot': CMAKE_PREFIX_PATH=${CMAKE_PREFIX_PATH}:/opt/ros/jazzy DEBUGINFOD_URLS=https://debuginfod.ubuntu.com /usr/bin/cmake --build /home/youss/Documents/Projet/Autonomouscar/ros_ws/build/robot -- -j4 -l4
[0.190s] -- Found ament_cmake: 2.5.2 (/opt/ros/jazzy/share/ament_cmake/cmake)
[1.201s] -- Override CMake install command with custom implementation using symlinks instead of copying resources
[1.236s] -- Found rclcpp: 28.1.5 (/opt/ros/jazzy/share/rclcpp/cmake)
[1.396s] -- Found rosidl_generator_c: 4.6.4 (/opt/ros/jazzy/share/rosidl_generator_c/cmake)
[1.436s] -- Found rosidl_generator_cpp: 4.6.4 (/opt/ros/jazzy/share/rosidl_generator_cpp/cmake)
[1.485s] -- Using all available rosidl_typesupport_c: rosidl_typesupport_fastrtps_c;rosidl_typesupport_introspection_c
[1.542s] -- Using all available rosidl_typesupport_cpp: rosidl_typesupport_fastrtps_cpp;rosidl_typesupport_introspection_cpp
[1.779s] -- Found rmw_implementation_cmake: 7.3.1 (/opt/ros/jazzy/share/rmw_implementation_cmake/cmake)
[1.785s] -- Found rmw_fastrtps_cpp: 8.4.1 (/opt/ros/jazzy/share/rmw_fastrtps_cpp/cmake)
[2.073s] -- Using RMW implementation 'rmw_fastrtps_cpp' as default
[2.299s] -- Found std_msgs: 5.3.5 (/opt/ros/jazzy/share/std_msgs/cmake)
[2.351s] -- Found ament_lint_auto: 0.17.1 (/opt/ros/jazzy/share/ament_lint_auto/cmake)
[2.815s] -- Added test 'cppcheck' to perform static code analysis on C / C++ code
[2.816s] -- Configured cppcheck include dirs: $<BUILD_INTERFACE:/home/youss/Documents/Projet/Autonomouscar/ros_ws/src/robot/include>
[2.816s] -- Configured cppcheck exclude dirs and/or files: 
[2.819s] -- Added test 'flake8' to check Python code syntax and style conventions
[2.819s] -- Configured 'flake8' exclude dirs and/or files: 
[2.822s] -- Added test 'lint_cmake' to check CMake code style
[2.825s] -- Added test 'pep257' to check Python code against some of the docstring style conventions in PEP 257
[2.836s] -- Added test 'uncrustify' to check C / C++ code style
[2.836s] -- Configured uncrustify additional arguments: 
[2.839s] -- Added test 'xmllint' to check XML markup files
[2.849s] -- Configuring done (2.7s)
[2.932s] -- Generating done (0.0s)
[2.942s] -- Build files have been written to: /home/youss/Documents/Projet/Autonomouscar/ros_ws/build/robot
[3.132s] [ 20%] [32mBuilding CXX object CMakeFiles/listener.dir/src/encoders_subscriber.cpp.o[0m
[3.186s] [ 80%] Built target encoders
[15.061s] In file included from [01m[K/home/youss/Documents/Projet/Autonomouscar/ros_ws/src/robot/src/encoders_subscriber.cpp:5[m[K:
[15.061s] [01m[K/home/youss/Documents/Projet/Autonomouscar/ros_ws/src/robot/include/robot/encoders_subscriber.h:14:9:[m[K [01;31m[Kerror: [m[KISO C++ forbids declaration of â€˜[01m[KEncoders_subscriber[m[Kâ€™ with no type [[01;31m[K]8;;https://gcc.gnu.org/onlinedocs/gcc/Warning-Options.html#index-fpermissive-fpermissive]8;;[m[K]
[15.062s]    14 |         [01;31m[KEncoders_subscriber[m[K(const std::string &node_name,
[15.062s]       |         [01;31m[K^~~~~~~~~~~~~~~~~~~[m[K
[15.207s] [01m[K/home/youss/Documents/Projet/Autonomouscar/ros_ws/src/robot/src/encoders_subscriber.cpp:10:1:[m[K [01;31m[Kerror: [m[Kâ€˜[01m[KEncoders_subscriber[m[Kâ€™ does not name a type; did you mean â€˜[01m[KEncoders_publisher[m[Kâ€™?
[15.207s]    10 | [01;31m[KEncoders_subscriber[m[K::Encoders_subscriber(const std::string &node_name,
[15.208s]       | [01;31m[K^~~~~~~~~~~~~~~~~~~[m[K
[15.208s]       | [32m[KEncoders_publisher[m[K
[15.209s] [01m[K/home/youss/Documents/Projet/Autonomouscar/ros_ws/src/robot/src/encoders_subscriber.cpp:26:5:[m[K [01;35m[Kwarning: [m[Ksecond argument of â€˜[01m[Kint[01;32m[K main[m[K(int, char*)[m[Kâ€™ should be â€˜[01m[Kchar **[m[Kâ€™ [[01;35m[K]8;;https://gcc.gnu.org/onlinedocs/gcc/Warning-Options.html#index-Wmain-Wmain]8;;[m[K]
[15.209s]    26 | int [01;35m[Kmain[m[K(int argc, char* argv)
[15.210s]       |     [01;35m[K^~~~[m[K
[15.210s] [01m[K/home/youss/Documents/Projet/Autonomouscar/ros_ws/src/robot/src/encoders_subscriber.cpp:[m[K In function â€˜[01m[Kint[01;32m[K main[m[K(int, char*)[m[Kâ€™:
[15.211s] [01m[K/home/youss/Documents/Projet/Autonomouscar/ros_ws/src/robot/src/encoders_subscriber.cpp:28:24:[m[K [01;31m[Kerror: [m[Kcannot convert â€˜[01m[Kchar*[m[Kâ€™ to â€˜[01m[Kconst char* const*[m[Kâ€™
[15.211s]    28 |     rclcpp::init(argc, [01;31m[Kargv[m[K);
[15.212s]       |                        [01;31m[K^~~~[m[K
[15.212s]       |                        [01;31m[K|[m[K
[15.213s]       |                        [01;31m[Kchar*[m[K
[15.213s] In file included from [01m[K/opt/ros/jazzy/include/rclcpp/rclcpp/logging.hpp:25[m[K,
[15.214s]                  from [01m[K/opt/ros/jazzy/include/rclcpp/rclcpp/copy_all_parameter_values.hpp:27[m[K,
[15.214s]                  from [01m[K/opt/ros/jazzy/include/rclcpp/rclcpp/rclcpp.hpp:171[m[K,
[15.215s]                  from [01m[K/home/youss/Documents/Projet/Autonomouscar/ros_ws/src/robot/src/encoders_subscriber.cpp:2[m[K:
[15.215s] [01m[K/opt/ros/jazzy/include/rclcpp/rclcpp/utilities.hpp:77:24:[m[K [01;36m[Knote: [m[K  initializing argument 2 of â€˜[01m[Kvoid rclcpp::[01;32m[Kinit[m[K(int, const char* const*, const InitOptions&, SignalHandlerOptions)[m[Kâ€™
[15.216s]    77 |   [01;36m[Kchar const * const * argv[m[K,
[15.216s]       |   [01;36m[K~~~~~~~~~~~~~~~~~~~~~^~~~[m[K
[15.234s] [01m[K/home/youss/Documents/Projet/Autonomouscar/ros_ws/src/robot/src/encoders_subscriber.cpp:29:35:[m[K [01;31m[Kerror: [m[Kâ€˜[01m[KEncoders_subscriber[m[Kâ€™ was not declared in this scope; did you mean â€˜[01m[KEncoders_publisher[m[Kâ€™?
[15.234s]    29 |     rclcpp::spin(std::make_shared<[01;31m[KEncoders_subscriber[m[K>("encoders_subscriber", "encoders_topic", QUEUE_DEPTH));
[15.235s]       |                                   [01;31m[K^~~~~~~~~~~~~~~~~~~[m[K
[15.235s]       |                                   [32m[KEncoders_publisher[m[K
[15.236s] [01m[K/home/youss/Documents/Projet/Autonomouscar/ros_ws/src/robot/src/encoders_subscriber.cpp:29:55:[m[K [01;31m[Kerror: [m[Kno matching function for call to â€˜[01m[Kmake_shared<<expression error> >(const char [20], const char [15], int)[m[Kâ€™
[15.236s]    29 |     rclcpp::spin([01;31m[Kstd::make_shared<Encoders_subscriber>("encoders_subscriber", "encoders_topic", QUEUE_DEPTH)[m[K);
[15.237s]       |                  [01;31m[K~~~~~~~~~~~~~~~~~~~~~~~~~~~~~~~~~~~~~^~~~~~~~~~~~~~~~~~~~~~~~~~~~~~~~~~~~~~~~~~~~~~~~~~~~~~[m[K
[15.237s] In file included from [01m[K/usr/include/c++/13/memory:80[m[K,
[15.238s]                  from [01m[K/home/youss/Documents/Projet/Autonomouscar/ros_ws/src/robot/src/encoders_subscriber.cpp:1[m[K:
[15.238s] [01m[K/usr/include/c++/13/bits/shared_ptr.h:1005:5:[m[K [01;36m[Knote: [m[Kcandidate: â€˜[01m[Ktemplate<class _Tp, class ... _Args> std::shared_ptr<typename std::enable_if<(! std::is_array< <template-parameter-1-1> >::value), _Tp>::type> std::[01;32m[Kmake_shared[m[K(_Args&& ...)[m[Kâ€™
[15.238s]  1005 |     [01;36m[Kmake_shared[m[K(_Args&&... __args)
[15.239s]       |     [01;36m[K^~~~~~~~~~~[m[K
[15.239s] [01m[K/usr/include/c++/13/bits/shared_ptr.h:1005:5:[m[K [01;36m[Knote: [m[K  template argument deduction/substitution failed:
[15.240s] [01m[K/home/youss/Documents/Projet/Autonomouscar/ros_ws/src/robot/src/encoders_subscriber.cpp:29:55:[m[K [01;31m[Kerror: [m[Ktemplate argument 1 is invalid
[15.240s]    29 |     rclcpp::spin([01;31m[Kstd::make_shared<Encoders_subscriber>("encoders_subscriber", "encoders_topic", QUEUE_DEPTH)[m[K);
[15.240s]       |                  [01;31m[K~~~~~~~~~~~~~~~~~~~~~~~~~~~~~~~~~~~~~^~~~~~~~~~~~~~~~~~~~~~~~~~~~~~~~~~~~~~~~~~~~~~~~~~~~~~[m[K
[18.160s] gmake[2]: *** [CMakeFiles/listener.dir/build.make:76: CMakeFiles/listener.dir/src/encoders_subscriber.cpp.o] Error 1
[18.161s] gmake[1]: *** [CMakeFiles/Makefile2:165: CMakeFiles/listener.dir/all] Error 2
[18.162s] gmake: *** [Makefile:146: all] Error 2
[18.170s] Invoked command in '/home/youss/Documents/Projet/Autonomouscar/ros_ws/build/robot' returned '2': CMAKE_PREFIX_PATH=${CMAKE_PREFIX_PATH}:/opt/ros/jazzy DEBUGINFOD_URLS=https://debuginfod.ubuntu.com /usr/bin/cmake --build /home/youss/Documents/Projet/Autonomouscar/ros_ws/build/robot -- -j4 -l4
