[0.067s] Invoking command in '/home/youss/Documents/Projet/Autonomouscar/ros_ws/build/robot': CMAKE_PREFIX_PATH=${CMAKE_PREFIX_PATH}:/opt/ros/jazzy DEBUGINFOD_URLS=https://debuginfod.ubuntu.com /usr/bin/cmake --build /home/youss/Documents/Projet/Autonomouscar/ros_ws/build/robot -- -j4 -l4
[0.553s] -- Found ament_cmake: 2.5.2 (/opt/ros/jazzy/share/ament_cmake/cmake)
[1.579s] -- Override CMake install command with custom implementation using symlinks instead of copying resources
[1.654s] -- Found rclcpp: 28.1.5 (/opt/ros/jazzy/share/rclcpp/cmake)
[1.859s] -- Found rosidl_generator_c: 4.6.4 (/opt/ros/jazzy/share/rosidl_generator_c/cmake)
[1.911s] -- Found rosidl_generator_cpp: 4.6.4 (/opt/ros/jazzy/share/rosidl_generator_cpp/cmake)
[1.979s] -- Using all available rosidl_typesupport_c: rosidl_typesupport_fastrtps_c;rosidl_typesupport_introspection_c
[2.055s] -- Using all available rosidl_typesupport_cpp: rosidl_typesupport_fastrtps_cpp;rosidl_typesupport_introspection_cpp
[2.369s] -- Found rmw_implementation_cmake: 7.3.1 (/opt/ros/jazzy/share/rmw_implementation_cmake/cmake)
[2.379s] -- Found rmw_fastrtps_cpp: 8.4.1 (/opt/ros/jazzy/share/rmw_fastrtps_cpp/cmake)
[2.709s] -- Using RMW implementation 'rmw_fastrtps_cpp' as default
[3.072s] -- Found std_msgs: 5.3.5 (/opt/ros/jazzy/share/std_msgs/cmake)
[3.152s] -- Found ament_lint_auto: 0.17.1 (/opt/ros/jazzy/share/ament_lint_auto/cmake)
[3.621s] -- Added test 'cppcheck' to perform static code analysis on C / C++ code
[3.622s] -- Configured cppcheck include dirs: $<BUILD_INTERFACE:/home/youss/Documents/Projet/Autonomouscar/ros_ws/src/robot/include>
[3.622s] -- Configured cppcheck exclude dirs and/or files: 
[3.626s] -- Added test 'flake8' to check Python code syntax and style conventions
[3.626s] -- Configured 'flake8' exclude dirs and/or files: 
[3.630s] -- Added test 'lint_cmake' to check CMake code style
[3.633s] -- Added test 'pep257' to check Python code against some of the docstring style conventions in PEP 257
[3.645s] -- Added test 'uncrustify' to check C / C++ code style
[3.645s] -- Configured uncrustify additional arguments: 
[3.648s] -- Added test 'xmllint' to check XML markup files
[3.659s] -- Configuring done (3.2s)
[3.803s] -- Generating done (0.1s)
[3.816s] -- Build files have been written to: /home/youss/Documents/Projet/Autonomouscar/ros_ws/build/robot
[4.098s] [ 28%] [32mBuilding CXX object CMakeFiles/encoders.dir/src/channel.cpp.o[0m
[4.100s] [ 28%] [32mBuilding CXX object CMakeFiles/encoders.dir/src/main.cpp.o[0m
[4.104s] [ 42%] [32mBuilding CXX object CMakeFiles/encoders.dir/src/encoders.cpp.o[0m
[4.191s] [ 57%] [32mBuilding CXX object CMakeFiles/encoders.dir/src/encoders_publisher.cpp.o[0m
[7.196s] In file included from [01m[K/home/youss/Documents/Projet/Autonomouscar/ros_ws/src/robot/src/channel.cpp:5[m[K:
[7.197s] [01m[K/home/youss/Documents/Projet/Autonomouscar/ros_ws/src/robot/include/robot/channel.h:9:9:[m[K [01;35m[Kwarning: [m[Ktype qualifiers ignored on function return type [[01;35m[K]8;;https://gcc.gnu.org/onlinedocs/gcc/Warning-Options.html#index-Wignored-qualifiers-Wignored-qualifiers]8;;[m[K]
[7.202s]     9 |         [01;35m[Kconst[m[K unsigned int get_gpio() const;
[7.207s]       |         [01;35m[K^~~~~[m[K
[7.209s] [01m[K/home/youss/Documents/Projet/Autonomouscar/ros_ws/src/robot/src/channel.cpp:18:1:[m[K [01;35m[Kwarning: [m[Ktype qualifiers ignored on function return type [[01;35m[K]8;;https://gcc.gnu.org/onlinedocs/gcc/Warning-Options.html#index-Wignored-qualifiers-Wignored-qualifiers]8;;[m[K]
[7.213s]    18 | [01;35m[Kconst[m[K unsigned int Channel::get_gpio() const
[7.214s]       | [01;35m[K^~~~~[m[K
[7.215s] [01m[K/home/youss/Documents/Projet/Autonomouscar/ros_ws/src/robot/src/channel.cpp:23:6:[m[K [01;31m[Kerror: [m[Kno declaration matches â€˜[01m[Kbool Channel::[01;32m[Kconfigure_gpio_as_input[m[K()[m[Kâ€™
[7.215s]    23 | bool [01;31m[KChannel[m[K::configure_gpio_as_input()
[7.220s]       |      [01;31m[K^~~~~~~[m[K
[7.221s] [01m[K/home/youss/Documents/Projet/Autonomouscar/ros_ws/src/robot/include/robot/channel.h:12:14:[m[K [01;36m[Knote: [m[Kcandidate is: â€˜[01m[Kbool Channel::[01;32m[Kconfigure_gpio_as_input[m[K() const[m[Kâ€™
[7.225s]    12 |         bool [01;36m[Kconfigure_gpio_as_input[m[K() const;
[7.226s]       |              [01;36m[K^~~~~~~~~~~~~~~~~~~~~~~[m[K
[7.227s] [01m[K/home/youss/Documents/Projet/Autonomouscar/ros_ws/src/robot/include/robot/channel.h:4:8:[m[K [01;36m[Knote: [m[Kâ€˜[01m[Kstruct Channel[m[Kâ€™ defined here
[7.233s]     4 | struct [01;36m[KChannel[m[K
[7.240s]       |        [01;36m[K^~~~~~~[m[K
[7.543s] gmake[2]: *** [CMakeFiles/encoders.dir/build.make:90: CMakeFiles/encoders.dir/src/channel.cpp.o] Error 1
[7.544s] gmake[2]: *** Waiting for unfinished jobs....
[8.704s] In file included from [01m[K/home/youss/Documents/Projet/Autonomouscar/ros_ws/src/robot/src/encoders.cpp:22[m[K:
[8.705s] [01m[K/home/youss/Documents/Projet/Autonomouscar/ros_ws/src/robot/include/robot/encoders.h:16:9:[m[K [01;31m[Kerror: [m[Kexpected identifier before â€˜[01m[K)[m[Kâ€™ token
[8.706s]    16 |         [01;31m[K)[m[K;
[8.716s]       |         [01;31m[K^[m[K
[8.718s] [01m[K/home/youss/Documents/Projet/Autonomouscar/ros_ws/src/robot/src/encoders.cpp:32:21:[m[K [01;31m[Kerror: [m[Kexpected â€˜[01m[K,[m[Kâ€™ or â€˜[01m[K...[m[Kâ€™ before â€˜[01m[Kconst[m[Kâ€™
[8.722s]    32 |                     [01;31m[Kconst[m[K unsigned int &channel_B_gpio,
[8.725s]       |                     [01;31m[K^~~~~[m[K
[8.733s] [01m[K/home/youss/Documents/Projet/Autonomouscar/ros_ws/src/robot/src/encoders.cpp:29:1:[m[K [01;31m[Kerror: [m[Kno declaration matches â€˜[01m[KEncoders::[01;32m[KEncoders[m[K(const unsigned int&, const unsigned int&, const unsigned int&)[m[Kâ€™
[8.735s]    29 | [01;31m[KEncoders[m[K::Encoders(const unsigned int &MxA_gpio,
[8.737s]       | [01;31m[K^~~~~~~~[m[K
[8.738s] [01m[K/home/youss/Documents/Projet/Autonomouscar/ros_ws/src/robot/include/robot/encoders.h:8:8:[m[K [01;36m[Knote: [m[Kcandidates are: â€˜[01m[KEncoders::[01;32m[KEncoders[m[K(Encoders&&)[m[Kâ€™
[8.740s]     8 | struct [01;36m[KEncoders[m[K
[8.752s]       |        [01;36m[K^~~~~~~~[m[K
[8.753s] [01m[K/home/youss/Documents/Projet/Autonomouscar/ros_ws/src/robot/include/robot/encoders.h:8:8:[m[K [01;36m[Knote: [m[K                â€˜[01m[KEncoders::[01;32m[KEncoders[m[K(const Encoders&)[m[Kâ€™
[8.755s] [01m[K/home/youss/Documents/Projet/Autonomouscar/ros_ws/src/robot/include/robot/encoders.h:11:9:[m[K [01;36m[Knote: [m[K                â€˜[01m[KEncoders::[01;32m[KEncoders[m[K(const unsigned int&, const unsigned int&, const unsigned int&, const unsigned int&, const unsigned int&, int)[m[Kâ€™
[8.759s]    11 |         [01;36m[KEncoders[m[K(const unsigned int &MxA_gpio,
[8.764s]       |         [01;36m[K^~~~~~~~[m[K
[8.767s] [01m[K/home/youss/Documents/Projet/Autonomouscar/ros_ws/src/robot/include/robot/encoders.h:8:8:[m[K [01;36m[Knote: [m[Kâ€˜[01m[Kstruct Encoders[m[Kâ€™ defined here
[8.770s]     8 | struct [01;36m[KEncoders[m[K
[8.771s]       |        [01;36m[K^~~~~~~~[m[K
[8.773s] In file included from [01m[K/home/youss/Documents/Projet/Autonomouscar/ros_ws/src/robot/src/main.cpp:20[m[K:
[8.774s] [01m[K/home/youss/Documents/Projet/Autonomouscar/ros_ws/src/robot/include/robot/encoders.h:16:9:[m[K [01;31m[Kerror: [m[Kexpected identifier before â€˜[01m[K)[m[Kâ€™ token
[8.775s]    16 |         [01;31m[K)[m[K;
[8.777s]       |         [01;31m[K^[m[K
[8.777s] [01m[K/home/youss/Documents/Projet/Autonomouscar/ros_ws/src/robot/src/main.cpp:[m[K In function â€˜[01m[Kint[01;32m[K main[m[K()[m[Kâ€™:
[8.778s] [01m[K/home/youss/Documents/Projet/Autonomouscar/ros_ws/src/robot/src/main.cpp:59:25:[m[K [01;31m[Kerror: [m[Kâ€˜[01m[KA_channel[m[Kâ€™ was not declared in this scope; did you mean â€˜[01m[KM2_A_channel[m[Kâ€™?
[8.780s]    59 |                    [01;31m[KA_channel[m[K,
[8.781s]       |                    [01;31m[K^~~~~~~~~[m[K
[8.782s]       |                    [32m[KM2_A_channel[m[K
[8.783s] [01m[K/home/youss/Documents/Projet/Autonomouscar/ros_ws/src/robot/src/encoders.cpp:[m[K In member function â€˜[01m[Kbool Encoders::[01;32m[Kconfigure_gpio_as_output[m[K(const unsigned int&)[m[Kâ€™:
[8.785s] [01m[K/home/youss/Documents/Projet/Autonomouscar/ros_ws/src/robot/src/encoders.cpp:133:18:[m[K [01;31m[Kerror: [m[Kâ€˜[01m[KPI_BAD_gpio[m[Kâ€™ was not declared in this scope; did you mean â€˜[01m[KPI_BAD_GPIO[m[Kâ€™?
[8.786s]   133 |             case [01;31m[KPI_BAD_gpio[m[K:
[8.787s]       |                  [01;31m[K^~~~~~~~~~~[m[K
[8.788s]       |                  [32m[KPI_BAD_GPIO[m[K
[8.789s] [01m[K/home/youss/Documents/Projet/Autonomouscar/ros_ws/src/robot/src/main.cpp:60:25:[m[K [01;31m[Kerror: [m[Kâ€˜[01m[KB_channel[m[Kâ€™ was not declared in this scope; did you mean â€˜[01m[KM2_B_channel[m[Kâ€™?
[8.790s]    60 |                    [01;31m[KB_channel[m[K,
[8.791s]       |                    [01;31m[K^~~~~~~~~[m[K
[8.793s]       |                    [32m[KM2_B_channel[m[K
[8.798s] [01m[K/home/youss/Documents/Projet/Autonomouscar/ros_ws/src/robot/src/main.cpp:61:25:[m[K [01;31m[Kerror: [m[Kâ€˜[01m[Kduty_cycle[m[Kâ€™ was not declared in this scope; did you mean â€˜[01m[KM2_duty_cycle[m[Kâ€™?
[8.799s]    61 |                   [01;31m[Kduty_cycle[m[K,
[8.801s]       |                   [01;31m[K^~~~~~~~~~[m[K
[8.803s]       |                   [32m[KM2_duty_cycle[m[K
[8.804s] [01m[K/home/youss/Documents/Projet/Autonomouscar/ros_ws/src/robot/src/main.cpp:62:5:[m[K [01;31m[Kerror: [m[Kexpected primary-expression before â€˜[01m[K)[m[Kâ€™ token
[8.805s]    62 |     [01;31m[K)[m[K;
[8.807s]       |     [01;31m[K^[m[K
[8.814s] [01m[K/home/youss/Documents/Projet/Autonomouscar/ros_ws/src/robot/src/encoders.cpp:[m[K At global scope:
[8.815s] [01m[K/home/youss/Documents/Projet/Autonomouscar/ros_ws/src/robot/src/encoders.cpp:260:6:[m[K [01;31m[Kerror: [m[Kno declaration matches â€˜[01m[Kvoid Encoders::[01;32m[Kcount_number_of_changes[m[K(const unsigned int&)[m[Kâ€™
[8.816s]   260 | void [01;31m[KEncoders[m[K::count_number_of_changes(const unsigned int &channel_gpio)
[8.820s]       |      [01;31m[K^~~~~~~~[m[K
[8.821s] [01m[K/home/youss/Documents/Projet/Autonomouscar/ros_ws/src/robot/include/robot/encoders.h:76:14:[m[K [01;36m[Knote: [m[Kcandidate is: â€˜[01m[Kvoid Encoders::[01;32m[Kcount_number_of_changes[m[K()[m[Kâ€™
[8.822s]    76 |         void [01;36m[Kcount_number_of_changes[m[K();
[8.825s]       |              [01;36m[K^~~~~~~~~~~~~~~~~~~~~~~[m[K
[8.833s] [01m[K/home/youss/Documents/Projet/Autonomouscar/ros_ws/src/robot/include/robot/encoders.h:8:8:[m[K [01;36m[Knote: [m[Kâ€˜[01m[Kstruct Encoders[m[Kâ€™ defined here
[8.834s]     8 | struct [01;36m[KEncoders[m[K
[8.835s]       |        [01;36m[K^~~~~~~~[m[K
[8.836s] [01m[K/home/youss/Documents/Projet/Autonomouscar/ros_ws/src/robot/src/main.cpp:66:25:[m[K [01;31m[Kerror: [m[Kâ€˜[01m[Kduty_cycle_B[m[Kâ€™ was not declared in this scope
[8.837s]    66 |                   [01;31m[Kduty_cycle_B[m[K,
[8.838s]       |                   [01;31m[K^~~~~~~~~~~~[m[K
[8.839s] 
[9.117s] gmake[2]: *** [CMakeFiles/encoders.dir/build.make:76: CMakeFiles/encoders.dir/src/main.cpp.o] Error 1
[9.259s] gmake[2]: *** [CMakeFiles/encoders.dir/build.make:104: CMakeFiles/encoders.dir/src/encoders.cpp.o] Error 1
[18.262s] In file included from [01m[K/home/youss/Documents/Projet/Autonomouscar/ros_ws/src/robot/include/robot/encoders_publisher.h:2[m[K,
[18.263s]                  from [01m[K/home/youss/Documents/Projet/Autonomouscar/ros_ws/src/robot/src/encoders_publisher.cpp:14[m[K:
[18.267s] [01m[K/home/youss/Documents/Projet/Autonomouscar/ros_ws/src/robot/include/robot/encoders.h:16:9:[m[K [01;31m[Kerror: [m[Kexpected identifier before â€˜[01m[K)[m[Kâ€™ token
[18.268s]    16 |         [01;31m[K)[m[K;
[18.268s]       |         [01;31m[K^[m[K
[22.956s] gmake[2]: *** [CMakeFiles/encoders.dir/build.make:118: CMakeFiles/encoders.dir/src/encoders_publisher.cpp.o] Error 1
[22.957s] gmake[1]: *** [CMakeFiles/Makefile2:137: CMakeFiles/encoders.dir/all] Error 2
[22.958s] gmake: *** [Makefile:146: all] Error 2
[22.979s] Invoked command in '/home/youss/Documents/Projet/Autonomouscar/ros_ws/build/robot' returned '2': CMAKE_PREFIX_PATH=${CMAKE_PREFIX_PATH}:/opt/ros/jazzy DEBUGINFOD_URLS=https://debuginfod.ubuntu.com /usr/bin/cmake --build /home/youss/Documents/Projet/Autonomouscar/ros_ws/build/robot -- -j4 -l4
