[ 20%] [32mBuilding CXX object CMakeFiles/encoders.dir/src/encoders_publisher.cpp.o[0m
[ 60%] Built target listener
[01m[K/home/youss/Documents/Projet/Autonomouscar/ros_ws/src/robot/src/encoders_publisher.cpp:[m[K In function â€˜[01m[Kint[01;32m[K main[m[K(int, char**)[m[Kâ€™:
[01m[K/home/youss/Documents/Projet/Autonomouscar/ros_ws/src/robot/src/encoders_publisher.cpp:48:5:[m[K [01;31m[Kerror: [m[Kâ€˜[01m[Ke[m[Kâ€™ was not declared in this scope
   48 |     [01;31m[Ke[m[K.set_rps(3);
      |     [01;31m[K^[m[K
gmake[2]: *** [CMakeFiles/encoders.dir/build.make:90: CMakeFiles/encoders.dir/src/encoders_publisher.cpp.o] Error 1
gmake[1]: *** [CMakeFiles/Makefile2:139: CMakeFiles/encoders.dir/all] Error 2
gmake: *** [Makefile:146: all] Error 2
