[0.050s] Invoking command in '/home/youss/Documents/Projet/Autonomouscar/ros_ws/build/robot': CMAKE_PREFIX_PATH=${CMAKE_PREFIX_PATH}:/opt/ros/jazzy DEBUGINFOD_URLS=https://debuginfod.ubuntu.com /usr/bin/cmake --build /home/youss/Documents/Projet/Autonomouscar/ros_ws/build/robot -- -j4 -l4
[0.307s] [ 50%] [32mBuilding CXX object CMakeFiles/encoders.dir/src/encoders.cpp.o[0m
[2.352s] [01m[K/home/youss/Documents/Projet/Autonomouscar/ros_ws/src/robot/src/encoders.cpp:20:48:[m[K [01;31m[Kerror: [m[Kcannot declare member function â€˜[01m[Kstatic void Encoders::[01;32m[Ksignal_handler[m[K(int)[m[Kâ€™ to have static linkage [[01;31m[K]8;;https://gcc.gnu.org/onlinedocs/gcc/Warning-Options.html#index-fpermissive-fpermissive]8;;[m[K]
[2.353s]    20 | static void Encoders::signal_handler(int signal[01;31m[K)[m[K
[2.353s]       |                                                [01;31m[K^[m[K
[2.356s] [01m[K/home/youss/Documents/Projet/Autonomouscar/ros_ws/src/robot/src/encoders.cpp:[m[K In static member function â€˜[01m[Kstatic void Encoders::[01;32m[Ksignal_handler[m[K(int)[m[Kâ€™:
[2.356s] [01m[K/home/youss/Documents/Projet/Autonomouscar/ros_ws/src/robot/src/encoders.cpp:24:13:[m[K [01;31m[Kerror: [m[Kinvalid use of member â€˜[01m[KEncoders::_M1A_GPIO[m[Kâ€™ in static member function
[2.357s]    24 |     gpioPWM([01;31m[K_M1A_GPIO[m[K, 0);
[2.357s]       |             [01;31m[K^~~~~~~~~[m[K
[2.358s] In file included from [01m[K/home/youss/Documents/Projet/Autonomouscar/ros_ws/src/robot/src/encoders.cpp:13[m[K:
[2.358s] [01m[K/home/youss/Documents/Projet/Autonomouscar/ros_ws/src/robot/src/encoders.h:14:22:[m[K [01;36m[Knote: [m[Kdeclared here
[2.358s]    14 |         unsigned int [01;36m[K_M1A_GPIO[m[K = 17;
[2.359s]       |                      [01;36m[K^~~~~~~~~[m[K
[2.359s] [01m[K/home/youss/Documents/Projet/Autonomouscar/ros_ws/src/robot/src/encoders.cpp:25:5:[m[K [01;31m[Kerror: [m[Kinvalid use of member â€˜[01m[KEncoders::_is_running[m[Kâ€™ in static member function
[2.360s]    25 |     [01;31m[K_is_running[m[K = false;
[2.360s]       |     [01;31m[K^~~~~~~~~~~[m[K
[2.360s] [01m[K/home/youss/Documents/Projet/Autonomouscar/ros_ws/src/robot/src/encoders.h:37:14:[m[K [01;36m[Knote: [m[Kdeclared here
[2.361s]    37 |         bool [01;36m[K_is_running[m[K =  false;
[2.361s]       |              [01;36m[K^~~~~~~~~~~[m[K
[2.383s] [01m[K/home/youss/Documents/Projet/Autonomouscar/ros_ws/src/robot/src/encoders.cpp:[m[K At global scope:
[2.383s] [01m[K/home/youss/Documents/Projet/Autonomouscar/ros_ws/src/robot/src/encoders.cpp:163:6:[m[K [01;31m[Kerror: [m[Kno declaration matches â€˜[01m[Kvoid Encoders::[01;32m[Kcompute_rps_on_channels[m[K()[m[Kâ€™
[2.384s]   163 | void [01;31m[KEncoders[m[K::compute_rps_on_channels()
[2.384s]       |      [01;31m[K^~~~~~~~[m[K
[2.384s] [01m[K/home/youss/Documents/Projet/Autonomouscar/ros_ws/src/robot/src/encoders.cpp:163:6:[m[K [01;36m[Knote: [m[Kno functions named â€˜[01m[Kvoid Encoders::[01;32m[Kcompute_rps_on_channels[m[K()[m[Kâ€™
[2.385s] [01m[K/home/youss/Documents/Projet/Autonomouscar/ros_ws/src/robot/src/encoders.h:3:8:[m[K [01;36m[Knote: [m[Kâ€˜[01m[Kstruct Encoders[m[Kâ€™ defined here
[2.385s]     3 | struct [01;36m[KEncoders[m[K
[2.386s]       |        [01;36m[K^~~~~~~~[m[K
[2.618s] [01m[K/home/youss/Documents/Projet/Autonomouscar/ros_ws/src/robot/src/encoders.cpp:[m[K In member function â€˜[01m[Kbool Encoders::[01;32m[Kconfigure_pin_as_output[m[K(const unsigned int&)[m[Kâ€™:
[2.618s] [01m[K/home/youss/Documents/Projet/Autonomouscar/ros_ws/src/robot/src/encoders.cpp:39:56:[m[K [01;35m[Kwarning: [m[Kthis statement may fall through [[01;35m[K]8;;https://gcc.gnu.org/onlinedocs/gcc/Warning-Options.html#index-Wimplicit-fallthrough=-Wimplicit-fallthrough=]8;;[m[K]
[2.618s]    39 |                 cout << gpio << "is a bad gpio pin" << [01;35m[Kendl[m[K;
[2.619s]       |                                                        [01;35m[K^~~~[m[K
[2.619s] [01m[K/home/youss/Documents/Projet/Autonomouscar/ros_ws/src/robot/src/encoders.cpp:40:13:[m[K [01;36m[Knote: [m[Khere
[2.620s]    40 |             [01;36m[Kcase[m[K PI_BAD_MODE:
[2.620s]       |             [01;36m[K^~~~[m[K
[2.620s] [01m[K/home/youss/Documents/Projet/Autonomouscar/ros_ws/src/robot/src/encoders.cpp:41:57:[m[K [01;35m[Kwarning: [m[Kthis statement may fall through [[01;35m[K]8;;https://gcc.gnu.org/onlinedocs/gcc/Warning-Options.html#index-Wimplicit-fallthrough=-Wimplicit-fallthrough=]8;;[m[K]
[2.621s]    41 |                 cout << "Bad mode for gpio " << gpio << [01;35m[Kendl[m[K;
[2.622s]       |                                                         [01;35m[K^~~~[m[K
[2.622s] [01m[K/home/youss/Documents/Projet/Autonomouscar/ros_ws/src/robot/src/encoders.cpp:42:13:[m[K [01;36m[Knote: [m[Khere
[2.622s]    42 |             [01;36m[Kdefault[m[K:
[2.623s]       |             [01;36m[K^~~~~~~[m[K
[2.654s] gmake[2]: *** [CMakeFiles/encoders.dir/build.make:76: CMakeFiles/encoders.dir/src/encoders.cpp.o] Error 1
[2.654s] gmake[1]: *** [CMakeFiles/Makefile2:137: CMakeFiles/encoders.dir/all] Error 2
[2.655s] gmake: *** [Makefile:146: all] Error 2
[2.663s] Invoked command in '/home/youss/Documents/Projet/Autonomouscar/ros_ws/build/robot' returned '2': CMAKE_PREFIX_PATH=${CMAKE_PREFIX_PATH}:/opt/ros/jazzy DEBUGINFOD_URLS=https://debuginfod.ubuntu.com /usr/bin/cmake --build /home/youss/Documents/Projet/Autonomouscar/ros_ws/build/robot -- -j4 -l4
