[01m[K/home/youss/Documents/Projet/Autonomouscar/ros_ws/src/robot/src/motor_subscriber.cpp:[m[K In member function â€˜[01m[Kvoid Motor_subscriber::[01;32m[Kinit_params[m[K()[m[Kâ€™:
[01m[K/home/youss/Documents/Projet/Autonomouscar/ros_ws/src/robot/src/motor_subscriber.cpp:64:71:[m[K [01;31m[Kerror: [m[Kexpected â€˜[01m[K;[m[Kâ€™ before â€˜[01m[K}[m[Kâ€™ token
   64 |     std::cout << "ROS PARAMS INIT SUCCESS IN MOTOR_SUBSCRIBER NODE \n"
      |                                                                       [01;31m[K^[m[K
      |                                                                       [32m[K;[m[K
   65 | 
   66 | [32m[K}[m[K
      | [32m[K~[m[K                                                                      
gmake[2]: *** [CMakeFiles/motor_subscriber.dir/build.make:76: CMakeFiles/motor_subscriber.dir/src/motor_subscriber.cpp.o] Error 1
gmake[1]: *** [CMakeFiles/Makefile2:251: CMakeFiles/motor_subscriber.dir/all] Error 2
gmake: *** [Makefile:146: all] Error 2
