In file included from [01m[K/home/youss/Documents/Projet/Autonomouscar/ros_ws/src/robot/src/motor_subscriber.cpp:1[m[K:
[01m[K/home/youss/Documents/Projet/Autonomouscar/ros_ws/src/robot/include/robot/motor_subscriber.h:53:9:[m[K [01;31m[Kerror: [m[Kexpected â€˜[01m[K;[m[Kâ€™ before â€˜[01m[Kunsigned[m[Kâ€™
   53 |         [01;31m[Kunsigned[m[K int _M1A_GPIO = 17U;
      |         [01;31m[K^~~~~~~~[m[K
[01m[K/home/youss/Documents/Projet/Autonomouscar/ros_ws/src/robot/src/motor_subscriber.cpp:[m[K In member function â€˜[01m[Kvoid Motor_subscriber::[01;32m[Kinit_params[m[K()[m[Kâ€™:
[01m[K/home/youss/Documents/Projet/Autonomouscar/ros_ws/src/robot/src/motor_subscriber.cpp:52:5:[m[K [01;31m[Kerror: [m[Kâ€˜[01m[K_M1A_GPIO[m[Kâ€™ was not declared in this scope; did you mean â€˜[01m[K_M1B_GPIO[m[Kâ€™?
   52 |     [01;31m[K_M1A_GPIO[m[K = this->get_parameter("M1A_GPIO").as_int();
      |     [01;31m[K^~~~~~~~~[m[K
      |     [32m[K_M1B_GPIO[m[K
In file included from [01m[K/usr/include/c++/13/vector:66[m[K,
                 from [01m[K/opt/ros/jazzy/include/rclcpp/rclcpp/copy_all_parameter_values.hpp:19[m[K,
                 from [01m[K/opt/ros/jazzy/include/rclcpp/rclcpp/rclcpp.hpp:171[m[K,
                 from [01m[K/home/youss/Documents/Projet/Autonomouscar/ros_ws/src/robot/include/robot/motor_subscriber.h:4[m[K:
/usr/include/c++/13/bits/stl_vector.h: In instantiation of â€˜[01m[Kstruct std::_Vector_base<unsigned int, unsigned int>[m[Kâ€™:
[01m[K/usr/include/c++/13/bits/stl_vector.h:428:11:[m[K   required from â€˜[01m[Kclass std::vector<unsigned int, unsigned int>[m[Kâ€™
[01m[K/home/youss/Documents/Projet/Autonomouscar/ros_ws/src/robot/src/motor_subscriber.cpp:91:136:[m[K   required from here
[01m[K/usr/include/c++/13/bits/stl_vector.h:88:28:[m[K [01;31m[Kerror: [m[Kâ€˜[01m[Kunsigned int[m[Kâ€™ is not a class, struct, or union type
   88 |         rebind<_Tp>::other [01;31m[K_Tp_alloc_type[m[K;
      |                            [01;31m[K^~~~~~~~~~~~~~[m[K
[01m[K/usr/include/c++/13/bits/stl_vector.h:90:9:[m[K [01;31m[Kerror: [m[Kâ€˜[01m[Kunsigned int[m[Kâ€™ is not a class, struct, or union type
   90 |         [01;31m[Kpointer[m[K;
      |         [01;31m[K^~~~~~~[m[K
/usr/include/c++/13/bits/stl_vector.h: In instantiation of â€˜[01m[Kclass std::vector<unsigned int, unsigned int>[m[Kâ€™:
[01m[K/home/youss/Documents/Projet/Autonomouscar/ros_ws/src/robot/src/motor_subscriber.cpp:91:136:[m[K   required from here
[01m[K/usr/include/c++/13/bits/stl_vector.h:518:20:[m[K [01;31m[Kerror: [m[Kâ€˜[01m[K_M_allocate[m[Kâ€™ has not been declared in â€˜[01m[Kstd::vector<unsigned int, unsigned int>::_Base[m[Kâ€™
  518 |       using _Base::[01;31m[K_M_allocate[m[K;
      |                    [01;31m[K^~~~~~~~~~~[m[K
[01m[K/usr/include/c++/13/bits/stl_vector.h:519:20:[m[K [01;31m[Kerror: [m[Kâ€˜[01m[K_M_deallocate[m[Kâ€™ has not been declared in â€˜[01m[Kstd::vector<unsigned int, unsigned int>::_Base[m[Kâ€™
  519 |       using _Base::[01;31m[K_M_deallocate[m[K;
      |                    [01;31m[K^~~~~~~~~~~~~[m[K
[01m[K/usr/include/c++/13/bits/stl_vector.h:521:20:[m[K [01;31m[Kerror: [m[Kâ€˜[01m[K_M_get_Tp_allocator[m[Kâ€™ has not been declared in â€˜[01m[Kstd::vector<unsigned int, unsigned int>::_Base[m[Kâ€™
  521 |       using _Base::[01;31m[K_M_get_Tp_allocator[m[K;
      |                    [01;31m[K^~~~~~~~~~~~~~~~~~~[m[K
In file included from [01m[K/opt/ros/jazzy/include/rclcpp/rclcpp/logging.hpp:24[m[K,
                 from [01m[K/opt/ros/jazzy/include/rclcpp/rclcpp/copy_all_parameter_values.hpp:27[m[K:
[01m[K/home/youss/Documents/Projet/Autonomouscar/ros_ws/src/robot/src/motor_subscriber.cpp:[m[K In member function â€˜[01m[Kstd::vector<unsigned int, unsigned int> Motor_subscriber::[01;32m[Kconvert_msg_to_duty_cycles[m[K(const geometry_msgs::msg::Twist_<std::allocator<void> >::UniquePtr&) const[m[Kâ€™:
[01m[K/home/youss/Documents/Projet/Autonomouscar/ros_ws/src/robot/src/motor_subscriber.cpp:132:71:[m[K [01;31m[Kerror: [m[Kâ€˜[01m[Kduty_cycle[m[Kâ€™ was not declared in this scope
  132 |     RCLCPP_INFO(this->get_logger(), "Converted left_duty_cycle : %d", [01;31m[Kduty_cycle[m[K);
      |                                                                       [01;31m[K^~~~~~~~~~[m[K
[01m[K/home/youss/Documents/Projet/Autonomouscar/ros_ws/src/robot/src/motor_subscriber.cpp:[m[K In member function â€˜[01m[Kvoid Motor_subscriber::[01;32m[Kset_left_motor_and_right_motor_duty_cycle[m[K(const geometry_msgs::msg::Twist_<std::allocator<void> >::UniquePtr&)[m[Kâ€™:
[01m[K/home/youss/Documents/Projet/Autonomouscar/ros_ws/src/robot/src/motor_subscriber.cpp:157:59:[m[K [01;31m[Kerror: [m[Kâ€˜[01m[Kconvert_msg_to_duty_cycle[m[Kâ€™ was not declared in this scope; did you mean â€˜[01m[Kconvert_msg_to_duty_cycles[m[Kâ€™?
  157 |     std::vector<unsigned int, unsigned int> duty_cycles = [01;31m[Kconvert_msg_to_duty_cycle[m[K(msg);
      |                                                           [01;31m[K^~~~~~~~~~~~~~~~~~~~~~~~~[m[K
      |                                                           [32m[Kconvert_msg_to_duty_cycles[m[K
gmake[2]: *** [CMakeFiles/motor_subscriber.dir/build.make:76: CMakeFiles/motor_subscriber.dir/src/motor_subscriber.cpp.o] Error 1
gmake[1]: *** [CMakeFiles/Makefile2:251: CMakeFiles/motor_subscriber.dir/all] Error 2
gmake: *** [Makefile:146: all] Error 2
