[01m[K/home/youss/Documents/Projet/Autonomouscar/ros_ws/src/robot/src/encoders.cpp:[m[K In static member function â€˜[01m[Kstatic void Encoders::[01;32m[Kcompute_rps_handler[m[K(Encoders&)[m[Kâ€™:
[01m[K/home/youss/Documents/Projet/Autonomouscar/ros_ws/src/robot/src/encoders.cpp:287:21:[m[K [01;31m[Kerror: [m[Kexpected â€˜[01m[K;[m[Kâ€™ before â€˜[01m[K_rps[m[Kâ€™
  287 |     cout << "rps : "[01;31m[K [m[K[32m[K_rps[m[K << endl;
      |                     [01;31m[K^[m[K[32m[K~~~~[m[K
      |                     [32m[K;[m[K
gmake[2]: *** [CMakeFiles/encoders.dir/build.make:90: CMakeFiles/encoders.dir/src/encoders.cpp.o] Error 1
gmake[1]: *** [CMakeFiles/Makefile2:137: CMakeFiles/encoders.dir/all] Error 2
gmake: *** [Makefile:146: all] Error 2
