[ 25%] [32mBuilding CXX object CMakeFiles/encoders.dir/src/main.cpp.o[0m
[ 50%] [32mBuilding CXX object CMakeFiles/encoders.dir/src/encoders.cpp.o[0m
[01m[K/home/youss/Documents/Projet/Autonomouscar/ros_ws/src/robot/src/main.cpp:40:3:[m[K [01;35m[Kwarning: [m[Kmissing terminating " character
   40 | ""[01;35m[K"[m[K
      |   [01;35m[K^[m[K
[01m[K/home/youss/Documents/Projet/Autonomouscar/ros_ws/src/robot/src/main.cpp:40:3:[m[K [01;31m[Kerror: [m[Kmissing terminating " character
[01m[K/home/youss/Documents/Projet/Autonomouscar/ros_ws/src/robot/src/main.cpp:65:3:[m[K [01;35m[Kwarning: [m[Kmissing terminating " character
   65 | ""[01;35m[K"[m[K
      |   [01;35m[K^[m[K
[01m[K/home/youss/Documents/Projet/Autonomouscar/ros_ws/src/robot/src/main.cpp:65:3:[m[K [01;31m[Kerror: [m[Kmissing terminating " character
[01m[K/home/youss/Documents/Projet/Autonomouscar/ros_ws/src/robot/src/main.cpp:40:1:[m[K [01;31m[Kerror: [m[Kexpected unqualified-id before string constant
   40 | [01;31m[K""[m[K"
      | [01;31m[K^~[m[K
[01m[K/home/youss/Documents/Projet/Autonomouscar/ros_ws/src/robot/src/main.cpp:65:1:[m[K [01;31m[Kerror: [m[Kexpected unqualified-id before string constant
   65 | [01;31m[K""[m[K"
      | [01;31m[K^~[m[K
[01m[K/home/youss/Documents/Projet/Autonomouscar/ros_ws/src/robot/src/encoders.cpp:[m[K In constructor â€˜[01m[KEncoders::[01;32m[KEncoders[m[K(const unsigned int&, const unsigned int&, const unsigned int&, std::string)[m[Kâ€™:
[01m[K/home/youss/Documents/Projet/Autonomouscar/ros_ws/src/robot/src/encoders.cpp:76:16:[m[K [01;31m[Kerror: [m[Kcannot convert â€˜[01m[Kvoid(Encoders&)[m[Kâ€™ to â€˜[01m[Kstd::function<void()>[m[Kâ€™
   76 |     [01;31m[Ktimer_start(compute_rps_handler, interval)[m[K;
      |     [01;31m[K~~~~~~~~~~~^~~~~~~~~~~~~~~~~~~~~~~~~~~~~~~[m[K
In file included from [01m[K/home/youss/Documents/Projet/Autonomouscar/ros_ws/src/robot/src/encoders.cpp:22[m[K:
[01m[K/home/youss/Documents/Projet/Autonomouscar/ros_ws/src/robot/include/robot/encoders.h:74:52:[m[K [01;36m[Knote: [m[K  initializing argument 1 of â€˜[01m[Kvoid Encoders::[01;32m[Ktimer_start[m[K(std::function<void()>, const unsigned int&)[m[Kâ€™
   74 |         void timer_start([01;36m[Kstd::function<void(void)> func[m[K,
      |                          [01;36m[K~~~~~~~~~~~~~~~~~~~~~~~~~~^~~~[m[K
[01m[K/home/youss/Documents/Projet/Autonomouscar/ros_ws/src/robot/src/encoders.cpp:[m[K At global scope:
[01m[K/home/youss/Documents/Projet/Autonomouscar/ros_ws/src/robot/src/encoders.cpp:154:6:[m[K [01;31m[Kerror: [m[Kno declaration matches â€˜[01m[Kvoid Encoders::[01;32m[Ktimer_start[m[K(std::function<void(Encoders&)>, const unsigned int&)[m[Kâ€™
  154 | void [01;31m[KEncoders[m[K::timer_start(std::function<void(Encoders&)> func,
      |      [01;31m[K^~~~~~~~[m[K
[01m[K/home/youss/Documents/Projet/Autonomouscar/ros_ws/src/robot/include/robot/encoders.h:74:14:[m[K [01;36m[Knote: [m[Kcandidate is: â€˜[01m[Kvoid Encoders::[01;32m[Ktimer_start[m[K(std::function<void()>, const unsigned int&)[m[Kâ€™
   74 |         void [01;36m[Ktimer_start[m[K(std::function<void(void)> func,
      |              [01;36m[K^~~~~~~~~~~[m[K
[01m[K/home/youss/Documents/Projet/Autonomouscar/ros_ws/src/robot/include/robot/encoders.h:5:8:[m[K [01;36m[Knote: [m[Kâ€˜[01m[Kstruct Encoders[m[Kâ€™ defined here
    5 | struct [01;36m[KEncoders[m[K
      |        [01;36m[K^~~~~~~~[m[K
gmake[2]: *** [CMakeFiles/encoders.dir/build.make:76: CMakeFiles/encoders.dir/src/main.cpp.o] Error 1
gmake[2]: *** Waiting for unfinished jobs....
gmake[2]: *** [CMakeFiles/encoders.dir/build.make:90: CMakeFiles/encoders.dir/src/encoders.cpp.o] Error 1
gmake[1]: *** [CMakeFiles/Makefile2:137: CMakeFiles/encoders.dir/all] Error 2
gmake: *** [Makefile:146: all] Error 2
