[0.053s] Invoking command in '/home/youss/Documents/Projet/Autonomouscar/ros_ws/build/robot': CMAKE_PREFIX_PATH=${CMAKE_PREFIX_PATH}:/opt/ros/jazzy DEBUGINFOD_URLS=https://debuginfod.ubuntu.com /usr/bin/cmake --build /home/youss/Documents/Projet/Autonomouscar/ros_ws/build/robot -- -j4 -l4
[0.312s] [ 25%] [32mBuilding CXX object CMakeFiles/encoders.dir/src/main.cpp.o[0m
[0.314s] [ 50%] [32mBuilding CXX object CMakeFiles/encoders.dir/src/encoders.cpp.o[0m
[0.612s] [01m[K/home/youss/Documents/Projet/Autonomouscar/ros_ws/src/robot/src/main.cpp:40:3:[m[K [01;35m[Kwarning: [m[Kmissing terminating " character
[0.613s]    40 | ""[01;35m[K"[m[K
[0.613s]       |   [01;35m[K^[m[K
[0.614s] [01m[K/home/youss/Documents/Projet/Autonomouscar/ros_ws/src/robot/src/main.cpp:40:3:[m[K [01;31m[Kerror: [m[Kmissing terminating " character
[0.614s] [01m[K/home/youss/Documents/Projet/Autonomouscar/ros_ws/src/robot/src/main.cpp:65:3:[m[K [01;35m[Kwarning: [m[Kmissing terminating " character
[0.615s]    65 | ""[01;35m[K"[m[K
[0.615s]       |   [01;35m[K^[m[K
[0.616s] [01m[K/home/youss/Documents/Projet/Autonomouscar/ros_ws/src/robot/src/main.cpp:65:3:[m[K [01;31m[Kerror: [m[Kmissing terminating " character
[2.747s] [01m[K/home/youss/Documents/Projet/Autonomouscar/ros_ws/src/robot/src/main.cpp:40:1:[m[K [01;31m[Kerror: [m[Kexpected unqualified-id before string constant
[2.747s]    40 | [01;31m[K""[m[K"
[2.748s]       | [01;31m[K^~[m[K
[2.748s] [01m[K/home/youss/Documents/Projet/Autonomouscar/ros_ws/src/robot/src/main.cpp:65:1:[m[K [01;31m[Kerror: [m[Kexpected unqualified-id before string constant
[2.749s]    65 | [01;31m[K""[m[K"
[2.750s]       | [01;31m[K^~[m[K
[2.756s] [01m[K/home/youss/Documents/Projet/Autonomouscar/ros_ws/src/robot/src/encoders.cpp:[m[K In constructor â€˜[01m[KEncoders::[01;32m[KEncoders[m[K(const unsigned int&, const unsigned int&, const unsigned int&, std::string)[m[Kâ€™:
[2.757s] [01m[K/home/youss/Documents/Projet/Autonomouscar/ros_ws/src/robot/src/encoders.cpp:76:16:[m[K [01;31m[Kerror: [m[Kcannot convert â€˜[01m[Kvoid(Encoders&)[m[Kâ€™ to â€˜[01m[Kstd::function<void()>[m[Kâ€™
[2.757s]    76 |     [01;31m[Ktimer_start(compute_rps_handler, interval)[m[K;
[2.758s]       |     [01;31m[K~~~~~~~~~~~^~~~~~~~~~~~~~~~~~~~~~~~~~~~~~~[m[K
[2.759s] In file included from [01m[K/home/youss/Documents/Projet/Autonomouscar/ros_ws/src/robot/src/encoders.cpp:22[m[K:
[2.759s] [01m[K/home/youss/Documents/Projet/Autonomouscar/ros_ws/src/robot/include/robot/encoders.h:74:52:[m[K [01;36m[Knote: [m[K  initializing argument 1 of â€˜[01m[Kvoid Encoders::[01;32m[Ktimer_start[m[K(std::function<void()>, const unsigned int&)[m[Kâ€™
[2.760s]    74 |         void timer_start([01;36m[Kstd::function<void(void)> func[m[K,
[2.760s]       |                          [01;36m[K~~~~~~~~~~~~~~~~~~~~~~~~~~^~~~[m[K
[2.768s] [01m[K/home/youss/Documents/Projet/Autonomouscar/ros_ws/src/robot/src/encoders.cpp:[m[K At global scope:
[2.769s] [01m[K/home/youss/Documents/Projet/Autonomouscar/ros_ws/src/robot/src/encoders.cpp:154:6:[m[K [01;31m[Kerror: [m[Kno declaration matches â€˜[01m[Kvoid Encoders::[01;32m[Ktimer_start[m[K(std::function<void(Encoders&)>, const unsigned int&)[m[Kâ€™
[2.770s]   154 | void [01;31m[KEncoders[m[K::timer_start(std::function<void(Encoders&)> func,
[2.771s]       |      [01;31m[K^~~~~~~~[m[K
[2.772s] [01m[K/home/youss/Documents/Projet/Autonomouscar/ros_ws/src/robot/include/robot/encoders.h:74:14:[m[K [01;36m[Knote: [m[Kcandidate is: â€˜[01m[Kvoid Encoders::[01;32m[Ktimer_start[m[K(std::function<void()>, const unsigned int&)[m[Kâ€™
[2.773s]    74 |         void [01;36m[Ktimer_start[m[K(std::function<void(void)> func,
[2.774s]       |              [01;36m[K^~~~~~~~~~~[m[K
[2.775s] [01m[K/home/youss/Documents/Projet/Autonomouscar/ros_ws/src/robot/include/robot/encoders.h:5:8:[m[K [01;36m[Knote: [m[Kâ€˜[01m[Kstruct Encoders[m[Kâ€™ defined here
[2.776s]     5 | struct [01;36m[KEncoders[m[K
[2.777s]       |        [01;36m[K^~~~~~~~[m[K
[2.947s] gmake[2]: *** [CMakeFiles/encoders.dir/build.make:76: CMakeFiles/encoders.dir/src/main.cpp.o] Error 1
[2.948s] gmake[2]: *** Waiting for unfinished jobs....
[2.981s] gmake[2]: *** [CMakeFiles/encoders.dir/build.make:90: CMakeFiles/encoders.dir/src/encoders.cpp.o] Error 1
[2.982s] gmake[1]: *** [CMakeFiles/Makefile2:137: CMakeFiles/encoders.dir/all] Error 2
[2.983s] gmake: *** [Makefile:146: all] Error 2
[2.990s] Invoked command in '/home/youss/Documents/Projet/Autonomouscar/ros_ws/build/robot' returned '2': CMAKE_PREFIX_PATH=${CMAKE_PREFIX_PATH}:/opt/ros/jazzy DEBUGINFOD_URLS=https://debuginfod.ubuntu.com /usr/bin/cmake --build /home/youss/Documents/Projet/Autonomouscar/ros_ws/build/robot -- -j4 -l4
