[0.052s] Invoking command in '/home/youss/Documents/Projet/Autonomouscar/ros_ws/build/robot': CMAKE_PREFIX_PATH=${CMAKE_PREFIX_PATH}:/opt/ros/jazzy DEBUGINFOD_URLS=https://debuginfod.ubuntu.com /usr/bin/cmake --build /home/youss/Documents/Projet/Autonomouscar/ros_ws/build/robot -- -j4 -l4
[0.176s] -- Found ament_cmake: 2.5.2 (/opt/ros/jazzy/share/ament_cmake/cmake)
[1.157s] -- Found rclcpp: 28.1.5 (/opt/ros/jazzy/share/rclcpp/cmake)
[1.313s] -- Found rosidl_generator_c: 4.6.4 (/opt/ros/jazzy/share/rosidl_generator_c/cmake)
[1.352s] -- Found rosidl_generator_cpp: 4.6.4 (/opt/ros/jazzy/share/rosidl_generator_cpp/cmake)
[1.400s] -- Using all available rosidl_typesupport_c: rosidl_typesupport_fastrtps_c;rosidl_typesupport_introspection_c
[1.456s] -- Using all available rosidl_typesupport_cpp: rosidl_typesupport_fastrtps_cpp;rosidl_typesupport_introspection_cpp
[1.687s] -- Found rmw_implementation_cmake: 7.3.1 (/opt/ros/jazzy/share/rmw_implementation_cmake/cmake)
[1.693s] -- Found rmw_fastrtps_cpp: 8.4.1 (/opt/ros/jazzy/share/rmw_fastrtps_cpp/cmake)
[1.960s] -- Using RMW implementation 'rmw_fastrtps_cpp' as default
[2.181s] -- Found std_msgs: 5.3.5 (/opt/ros/jazzy/share/std_msgs/cmake)
[2.229s] -- Found geometry_msgs: 5.3.5 (/opt/ros/jazzy/share/geometry_msgs/cmake)
[2.283s] -- Found ament_lint_auto: 0.17.1 (/opt/ros/jazzy/share/ament_lint_auto/cmake)
[2.843s] -- Added test 'cppcheck' to perform static code analysis on C / C++ code
[2.845s] -- Configured cppcheck include dirs: $<BUILD_INTERFACE:/home/youss/Documents/Projet/Autonomouscar/ros_ws/src/robot/include>
[2.845s] -- Configured cppcheck exclude dirs and/or files: 
[2.848s] -- Added test 'flake8' to check Python code syntax and style conventions
[2.848s] -- Configured 'flake8' exclude dirs and/or files: 
[2.853s] -- Added test 'lint_cmake' to check CMake code style
[2.856s] -- Added test 'pep257' to check Python code against some of the docstring style conventions in PEP 257
[2.872s] -- Added test 'uncrustify' to check C / C++ code style
[2.873s] -- Configured uncrustify additional arguments: 
[2.876s] -- Added test 'xmllint' to check XML markup files
[2.906s] -- Configuring done (2.7s)
[3.073s] -- Generating done (0.1s)
[3.090s] -- Build files have been written to: /home/youss/Documents/Projet/Autonomouscar/ros_ws/build/robot
[3.301s] [  5%] [32mBuilding CXX object CMakeFiles/main.dir/src/main.cpp.o[0m
[3.330s] [ 22%] Built target encoders_publisher
[3.334s] [ 33%] Built target encoders_subscriber
[3.343s] [ 44%] Built target robot_controller
[3.495s] [ 55%] Built target motor_subscriber
[3.499s] [ 66%] Built target position_reader
[3.506s] [ 77%] Built target position_publisher
[4.813s] [01m[K/home/youss/Documents/Projet/Autonomouscar/ros_ws/src/robot/src/main.cpp:[m[K In function â€˜[01m[Kint[01;32m[K main[m[K()[m[Kâ€™:
[4.814s] [01m[K/home/youss/Documents/Projet/Autonomouscar/ros_ws/src/robot/src/main.cpp:162:5:[m[K [01;31m[Kerror: [m[Kâ€˜[01m[Kelse[m[Kâ€™ without a previous â€˜[01m[Kif[m[Kâ€™
[4.814s]   162 |     [01;31m[Kelse[m[K
[4.815s]       |     [01;31m[K^~~~[m[K
[4.954s] gmake[2]: *** [CMakeFiles/main.dir/build.make:76: CMakeFiles/main.dir/src/main.cpp.o] Error 1
[4.956s] gmake[1]: *** [CMakeFiles/Makefile2:149: CMakeFiles/main.dir/all] Error 2
[4.957s] gmake: *** [Makefile:146: all] Error 2
[4.967s] Invoked command in '/home/youss/Documents/Projet/Autonomouscar/ros_ws/build/robot' returned '2': CMAKE_PREFIX_PATH=${CMAKE_PREFIX_PATH}:/opt/ros/jazzy DEBUGINFOD_URLS=https://debuginfod.ubuntu.com /usr/bin/cmake --build /home/youss/Documents/Projet/Autonomouscar/ros_ws/build/robot -- -j4 -l4
