[0.061s] Invoking command in '/home/youss/Documents/Projet/Autonomouscar/ros_ws/build/robot': CMAKE_PREFIX_PATH=${CMAKE_PREFIX_PATH}:/opt/ros/jazzy DEBUGINFOD_URLS=https://debuginfod.ubuntu.com /usr/bin/cmake --build /home/youss/Documents/Projet/Autonomouscar/ros_ws/build/robot -- -j4 -l4
[0.397s] [ 71%] Built target listener
[0.398s] [ 71%] Built target encoders
[0.436s] [ 85%] [32mBuilding CXX object CMakeFiles/robot_controller.dir/src/robot_controller.cpp.o[0m
[13.311s] In file included from [01m[K/home/youss/Documents/Projet/Autonomouscar/ros_ws/src/robot/src/robot_controller.cpp:1[m[K:
[13.311s] [01m[K/home/youss/Documents/Projet/Autonomouscar/ros_ws/src/robot/include/robot/robot_controller.h:15:30:[m[K [01;31m[Kerror: [m[Kâ€˜[01m[Kstd_msgs[m[Kâ€™ was not declared in this scope
[13.312s]    15 |         rclcpp::Subscription<[01;31m[Kstd_msgs[m[K::msg::Float32>::SharedPtr _encoders_subscription;
[13.312s]       |                              [01;31m[K^~~~~~~~[m[K
[13.312s] [01m[K/home/youss/Documents/Projet/Autonomouscar/ros_ws/src/robot/include/robot/robot_controller.h:15:52:[m[K [01;31m[Kerror: [m[Ktemplate argument 1 is invalid
[13.313s]    15 |         rclcpp::Subscription<std_msgs::msg::Float32[01;31m[K>[m[K::SharedPtr _encoders_subscription;
[13.313s]       |                                                    [01;31m[K^[m[K
[13.313s] [01m[K/home/youss/Documents/Projet/Autonomouscar/ros_ws/src/robot/include/robot/robot_controller.h:15:52:[m[K [01;31m[Kerror: [m[Ktemplate argument 3 is invalid
[13.314s] [01m[K/home/youss/Documents/Projet/Autonomouscar/ros_ws/src/robot/include/robot/robot_controller.h:15:52:[m[K [01;31m[Kerror: [m[Ktemplate argument 4 is invalid
[13.314s] [01m[K/home/youss/Documents/Projet/Autonomouscar/ros_ws/src/robot/include/robot/robot_controller.h:15:52:[m[K [01;31m[Kerror: [m[Ktemplate argument 5 is invalid
[13.314s] [01m[K/home/youss/Documents/Projet/Autonomouscar/ros_ws/src/robot/include/robot/robot_controller.h:15:55:[m[K [01;31m[Kerror: [m[Kexpected â€˜[01m[K;[m[Kâ€™ at end of member declaration
[13.315s]    15 |         rclcpp::Subscription<std_msgs::msg::Float32>::[01;31m[KSharedPtr[m[K _encoders_subscription;
[13.315s]       |                                                       [01;31m[K^~~~~~~~~[m[K
[13.316s]       |                                                                [32m[K;[m[K
[13.328s] [01m[K/home/youss/Documents/Projet/Autonomouscar/ros_ws/src/robot/include/robot/robot_controller.h:15:65:[m[K [01;31m[Kerror: [m[Kâ€˜[01m[K_encoders_subscription[m[Kâ€™ does not name a type
[13.329s]    15 |         rclcpp::Subscription<std_msgs::msg::Float32>::SharedPtr [01;31m[K_encoders_subscription[m[K;
[13.329s]       |                                                                 [01;31m[K^~~~~~~~~~~~~~~~~~~~~~[m[K
[13.330s] [01m[K/home/youss/Documents/Projet/Autonomouscar/ros_ws/src/robot/include/robot/robot_controller.h:17:32:[m[K [01;31m[Kerror: [m[Kâ€˜[01m[Kstd_msgs[m[Kâ€™ has not been declared
[13.330s]    17 |         void encoders_callback([01;31m[Kstd_msgs[m[K::msg::Float32::UniquePtr msg);
[13.331s]       |                                [01;31m[K^~~~~~~~[m[K
[13.331s] [01m[K/home/youss/Documents/Projet/Autonomouscar/ros_ws/src/robot/include/robot/robot_controller.h:17:66:[m[K [01;31m[Kerror: [m[Kexpected â€˜[01m[K,[m[Kâ€™ or â€˜[01m[K...[m[Kâ€™ before â€˜[01m[Kmsg[m[Kâ€™
[13.331s]    17 |         void encoders_callback(std_msgs::msg::Float32::UniquePtr [01;31m[Kmsg[m[K);
[13.332s]       |                                                                  [01;31m[K^~~[m[K
[13.439s] [01m[K/home/youss/Documents/Projet/Autonomouscar/ros_ws/src/robot/src/robot_controller.cpp:[m[K In constructor â€˜[01m[KRobot_controller::[01;32m[KRobot_controller[m[K(const std::string&)[m[Kâ€™:
[13.440s] [01m[K/home/youss/Documents/Projet/Autonomouscar/ros_ws/src/robot/src/robot_controller.cpp:9:2:[m[K [01;31m[Kerror: [m[Kâ€˜[01m[K_encoders_subscription[m[Kâ€™ was not declared in this scope; did you mean â€˜[01m[Kcreate_subscription[m[Kâ€™?
[13.441s]     9 |  [01;31m[K_encoders_subscription[m[K = this->create_subscription<std_msgs::msg::Float32>(
[13.442s]       |  [01;31m[K^~~~~~~~~~~~~~~~~~~~~~[m[K
[13.443s]       |  [32m[Kcreate_subscription[m[K
[13.444s] [01m[K/home/youss/Documents/Projet/Autonomouscar/ros_ws/src/robot/src/robot_controller.cpp:12:30:[m[K [01;31m[Kerror: [m[Kexpected â€˜[01m[K)[m[Kâ€™ before â€˜[01m[K;[m[Kâ€™ token
[13.447s]    12 |             encoders_callback[01;31m[K;[m[K
[13.448s]       |                              [01;31m[K^[m[K
[13.448s]       |                              [32m[K)[m[K
[13.449s] [01m[K/home/youss/Documents/Projet/Autonomouscar/ros_ws/src/robot/src/robot_controller.cpp:9:76:[m[K [01;36m[Knote: [m[Kto match this â€˜[01m[K([m[Kâ€™
[13.449s]     9 |  _encoders_subscription = this->create_subscription<std_msgs::msg::Float32>[01;36m[K([m[K
[13.449s]       |                                                                            [01;36m[K^[m[K
[13.451s] [01m[K/home/youss/Documents/Projet/Autonomouscar/ros_ws/src/robot/src/robot_controller.cpp:[m[K At global scope:
[13.452s] [01m[K/home/youss/Documents/Projet/Autonomouscar/ros_ws/src/robot/src/robot_controller.cpp:16:6:[m[K [01;31m[Kerror: [m[Kno declaration matches â€˜[01m[Kvoid Robot_controller::[01;32m[Kencoders_callback[m[K(std_msgs::msg::Float32_<std::allocator<void> >::UniquePtr)[m[Kâ€™
[13.453s]    16 | void [01;31m[KRobot_controller[m[K::encoders_callback(std_msgs::msg::Float32::UniquePtr msg)
[13.453s]       |      [01;31m[K^~~~~~~~~~~~~~~~[m[K
[13.454s] [01m[K/home/youss/Documents/Projet/Autonomouscar/ros_ws/src/robot/include/robot/robot_controller.h:17:14:[m[K [01;36m[Knote: [m[Kcandidate is: â€˜[01m[Kvoid Robot_controller::[01;32m[Kencoders_callback[m[K(int)[m[Kâ€™
[13.455s]    17 |         void [01;36m[Kencoders_callback[m[K(std_msgs::msg::Float32::UniquePtr msg);
[13.456s]       |              [01;36m[K^~~~~~~~~~~~~~~~~[m[K
[13.457s] [01m[K/home/youss/Documents/Projet/Autonomouscar/ros_ws/src/robot/include/robot/robot_controller.h:11:8:[m[K [01;36m[Knote: [m[Kâ€˜[01m[Kstruct Robot_controller[m[Kâ€™ defined here
[13.459s]    11 | struct [01;36m[KRobot_controller[m[K : public rclcpp::Node{
[13.460s]       |        [01;36m[K^~~~~~~~~~~~~~~~[m[K
[16.980s] gmake[2]: *** [CMakeFiles/robot_controller.dir/build.make:76: CMakeFiles/robot_controller.dir/src/robot_controller.cpp.o] Error 1
[16.981s] gmake[1]: *** [CMakeFiles/Makefile2:193: CMakeFiles/robot_controller.dir/all] Error 2
[16.983s] gmake: *** [Makefile:146: all] Error 2
[16.992s] Invoked command in '/home/youss/Documents/Projet/Autonomouscar/ros_ws/build/robot' returned '2': CMAKE_PREFIX_PATH=${CMAKE_PREFIX_PATH}:/opt/ros/jazzy DEBUGINFOD_URLS=https://debuginfod.ubuntu.com /usr/bin/cmake --build /home/youss/Documents/Projet/Autonomouscar/ros_ws/build/robot -- -j4 -l4
