[ 10%] Built target encoders_subscriber
[ 26%] Built target encoders_publisher
[ 36%] Built target robot_controller
[ 42%] [32m[1mLinking CXX executable main[0m
/usr/bin/ld: CMakeFiles/main.dir/src/encoders_publisher.cpp.o: in function `main':
encoders_publisher.cpp:(.text+0x698): multiple definition of `main'; CMakeFiles/main.dir/src/main.cpp.o:main.cpp:(.text+0x60): first defined here
[ 52%] Built target position_publisher
[ 63%] Built target position_reader
[ 68%] [32mBuilding CXX object CMakeFiles/motor_subscriber.dir/src/motor_subscriber.cpp.o[0m
collect2: error: ld returned 1 exit status
gmake[2]: *** [CMakeFiles/main.dir/build.make:244: main] Error 1
gmake[1]: *** [CMakeFiles/Makefile2:149: CMakeFiles/main.dir/all] Error 2
gmake[1]: *** Waiting for unfinished jobs....
[01m[K/home/youss/Documents/Projet/Autonomouscar/ros_ws/src/robot/src/motor_subscriber.cpp:3:1:[m[K [01;31m[Kerror: [m[Kâ€˜[01m[KRPI4[m[Kâ€™ does not name a type
    3 | [01;31m[KRPI4[m[K rpi4;
      | [01;31m[K^~~~[m[K
gmake[2]: *** [CMakeFiles/motor_subscriber.dir/build.make:76: CMakeFiles/motor_subscriber.dir/src/motor_subscriber.cpp.o] Error 1
gmake[1]: *** [CMakeFiles/Makefile2:279: CMakeFiles/motor_subscriber.dir/all] Error 2
gmake: *** [Makefile:146: all] Error 2
