[  6%] [32mBuilding CXX object CMakeFiles/main.dir/src/main.cpp.o[0m
[ 20%] Built target position_publisher
[ 33%] Built target listener
[ 40%] [32mBuilding CXX object CMakeFiles/main.dir/src/encoders.cpp.o[0m
[ 53%] Built target robot_controller
[ 66%] Built target motor_subscriber
[ 80%] Built target position_reader
[01m[K/home/youss/Documents/Projet/Autonomouscar/ros_ws/src/robot/src/main.cpp:[m[K In function â€˜[01m[Kint[01;32m[K main[m[K()[m[Kâ€™:
[01m[K/home/youss/Documents/Projet/Autonomouscar/ros_ws/src/robot/src/main.cpp:94:44:[m[K [01;31m[Kerror: [m[Kinvalid use of non-static member function â€˜[01m[Kvoid Encoders::[01;32m[Kcount_number_of_changes[m[K()[m[Kâ€™
   94 |     std::thread encoder_A_thread(Encoders::[01;31m[Kcount_number_of_changes[m[K);
      |                                            [01;31m[K^~~~~~~~~~~~~~~~~~~~~~~[m[K
gmake[2]: *** [CMakeFiles/main.dir/build.make:76: CMakeFiles/main.dir/src/main.cpp.o] Error 1
gmake[2]: *** Waiting for unfinished jobs....
gmake[1]: *** [CMakeFiles/Makefile2:147: CMakeFiles/main.dir/all] Error 2
gmake: *** [Makefile:146: all] Error 2
