[0.059s] Invoking command in '/home/youss/Documents/Projet/Autonomouscar/ros_ws/build/robot': CMAKE_PREFIX_PATH=${CMAKE_PREFIX_PATH}:/opt/ros/jazzy DEBUGINFOD_URLS=https://debuginfod.ubuntu.com /usr/bin/cmake --build /home/youss/Documents/Projet/Autonomouscar/ros_ws/build/robot -- -j4 -l4
[0.403s] [ 28%] Built target listener
[0.406s] [ 71%] Built target encoders
[0.430s] [ 85%] [32mBuilding CXX object CMakeFiles/robot_controller.dir/src/robot_controller.cpp.o[0m
[13.664s] [01m[K/home/youss/Documents/Projet/Autonomouscar/ros_ws/src/robot/src/robot_controller.cpp:[m[K In constructor â€˜[01m[KRobot_controller::[01;32m[KRobot_controller[m[K(const std::string&)[m[Kâ€™:
[13.665s] [01m[K/home/youss/Documents/Projet/Autonomouscar/ros_ws/src/robot/src/robot_controller.cpp:12:13:[m[K [01;31m[Kerror: [m[Kinvalid use of non-static member function â€˜[01m[Kvoid Robot_controller::[01;32m[Kencoders_callback[m[K(std_msgs::msg::Float32_<std::allocator<void> >::UniquePtr)[m[Kâ€™
[13.665s]    12 |             [01;31m[Kencoders_callback[m[K
[13.665s]       |             [01;31m[K^~~~~~~~~~~~~~~~~[m[K
[13.666s] In file included from [01m[K/home/youss/Documents/Projet/Autonomouscar/ros_ws/src/robot/src/robot_controller.cpp:1[m[K:
[13.666s] [01m[K/home/youss/Documents/Projet/Autonomouscar/ros_ws/src/robot/include/robot/robot_controller.h:19:14:[m[K [01;36m[Knote: [m[Kdeclared here
[13.667s]    19 |         void [01;36m[Kencoders_callback[m[K(std_msgs::msg::Float32::UniquePtr msg);
[13.667s]       |              [01;36m[K^~~~~~~~~~~~~~~~~[m[K
[13.692s] In file included from [01m[K/opt/ros/jazzy/include/rclcpp/rclcpp/copy_all_parameter_values.hpp:27[m[K,
[13.693s]                  from [01m[K/opt/ros/jazzy/include/rclcpp/rclcpp/rclcpp.hpp:171[m[K,
[13.694s]                  from [01m[K/home/youss/Documents/Projet/Autonomouscar/ros_ws/src/robot/include/robot/robot_controller.h:1[m[K:
[13.694s] [01m[K/home/youss/Documents/Projet/Autonomouscar/ros_ws/src/robot/src/robot_controller.cpp:[m[K In member function â€˜[01m[Kvoid Robot_controller::[01;32m[Kencoders_callback[m[K(std_msgs::msg::Float32_<std::allocator<void> >::UniquePtr)[m[Kâ€™:
[13.696s] [01m[K/home/youss/Documents/Projet/Autonomouscar/ros_ws/src/robot/src/robot_controller.cpp:23:23:[m[K [01;31m[Kerror: [m[Kâ€˜[01m[Kstruct Robot_controller[m[Kâ€™ has no member named â€˜[01m[Kgetlogger[m[Kâ€™; did you mean â€˜[01m[Kget_logger[m[Kâ€™?
[13.697s]    23 |     RCLCPP_INFO(this->[01;31m[Kgetlogger[m[K(), "I heard %f", msg->data);
[13.697s]       |                       [01;31m[K^~~~~~~~~[m[K
[13.698s] [01m[K/home/youss/Documents/Projet/Autonomouscar/ros_ws/src/robot/src/robot_controller.cpp:23:23:[m[K [01;31m[Kerror: [m[Kâ€˜[01m[Kstruct Robot_controller[m[Kâ€™ has no member named â€˜[01m[Kgetlogger[m[Kâ€™; did you mean â€˜[01m[Kget_logger[m[Kâ€™?
[13.698s] [01m[K/home/youss/Documents/Projet/Autonomouscar/ros_ws/src/robot/src/robot_controller.cpp:23:5:[m[K [01;31m[Kerror: [m[Ktemplate argument 1 is invalid
[13.699s]    23 |     [01;31m[KRCLCPP_INFO[m[K(this->getlogger(), "I heard %f", msg->data);
[13.699s]       |     [01;31m[K^~~~~~~~~~~[m[K
[13.699s] [01m[K/home/youss/Documents/Projet/Autonomouscar/ros_ws/src/robot/src/robot_controller.cpp:23:5:[m[K [01;31m[Kerror: [m[Ktemplate argument 1 is invalid
[13.700s]    23 |     [01;31m[KRCLCPP_INFO[m[K(this->getlogger(), "I heard %f", msg->data);
[13.700s]       |     [01;31m[K^~~~~~~~~~~[m[K
[13.700s] [01m[K/home/youss/Documents/Projet/Autonomouscar/ros_ws/src/robot/src/robot_controller.cpp:23:5:[m[K [01;31m[Kerror: [m[Ktemplate argument 1 is invalid
[13.701s]    23 |     [01;31m[KRCLCPP_INFO[m[K(this->getlogger(), "I heard %f", msg->data);
[13.701s]       |     [01;31m[K^~~~~~~~~~~[m[K
[13.702s] In file included from [01m[K/opt/ros/jazzy/include/rclcpp/rclcpp/logging.hpp:24[m[K:
[13.703s] [01m[K/home/youss/Documents/Projet/Autonomouscar/ros_ws/src/robot/src/robot_controller.cpp:23:23:[m[K [01;31m[Kerror: [m[Kâ€˜[01m[Kstruct Robot_controller[m[Kâ€™ has no member named â€˜[01m[Kgetlogger[m[Kâ€™; did you mean â€˜[01m[Kget_logger[m[Kâ€™?
[13.703s]    23 |     RCLCPP_INFO(this->[01;31m[Kgetlogger[m[K(), "I heard %f", msg->data);
[13.704s]       |                       [01;31m[K^~~~~~~~~[m[K
[13.705s] [01m[K/home/youss/Documents/Projet/Autonomouscar/ros_ws/src/robot/src/robot_controller.cpp:23:23:[m[K [01;31m[Kerror: [m[Kâ€˜[01m[Kstruct Robot_controller[m[Kâ€™ has no member named â€˜[01m[Kgetlogger[m[Kâ€™; did you mean â€˜[01m[Kget_logger[m[Kâ€™?
[13.706s]    23 |     RCLCPP_INFO(this->[01;31m[Kgetlogger[m[K(), "I heard %f", msg->data);
[13.706s]       |                       [01;31m[K^~~~~~~~~[m[K
[17.213s] gmake[2]: *** [CMakeFiles/robot_controller.dir/build.make:76: CMakeFiles/robot_controller.dir/src/robot_controller.cpp.o] Error 1
[17.214s] gmake[1]: *** [CMakeFiles/Makefile2:193: CMakeFiles/robot_controller.dir/all] Error 2
[17.215s] gmake: *** [Makefile:146: all] Error 2
[17.223s] Invoked command in '/home/youss/Documents/Projet/Autonomouscar/ros_ws/build/robot' returned '2': CMAKE_PREFIX_PATH=${CMAKE_PREFIX_PATH}:/opt/ros/jazzy DEBUGINFOD_URLS=https://debuginfod.ubuntu.com /usr/bin/cmake --build /home/youss/Documents/Projet/Autonomouscar/ros_ws/build/robot -- -j4 -l4
