[0.053s] Invoking command in '/home/youss/Documents/Projet/Autonomouscar/ros_ws/build/robot': CMAKE_PREFIX_PATH=${CMAKE_PREFIX_PATH}:/opt/ros/jazzy DEBUGINFOD_URLS=https://debuginfod.ubuntu.com /usr/bin/cmake --build /home/youss/Documents/Projet/Autonomouscar/ros_ws/build/robot -- -j4 -l4
[0.317s] [ 25%] [32mBuilding CXX object CMakeFiles/encoders.dir/src/main.cpp.o[0m
[0.320s] [ 50%] [32mBuilding CXX object CMakeFiles/encoders.dir/src/encoders.cpp.o[0m
[2.773s] [01m[K/home/youss/Documents/Projet/Autonomouscar/ros_ws/src/robot/src/encoders.cpp:[m[K In member function â€˜[01m[Kvoid Encoders::[01;32m[Ktimer_start[m[K(std::function<void()>, const unsigned int&)[m[Kâ€™:
[2.774s] [01m[K/home/youss/Documents/Projet/Autonomouscar/ros_ws/src/robot/src/encoders.cpp:175:14:[m[K [01;31m[Kerror: [m[Kno match for â€˜[01m[Koperator=[m[Kâ€™ (operand types are â€˜[01m[Kstd::thread[m[Kâ€™ and â€˜[01m[Kvoid[m[Kâ€™)
[2.775s]   175 |     ).detach([01;31m[K)[m[K;
[2.775s]       |              [01;31m[K^[m[K
[2.776s] In file included from [01m[K/usr/include/c++/13/thread:45[m[K,
[2.777s]                  from [01m[K/home/youss/Documents/Projet/Autonomouscar/ros_ws/src/robot/src/encoders.cpp:4[m[K:
[2.777s] [01m[K/usr/include/c++/13/bits/std_thread.h:183:13:[m[K [01;36m[Knote: [m[Kcandidate: â€˜[01m[Kstd::thread& std::thread::[01;32m[Koperator=[m[K(std::thread&&)[m[Kâ€™
[2.778s]   183 |     thread& [01;36m[Koperator[m[K=(thread&& __t) noexcept
[2.778s]       |             [01;36m[K^~~~~~~~[m[K
[2.779s] [01m[K/usr/include/c++/13/bits/std_thread.h:183:32:[m[K [01;36m[Knote: [m[K  no known conversion for argument 1 from â€˜[01m[Kvoid[m[Kâ€™ to â€˜[01m[Kstd::thread&&[m[Kâ€™
[2.780s]   183 |     thread& operator=([01;36m[Kthread&& __t[m[K) noexcept
[2.780s]       |                       [01;36m[K~~~~~~~~~^~~[m[K
[3.091s] gmake[2]: *** [CMakeFiles/encoders.dir/build.make:90: CMakeFiles/encoders.dir/src/encoders.cpp.o] Error 1
[3.092s] gmake[1]: *** [CMakeFiles/Makefile2:137: CMakeFiles/encoders.dir/all] Error 2
[3.093s] gmake: *** [Makefile:146: all] Error 2
[3.100s] Invoked command in '/home/youss/Documents/Projet/Autonomouscar/ros_ws/build/robot' returned '2': CMAKE_PREFIX_PATH=${CMAKE_PREFIX_PATH}:/opt/ros/jazzy DEBUGINFOD_URLS=https://debuginfod.ubuntu.com /usr/bin/cmake --build /home/youss/Documents/Projet/Autonomouscar/ros_ws/build/robot -- -j4 -l4
