[0.051s] Invoking command in '/home/youss/Documents/Projet/Autonomouscar/ros_ws/build/robot': CMAKE_PREFIX_PATH=${CMAKE_PREFIX_PATH}:/opt/ros/jazzy DEBUGINFOD_URLS=https://debuginfod.ubuntu.com /usr/bin/cmake --build /home/youss/Documents/Projet/Autonomouscar/ros_ws/build/robot -- -j4 -l4
[0.310s] [ 25%] [32mBuilding CXX object CMakeFiles/encoders.dir/src/main.cpp.o[0m
[2.375s] [01m[K/home/youss/Documents/Projet/Autonomouscar/ros_ws/src/robot/src/main.cpp:[m[K In lambda function:
[2.376s] [01m[K/home/youss/Documents/Projet/Autonomouscar/ros_ws/src/robot/src/main.cpp:83:42:[m[K [01;31m[Kerror: [m[Kâ€˜[01m[Kvoid Encoders::[01;32m[Kcompute_rps[m[K()[m[Kâ€™ is private within this context
[2.376s]    83 |                     [01;31m[Kencoder_A.compute_rps()[m[K;
[2.376s]       |                     [01;31m[K~~~~~~~~~~~~~~~~~~~~~^~[m[K
[2.377s] In file included from [01m[K/home/youss/Documents/Projet/Autonomouscar/ros_ws/src/robot/src/main.cpp:18[m[K:
[2.377s] [01m[K/home/youss/Documents/Projet/Autonomouscar/ros_ws/src/robot/include/robot/encoders.h:68:14:[m[K [01;36m[Knote: [m[Kdeclared private here
[2.378s]    68 |         void [01;36m[Kcompute_rps[m[K();
[2.378s]       |              [01;36m[K^~~~~~~~~~~[m[K
[2.378s] [01m[K/home/youss/Documents/Projet/Autonomouscar/ros_ws/src/robot/src/main.cpp:84:42:[m[K [01;31m[Kerror: [m[Kâ€˜[01m[Kvoid Encoders::[01;32m[Kcompute_rps[m[K()[m[Kâ€™ is private within this context
[2.379s]    84 |                     [01;31m[Kencoder_B.compute_rps()[m[K;
[2.379s]       |                     [01;31m[K~~~~~~~~~~~~~~~~~~~~~^~[m[K
[2.380s] [01m[K/home/youss/Documents/Projet/Autonomouscar/ros_ws/src/robot/include/robot/encoders.h:68:14:[m[K [01;36m[Knote: [m[Kdeclared private here
[2.380s]    68 |         void [01;36m[Kcompute_rps[m[K();
[2.381s]       |              [01;36m[K^~~~~~~~~~~[m[K
[2.656s] gmake[2]: *** [CMakeFiles/encoders.dir/build.make:76: CMakeFiles/encoders.dir/src/main.cpp.o] Error 1
[2.657s] gmake[1]: *** [CMakeFiles/Makefile2:137: CMakeFiles/encoders.dir/all] Error 2
[2.658s] gmake: *** [Makefile:146: all] Error 2
[2.668s] Invoked command in '/home/youss/Documents/Projet/Autonomouscar/ros_ws/build/robot' returned '2': CMAKE_PREFIX_PATH=${CMAKE_PREFIX_PATH}:/opt/ros/jazzy DEBUGINFOD_URLS=https://debuginfod.ubuntu.com /usr/bin/cmake --build /home/youss/Documents/Projet/Autonomouscar/ros_ws/build/robot -- -j4 -l4
