[01m[K/home/youss/Documents/Projet/Autonomouscar/ros_ws/src/robot/src/encoders_publisher.cpp:6:1:[m[K [01;31m[Kerror: [m[Kno declaration matches â€˜[01m[KEncoders_publisher::[01;32m[KEncoders_publisher[m[K(const std::string&, const std::string&, Encoders&)[m[Kâ€™
    6 | [01;31m[KEncoders_publisher[m[K::Encoders_publisher(const std::string &node_name,
      | [01;31m[K^~~~~~~~~~~~~~~~~~[m[K
In file included from [01m[K/home/youss/Documents/Projet/Autonomouscar/ros_ws/src/robot/src/encoders_publisher.cpp:3[m[K:
[01m[K/home/youss/Documents/Projet/Autonomouscar/ros_ws/src/robot/include/robot/encoders_publisher.h:8:8:[m[K [01;36m[Knote: [m[Kcandidates are: â€˜[01m[KEncoders_publisher::[01;32m[KEncoders_publisher[m[K(Encoders_publisher&&)[m[Kâ€™
    8 | struct [01;36m[KEncoders_publisher[m[K : public rclcpp::Node
      |        [01;36m[K^~~~~~~~~~~~~~~~~~[m[K
[01m[K/home/youss/Documents/Projet/Autonomouscar/ros_ws/src/robot/include/robot/encoders_publisher.h:8:8:[m[K [01;36m[Knote: [m[K                â€˜[01m[KEncoders_publisher::[01;32m[KEncoders_publisher[m[K(const Encoders_publisher&)[m[Kâ€™
[01m[K/home/youss/Documents/Projet/Autonomouscar/ros_ws/src/robot/include/robot/encoders_publisher.h:11:9:[m[K [01;36m[Knote: [m[K                â€˜[01m[KEncoders_publisher::[01;32m[KEncoders_publisher[m[K(const std::string&, Encoders&)[m[Kâ€™
   11 |         [01;36m[KEncoders_publisher[m[K(const std::string &node_name,
      |         [01;36m[K^~~~~~~~~~~~~~~~~~[m[K
[01m[K/home/youss/Documents/Projet/Autonomouscar/ros_ws/src/robot/include/robot/encoders_publisher.h:8:8:[m[K [01;36m[Knote: [m[Kâ€˜[01m[Kstruct Encoders_publisher[m[Kâ€™ defined here
    8 | struct [01;36m[KEncoders_publisher[m[K : public rclcpp::Node
      |        [01;36m[K^~~~~~~~~~~~~~~~~~[m[K
gmake[2]: *** [CMakeFiles/encoders.dir/build.make:132: CMakeFiles/encoders.dir/src/encoders_publisher.cpp.o] Error 1
gmake[1]: *** [CMakeFiles/Makefile2:137: CMakeFiles/encoders.dir/all] Error 2
gmake: *** [Makefile:146: all] Error 2
