[0.050s] Invoking command in '/home/youss/Documents/Projet/Autonomouscar/ros_ws/build/robot': CMAKE_PREFIX_PATH=${CMAKE_PREFIX_PATH}:/opt/ros/jazzy DEBUGINFOD_URLS=https://debuginfod.ubuntu.com /usr/bin/cmake --build /home/youss/Documents/Projet/Autonomouscar/ros_ws/build/robot -- -j4 -l4
[0.173s] -- Found ament_cmake: 2.5.2 (/opt/ros/jazzy/share/ament_cmake/cmake)
[1.121s] -- Override CMake install command with custom implementation using symlinks instead of copying resources
[1.155s] -- Found rclcpp: 28.1.5 (/opt/ros/jazzy/share/rclcpp/cmake)
[1.305s] -- Found rosidl_generator_c: 4.6.4 (/opt/ros/jazzy/share/rosidl_generator_c/cmake)
[1.344s] -- Found rosidl_generator_cpp: 4.6.4 (/opt/ros/jazzy/share/rosidl_generator_cpp/cmake)
[1.391s] -- Using all available rosidl_typesupport_c: rosidl_typesupport_fastrtps_c;rosidl_typesupport_introspection_c
[1.446s] -- Using all available rosidl_typesupport_cpp: rosidl_typesupport_fastrtps_cpp;rosidl_typesupport_introspection_cpp
[1.677s] -- Found rmw_implementation_cmake: 7.3.1 (/opt/ros/jazzy/share/rmw_implementation_cmake/cmake)
[1.683s] -- Found rmw_fastrtps_cpp: 8.4.1 (/opt/ros/jazzy/share/rmw_fastrtps_cpp/cmake)
[1.951s] -- Using RMW implementation 'rmw_fastrtps_cpp' as default
[2.173s] -- Found std_msgs: 5.3.5 (/opt/ros/jazzy/share/std_msgs/cmake)
[2.222s] -- Found geometry_msgs: 5.3.5 (/opt/ros/jazzy/share/geometry_msgs/cmake)
[2.278s] -- Found ament_lint_auto: 0.17.1 (/opt/ros/jazzy/share/ament_lint_auto/cmake)
[2.837s] -- Added test 'cppcheck' to perform static code analysis on C / C++ code
[2.838s] -- Configured cppcheck include dirs: $<BUILD_INTERFACE:/home/youss/Documents/Projet/Autonomouscar/ros_ws/src/robot/include>
[2.839s] -- Configured cppcheck exclude dirs and/or files: 
[2.842s] -- Added test 'flake8' to check Python code syntax and style conventions
[2.842s] -- Configured 'flake8' exclude dirs and/or files: 
[2.847s] -- Added test 'lint_cmake' to check CMake code style
[2.850s] -- Added test 'pep257' to check Python code against some of the docstring style conventions in PEP 257
[2.865s] -- Added test 'uncrustify' to check C / C++ code style
[2.866s] -- Configured uncrustify additional arguments: 
[2.869s] -- Added test 'xmllint' to check XML markup files
[2.896s] -- Configuring done (2.7s)
[3.039s] -- Generating done (0.1s)
[3.055s] -- Build files have been written to: /home/youss/Documents/Projet/Autonomouscar/ros_ws/build/robot
[3.284s] [ 13%] Built target encoders_subscriber
[3.293s] [ 26%] Built target robot_controller
[3.298s] [ 40%] Built target position_publisher
[3.307s] [ 73%] Built target main
[3.428s] [ 80%] [32mBuilding CXX object CMakeFiles/motor_subscriber.dir/src/motor_subscriber.cpp.o[0m
[3.436s] [ 93%] Built target position_reader
[14.287s] [01m[K/home/youss/Documents/Projet/Autonomouscar/ros_ws/src/robot/src/motor_subscriber.cpp:[m[K In constructor â€˜[01m[KMotor_subscriber::[01;32m[KMotor_subscriber[m[K()[m[Kâ€™:
[14.289s] [01m[K/home/youss/Documents/Projet/Autonomouscar/ros_ws/src/robot/src/motor_subscriber.cpp:14:57:[m[K [01;31m[Kerror: [m[Kâ€˜[01m[Kclass rclcpp::Parameter[m[Kâ€™ has no member named â€˜[01m[Kas_float[m[Kâ€™
[14.289s]    14 | his->get_parameter("WHEEL_RADIUS").[01;31m[Kas_float[m[K();
[14.289s]       |                                    [01;31m[K^~~~~~~~[m[K
[14.290s] 
[14.290s] [01m[K/home/youss/Documents/Projet/Autonomouscar/ros_ws/src/robot/src/motor_subscriber.cpp:15:57:[m[K [01;31m[Kerror: [m[Kâ€˜[01m[Kclass rclcpp::Parameter[m[Kâ€™ has no member named â€˜[01m[Kas_float[m[Kâ€™
[14.291s]    15 | his->get_parameter("MIN_LINEAR_X").[01;31m[Kas_float[m[K();
[14.291s]       |                                    [01;31m[K^~~~~~~~[m[K
[14.291s] 
[14.292s] [01m[K/home/youss/Documents/Projet/Autonomouscar/ros_ws/src/robot/src/motor_subscriber.cpp:16:57:[m[K [01;31m[Kerror: [m[Kâ€˜[01m[Kclass rclcpp::Parameter[m[Kâ€™ has no member named â€˜[01m[Kas_float[m[Kâ€™
[14.292s]    16 | his->get_parameter("MAX_LINEAR_X").[01;31m[Kas_float[m[K();
[14.293s]       |                                    [01;31m[K^~~~~~~~[m[K
[14.293s] 
[14.317s] [01m[K/home/youss/Documents/Projet/Autonomouscar/ros_ws/src/robot/src/motor_subscriber.cpp:[m[K In member function â€˜[01m[Kvoid Motor_subscriber::[01;32m[Kset_motors_duty_cycle[m[K(Motor&, Motor&) const[m[Kâ€™:
[14.317s] [01m[K/home/youss/Documents/Projet/Autonomouscar/ros_ws/src/robot/src/motor_subscriber.cpp:49:53:[m[K [01;35m[Kwarning: [m[Kunused parameter â€˜[01m[Kleft_motor[m[Kâ€™ [[01;35m[K]8;;https://gcc.gnu.org/onlinedocs/gcc/Warning-Options.html#index-Wunused-parameter-Wunused-parameter]8;;[m[K]
[14.318s]    49 | iber::set_motors_duty_cycle([01;35m[KMotor &left_motor[m[K, Motor &right_motor) const
[14.318s]       |                             [01;35m[K~~~~~~~^~~~~~~~~~[m[K
[14.318s] 
[14.319s] [01m[K/home/youss/Documents/Projet/Autonomouscar/ros_ws/src/robot/src/motor_subscriber.cpp:49:72:[m[K [01;35m[Kwarning: [m[Kunused parameter â€˜[01m[Kright_motor[m[Kâ€™ [[01;35m[K]8;;https://gcc.gnu.org/onlinedocs/gcc/Warning-Options.html#index-Wunused-parameter-Wunused-parameter]8;;[m[K]
[14.319s]    49 | ty_cycle(Motor &left_motor, [01;35m[KMotor &right_motor[m[K) const
[14.320s]       |                             [01;35m[K~~~~~~~^~~~~~~~~~~[m[K
[14.320s] 
[23.012s] gmake[2]: *** [CMakeFiles/motor_subscriber.dir/build.make:76: CMakeFiles/motor_subscriber.dir/src/motor_subscriber.cpp.o] Error 1
[23.013s] gmake[1]: *** [CMakeFiles/Makefile2:251: CMakeFiles/motor_subscriber.dir/all] Error 2
[23.014s] gmake: *** [Makefile:146: all] Error 2
[23.021s] Invoked command in '/home/youss/Documents/Projet/Autonomouscar/ros_ws/build/robot' returned '2': CMAKE_PREFIX_PATH=${CMAKE_PREFIX_PATH}:/opt/ros/jazzy DEBUGINFOD_URLS=https://debuginfod.ubuntu.com /usr/bin/cmake --build /home/youss/Documents/Projet/Autonomouscar/ros_ws/build/robot -- -j4 -l4
