[0.055s] Invoking command in '/home/youss/Documents/Projet/Autonomouscar/ros_ws/build/robot': CMAKE_PREFIX_PATH=${CMAKE_PREFIX_PATH}:/opt/ros/jazzy DEBUGINFOD_URLS=https://debuginfod.ubuntu.com /usr/bin/cmake --build /home/youss/Documents/Projet/Autonomouscar/ros_ws/build/robot -- -j4 -l4
[0.368s] [ 60%] Built target encoders
[0.388s] [ 80%] [32mBuilding CXX object CMakeFiles/listener.dir/src/encoders_subscriber.cpp.o[0m
[12.469s] [01m[K/home/youss/Documents/Projet/Autonomouscar/ros_ws/src/robot/src/encoders_subscriber.cpp:[m[K In constructor â€˜[01m[KEncoders_subscriber::[01;32m[KEncoders_subscriber[m[K(const std::string&, const std::string&, const unsigned int&)[m[Kâ€™:
[12.470s] [01m[K/home/youss/Documents/Projet/Autonomouscar/ros_ws/src/robot/src/encoders_subscriber.cpp:13:34:[m[K [01;31m[Kerror: [m[Kâ€˜[01m[Knone_name[m[Kâ€™ was not declared in this scope; did you mean â€˜[01m[Knode_name[m[Kâ€™?
[12.470s]    13 |                             Node([01;31m[Knone_name[m[K),
[12.470s]       |                                  [01;31m[K^~~~~~~~~[m[K
[12.471s]       |                                  [32m[Knode_name[m[K
[12.498s] In file included from [01m[K/opt/ros/jazzy/include/rclcpp/rclcpp/logging.hpp:24[m[K,
[12.499s]                  from [01m[K/opt/ros/jazzy/include/rclcpp/rclcpp/copy_all_parameter_values.hpp:27[m[K,
[12.499s]                  from [01m[K/opt/ros/jazzy/include/rclcpp/rclcpp/rclcpp.hpp:171[m[K,
[12.500s]                  from [01m[K/home/youss/Documents/Projet/Autonomouscar/ros_ws/src/robot/src/encoders_subscriber.cpp:2[m[K:
[12.500s] [01m[K/home/youss/Documents/Projet/Autonomouscar/ros_ws/src/robot/src/encoders_subscriber.cpp:[m[K In lambda function:
[12.501s] [01m[K/home/youss/Documents/Projet/Autonomouscar/ros_ws/src/robot/src/encoders_subscriber.cpp:20:9:[m[K [01;31m[Kerror: [m[Kuse of deleted function â€˜[01m[Kstd::unique_ptr<_Tp, _Dp>::[01;32m[Kunique_ptr[m[K(const std::unique_ptr<_Tp, _Dp>&) [35m[K[with _Tp = std_msgs::msg::Float32_<std::allocator<void> >; _Dp = std::default_delete<std_msgs::msg::Float32_<std::allocator<void> > >][m[K[m[Kâ€™
[12.501s]    20 |         [01;31m[KRCLCPP_INFO[m[K(this->get_logger(), "I heard %f", msg);
[12.502s]       |         [01;31m[K^~~~~~~~~~~[m[K
[12.503s] In file included from [01m[K/usr/include/c++/13/memory:78[m[K,
[12.504s]                  from [01m[K/home/youss/Documents/Projet/Autonomouscar/ros_ws/src/robot/src/encoders_subscriber.cpp:1[m[K:
[12.505s] [01m[K/usr/include/c++/13/bits/unique_ptr.h:522:7:[m[K [01;36m[Knote: [m[Kdeclared here
[12.505s]   522 |       [01;36m[Kunique_ptr[m[K(const unique_ptr&) = delete;
[12.506s]       |       [01;36m[K^~~~~~~~~~[m[K
[12.506s] [01m[K/home/youss/Documents/Projet/Autonomouscar/ros_ws/src/robot/src/encoders_subscriber.cpp:[m[K In constructor â€˜[01m[KEncoders_subscriber::[01;32m[KEncoders_subscriber[m[K(const std::string&, const std::string&, const unsigned int&)[m[Kâ€™:
[12.507s] [01m[K/home/youss/Documents/Projet/Autonomouscar/ros_ws/src/robot/src/encoders_subscriber.cpp:22:52:[m[K [01;31m[Kerror: [m[Kâ€˜[01m[Kmsgs[m[Kâ€™ is not a member of â€˜[01m[Kstd[m[Kâ€™
[12.507s]    22 |     _subscription = this->create_subscription<std::[01;31m[Kmsgs[m[K::Float32>(_topic_name, _queue_depth, topic_callback);
[12.507s]       |                                                    [01;31m[K^~~~[m[K
[12.508s] [01m[K/home/youss/Documents/Projet/Autonomouscar/ros_ws/src/robot/src/encoders_subscriber.cpp:22:27:[m[K [01;31m[Kerror: [m[Kparse error in template argument list
[12.508s]    22 |     _subscription = this->[01;31m[Kcreate_subscription<std::msgs::Float32>[m[K(_topic_name, _queue_depth, topic_callback);
[12.509s]       |                           [01;31m[K^~~~~~~~~~~~~~~~~~~~~~~~~~~~~~~~~~~~~~~[m[K
[12.509s] [01m[K/home/youss/Documents/Projet/Autonomouscar/ros_ws/src/robot/src/encoders_subscriber.cpp:22:66:[m[K [01;31m[Kerror: [m[Kno matching function for call to â€˜[01m[KEncoders_subscriber::create_subscription<<expression error> >(std::string&, const unsigned int&, Encoders_subscriber::Encoders_subscriber(const std::string&, const std::string&, const unsigned int&)::<lambda(std_msgs::msg::Float32_<std::allocator<void> >::UniquePtr)>&)[m[Kâ€™
[12.509s]    22 |     _subscription = [01;31m[Kthis->create_subscription<std::msgs::Float32>(_topic_name, _queue_depth, topic_callback)[m[K;
[12.510s]       |                     [01;31m[K~~~~~~~~~~~~~~~~~~~~~~~~~~~~~~~~~~~~~~~~~~~~~^~~~~~~~~~~~~~~~~~~~~~~~~~~~~~~~~~~~~~~~~~~[m[K
[12.510s] In file included from [01m[K/opt/ros/jazzy/include/rclcpp/rclcpp/executors/single_threaded_executor.hpp:28[m[K,
[12.511s]                  from [01m[K/opt/ros/jazzy/include/rclcpp/rclcpp/executors.hpp:22[m[K,
[12.511s]                  from [01m[K/opt/ros/jazzy/include/rclcpp/rclcpp/rclcpp.hpp:172[m[K:
[12.512s] [01m[K/opt/ros/jazzy/include/rclcpp/rclcpp/node.hpp:221:3:[m[K [01;36m[Knote: [m[Kcandidate: â€˜[01m[Ktemplate<class MessageT, class CallbackT, class AllocatorT, class SubscriptionT, class MessageMemoryStrategyT> std::shared_ptr<ROSMessageT> rclcpp::Node::[01;32m[Kcreate_subscription[m[K(const std::string&, const rclcpp::QoS&, CallbackT&&, const rclcpp::SubscriptionOptionsWithAllocator<AllocatorT>&, typename MessageMemoryStrategyT::SharedPtr)[m[Kâ€™
[12.512s]   221 |   [01;36m[Kcreate_subscription[m[K(
[12.512s]       |   [01;36m[K^~~~~~~~~~~~~~~~~~~[m[K
[12.513s] [01m[K/opt/ros/jazzy/include/rclcpp/rclcpp/node.hpp:221:3:[m[K [01;36m[Knote: [m[K  template argument deduction/substitution failed:
[12.513s] [01m[K/home/youss/Documents/Projet/Autonomouscar/ros_ws/src/robot/src/encoders_subscriber.cpp:22:66:[m[K [01;31m[Kerror: [m[Ktemplate argument 1 is invalid
[12.514s]    22 |     _subscription = [01;31m[Kthis->create_subscription<std::msgs::Float32>(_topic_name, _queue_depth, topic_callback)[m[K;
[12.514s]       |                     [01;31m[K~~~~~~~~~~~~~~~~~~~~~~~~~~~~~~~~~~~~~~~~~~~~~^~~~~~~~~~~~~~~~~~~~~~~~~~~~~~~~~~~~~~~~~~~[m[K
[12.515s] [01m[K/home/youss/Documents/Projet/Autonomouscar/ros_ws/src/robot/src/encoders_subscriber.cpp:10:61:[m[K [01;35m[Kwarning: [m[Kunused parameter â€˜[01m[Knode_name[m[Kâ€™ [[01;35m[K]8;;https://gcc.gnu.org/onlinedocs/gcc/Warning-Options.html#index-Wunused-parameter-Wunused-parameter]8;;[m[K]
[12.515s]    10 | Encoders_subscriber::Encoders_subscriber([01;35m[Kconst std::string &node_name[m[K,
[12.515s]       |                                          [01;35m[K~~~~~~~~~~~~~~~~~~~^~~~~~~~~[m[K
[12.516s] [01m[K/home/youss/Documents/Projet/Autonomouscar/ros_ws/src/robot/src/encoders_subscriber.cpp:[m[K At global scope:
[12.516s] [01m[K/home/youss/Documents/Projet/Autonomouscar/ros_ws/src/robot/src/encoders_subscriber.cpp:26:5:[m[K [01;35m[Kwarning: [m[Ksecond argument of â€˜[01m[Kint[01;32m[K main[m[K(int, char*)[m[Kâ€™ should be â€˜[01m[Kchar **[m[Kâ€™ [[01;35m[K]8;;https://gcc.gnu.org/onlinedocs/gcc/Warning-Options.html#index-Wmain-Wmain]8;;[m[K]
[12.517s]    26 | int [01;35m[Kmain[m[K(int argc, char* argv)
[12.517s]       |     [01;35m[K^~~~[m[K
[12.517s] [01m[K/home/youss/Documents/Projet/Autonomouscar/ros_ws/src/robot/src/encoders_subscriber.cpp:[m[K In function â€˜[01m[Kint[01;32m[K main[m[K(int, char*)[m[Kâ€™:
[12.518s] [01m[K/home/youss/Documents/Projet/Autonomouscar/ros_ws/src/robot/src/encoders_subscriber.cpp:28:24:[m[K [01;31m[Kerror: [m[Kcannot convert â€˜[01m[Kchar*[m[Kâ€™ to â€˜[01m[Kconst char* const*[m[Kâ€™
[12.518s]    28 |     rclcpp::init(argc, [01;31m[Kargv[m[K);
[12.519s]       |                        [01;31m[K^~~~[m[K
[12.519s]       |                        [01;31m[K|[m[K
[12.520s]       |                        [01;31m[Kchar*[m[K
[12.520s] In file included from [01m[K/opt/ros/jazzy/include/rclcpp/rclcpp/logging.hpp:25[m[K:
[12.521s] [01m[K/opt/ros/jazzy/include/rclcpp/rclcpp/utilities.hpp:77:24:[m[K [01;36m[Knote: [m[K  initializing argument 2 of â€˜[01m[Kvoid rclcpp::[01;32m[Kinit[m[K(int, const char* const*, const InitOptions&, SignalHandlerOptions)[m[Kâ€™
[12.521s]    77 |   [01;36m[Kchar const * const * argv[m[K,
[12.522s]       |   [01;36m[K~~~~~~~~~~~~~~~~~~~~~^~~~[m[K
[15.523s] gmake[2]: *** [CMakeFiles/listener.dir/build.make:76: CMakeFiles/listener.dir/src/encoders_subscriber.cpp.o] Error 1
[15.524s] gmake[1]: *** [CMakeFiles/Makefile2:165: CMakeFiles/listener.dir/all] Error 2
[15.525s] gmake: *** [Makefile:146: all] Error 2
[15.534s] Invoked command in '/home/youss/Documents/Projet/Autonomouscar/ros_ws/build/robot' returned '2': CMAKE_PREFIX_PATH=${CMAKE_PREFIX_PATH}:/opt/ros/jazzy DEBUGINFOD_URLS=https://debuginfod.ubuntu.com /usr/bin/cmake --build /home/youss/Documents/Projet/Autonomouscar/ros_ws/build/robot -- -j4 -l4
