[ 14%] [32mBuilding CXX object CMakeFiles/encoders.dir/src/main.cpp.o[0m
[ 28%] [32mBuilding CXX object CMakeFiles/encoders.dir/src/encoders.cpp.o[0m
[ 42%] [32mBuilding CXX object CMakeFiles/encoders.dir/src/encoders_publisher.cpp.o[0m
[01m[K/home/youss/Documents/Projet/Autonomouscar/ros_ws/src/robot/src/encoders.cpp:[m[K In member function â€˜[01m[Kvoid Encoders::[01;32m[Kstart_encoder[m[K(const unsigned int&)[m[Kâ€™:
[01m[K/home/youss/Documents/Projet/Autonomouscar/ros_ws/src/robot/src/encoders.cpp:100:16:[m[K [01;31m[Kerror: [m[Kcannot convert â€˜[01m[Kvoid(Channel&)[m[Kâ€™ to â€˜[01m[Kstd::function<void(Encoders&)>[m[Kâ€™
  100 |     [01;31m[Ktimer_start(compute_rps_handler, interval)[m[K;
      |     [01;31m[K~~~~~~~~~~~^~~~~~~~~~~~~~~~~~~~~~~~~~~~~~~[m[K
In file included from [01m[K/home/youss/Documents/Projet/Autonomouscar/ros_ws/src/robot/src/encoders.cpp:22[m[K:
[01m[K/home/youss/Documents/Projet/Autonomouscar/ros_ws/src/robot/include/robot/encoders.h:72:57:[m[K [01;36m[Knote: [m[K  initializing argument 1 of â€˜[01m[Kvoid Encoders::[01;32m[Ktimer_start[m[K(std::function<void(Encoders&)>, const unsigned int&)[m[Kâ€™
   72 |         void timer_start([01;36m[Kstd::function<void(Encoders&)> func[m[K,
      |                          [01;36m[K~~~~~~~~~~~~~~~~~~~~~~~~~~~~~~~^~~~[m[K
[01m[K/home/youss/Documents/Projet/Autonomouscar/ros_ws/src/robot/src/encoders.cpp:[m[K In member function â€˜[01m[Kvoid Encoders::[01;32m[Kcompute_rps[m[K(Channel&)[m[Kâ€™:
[01m[K/home/youss/Documents/Projet/Autonomouscar/ros_ws/src/robot/src/encoders.cpp:209:18:[m[K [01;35m[Kwarning: [m[Kunused variable â€˜[01m[Krps[m[Kâ€™ [[01;35m[K]8;;https://gcc.gnu.org/onlinedocs/gcc/Warning-Options.html#index-Wunused-variable-Wunused-variable]8;;[m[K]
  209 |     unsigned int [01;35m[Krps[m[K = 0;
      |                  [01;35m[K^~~[m[K
[01m[K/home/youss/Documents/Projet/Autonomouscar/ros_ws/src/robot/src/encoders.cpp:[m[K In static member function â€˜[01m[Kstatic void Encoders::[01;32m[Kcompute_rps_handler[m[K(Channel&)[m[Kâ€™:
[01m[K/home/youss/Documents/Projet/Autonomouscar/ros_ws/src/robot/src/encoders.cpp:231:5:[m[K [01;31m[Kerror: [m[Kâ€˜[01m[Kencoder[m[Kâ€™ was not declared in this scope; did you mean â€˜[01m[KEncoders[m[Kâ€™?
  231 |     [01;31m[Kencoder[m[K.compute_rps(channel);
      |     [01;31m[K^~~~~~~[m[K
      |     [32m[KEncoders[m[K
gmake[2]: *** [CMakeFiles/encoders.dir/build.make:104: CMakeFiles/encoders.dir/src/encoders.cpp.o] Error 1
gmake[2]: *** Waiting for unfinished jobs....
gmake[1]: *** [CMakeFiles/Makefile2:137: CMakeFiles/encoders.dir/all] Error 2
gmake: *** [Makefile:146: all] Error 2
