[0.050s] Invoking command in '/home/youss/Documents/Projet/Autonomouscar/ros_ws/build/robot': CMAKE_PREFIX_PATH=${CMAKE_PREFIX_PATH}:/opt/ros/jazzy DEBUGINFOD_URLS=https://debuginfod.ubuntu.com /usr/bin/cmake --build /home/youss/Documents/Projet/Autonomouscar/ros_ws/build/robot -- -j4 -l4
[0.378s] [ 14%] [32mBuilding CXX object CMakeFiles/encoders.dir/src/main.cpp.o[0m
[0.381s] [ 28%] [32mBuilding CXX object CMakeFiles/encoders.dir/src/encoders.cpp.o[0m
[0.396s] [ 42%] [32mBuilding CXX object CMakeFiles/encoders.dir/src/encoders_publisher.cpp.o[0m
[3.553s] [01m[K/home/youss/Documents/Projet/Autonomouscar/ros_ws/src/robot/src/encoders.cpp:[m[K In member function â€˜[01m[Kvoid Encoders::[01;32m[Kstart_encoder[m[K(const unsigned int&)[m[Kâ€™:
[3.554s] [01m[K/home/youss/Documents/Projet/Autonomouscar/ros_ws/src/robot/src/encoders.cpp:100:16:[m[K [01;31m[Kerror: [m[Kcannot convert â€˜[01m[Kvoid(Channel&)[m[Kâ€™ to â€˜[01m[Kstd::function<void(Encoders&)>[m[Kâ€™
[3.556s]   100 |     [01;31m[Ktimer_start(compute_rps_handler, interval)[m[K;
[3.556s]       |     [01;31m[K~~~~~~~~~~~^~~~~~~~~~~~~~~~~~~~~~~~~~~~~~~[m[K
[3.557s] In file included from [01m[K/home/youss/Documents/Projet/Autonomouscar/ros_ws/src/robot/src/encoders.cpp:22[m[K:
[3.558s] [01m[K/home/youss/Documents/Projet/Autonomouscar/ros_ws/src/robot/include/robot/encoders.h:72:57:[m[K [01;36m[Knote: [m[K  initializing argument 1 of â€˜[01m[Kvoid Encoders::[01;32m[Ktimer_start[m[K(std::function<void(Encoders&)>, const unsigned int&)[m[Kâ€™
[3.559s]    72 |         void timer_start([01;36m[Kstd::function<void(Encoders&)> func[m[K,
[3.560s]       |                          [01;36m[K~~~~~~~~~~~~~~~~~~~~~~~~~~~~~~~^~~~[m[K
[3.571s] [01m[K/home/youss/Documents/Projet/Autonomouscar/ros_ws/src/robot/src/encoders.cpp:[m[K In member function â€˜[01m[Kvoid Encoders::[01;32m[Kcompute_rps[m[K(Channel&)[m[Kâ€™:
[3.572s] [01m[K/home/youss/Documents/Projet/Autonomouscar/ros_ws/src/robot/src/encoders.cpp:209:18:[m[K [01;35m[Kwarning: [m[Kunused variable â€˜[01m[Krps[m[Kâ€™ [[01;35m[K]8;;https://gcc.gnu.org/onlinedocs/gcc/Warning-Options.html#index-Wunused-variable-Wunused-variable]8;;[m[K]
[3.573s]   209 |     unsigned int [01;35m[Krps[m[K = 0;
[3.574s]       |                  [01;35m[K^~~[m[K
[3.590s] [01m[K/home/youss/Documents/Projet/Autonomouscar/ros_ws/src/robot/src/encoders.cpp:[m[K In static member function â€˜[01m[Kstatic void Encoders::[01;32m[Kcompute_rps_handler[m[K(Channel&)[m[Kâ€™:
[3.591s] [01m[K/home/youss/Documents/Projet/Autonomouscar/ros_ws/src/robot/src/encoders.cpp:231:5:[m[K [01;31m[Kerror: [m[Kâ€˜[01m[Kencoder[m[Kâ€™ was not declared in this scope; did you mean â€˜[01m[KEncoders[m[Kâ€™?
[3.592s]   231 |     [01;31m[Kencoder[m[K.compute_rps(channel);
[3.593s]       |     [01;31m[K^~~~~~~[m[K
[3.593s]       |     [32m[KEncoders[m[K
[3.976s] gmake[2]: *** [CMakeFiles/encoders.dir/build.make:104: CMakeFiles/encoders.dir/src/encoders.cpp.o] Error 1
[3.977s] gmake[2]: *** Waiting for unfinished jobs....
[23.042s] gmake[1]: *** [CMakeFiles/Makefile2:137: CMakeFiles/encoders.dir/all] Error 2
[23.043s] gmake: *** [Makefile:146: all] Error 2
[23.051s] Invoked command in '/home/youss/Documents/Projet/Autonomouscar/ros_ws/build/robot' returned '2': CMAKE_PREFIX_PATH=${CMAKE_PREFIX_PATH}:/opt/ros/jazzy DEBUGINFOD_URLS=https://debuginfod.ubuntu.com /usr/bin/cmake --build /home/youss/Documents/Projet/Autonomouscar/ros_ws/build/robot -- -j4 -l4
