[ 13%] Built target robot_controller
[ 26%] Built target position_publisher
[ 33%] [32mBuilding CXX object CMakeFiles/main.dir/src/main.cpp.o[0m
[ 46%] Built target listener
[ 53%] [32mBuilding CXX object CMakeFiles/main.dir/src/encoders.cpp.o[0m
[ 66%] Built target position_reader
[ 80%] Built target motor_subscriber
[01m[K/home/youss/Documents/Projet/Autonomouscar/ros_ws/src/robot/src/encoders.cpp:[m[K In member function â€˜[01m[Kvoid Encoders::[01;32m[Kcompute_encoder_rps[m[K()[m[Kâ€™:
[01m[K/home/youss/Documents/Projet/Autonomouscar/ros_ws/src/robot/src/encoders.cpp:197:50:[m[K [01;31m[Kerror: [m[Kâ€˜[01m[K_number_of_changes_on_channel[m[Kâ€™ was not declared in this scope; did you mean â€˜[01m[K_number_of_changes_on_channel_A[m[Kâ€™?
  197 |     unsigned int encoder_number_of_revolutions = [01;31m[K_number_of_changes_on_channel[m[K/_PPR; //revolutions
      |                                                  [01;31m[K^~~~~~~~~~~~~~~~~~~~~~~~~~~~~[m[K
      |                                                  [32m[K_number_of_changes_on_channel_A[m[K
[01m[K/home/youss/Documents/Projet/Autonomouscar/ros_ws/src/robot/src/encoders.cpp:[m[K In member function â€˜[01m[Kvoid Encoders::[01;32m[Kcount_number_of_changes_on_channel_A[m[K()[m[Kâ€™:
[01m[K/home/youss/Documents/Projet/Autonomouscar/ros_ws/src/robot/src/encoders.cpp:229:5:[m[K [01;31m[Kerror: [m[Kâ€˜[01m[K_channel_value[m[Kâ€™ was not declared in this scope; did you mean â€˜[01m[K_channel_value_A[m[Kâ€™?
  229 |     [01;31m[K_channel_value[m[K = gpioRead(_channel_A_gpio);
      |     [01;31m[K^~~~~~~~~~~~~~[m[K
      |     [32m[K_channel_value_A[m[K
[01m[K/home/youss/Documents/Projet/Autonomouscar/ros_ws/src/robot/src/encoders.cpp:[m[K In member function â€˜[01m[Kvoid Encoders::[01;32m[Kcount_number_of_changes_on_channel_B[m[K()[m[Kâ€™:
[01m[K/home/youss/Documents/Projet/Autonomouscar/ros_ws/src/robot/src/encoders.cpp:245:5:[m[K [01;31m[Kerror: [m[Kâ€˜[01m[K_channel_value[m[Kâ€™ was not declared in this scope; did you mean â€˜[01m[K_channel_value_A[m[Kâ€™?
  245 |     [01;31m[K_channel_value[m[K = gpioRead(_channel_B_gpio);
      |     [01;31m[K^~~~~~~~~~~~~~[m[K
      |     [32m[K_channel_value_A[m[K
gmake[2]: *** [CMakeFiles/main.dir/build.make:104: CMakeFiles/main.dir/src/encoders.cpp.o] Error 1
gmake[1]: *** [CMakeFiles/Makefile2:147: CMakeFiles/main.dir/all] Error 2
gmake: *** [Makefile:146: all] Error 2
