-- Found ament_cmake: 2.5.2 (/opt/ros/jazzy/share/ament_cmake/cmake)
-- Override CMake install command with custom implementation using symlinks instead of copying resources
-- Found ament_lint_auto: 0.17.1 (/opt/ros/jazzy/share/ament_lint_auto/cmake)
-- Added test 'cppcheck' to perform static code analysis on C / C++ code
-- Configured cppcheck include dirs: $<BUILD_INTERFACE:/home/youss/Documents/Projet/Autonomouscar/ros_ws/src/robot/include>
-- Configured cppcheck exclude dirs and/or files: 
-- Added test 'lint_cmake' to check CMake code style
-- Added test 'uncrustify' to check C / C++ code style
-- Configured uncrustify additional arguments: 
-- Added test 'xmllint' to check XML markup files
-- Configuring done (1.6s)
-- Generating done (0.0s)
-- Build files have been written to: /home/youss/Documents/Projet/Autonomouscar/ros_ws/build/robot
[ 50%] [32mBuilding CXX object CMakeFiles/encoders.dir/src/main.cpp.o[0m
[01m[K/home/youss/Documents/Projet/Autonomouscar/ros_ws/src/robot/src/main.cpp:[m[K In function â€˜[01m[Kint[01;32m[K main[m[K()[m[Kâ€™:
[01m[K/home/youss/Documents/Projet/Autonomouscar/ros_ws/src/robot/src/main.cpp:24:43:[m[K [01;31m[Kerror: [m[Kcannot call constructor â€˜[01m[KEncoders::Encoders[m[Kâ€™ directly [[01;31m[K]8;;https://gcc.gnu.org/onlinedocs/gcc/Warning-Options.html#index-fpermissive-fpermissive]8;;[m[K]
   24 |     Encoders encoders = [01;31m[KEncoders::Encoders()[m[K;
      |                         [01;31m[K~~~~~~~~~~~~~~~~~~^~[m[K
[01m[K/home/youss/Documents/Projet/Autonomouscar/ros_ws/src/robot/src/main.cpp:24:43:[m[K [01;36m[Knote: [m[Kfor a function-style cast, remove the redundant â€˜[01m[K::Encoders[m[Kâ€™
[01m[K/home/youss/Documents/Projet/Autonomouscar/ros_ws/src/robot/src/main.cpp:27:53:[m[K [01;31m[Kerror: [m[Kâ€˜[01m[Kvoid Encoders::[01;32m[Kcount_number_of_changes_on_channels[m[K()[m[Kâ€™ is private within this context
   27 |         [01;31m[Kencoders.count_number_of_changes_on_channels()[m[K;
      |         [01;31m[K~~~~~~~~~~~~~~~~~~~~~~~~~~~~~~~~~~~~~~~~~~~~^~[m[K
In file included from [01m[K/home/youss/Documents/Projet/Autonomouscar/ros_ws/src/robot/src/main.cpp:18[m[K:
[01m[K/home/youss/Documents/Projet/Autonomouscar/ros_ws/src/robot/src/encoders.h:54:14:[m[K [01;36m[Knote: [m[Kdeclared private here
   54 |         void [01;36m[Kcount_number_of_changes_on_channels[m[K();
      |              [01;36m[K^~~~~~~~~~~~~~~~~~~~~~~~~~~~~~~~~~~[m[K
[01m[K/home/youss/Documents/Projet/Autonomouscar/ros_ws/src/robot/src/main.cpp:28:18:[m[K [01;31m[Kerror: [m[Kâ€˜[01m[Kstruct Encoders[m[Kâ€™ has no member named â€˜[01m[Kcompute_rps_on_channel[m[Kâ€™; did you mean â€˜[01m[Kcompute_rps_on_channels[m[Kâ€™?
   28 |         encoders.[01;31m[Kcompute_rps_on_channel[m[K();
      |                  [01;31m[K^~~~~~~~~~~~~~~~~~~~~~[m[K
      |                  [32m[Kcompute_rps_on_channels[m[K
gmake[2]: *** [CMakeFiles/encoders.dir/build.make:76: CMakeFiles/encoders.dir/src/main.cpp.o] Error 1
gmake[1]: *** [CMakeFiles/Makefile2:137: CMakeFiles/encoders.dir/all] Error 2
gmake: *** [Makefile:146: all] Error 2
