[0.052s] Invoking command in '/home/youss/Documents/Projet/Autonomouscar/ros_ws/build/robot': CMAKE_PREFIX_PATH=${CMAKE_PREFIX_PATH}:/opt/ros/jazzy DEBUGINFOD_URLS=https://debuginfod.ubuntu.com /usr/bin/cmake --build /home/youss/Documents/Projet/Autonomouscar/ros_ws/build/robot -- -j4 -l4
[0.316s] [ 25%] [32mBuilding CXX object CMakeFiles/encoders.dir/src/main.cpp.o[0m
[0.318s] [ 50%] [32mBuilding CXX object CMakeFiles/encoders.dir/src/encoders.cpp.o[0m
[2.765s] [01m[K/home/youss/Documents/Projet/Autonomouscar/ros_ws/src/robot/src/encoders.cpp:[m[K In constructor â€˜[01m[KEncoders::[01;32m[KEncoders[m[K(const unsigned int&, const unsigned int&, const unsigned int&, std::string)[m[Kâ€™:
[2.766s] [01m[K/home/youss/Documents/Projet/Autonomouscar/ros_ws/src/robot/src/encoders.cpp:75:24:[m[K [01;35m[Kwarning: [m[Kunused variable â€˜[01m[Kinterval[m[Kâ€™ [[01;35m[K]8;;https://gcc.gnu.org/onlinedocs/gcc/Warning-Options.html#index-Wunused-variable-Wunused-variable]8;;[m[K]
[2.767s]    75 |     const unsigned int [01;35m[Kinterval[m[K = 1000;
[2.767s]       |                        [01;35m[K^~~~~~~~[m[K
[2.771s] [01m[K/home/youss/Documents/Projet/Autonomouscar/ros_ws/src/robot/src/main.cpp:[m[K In function â€˜[01m[Kint[01;32m[K main[m[K()[m[Kâ€™:
[2.772s] [01m[K/home/youss/Documents/Projet/Autonomouscar/ros_ws/src/robot/src/main.cpp:94:42:[m[K [01;31m[Kerror: [m[Kexpected â€˜[01m[K,[m[Kâ€™ or â€˜[01m[K...[m[Kâ€™ before â€˜[01m[K.[m[Kâ€™ token
[2.772s]    94 |     std::thread encoder_A_thread(Encoders[01;31m[K.[m[Kcompute_rps_handler, encoder_A);
[2.773s]       |                                          [01;31m[K^[m[K
[2.773s] [01m[K/home/youss/Documents/Projet/Autonomouscar/ros_ws/src/robot/src/main.cpp:95:42:[m[K [01;31m[Kerror: [m[Kexpected â€˜[01m[K,[m[Kâ€™ or â€˜[01m[K...[m[Kâ€™ before â€˜[01m[K.[m[Kâ€™ token
[2.774s]    95 |     std::thread encoder_B_thread(Encoders[01;31m[K.[m[Kcompute_rps_handler, encoder_B);
[2.775s]       |                                          [01;31m[K^[m[K
[2.776s] [01m[K/home/youss/Documents/Projet/Autonomouscar/ros_ws/src/robot/src/main.cpp:66:24:[m[K [01;35m[Kwarning: [m[Kunused variable â€˜[01m[Kinterval[m[Kâ€™ [[01;35m[K]8;;https://gcc.gnu.org/onlinedocs/gcc/Warning-Options.html#index-Wunused-variable-Wunused-variable]8;;[m[K]
[2.776s]    66 |     const unsigned int [01;35m[Kinterval[m[K = 1000;
[2.777s]       |                        [01;35m[K^~~~~~~~[m[K
[2.790s] [01m[K/home/youss/Documents/Projet/Autonomouscar/ros_ws/src/robot/src/encoders.cpp:[m[K At global scope:
[2.791s] [01m[K/home/youss/Documents/Projet/Autonomouscar/ros_ws/src/robot/src/encoders.cpp:275:6:[m[K [01;31m[Kerror: [m[Kvariable or field â€˜[01m[Kcompute_rps_handler[m[Kâ€™ declared void
[2.791s]   275 | void [01;31m[KEncoders[m[K::compute_rps_handler(Encoder &encoder)
[2.792s]       |      [01;31m[K^~~~~~~~[m[K
[2.799s] [01m[K/home/youss/Documents/Projet/Autonomouscar/ros_ws/src/robot/src/encoders.cpp:275:36:[m[K [01;31m[Kerror: [m[Kâ€˜[01m[KEncoder[m[Kâ€™ was not declared in this scope; did you mean â€˜[01m[KEncoders[m[Kâ€™?
[2.800s]   275 | void Encoders::compute_rps_handler([01;31m[KEncoder[m[K &encoder)
[2.800s]       |                                    [01;31m[K^~~~~~~[m[K
[2.801s]       |                                    [32m[KEncoders[m[K
[2.808s] [01m[K/home/youss/Documents/Projet/Autonomouscar/ros_ws/src/robot/src/encoders.cpp:275:45:[m[K [01;31m[Kerror: [m[Kâ€˜[01m[Kencoder[m[Kâ€™ was not declared in this scope; did you mean â€˜[01m[KEncoders[m[Kâ€™?
[2.809s]   275 | void Encoders::compute_rps_handler(Encoder &[01;31m[Kencoder[m[K)
[2.809s]       |                                             [01;31m[K^~~~~~~[m[K
[2.810s]       |                                             [32m[KEncoders[m[K
[3.078s] gmake[2]: *** [CMakeFiles/encoders.dir/build.make:76: CMakeFiles/encoders.dir/src/main.cpp.o] Error 1
[3.079s] gmake[2]: *** Waiting for unfinished jobs....
[3.110s] gmake[2]: *** [CMakeFiles/encoders.dir/build.make:90: CMakeFiles/encoders.dir/src/encoders.cpp.o] Error 1
[3.111s] gmake[1]: *** [CMakeFiles/Makefile2:137: CMakeFiles/encoders.dir/all] Error 2
[3.112s] gmake: *** [Makefile:146: all] Error 2
[3.120s] Invoked command in '/home/youss/Documents/Projet/Autonomouscar/ros_ws/build/robot' returned '2': CMAKE_PREFIX_PATH=${CMAKE_PREFIX_PATH}:/opt/ros/jazzy DEBUGINFOD_URLS=https://debuginfod.ubuntu.com /usr/bin/cmake --build /home/youss/Documents/Projet/Autonomouscar/ros_ws/build/robot -- -j4 -l4
