[  6%] [32mBuilding CXX object CMakeFiles/main.dir/src/main.cpp.o[0m
[ 20%] Built target robot_controller
[ 33%] Built target listener
[ 46%] Built target position_publisher
[ 60%] Built target motor_subscriber
[ 73%] Built target position_reader
[01m[K/home/youss/Documents/Projet/Autonomouscar/ros_ws/src/robot/src/main.cpp:[m[K In function â€˜[01m[Kint[01;32m[K main[m[K()[m[Kâ€™:
[01m[K/home/youss/Documents/Projet/Autonomouscar/ros_ws/src/robot/src/main.cpp:92:44:[m[K [01;31m[Kerror: [m[Kâ€˜[01m[Kstatic void Encoders::[01;32m[Kcompute_encoder_rps_handler[m[K(Encoders&)[m[Kâ€™ is private within this context
   92 |     std::thread encoder_A_thread(Encoders::[01;31m[Kcompute_encoder_rps_handler[m[K, std::ref(encoder_A));
      |                                            [01;31m[K^~~~~~~~~~~~~~~~~~~~~~~~~~~[m[K
In file included from [01m[K/home/youss/Documents/Projet/Autonomouscar/ros_ws/src/robot/src/main.cpp:19[m[K:
[01m[K/home/youss/Documents/Projet/Autonomouscar/ros_ws/src/robot/include/robot/encoders.h:74:21:[m[K [01;36m[Knote: [m[Kdeclared private here
   74 |         static void [01;36m[Kcompute_encoder_rps_handler[m[K(Encoders &encoder);
      |                     [01;36m[K^~~~~~~~~~~~~~~~~~~~~~~~~~~[m[K
[01m[K/home/youss/Documents/Projet/Autonomouscar/ros_ws/src/robot/src/main.cpp:93:44:[m[K [01;31m[Kerror: [m[Kâ€˜[01m[Kstatic void Encoders::[01;32m[Kcompute_encoder_rps_handler[m[K(Encoders&)[m[Kâ€™ is private within this context
   93 |     std::thread encoder_B_thread(Encoders::[01;31m[Kcompute_encoder_rps_handler[m[K, std::ref(encoder_B));
      |                                            [01;31m[K^~~~~~~~~~~~~~~~~~~~~~~~~~~[m[K
[01m[K/home/youss/Documents/Projet/Autonomouscar/ros_ws/src/robot/include/robot/encoders.h:74:21:[m[K [01;36m[Knote: [m[Kdeclared private here
   74 |         static void [01;36m[Kcompute_encoder_rps_handler[m[K(Encoders &encoder);
      |                     [01;36m[K^~~~~~~~~~~~~~~~~~~~~~~~~~~[m[K
[01m[K/home/youss/Documents/Projet/Autonomouscar/ros_ws/src/robot/src/main.cpp:95:20:[m[K [01;31m[Kerror: [m[Kâ€˜[01m[Kchannel_gpio[m[Kâ€™ was not declared in this scope
   95 |     auto my_fct = [[01;31m[Kchannel_gpio[m[K, encoder]
      |                    [01;31m[K^~~~~~~~~~~~[m[K
[01m[K/home/youss/Documents/Projet/Autonomouscar/ros_ws/src/robot/src/main.cpp:95:34:[m[K [01;31m[Kerror: [m[Kâ€˜[01m[Kencoder[m[Kâ€™ was not declared in this scope; did you mean â€˜[01m[KEncoders[m[Kâ€™?
   95 |     auto my_fct = [channel_gpio, [01;31m[Kencoder[m[K]
      |                                  [01;31m[K^~~~~~~[m[K
      |                                  [32m[KEncoders[m[K
[01m[K/home/youss/Documents/Projet/Autonomouscar/ros_ws/src/robot/src/main.cpp:[m[K In lambda function:
[01m[K/home/youss/Documents/Projet/Autonomouscar/ros_ws/src/robot/src/main.cpp:97:9:[m[K [01;31m[Kerror: [m[Kâ€˜[01m[Kencoder[m[Kâ€™ is not captured
   97 |         [01;31m[Kencoder[m[K.count_number_of_changes(channel_gpio);
      |         [01;31m[K^~~~~~~[m[K
[01m[K/home/youss/Documents/Projet/Autonomouscar/ros_ws/src/robot/src/main.cpp:95:41:[m[K [01;36m[Knote: [m[Kthe lambda has no capture-default
   95 |     auto my_fct = [channel_gpio, encoder[01;36m[K][m[K
      |                                         [01;36m[K^[m[K
[01m[K/home/youss/Documents/Projet/Autonomouscar/ros_ws/src/robot/src/main.cpp:95:34:[m[K [01;36m[Knote: [m[Kâ€˜[01m[K<typeprefixerror>encoder[m[Kâ€™ declared here
   95 |     auto my_fct = [channel_gpio, [01;36m[Kencoder[m[K]
      |                                  [01;36m[K^~~~~~~[m[K
[01m[K/home/youss/Documents/Projet/Autonomouscar/ros_ws/src/robot/src/main.cpp:97:41:[m[K [01;31m[Kerror: [m[Kâ€˜[01m[Kchannel_gpio[m[Kâ€™ is not captured
   97 |         encoder.count_number_of_changes([01;31m[Kchannel_gpio[m[K);
      |                                         [01;31m[K^~~~~~~~~~~~[m[K
[01m[K/home/youss/Documents/Projet/Autonomouscar/ros_ws/src/robot/src/main.cpp:95:41:[m[K [01;36m[Knote: [m[Kthe lambda has no capture-default
   95 |     auto my_fct = [channel_gpio, encoder[01;36m[K][m[K
      |                                         [01;36m[K^[m[K
[01m[K/home/youss/Documents/Projet/Autonomouscar/ros_ws/src/robot/src/main.cpp:95:20:[m[K [01;36m[Knote: [m[Kâ€˜[01m[K<typeprefixerror>channel_gpio[m[Kâ€™ declared here
   95 |     auto my_fct = [[01;36m[Kchannel_gpio[m[K, encoder]
      |                    [01;36m[K^~~~~~~~~~~~[m[K
[01m[K/home/youss/Documents/Projet/Autonomouscar/ros_ws/src/robot/src/main.cpp:[m[K In function â€˜[01m[Kint[01;32m[K main[m[K()[m[Kâ€™:
[01m[K/home/youss/Documents/Projet/Autonomouscar/ros_ws/src/robot/src/main.cpp:99:57:[m[K [01;31m[Kerror: [m[Kno match for call to â€˜[01m[K(main()::<lambda()>) (int, Encoders&)[m[Kâ€™
   99 |     auto count_A = std::async(std::launch::async, [01;31m[Kmy_fct(M1A_CHANNEL, encoder_A)[m[K);
      |                                                   [01;31m[K~~~~~~^~~~~~~~~~~~~~~~~~~~~~~~[m[K
[01m[K/home/youss/Documents/Projet/Autonomouscar/ros_ws/src/robot/src/main.cpp:99:57:[m[K [01;36m[Knote: [m[Kcandidate: â€˜[01m[Kvoid (*)()[m[Kâ€™ (conversion)
[01m[K/home/youss/Documents/Projet/Autonomouscar/ros_ws/src/robot/src/main.cpp:99:57:[m[K [01;36m[Knote: [m[K  candidate expects 1 argument, 3 provided
[01m[K/home/youss/Documents/Projet/Autonomouscar/ros_ws/src/robot/src/main.cpp:95:19:[m[K [01;36m[Knote: [m[Kcandidate: â€˜[01m[Kmain()::<lambda()>[m[Kâ€™
   95 |     auto my_fct = [01;36m[K[[m[Kchannel_gpio, encoder]
      |                   [01;36m[K^[m[K
[01m[K/home/youss/Documents/Projet/Autonomouscar/ros_ws/src/robot/src/main.cpp:95:19:[m[K [01;36m[Knote: [m[K  candidate expects 0 arguments, 2 provided
gmake[2]: *** [CMakeFiles/main.dir/build.make:76: CMakeFiles/main.dir/src/main.cpp.o] Error 1
gmake[1]: *** [CMakeFiles/Makefile2:147: CMakeFiles/main.dir/all] Error 2
gmake: *** [Makefile:146: all] Error 2
