[0.051s] Invoking command in '/home/youss/Documents/Projet/Autonomouscar/ros_ws/build/robot': CMAKE_PREFIX_PATH=${CMAKE_PREFIX_PATH}:/opt/ros/jazzy DEBUGINFOD_URLS=https://debuginfod.ubuntu.com /usr/bin/cmake --build /home/youss/Documents/Projet/Autonomouscar/ros_ws/build/robot -- -j4 -l4
[0.350s] [ 13%] Built target encoders_subscriber
[0.354s] [ 46%] Built target main
[0.355s] [ 60%] Built target robot_controller
[0.355s] [ 73%] Built target position_publisher
[0.481s] [ 86%] Built target position_reader
[0.503s] [ 93%] [32mBuilding CXX object CMakeFiles/motor_subscriber.dir/src/motor_subscriber.cpp.o[0m
[11.444s] [01m[K/home/youss/Documents/Projet/Autonomouscar/ros_ws/src/robot/src/motor_subscriber.cpp:[m[K In member function â€˜[01m[Kvoid Motor_subscriber::[01;32m[Kinit_params[m[K()[m[Kâ€™:
[11.444s] [01m[K/home/youss/Documents/Projet/Autonomouscar/ros_ws/src/robot/src/motor_subscriber.cpp:39:5:[m[K [01;31m[Kerror: [m[Kâ€˜[01m[K_MAX_DUTY_CYCLE[m[Kâ€™ was not declared in this scope; did you mean â€˜[01m[KMAX_DUTY_CYCLE[m[Kâ€™?
[11.445s]    39 |     [01;31m[K_MAX_DUTY_CYCLE[m[K = this->get_parameter("MAX_DUTY_CYCLE").as_int();
[11.445s]       |     [01;31m[K^~~~~~~~~~~~~~~[m[K
[11.446s]       |     [32m[KMAX_DUTY_CYCLE[m[K
[11.470s] [01m[K/home/youss/Documents/Projet/Autonomouscar/ros_ws/src/robot/src/motor_subscriber.cpp:[m[K In member function â€˜[01m[Kvoid Motor_subscriber::[01;32m[Kset_motors_duty_cycle[m[K(Motor&, Motor&) const[m[Kâ€™:
[11.470s] [01m[K/home/youss/Documents/Projet/Autonomouscar/ros_ws/src/robot/src/motor_subscriber.cpp:71:52:[m[K [01;35m[Kwarning: [m[Kunused parameter â€˜[01m[Kleft_motor[m[Kâ€™ [[01;35m[K]8;;https://gcc.gnu.org/onlinedocs/gcc/Warning-Options.html#index-Wunused-parameter-Wunused-parameter]8;;[m[K]
[11.471s]    71 |                             [01;35m[KMotor &left_motor[m[K,
[11.471s]       |                             [01;35m[K~~~~~~~^~~~~~~~~~[m[K
[11.472s] 
[11.472s] [01m[K/home/youss/Documents/Projet/Autonomouscar/ros_ws/src/robot/src/motor_subscriber.cpp:72:52:[m[K [01;35m[Kwarning: [m[Kunused parameter â€˜[01m[Kright_motor[m[Kâ€™ [[01;35m[K]8;;https://gcc.gnu.org/onlinedocs/gcc/Warning-Options.html#index-Wunused-parameter-Wunused-parameter]8;;[m[K]
[11.472s]    72 |                             [01;35m[KMotor &right_motor[m[K) const
[11.473s]       |                             [01;35m[K~~~~~~~^~~~~~~~~~~[m[K
[11.473s] 
[20.247s] gmake[2]: *** [CMakeFiles/motor_subscriber.dir/build.make:76: CMakeFiles/motor_subscriber.dir/src/motor_subscriber.cpp.o] Error 1
[20.248s] gmake[1]: *** [CMakeFiles/Makefile2:251: CMakeFiles/motor_subscriber.dir/all] Error 2
[20.249s] gmake: *** [Makefile:146: all] Error 2
[20.257s] Invoked command in '/home/youss/Documents/Projet/Autonomouscar/ros_ws/build/robot' returned '2': CMAKE_PREFIX_PATH=${CMAKE_PREFIX_PATH}:/opt/ros/jazzy DEBUGINFOD_URLS=https://debuginfod.ubuntu.com /usr/bin/cmake --build /home/youss/Documents/Projet/Autonomouscar/ros_ws/build/robot -- -j4 -l4
