[0.055s] Invoking command in '/home/youss/Documents/Projet/Autonomouscar/ros_ws/build/robot': CMAKE_PREFIX_PATH=${CMAKE_PREFIX_PATH}:/opt/ros/jazzy DEBUGINFOD_URLS=https://debuginfod.ubuntu.com /usr/bin/cmake --build /home/youss/Documents/Projet/Autonomouscar/ros_ws/build/robot -- -j4 -l4
[0.367s] [ 13%] Built target robot_controller
[0.372s] [ 20%] [32mBuilding CXX object CMakeFiles/main.dir/src/main.cpp.o[0m
[0.377s] [ 33%] Built target listener
[0.396s] [ 46%] Built target position_publisher
[0.457s] [ 53%] [32mBuilding CXX object CMakeFiles/main.dir/src/encoders.cpp.o[0m
[0.522s] [ 66%] Built target motor_subscriber
[0.534s] [ 80%] Built target position_reader
[3.396s] [01m[K/home/youss/Documents/Projet/Autonomouscar/ros_ws/src/robot/src/encoders.cpp:256:47:[m[K [01;31m[Kerror: [m[Kcannot declare member function â€˜[01m[Kstatic void Encoders::[01;32m[Kcount_number_of_changes[m[K()[m[Kâ€™ to have static linkage [[01;31m[K]8;;https://gcc.gnu.org/onlinedocs/gcc/Warning-Options.html#index-fpermissive-fpermissive]8;;[m[K]
[3.397s]   256 | static void Encoders::count_number_of_changes([01;31m[K)[m[K
[3.398s]       |                                               [01;31m[K^[m[K
[3.399s] [01m[K/home/youss/Documents/Projet/Autonomouscar/ros_ws/src/robot/src/encoders.cpp:[m[K In static member function â€˜[01m[Kstatic void Encoders::[01;32m[Kcount_number_of_changes[m[K()[m[Kâ€™:
[3.399s] [01m[K/home/youss/Documents/Projet/Autonomouscar/ros_ws/src/robot/src/encoders.cpp:258:41:[m[K [01;31m[Kerror: [m[Kcannot call member function â€˜[01m[Kvoid Encoders::[01;32m[Kcount_number_of_changes_on_channel_A[m[K()[m[Kâ€™ without object
[3.400s]   258 |     [01;31m[Kcount_number_of_changes_on_channel_A()[m[K;
[3.400s]       |     [01;31m[K~~~~~~~~~~~~~~~~~~~~~~~~~~~~~~~~~~~~^~[m[K
[3.401s] [01m[K/home/youss/Documents/Projet/Autonomouscar/ros_ws/src/robot/src/encoders.cpp:259:41:[m[K [01;31m[Kerror: [m[Kcannot call member function â€˜[01m[Kvoid Encoders::[01;32m[Kcount_number_of_changes_on_channel_B[m[K()[m[Kâ€™ without object
[3.402s]   259 |     [01;31m[Kcount_number_of_changes_on_channel_B()[m[K;
[3.402s]       |     [01;31m[K~~~~~~~~~~~~~~~~~~~~~~~~~~~~~~~~~~~~^~[m[K
[3.536s] In file included from [01m[K/usr/include/c++/13/thread:45[m[K,
[3.537s]                  from [01m[K/home/youss/Documents/Projet/Autonomouscar/ros_ws/src/robot/src/encoders.cpp:4[m[K:
[3.537s] /usr/include/c++/13/bits/std_thread.h: In instantiation of â€˜[01m[Kstd::thread::[01;32m[Kthread[m[K(_Callable&&, _Args&& ...) [35m[K[with _Callable = void (*)(); _Args = {Encoders*}; <template-parameter-1-3> = void][m[K[m[Kâ€™:
[3.538s] [01m[K/home/youss/Documents/Projet/Autonomouscar/ros_ws/src/robot/src/encoders.cpp:265:76:[m[K   required from here
[3.538s] [01m[K/usr/include/c++/13/bits/std_thread.h:157:72:[m[K [01;31m[Kerror: [m[Kstatic assertion failed: std::thread arguments must be invocable after conversion to rvalues
[3.539s]   157 |                                       typename decay<_Args>::type...>::[01;31m[Kvalue[m[K,
[3.539s]       |                                                                        [01;31m[K^~~~~[m[K
[3.540s] [01m[K/usr/include/c++/13/bits/std_thread.h:157:72:[m[K [01;36m[Knote: [m[Kâ€˜[01m[Kstd::integral_constant<bool, false>::value[m[Kâ€™ evaluates to false
[3.556s] /usr/include/c++/13/bits/std_thread.h: In instantiation of â€˜[01m[Kstruct std::thread::_Invoker<std::tuple<void (*)(), Encoders*> >[m[Kâ€™:
[3.557s] [01m[K/usr/include/c++/13/bits/std_thread.h:236:13:[m[K   required from â€˜[01m[Kstruct std::thread::_State_impl<std::thread::_Invoker<std::tuple<void (*)(), Encoders*> > >[m[Kâ€™
[3.558s] [01m[K/usr/include/c++/13/bits/std_thread.h:164:29:[m[K   required from â€˜[01m[Kstd::thread::[01;32m[Kthread[m[K(_Callable&&, _Args&& ...) [35m[K[with _Callable = void (*)(); _Args = {Encoders*}; <template-parameter-1-3> = void][m[K[m[Kâ€™
[3.558s] [01m[K/home/youss/Documents/Projet/Autonomouscar/ros_ws/src/robot/src/encoders.cpp:265:76:[m[K   required from here
[3.559s] [01m[K/usr/include/c++/13/bits/std_thread.h:291:11:[m[K [01;31m[Kerror: [m[Kno type named â€˜[01m[Ktype[m[Kâ€™ in â€˜[01m[Kstruct std::thread::_Invoker<std::tuple<void (*)(), Encoders*> >::__result<std::tuple<void (*)(), Encoders*> >[m[Kâ€™
[3.560s]   291 |           [01;31m[K_M_invoke[m[K(_Index_tuple<_Ind...>)
[3.560s]       |           [01;31m[K^~~~~~~~~[m[K
[3.561s] [01m[K/usr/include/c++/13/bits/std_thread.h:295:9:[m[K [01;31m[Kerror: [m[Kno type named â€˜[01m[Ktype[m[Kâ€™ in â€˜[01m[Kstruct std::thread::_Invoker<std::tuple<void (*)(), Encoders*> >::__result<std::tuple<void (*)(), Encoders*> >[m[Kâ€™
[3.562s]   295 |         [01;31m[Koperator[m[K()()
[3.562s]       |         [01;31m[K^~~~~~~~[m[K
[3.753s] gmake[2]: *** [CMakeFiles/main.dir/build.make:104: CMakeFiles/main.dir/src/encoders.cpp.o] Error 1
[3.754s] gmake[1]: *** [CMakeFiles/Makefile2:147: CMakeFiles/main.dir/all] Error 2
[3.755s] gmake: *** [Makefile:146: all] Error 2
[3.762s] Invoked command in '/home/youss/Documents/Projet/Autonomouscar/ros_ws/build/robot' returned '2': CMAKE_PREFIX_PATH=${CMAKE_PREFIX_PATH}:/opt/ros/jazzy DEBUGINFOD_URLS=https://debuginfod.ubuntu.com /usr/bin/cmake --build /home/youss/Documents/Projet/Autonomouscar/ros_ws/build/robot -- -j4 -l4
