[0.054s] Invoking command in '/home/youss/Documents/Projet/Autonomouscar/ros_ws/build/robot': CMAKE_PREFIX_PATH=${CMAKE_PREFIX_PATH}:/opt/ros/jazzy DEBUGINFOD_URLS=https://debuginfod.ubuntu.com /usr/bin/cmake --build /home/youss/Documents/Projet/Autonomouscar/ros_ws/build/robot -- -j4 -l4
[0.366s] [ 11%] Built target encoders_subscriber
[0.367s] [ 27%] Built target encoders_publisher
[0.371s] [ 38%] Built target robot_controller
[0.379s] [ 66%] Built target main
[0.505s] [ 77%] Built target position_publisher
[0.509s] [ 88%] Built target position_reader
[0.535s] [ 94%] [32mBuilding CXX object CMakeFiles/motor_subscriber.dir/src/motor_subscriber.cpp.o[0m
[11.465s] [01m[K/home/youss/Documents/Projet/Autonomouscar/ros_ws/src/robot/src/motor_subscriber.cpp:[m[K In constructor â€˜[01m[KMotor_subscriber::[01;32m[KMotor_subscriber[m[K()[m[Kâ€™:
[11.465s] [01m[K/home/youss/Documents/Projet/Autonomouscar/ros_ws/src/robot/src/motor_subscriber.cpp:49:16:[m[K [01;31m[Kerror: [m[Kreturning a value from a constructor
[11.466s]    49 |         return [01;31m[K-1[m[K;
[11.466s]       |                [01;31m[K^~[m[K
[11.554s] [01m[K/home/youss/Documents/Projet/Autonomouscar/ros_ws/src/robot/src/motor_subscriber.cpp:[m[K In member function â€˜[01m[Kbool Motor_subscriber::[01;32m[Kset_motor_duty_cycle[m[K(const unsigned int&, const unsigned int&) const[m[Kâ€™:
[11.554s] [01m[K/home/youss/Documents/Projet/Autonomouscar/ros_ws/src/robot/src/motor_subscriber.cpp:199:1:[m[K [01;35m[Kwarning: [m[Kno return statement in function returning non-void [[01;35m[K]8;;https://gcc.gnu.org/onlinedocs/gcc/Warning-Options.html#index-Wreturn-type-Wreturn-type]8;;[m[K]
[11.555s]   199 | [01;35m[K}[m[K
[11.555s]       | [01;35m[K^[m[K
[20.348s] gmake[2]: *** [CMakeFiles/motor_subscriber.dir/build.make:76: CMakeFiles/motor_subscriber.dir/src/motor_subscriber.cpp.o] Error 1
[20.349s] gmake[1]: *** [CMakeFiles/Makefile2:279: CMakeFiles/motor_subscriber.dir/all] Error 2
[20.350s] gmake: *** [Makefile:146: all] Error 2
[20.358s] Invoked command in '/home/youss/Documents/Projet/Autonomouscar/ros_ws/build/robot' returned '2': CMAKE_PREFIX_PATH=${CMAKE_PREFIX_PATH}:/opt/ros/jazzy DEBUGINFOD_URLS=https://debuginfod.ubuntu.com /usr/bin/cmake --build /home/youss/Documents/Projet/Autonomouscar/ros_ws/build/robot -- -j4 -l4
