[0.053s] Invoking command in '/home/youss/Documents/Projet/Autonomouscar/ros_ws/build/robot': CMAKE_PREFIX_PATH=${CMAKE_PREFIX_PATH}:/opt/ros/jazzy DEBUGINFOD_URLS=https://debuginfod.ubuntu.com /usr/bin/cmake --build /home/youss/Documents/Projet/Autonomouscar/ros_ws/build/robot -- -j4 -l4
[0.359s] [  6%] [32mBuilding CXX object CMakeFiles/main.dir/src/main.cpp.o[0m
[0.363s] [ 20%] Built target listener
[0.364s] [ 33%] Built target robot_controller
[0.369s] [ 46%] Built target position_publisher
[0.412s] [ 53%] [32mBuilding CXX object CMakeFiles/main.dir/src/encoders.cpp.o[0m
[0.514s] [ 66%] Built target motor_subscriber
[0.520s] [ 80%] Built target position_reader
[3.598s] [01m[K/home/youss/Documents/Projet/Autonomouscar/ros_ws/src/robot/src/main.cpp:[m[K In function â€˜[01m[Kint[01;32m[K main[m[K()[m[Kâ€™:
[3.599s] [01m[K/home/youss/Documents/Projet/Autonomouscar/ros_ws/src/robot/src/main.cpp:91:35:[m[K [01;31m[Kerror: [m[Kinvalid conversion from â€˜[01m[Kvoid (*)()[m[Kâ€™ to â€˜[01m[KgpioAlertFunc_t[m[Kâ€™ {aka â€˜[01m[Kvoid (*)(int, int, unsigned int)[m[Kâ€™} [[01;31m[K]8;;https://gcc.gnu.org/onlinedocs/gcc/Warning-Options.html#index-fpermissive-fpermissive]8;;[m[K]
[3.601s]    91 |     gpioSetAlertFunc(M1A_CHANNEL, [01;31m[K&Encoders::count_number_of_changes[m[K)
[3.602s]       |                                   [01;31m[K^~~~~~~~~~~~~~~~~~~~~~~~~~~~~~~~~~[m[K
[3.603s]       |                                   [01;31m[K|[m[K
[3.603s]       |                                   [01;31m[Kvoid (*)()[m[K
[3.606s] In file included from [01m[K/home/youss/Documents/Projet/Autonomouscar/ros_ws/src/robot/src/main.cpp:13[m[K:
[3.606s] [01m[K/usr/local/include/pigpio.h:1402:58:[m[K [01;36m[Knote: [m[K  initializing argument 2 of â€˜[01m[Kint[01;32m[K gpioSetAlertFunc[m[K(unsigned int, gpioAlertFunc_t)[m[Kâ€™
[3.607s]  1402 | int gpioSetAlertFunc(unsigned user_gpio, [01;36m[KgpioAlertFunc_t f[m[K);
[3.608s]       |                                          [01;36m[K~~~~~~~~~~~~~~~~^[m[K
[3.609s] [01m[K/home/youss/Documents/Projet/Autonomouscar/ros_ws/src/robot/src/main.cpp:91:70:[m[K [01;31m[Kerror: [m[Kexpected â€˜[01m[K;[m[Kâ€™ before â€˜[01m[Kis_running[m[Kâ€™
[3.611s]    91 |     gpioSetAlertFunc(M1A_CHANNEL, &Encoders::count_number_of_changes)
[3.612s]       |                                                                      [01;31m[K^[m[K
[3.613s]       |                                                                      [32m[K;[m[K
[3.614s] ......
[3.615s]   108 |     [32m[Kis_running[m[K = true;
[3.616s]       |     [32m[K~~~~~~~~~~[m[K                                                        
[3.684s] [01m[K/home/youss/Documents/Projet/Autonomouscar/ros_ws/src/robot/src/encoders.cpp:263:6:[m[K [01;31m[Kerror: [m[Kno declaration matches â€˜[01m[Kvoid Encoders::[01;32m[Kcount_number_of_changes[m[K(Encoders&)[m[Kâ€™
[3.685s]   263 | void [01;31m[KEncoders[m[K::count_number_of_changes(Encoders &encoder)
[3.686s]       |      [01;31m[K^~~~~~~~[m[K
[3.687s] In file included from [01m[K/home/youss/Documents/Projet/Autonomouscar/ros_ws/src/robot/src/encoders.cpp:22[m[K:
[3.687s] [01m[K/home/youss/Documents/Projet/Autonomouscar/ros_ws/src/robot/include/robot/encoders.h:21:21:[m[K [01;36m[Knote: [m[Kcandidate is: â€˜[01m[Kstatic void Encoders::[01;32m[Kcount_number_of_changes[m[K()[m[Kâ€™
[3.688s]    21 |         static void [01;36m[Kcount_number_of_changes[m[K();
[3.689s]       |                     [01;36m[K^~~~~~~~~~~~~~~~~~~~~~~[m[K
[3.689s] [01m[K/home/youss/Documents/Projet/Autonomouscar/ros_ws/src/robot/include/robot/encoders.h:8:8:[m[K [01;36m[Knote: [m[Kâ€˜[01m[Kstruct Encoders[m[Kâ€™ defined here
[3.690s]     8 | struct [01;36m[KEncoders[m[K
[3.690s]       |        [01;36m[K^~~~~~~~[m[K
[3.828s] gmake[2]: *** [CMakeFiles/main.dir/build.make:76: CMakeFiles/main.dir/src/main.cpp.o] Error 1
[3.828s] gmake[2]: *** Waiting for unfinished jobs....
[3.849s] In file included from [01m[K/usr/include/c++/13/thread:45[m[K,
[3.850s]                  from [01m[K/home/youss/Documents/Projet/Autonomouscar/ros_ws/src/robot/src/encoders.cpp:4[m[K:
[3.850s] /usr/include/c++/13/bits/std_thread.h: In instantiation of â€˜[01m[Kstd::thread::[01;32m[Kthread[m[K(_Callable&&, _Args&& ...) [35m[K[with _Callable = void (*)(); _Args = {Encoders*}; <template-parameter-1-3> = void][m[K[m[Kâ€™:
[3.851s] [01m[K/home/youss/Documents/Projet/Autonomouscar/ros_ws/src/robot/src/encoders.cpp:284:76:[m[K   required from here
[3.851s] [01m[K/usr/include/c++/13/bits/std_thread.h:157:72:[m[K [01;31m[Kerror: [m[Kstatic assertion failed: std::thread arguments must be invocable after conversion to rvalues
[3.852s]   157 |                                       typename decay<_Args>::type...>::[01;31m[Kvalue[m[K,
[3.852s]       |                                                                        [01;31m[K^~~~~[m[K
[3.852s] [01m[K/usr/include/c++/13/bits/std_thread.h:157:72:[m[K [01;36m[Knote: [m[Kâ€˜[01m[Kstd::integral_constant<bool, false>::value[m[Kâ€™ evaluates to false
[3.867s] /usr/include/c++/13/bits/std_thread.h: In instantiation of â€˜[01m[Kstruct std::thread::_Invoker<std::tuple<void (*)(), Encoders*> >[m[Kâ€™:
[3.868s] [01m[K/usr/include/c++/13/bits/std_thread.h:236:13:[m[K   required from â€˜[01m[Kstruct std::thread::_State_impl<std::thread::_Invoker<std::tuple<void (*)(), Encoders*> > >[m[Kâ€™
[3.868s] [01m[K/usr/include/c++/13/bits/std_thread.h:164:29:[m[K   required from â€˜[01m[Kstd::thread::[01;32m[Kthread[m[K(_Callable&&, _Args&& ...) [35m[K[with _Callable = void (*)(); _Args = {Encoders*}; <template-parameter-1-3> = void][m[K[m[Kâ€™
[3.868s] [01m[K/home/youss/Documents/Projet/Autonomouscar/ros_ws/src/robot/src/encoders.cpp:284:76:[m[K   required from here
[3.869s] [01m[K/usr/include/c++/13/bits/std_thread.h:291:11:[m[K [01;31m[Kerror: [m[Kno type named â€˜[01m[Ktype[m[Kâ€™ in â€˜[01m[Kstruct std::thread::_Invoker<std::tuple<void (*)(), Encoders*> >::__result<std::tuple<void (*)(), Encoders*> >[m[Kâ€™
[3.869s]   291 |           [01;31m[K_M_invoke[m[K(_Index_tuple<_Ind...>)
[3.870s]       |           [01;31m[K^~~~~~~~~[m[K
[3.870s] [01m[K/usr/include/c++/13/bits/std_thread.h:295:9:[m[K [01;31m[Kerror: [m[Kno type named â€˜[01m[Ktype[m[Kâ€™ in â€˜[01m[Kstruct std::thread::_Invoker<std::tuple<void (*)(), Encoders*> >::__result<std::tuple<void (*)(), Encoders*> >[m[Kâ€™
[3.870s]   295 |         [01;31m[Koperator[m[K()()
[3.871s]       |         [01;31m[K^~~~~~~~[m[K
[4.050s] gmake[2]: *** [CMakeFiles/main.dir/build.make:104: CMakeFiles/main.dir/src/encoders.cpp.o] Error 1
[4.051s] gmake[1]: *** [CMakeFiles/Makefile2:147: CMakeFiles/main.dir/all] Error 2
[4.052s] gmake: *** [Makefile:146: all] Error 2
[4.060s] Invoked command in '/home/youss/Documents/Projet/Autonomouscar/ros_ws/build/robot' returned '2': CMAKE_PREFIX_PATH=${CMAKE_PREFIX_PATH}:/opt/ros/jazzy DEBUGINFOD_URLS=https://debuginfod.ubuntu.com /usr/bin/cmake --build /home/youss/Documents/Projet/Autonomouscar/ros_ws/build/robot -- -j4 -l4
