[ 16%] [32mBuilding CXX object CMakeFiles/encoders.dir/src/encoders_publisher.cpp.o[0m
[01m[K/home/youss/Documents/Projet/Autonomouscar/ros_ws/src/robot/src/encoders_publisher.cpp:[m[K In lambda function:
[01m[K/home/youss/Documents/Projet/Autonomouscar/ros_ws/src/robot/src/encoders_publisher.cpp:32:29:[m[K [01;31m[Kerror: [m[Kâ€˜[01m[Kstd::msgs[m[Kâ€™ has not been declared
   32 |         auto message = std::[01;31m[Kmsgs[m[K::msg::Float32();
      |                             [01;31m[K^~~~[m[K
[01m[K/home/youss/Documents/Projet/Autonomouscar/ros_ws/src/robot/src/encoders_publisher.cpp:34:24:[m[K [01;31m[Kerror: [m[Kâ€˜[01m[Krps_message[m[Kâ€™ was not declared in this scope
   34 |         message.data = [01;31m[Krps_message[m[K;
      |                        [01;31m[K^~~~~~~~~~~[m[K
[01m[K/home/youss/Documents/Projet/Autonomouscar/ros_ws/src/robot/src/encoders_publisher.cpp:33:22:[m[K [01;35m[Kwarning: [m[Kunused variable â€˜[01m[Krps[m[Kâ€™ [[01;35m[K]8;;https://gcc.gnu.org/onlinedocs/gcc/Warning-Options.html#index-Wunused-variable-Wunused-variable]8;;[m[K]
   33 |         unsigned int [01;35m[Krps[m[K = this->_encoder.get_rps();
      |                      [01;35m[K^~~[m[K
gmake[2]: *** [CMakeFiles/encoders.dir/build.make:132: CMakeFiles/encoders.dir/src/encoders_publisher.cpp.o] Error 1
gmake[1]: *** [CMakeFiles/Makefile2:137: CMakeFiles/encoders.dir/all] Error 2
gmake: *** [Makefile:146: all] Error 2
